<?xml version="1.0" encoding="UTF-8"?>
<testsuite name="test.MoneyTransferTest" tests="1" skipped="0" failures="1" errors="0" timestamp="2023-08-23T13:56:44" hostname="DESKTOP-IVBKA0S" time="24.61">
  <properties/>
  <testcase name="shouldGetErrormessageIfAbountMore()" classname="test.MoneyTransferTest" time="24.61">
    <failure message="Element not found {[data-test-id='error-message']}&#13;&#10;Expected: exact text &quot;Выполнена попытка перевода суммы, превышающей остаток на карте списания&quot;&#13;&#10;Screenshot: file:/D:/API/BDD_Page_Objects/build/reports/tests/1692799029113.0.png&#13;&#10;Page source: file:/D:/API/BDD_Page_Objects/build/reports/tests/1692799029113.0.html&#13;&#10;Timeout: 15 s.&#13;&#10;Caused by: NoSuchElementException: no such element: Unable to locate element: {&quot;method&quot;:&quot;css selector&quot;,&quot;selector&quot;:&quot;[data-test-id='error-message']&quot;}" type="com.codeborne.selenide.ex.ElementNotFound">Element not found {[data-test-id='error-message']}
Expected: exact text &quot;Выполнена попытка перевода суммы, превышающей остаток на карте списания&quot;
Screenshot: file:/D:/API/BDD_Page_Objects/build/reports/tests/1692799029113.0.png
Page source: file:/D:/API/BDD_Page_Objects/build/reports/tests/1692799029113.0.html
Timeout: 15 s.
Caused by: NoSuchElementException: no such element: Unable to locate element: {&quot;method&quot;:&quot;css selector&quot;,&quot;selector&quot;:&quot;[data-test-id='error-message']&quot;}
	at app//com.codeborne.selenide.impl.WebElementSource.createElementNotFoundError(WebElementSource.java:91)
	at app//com.codeborne.selenide.impl.ElementFinder.createElementNotFoundError(ElementFinder.java:142)
	at app//com.codeborne.selenide.impl.WebElementSource.handleError(WebElementSource.java:143)
	at app//com.codeborne.selenide.impl.WebElementSource.checkConditionAndReturnElement(WebElementSource.java:127)
	at app//com.codeborne.selenide.impl.WebElementSource.checkCondition(WebElementSource.java:104)
	at app//com.codeborne.selenide.commands.Should.execute(Should.java:30)
	at app//com.codeborne.selenide.commands.Should.execute(Should.java:14)
	at app//com.codeborne.selenide.commands.Commands.execute(Commands.java:163)
	at app//com.codeborne.selenide.impl.SelenideElementProxy.dispatchAndRetry(SelenideElementProxy.java:132)
	at app//com.codeborne.selenide.impl.SelenideElementProxy.invoke(SelenideElementProxy.java:84)
	at app//com.sun.proxy.$Proxy17.shouldHave(Unknown Source)
	at app//page.TransferPage.findErrorMessage(TransferPage.java:34)
	at app//test.MoneyTransferTest.shouldGetErrormessageIfAbountMore(MoneyTransferTest.java:50)
	at java.base@11.0.19/jdk.internal.reflect.NativeMethodAccessorImpl.invoke0(Native Method)
	at java.base@11.0.19/jdk.internal.reflect.NativeMethodAccessorImpl.invoke(NativeMethodAccessorImpl.java:62)
	at java.base@11.0.19/jdk.internal.reflect.DelegatingMethodAccessorImpl.invoke(DelegatingMethodAccessorImpl.java:43)
	at java.base@11.0.19/java.lang.reflect.Method.invoke(Method.java:566)
	at app//org.junit.platform.commons.util.ReflectionUtils.invokeMethod(ReflectionUtils.java:688)
	at app//org.junit.jupiter.engine.execution.MethodInvocation.proceed(MethodInvocation.java:60)
	at app//org.junit.jupiter.engine.execution.InvocationInterceptorChain$ValidatingInvocation.proceed(InvocationInterceptorChain.java:131)
	at app//org.junit.jupiter.engine.extension.TimeoutExtension.intercept(TimeoutExtension.java:149)
	at app//org.junit.jupiter.engine.extension.TimeoutExtension.interceptTestableMethod(TimeoutExtension.java:140)
	at app//org.junit.jupiter.engine.extension.TimeoutExtension.interceptTestMethod(TimeoutExtension.java:84)
	at app//org.junit.jupiter.engine.execution.ExecutableInvoker$ReflectiveInterceptorCall.lambda$ofVoidMethod$0(ExecutableInvoker.java:115)
	at app//org.junit.jupiter.engine.execution.ExecutableInvoker.lambda$invoke$0(ExecutableInvoker.java:105)
	at app//org.junit.jupiter.engine.execution.InvocationInterceptorChain$InterceptedInvocation.proceed(InvocationInterceptorChain.java:106)
	at app//org.junit.jupiter.engine.execution.InvocationInterceptorChain.proceed(InvocationInterceptorChain.java:64)
	at app//org.junit.jupiter.engine.execution.InvocationInterceptorChain.chainAndInvoke(InvocationInterceptorChain.java:45)
	at app//org.junit.jupiter.engine.execution.InvocationInterceptorChain.invoke(InvocationInterceptorChain.java:37)
	at app//org.junit.jupiter.engine.execution.ExecutableInvoker.invoke(ExecutableInvoker.java:104)
	at app//org.junit.jupiter.engine.execution.ExecutableInvoker.invoke(ExecutableInvoker.java:98)
	at app//org.junit.jupiter.engine.descriptor.TestMethodTestDescriptor.lambda$invokeTestMethod$6(TestMethodTestDescriptor.java:210)
	at app//org.junit.platform.engine.support.hierarchical.ThrowableCollector.execute(ThrowableCollector.java:73)
	at app//org.junit.jupiter.engine.descriptor.TestMethodTestDescriptor.invokeTestMethod(TestMethodTestDescriptor.java:206)
	at app//org.junit.jupiter.engine.descriptor.TestMethodTestDescriptor.execute(TestMethodTestDescriptor.java:131)
	at app//org.junit.jupiter.engine.descriptor.TestMethodTestDescriptor.execute(TestMethodTestDescriptor.java:65)
	at app//org.junit.platform.engine.support.hierarchical.NodeTestTask.lambda$executeRecursively$5(NodeTestTask.java:139)
	at app//org.junit.platform.engine.support.hierarchical.ThrowableCollector.execute(ThrowableCollector.java:73)
	at app//org.junit.platform.engine.support.hierarchical.NodeTestTask.lambda$executeRecursively$7(NodeTestTask.java:129)
	at app//org.junit.platform.engine.support.hierarchical.Node.around(Node.java:137)
	at app//org.junit.platform.engine.support.hierarchical.NodeTestTask.lambda$executeRecursively$8(NodeTestTask.java:127)
	at app//org.junit.platform.engine.support.hierarchical.ThrowableCollector.execute(ThrowableCollector.java:73)
	at app//org.junit.platform.engine.support.hierarchical.NodeTestTask.executeRecursively(NodeTestTask.java:126)
	at app//org.junit.platform.engine.support.hierarchical.NodeTestTask.execute(NodeTestTask.java:84)
	at java.base@11.0.19/java.util.ArrayList.forEach(ArrayList.java:1541)
	at app//org.junit.platform.engine.support.hierarchical.SameThreadHierarchicalTestExecutorService.invokeAll(SameThreadHierarchicalTestExecutorService.java:38)
	at app//org.junit.platform.engine.support.hierarchical.NodeTestTask.lambda$executeRecursively$5(NodeTestTask.java:143)
	at app//org.junit.platform.engine.support.hierarchical.ThrowableCollector.execute(ThrowableCollector.java:73)
	at app//org.junit.platform.engine.support.hierarchical.NodeTestTask.lambda$executeRecursively$7(NodeTestTask.java:129)
	at app//org.junit.platform.engine.support.hierarchical.Node.around(Node.java:137)
	at app//org.junit.platform.engine.support.hierarchical.NodeTestTask.lambda$executeRecursively$8(NodeTestTask.java:127)
	at app//org.junit.platform.engine.support.hierarchical.ThrowableCollector.execute(ThrowableCollector.java:73)
	at app//org.junit.platform.engine.support.hierarchical.NodeTestTask.executeRecursively(NodeTestTask.java:126)
	at app//org.junit.platform.engine.support.hierarchical.NodeTestTask.execute(NodeTestTask.java:84)
	at java.base@11.0.19/java.util.ArrayList.forEach(ArrayList.java:1541)
	at app//org.junit.platform.engine.support.hierarchical.SameThreadHierarchicalTestExecutorService.invokeAll(SameThreadHierarchicalTestExecutorService.java:38)
	at app//org.junit.platform.engine.support.hierarchical.NodeTestTask.lambda$executeRecursively$5(NodeTestTask.java:143)
	at app//org.junit.platform.engine.support.hierarchical.ThrowableCollector.execute(ThrowableCollector.java:73)
	at app//org.junit.platform.engine.support.hierarchical.NodeTestTask.lambda$executeRecursively$7(NodeTestTask.java:129)
	at app//org.junit.platform.engine.support.hierarchical.Node.around(Node.java:137)
	at app//org.junit.platform.engine.support.hierarchical.NodeTestTask.lambda$executeRecursively$8(NodeTestTask.java:127)
	at app//org.junit.platform.engine.support.hierarchical.ThrowableCollector.execute(ThrowableCollector.java:73)
	at app//org.junit.platform.engine.support.hierarchical.NodeTestTask.executeRecursively(NodeTestTask.java:126)
	at app//org.junit.platform.engine.support.hierarchical.NodeTestTask.execute(NodeTestTask.java:84)
	at app//org.junit.platform.engine.support.hierarchical.SameThreadHierarchicalTestExecutorService.submit(SameThreadHierarchicalTestExecutorService.java:32)
	at app//org.junit.platform.engine.support.hierarchical.HierarchicalTestExecutor.execute(HierarchicalTestExecutor.java:57)
	at app//org.junit.platform.engine.support.hierarchical.HierarchicalTestEngine.execute(HierarchicalTestEngine.java:51)
	at app//org.junit.platform.launcher.core.EngineExecutionOrchestrator.execute(EngineExecutionOrchestrator.java:107)
	at app//org.junit.platform.launcher.core.EngineExecutionOrchestrator.execute(EngineExecutionOrchestrator.java:88)
	at app//org.junit.platform.launcher.core.EngineExecutionOrchestrator.lambda$execute$0(EngineExecutionOrchestrator.java:54)
	at app//org.junit.platform.launcher.core.EngineExecutionOrchestrator.withInterceptedStreams(EngineExecutionOrchestrator.java:67)
	at app//org.junit.platform.launcher.core.EngineExecutionOrchestrator.execute(EngineExecutionOrchestrator.java:52)
	at app//org.junit.platform.launcher.core.DefaultLauncher.execute(DefaultLauncher.java:114)
	at app//org.junit.platform.launcher.core.DefaultLauncher.execute(DefaultLauncher.java:86)
	at app//org.junit.platform.launcher.core.DefaultLauncherSession$DelegatingLauncher.execute(DefaultLauncherSession.java:86)
	at org.gradle.api.internal.tasks.testing.junitplatform.JUnitPlatformTestClassProcessor$CollectAllTestClassesExecutor.processAllTestClasses(JUnitPlatformTestClassProcessor.java:110)
	at org.gradle.api.internal.tasks.testing.junitplatform.JUnitPlatformTestClassProcessor$CollectAllTestClassesExecutor.access$000(JUnitPlatformTestClassProcessor.java:90)
	at org.gradle.api.internal.tasks.testing.junitplatform.JUnitPlatformTestClassProcessor.stop(JUnitPlatformTestClassProcessor.java:85)
	at org.gradle.api.internal.tasks.testing.SuiteTestClassProcessor.stop(SuiteTestClassProcessor.java:62)
	at java.base@11.0.19/jdk.internal.reflect.NativeMethodAccessorImpl.invoke0(Native Method)
	at java.base@11.0.19/jdk.internal.reflect.NativeMethodAccessorImpl.invoke(NativeMethodAccessorImpl.java:62)
	at java.base@11.0.19/jdk.internal.reflect.DelegatingMethodAccessorImpl.invoke(DelegatingMethodAccessorImpl.java:43)
	at java.base@11.0.19/java.lang.reflect.Method.invoke(Method.java:566)
	at org.gradle.internal.dispatch.ReflectionDispatch.dispatch(ReflectionDispatch.java:36)
	at org.gradle.internal.dispatch.ReflectionDispatch.dispatch(ReflectionDispatch.java:24)
	at org.gradle.internal.dispatch.ContextClassLoaderDispatch.dispatch(ContextClassLoaderDispatch.java:33)
	at org.gradle.internal.dispatch.ProxyDispatchAdapter$DispatchingInvocationHandler.invoke(ProxyDispatchAdapter.java:94)
	at com.sun.proxy.$Proxy2.stop(Unknown Source)
	at org.gradle.api.internal.tasks.testing.worker.TestWorker$3.run(TestWorker.java:193)
	at org.gradle.api.internal.tasks.testing.worker.TestWorker.executeAndMaintainThreadName(TestWorker.java:129)
	at org.gradle.api.internal.tasks.testing.worker.TestWorker.execute(TestWorker.java:100)
	at org.gradle.api.internal.tasks.testing.worker.TestWorker.execute(TestWorker.java:60)
	at org.gradle.process.internal.worker.child.ActionExecutionWorker.execute(ActionExecutionWorker.java:56)
	at org.gradle.process.internal.worker.child.SystemApplicationClassLoaderWorker.call(SystemApplicationClassLoaderWorker.java:113)
	at org.gradle.process.internal.worker.child.SystemApplicationClassLoaderWorker.call(SystemApplicationClassLoaderWorker.java:65)
	at app//worker.org.gradle.process.internal.worker.GradleWorkerMain.run(GradleWorkerMain.java:69)
	at app//worker.org.gradle.process.internal.worker.GradleWorkerMain.main(GradleWorkerMain.java:74)
Caused by: org.openqa.selenium.NoSuchElementException: no such element: Unable to locate element: {&quot;method&quot;:&quot;css selector&quot;,&quot;selector&quot;:&quot;[data-test-id='error-message']&quot;}
  (Session info: chrome=116.0.5845.97)
For documentation on this error, please visit: https://www.selenium.dev/documentation/webdriver/troubleshooting/errors#no-such-element-exception
Build info: version: '4.11.0', revision: '040bc5406b'
System info: os.name: 'Windows 10', os.arch: 'amd64', os.version: '10.0', java.version: '11.0.19'
Driver info: org.openqa.selenium.chrome.ChromeDriver
Command: [5d5ef43a2276a8a3b64abae56a0186e8, findElement {using=css selector, value=[data-test-id='error-message']}]
Capabilities {acceptInsecureCerts: true, browserName: chrome, browserVersion: 116.0.5845.97, chrome: {chromedriverVersion: 115.0.5790.102 (90efd4b0ad6..., userDataDir: C:\Users\User\AppData\Local...}, goog:chromeOptions: {debuggerAddress: localhost:56092}, networkConnectionEnabled: false, pageLoadStrategy: normal, platformName: windows, proxy: Proxy(), se:cdp: ws://localhost:56092/devtoo..., se:cdpVersion: 116.0.5845.97, setWindowRect: true, strictFileInteractability: false, timeouts: {implicit: 0, pageLoad: 300000, script: 30000}, unhandledPromptBehavior: accept, webauthn:extension:credBlob: true, webauthn:extension:largeBlob: true, webauthn:extension:minPinLength: true, webauthn:extension:prf: true, webauthn:virtualAuthenticators: true}
Session ID: 5d5ef43a2276a8a3b64abae56a0186e8
	at jdk.internal.reflect.GeneratedConstructorAccessor11.newInstance(Unknown Source)
	at java.base@11.0.19/jdk.internal.reflect.DelegatingConstructorAccessorImpl.newInstance(DelegatingConstructorAccessorImpl.java:45)
	at java.base@11.0.19/java.lang.reflect.Constructor.newInstance(Constructor.java:490)
	at app//org.openqa.selenium.remote.codec.w3c.W3CHttpResponseCodec.createException(W3CHttpResponseCodec.java:200)
	at app//org.openqa.selenium.remote.codec.w3c.W3CHttpResponseCodec.decode(W3CHttpResponseCodec.java:133)
	at app//org.openqa.selenium.remote.codec.w3c.W3CHttpResponseCodec.decode(W3CHttpResponseCodec.java:52)
	at app//org.openqa.selenium.remote.HttpCommandExecutor.execute(HttpCommandExecutor.java:191)
	at app//org.openqa.selenium.remote.service.DriverCommandExecutor.invokeExecute(DriverCommandExecutor.java:196)
	at app//org.openqa.selenium.remote.service.DriverCommandExecutor.execute(DriverCommandExecutor.java:171)
	at app//org.openqa.selenium.remote.RemoteWebDriver.execute(RemoteWebDriver.java:518)
	at app//org.openqa.selenium.remote.ElementLocation$ElementFinder$2.findElement(ElementLocation.java:165)
	at app//org.openqa.selenium.remote.ElementLocation.findElement(ElementLocation.java:59)
	at app//org.openqa.selenium.remote.RemoteWebDriver.findElement(RemoteWebDriver.java:355)
	at app//org.openqa.selenium.remote.RemoteWebDriver.findElement(RemoteWebDriver.java:349)
	at app//com.codeborne.selenide.impl.WebElementSelector.findElement(WebElementSelector.java:70)
	at app//com.codeborne.selenide.impl.WebElementSelector.findElement(WebElementSelector.java:44)
	at app//com.codeborne.selenide.impl.WebElementSelector.findElement(WebElementSelector.java:33)
	at app//com.codeborne.selenide.impl.ElementFinder.getWebElement(ElementFinder.java:122)
	at app//com.codeborne.selenide.impl.WebElementSource.checkConditionAndReturnElement(WebElementSource.java:116)
	... 93 more
</failure>
  </testcase>
  <system-out><![CDATA[]]></system-out>
  <system-err><![CDATA[SLF4J: No SLF4J providers were found.
SLF4J: Defaulting to no-operation (NOP) logger implementation
SLF4J: See https://www.slf4j.org/codes.html#noProviders for further details.
авг. 23, 2023 6:56:45 PM org.openqa.selenium.manager.SeleniumManager lambda$runCommand$1
WARNING: The chromedriver version (115.0.5790.102) detected in PATH at C:\Users\Chrom\chromedriver-win64\chromedriver-win64\chromedriver.exe might not be compatible with the detected chrome version (116.0.5845.97); currently, chromedriver 116.0.5845.96 is recommended for chrome 116.*, so it is advised to delete the driver in PATH and retry
авг. 23, 2023 6:56:48 PM org.openqa.selenium.devtools.CdpVersionFinder findNearestMatch
WARNING: Unable to find an exact match for CDP version 116, so returning the closest version found: 115
авг. 23, 2023 6:56:48 PM org.openqa.selenium.devtools.Connection send
INFO: -> {
  "id": 1,
  "method": "Target.getTargets",
  "params": {
  }
}
авг. 23, 2023 6:56:48 PM org.openqa.selenium.devtools.Connection handle
INFO: <- {"id":1,"result":{"targetInfos":[{"targetId":"175F0F3CE72E272F46B17706B0006E6C","type":"page","title":"data:,","url":"data:,","attached":true,"canAccessOpener":false,"browserContextId":"F00054B0D80358E479D0ED22F8A73171"}]}}
авг. 23, 2023 6:56:48 PM org.openqa.selenium.devtools.Connection send
INFO: -> {
  "id": 2,
  "method": "Target.attachToTarget",
  "params": {
    "targetId": "175F0F3CE72E272F46B17706B0006E6C",
    "flatten": true
  }
}
авг. 23, 2023 6:56:48 PM org.openqa.selenium.devtools.Connection handle
INFO: <- {"method":"Target.attachedToTarget","params":{"sessionId":"75E497A1F3AF44EE3B8FD61FD0A64788","targetInfo":{"targetId":"175F0F3CE72E272F46B17706B0006E6C","type":"page","title":"data:,","url":"data:,","attached":true,"canAccessOpener":false,"browserContextId":"F00054B0D80358E479D0ED22F8A73171"},"waitingForDebugger":false}}
авг. 23, 2023 6:56:48 PM org.openqa.selenium.devtools.Connection handle
INFO: Method Target.attachedToTarget called with 0 callbacks available
авг. 23, 2023 6:56:48 PM org.openqa.selenium.devtools.Connection handle
INFO: <- {"id":2,"result":{"sessionId":"75E497A1F3AF44EE3B8FD61FD0A64788"}}
авг. 23, 2023 6:56:48 PM org.openqa.selenium.devtools.Connection send
INFO: -> {
  "id": 3,
  "method": "Target.setAutoAttach",
  "params": {
    "autoAttach": true,
    "waitForDebuggerOnStart": false,
    "flatten": true
  },
  "sessionId": "75E497A1F3AF44EE3B8FD61FD0A64788"
}
авг. 23, 2023 6:56:48 PM org.openqa.selenium.devtools.Connection send
INFO: -> {
  "id": 4,
  "method": "Log.clear",
  "params": {
  },
  "sessionId": "75E497A1F3AF44EE3B8FD61FD0A64788"
}
авг. 23, 2023 6:56:48 PM org.openqa.selenium.devtools.Connection handle
INFO: <- {"id":3,"result":{},"sessionId":"75E497A1F3AF44EE3B8FD61FD0A64788"}
авг. 23, 2023 6:56:48 PM org.openqa.selenium.devtools.Connection handle
INFO: <- {"id":4,"result":{},"sessionId":"75E497A1F3AF44EE3B8FD61FD0A64788"}
авг. 23, 2023 6:56:49 PM org.openqa.selenium.devtools.Connection send
INFO: -> {
  "id": 5,
  "method": "Network.setCacheDisabled",
  "params": {
    "cacheDisabled": true
  },
  "sessionId": "75E497A1F3AF44EE3B8FD61FD0A64788"
}
авг. 23, 2023 6:56:49 PM org.openqa.selenium.devtools.Connection handle
INFO: <- {"id":5,"result":{},"sessionId":"75E497A1F3AF44EE3B8FD61FD0A64788"}
авг. 23, 2023 6:56:49 PM org.openqa.selenium.devtools.Connection send
INFO: -> {
  "id": 6,
  "method": "Fetch.enable",
  "params": {
    "patterns": [
      {
        "requestStage": "Request",
        "urlPattern": "*"
      },
      {
        "requestStage": "Response",
        "urlPattern": "*"
      }
    ],
    "handleAuthRequests": true
  },
  "sessionId": "75E497A1F3AF44EE3B8FD61FD0A64788"
}
авг. 23, 2023 6:56:49 PM org.openqa.selenium.devtools.Connection handle
INFO: <- {"id":6,"result":{},"sessionId":"75E497A1F3AF44EE3B8FD61FD0A64788"}
авг. 23, 2023 6:56:49 PM org.openqa.selenium.devtools.Connection handle
INFO: <- {"method":"Fetch.requestPaused","params":{"requestId":"interception-job-1.0","request":{"url":"http://localhost:9999/","method":"GET","headers":{"Accept":"text/html,application/xhtml+xml,application/xml;q=0.9,image/avif,image/webp,image/apng,*/*;q=0.8,application/signed-exchange;v=b3;q=0.7","Upgrade-Insecure-Requests":"1","User-Agent":"Mozilla/5.0 (Windows NT 10.0; Win64; x64) AppleWebKit/537.36 (KHTML, like Gecko) Chrome/116.0.0.0 Safari/537.36","sec-ch-ua":"\"Chromium\";v=\"116\", \"Not)A;Brand\";v=\"24\", \"Google Chrome\";v=\"116\"","sec-ch-ua-mobile":"?0","sec-ch-ua-platform":"\"Windows\""},"initialPriority":"VeryHigh","referrerPolicy":"strict-origin-when-cross-origin"},"frameId":"175F0F3CE72E272F46B17706B0006E6C","resourceType":"Document"},"sessionId":"75E497A1F3AF44EE3B8FD61FD0A64788"}
авг. 23, 2023 6:56:49 PM org.openqa.selenium.devtools.Connection handle
INFO: Method Fetch.requestPaused called with 2 callbacks available
авг. 23, 2023 6:56:49 PM org.openqa.selenium.devtools.Connection lambda$handle$2
INFO: Matching Fetch.requestPaused with Fetch.authRequired
авг. 23, 2023 6:56:49 PM org.openqa.selenium.devtools.Connection lambda$handle$2
INFO: Matching Fetch.requestPaused with Fetch.requestPaused
авг. 23, 2023 6:56:49 PM org.openqa.selenium.devtools.Connection lambda$handle$4
INFO: Calling callback for Fetch.requestPaused using org.openqa.selenium.devtools.idealized.Network$$Lambda$678/0x000000010040d040@6cd56321 being passed org.openqa.selenium.devtools.v115.fetch.model.RequestPaused@71e19f8e
авг. 23, 2023 6:56:49 PM org.openqa.selenium.devtools.Connection send
INFO: -> {
  "id": 7,
  "method": "Fetch.continueRequest",
  "params": {
    "requestId": "interception-job-1.0",
    "method": "GET",
    "postData": "",
    "headers": [
      {
        "name": "sec-ch-ua",
        "value": "\"Chromium\";v=\"116\", \"Not)A;Brand\";v=\"24\", \"Google Chrome\";v=\"116\""
      },
      {
        "name": "sec-ch-ua-mobile",
        "value": "?0"
      },
      {
        "name": "Accept",
        "value": "text\u002fhtml,application\u002fxhtml+xml,application\u002fxml;q=0.9,image\u002favif,image\u002fwebp,image\u002fapng,*\u002f*;q=0.8,application\u002fsigned-exchange;v=b3;q=0.7"
      },
      {
        "name": "Upgrade-Insecure-Requests",
        "value": "1"
      },
      {
        "name": "sec-ch-ua-platform",
        "value": "\"Windows\""
      },
      {
        "name": "User-Agent",
        "value": "Mozilla\u002f5.0 (Windows NT 10.0; Win64; x64) AppleWebKit\u002f537.36 (KHTML, like Gecko) Chrome\u002f116.0.0.0 Safari\u002f537.36"
      }
    ]
  },
  "sessionId": "75E497A1F3AF44EE3B8FD61FD0A64788"
}
авг. 23, 2023 6:56:49 PM org.openqa.selenium.devtools.Connection handle
INFO: <- {"id":7,"result":{},"sessionId":"75E497A1F3AF44EE3B8FD61FD0A64788"}
авг. 23, 2023 6:56:49 PM org.openqa.selenium.devtools.Connection handle
INFO: <- {"method":"Fetch.requestPaused","params":{"requestId":"interception-job-1.0","request":{"url":"http://localhost:9999/","method":"GET","headers":{"Accept":"text/html,application/xhtml+xml,application/xml;q=0.9,image/avif,image/webp,image/apng,*/*;q=0.8,application/signed-exchange;v=b3;q=0.7","Upgrade-Insecure-Requests":"1","User-Agent":"Mozilla/5.0 (Windows NT 10.0; Win64; x64) AppleWebKit/537.36 (KHTML, like Gecko) Chrome/116.0.0.0 Safari/537.36","sec-ch-ua":"\"Chromium\";v=\"116\", \"Not)A;Brand\";v=\"24\", \"Google Chrome\";v=\"116\"","sec-ch-ua-mobile":"?0","sec-ch-ua-platform":"\"Windows\""},"initialPriority":"VeryHigh","referrerPolicy":"strict-origin-when-cross-origin"},"frameId":"175F0F3CE72E272F46B17706B0006E6C","resourceType":"Document","responseStatusCode":200,"responseStatusText":"OK","responseHeaders":[{"name":"Content-Length","value":"2305"},{"name":"Content-Type","value":"text/html; charset=UTF-8"},{"name":"Connection","value":"keep-alive"}]},"sessionId":"75E497A1F3AF44EE3B8FD61FD0A64788"}
авг. 23, 2023 6:56:49 PM org.openqa.selenium.devtools.Connection handle
INFO: Method Fetch.requestPaused called with 2 callbacks available
авг. 23, 2023 6:56:49 PM org.openqa.selenium.devtools.Connection lambda$handle$2
INFO: Matching Fetch.requestPaused with Fetch.authRequired
авг. 23, 2023 6:56:49 PM org.openqa.selenium.devtools.Connection lambda$handle$2
INFO: Matching Fetch.requestPaused with Fetch.requestPaused
авг. 23, 2023 6:56:49 PM org.openqa.selenium.devtools.Connection lambda$handle$4
INFO: Calling callback for Fetch.requestPaused using org.openqa.selenium.devtools.idealized.Network$$Lambda$678/0x000000010040d040@6cd56321 being passed org.openqa.selenium.devtools.v115.fetch.model.RequestPaused@4b8f202e
авг. 23, 2023 6:56:49 PM org.openqa.selenium.devtools.Connection send
INFO: -> {
  "id": 8,
  "method": "Fetch.getResponseBody",
  "params": {
    "requestId": "interception-job-1.0"
  },
  "sessionId": "75E497A1F3AF44EE3B8FD61FD0A64788"
}
авг. 23, 2023 6:56:49 PM org.openqa.selenium.devtools.Connection handle
INFO: <- {"id":8,"result":{"body":"PCFkb2N0eXBlIGh0bWw+PGh0bWwgbGFuZz0iZW4iPjxoZWFkPjxtZXRhIGNoYXJzZXQ9InV0Zi04Ii8+PGxpbmsgcmVsPSJzaG9ydGN1dCBpY29uIiBocmVmPSIvZmF2aWNvbi5pY28iLz48bWV0YSBuYW1lPSJ2aWV3cG9ydCIgY29udGVudD0id2lkdGg9ZGV2aWNlLXdpZHRoLGluaXRpYWwtc2NhbGU9MSIvPjxtZXRhIG5hbWU9InRoZW1lLWNvbG9yIiBjb250ZW50PSIjMDAwMDAwIi8+PG1ldGEgbmFtZT0iZGVzY3JpcHRpb24iIGNvbnRlbnQ9IldlYiBzaXRlIGNyZWF0ZWQgdXNpbmcgY3JlYXRlLXJlYWN0LWFwcCIvPjxsaW5rIHJlbD0iYXBwbGUtdG91Y2gtaWNvbiIgaHJlZj0ibG9nbzE5Mi5wbmciLz48bGluayByZWw9Im1hbmlmZXN0IiBocmVmPSIvbWFuaWZlc3QuanNvbiIvPjx0aXRsZT5BUUE6INCY0L3RgtC10YDQvdC10YIg0JHQsNC90Lo8L3RpdGxlPjxsaW5rIGhyZWY9Ii9zdGF0aWMvY3NzLzIuMmYyY2RkODguY2h1bmsuY3NzIiByZWw9InN0eWxlc2hlZXQiPjxsaW5rIGhyZWY9Ii9zdGF0aWMvY3NzL21haW4uYmFhZWJkZDAuY2h1bmsuY3NzIiByZWw9InN0eWxlc2hlZXQiPjwvaGVhZD48Ym9keT48bm9zY3JpcHQ+WW91IG5lZWQgdG8gZW5hYmxlIEphdmFTY3JpcHQgdG8gcnVuIHRoaXMgYXBwLjwvbm9zY3JpcHQ+PGRpdiBpZD0icm9vdCI+PC9kaXY+PHNjcmlwdD4hZnVuY3Rpb24oZil7ZnVuY3Rpb24gZShlKXtmb3IodmFyIHIsdCxuPWVbMF0sbz1lWzFdLHU9ZVsyXSxsPTAsYT1bXTtsPG4ubGVuZ3RoO2wrKyl0PW5bbF0sT2JqZWN0LnByb3RvdHlwZS5oYXNPd25Qcm9wZXJ0eS5jYWxsKHAsdCkmJnBbdF0mJmEucHVzaChwW3RdWzBdKSxwW3RdPTA7Zm9yKHIgaW4gbylPYmplY3QucHJvdG90eXBlLmhhc093blByb3BlcnR5LmNhbGwobyxyKSYmKGZbcl09b1tyXSk7Zm9yKHMmJnMoZSk7YS5sZW5ndGg7KWEuc2hpZnQoKSgpO3JldHVybiBjLnB1c2guYXBwbHkoYyx1fHxbXSksaSgpfWZ1bmN0aW9uIGkoKXtmb3IodmFyIGUscj0wO3I8Yy5sZW5ndGg7cisrKXtmb3IodmFyIHQ9Y1tyXSxuPSEwLG89MTtvPHQubGVuZ3RoO28rKyl7dmFyIHU9dFtvXTswIT09cFt1XSYmKG49ITEpfW4mJihjLnNwbGljZShyLS0sMSksZT1sKGwucz10WzBdKSl9cmV0dXJuIGV9dmFyIHQ9e30scD17MTowfSxjPVtdO2Z1bmN0aW9uIGwoZSl7aWYodFtlXSlyZXR1cm4gdFtlXS5leHBvcnRzO3ZhciByPXRbZV09e2k6ZSxsOiExLGV4cG9ydHM6e319O3JldHVybiBmW2VdLmNhbGwoci5leHBvcnRzLHIsci5leHBvcnRzLGwpLHIubD0hMCxyLmV4cG9ydHN9bC5tPWYsbC5jPXQsbC5kPWZ1bmN0aW9uKGUscix0KXtsLm8oZSxyKXx8T2JqZWN0LmRlZmluZVByb3BlcnR5KGUscix7ZW51bWVyYWJsZTohMCxnZXQ6dH0pfSxsLnI9ZnVuY3Rpb24oZSl7InVuZGVmaW5lZCIhPXR5cGVvZiBTeW1ib2wmJlN5bWJvbC50b1N0cmluZ1RhZyYmT2JqZWN0LmRlZmluZVByb3BlcnR5KGUsU3ltYm9sLnRvU3RyaW5nVGFnLHt2YWx1ZToiTW9kdWxlIn0pLE9iamVjdC5kZWZpbmVQcm9wZXJ0eShlLCJfX2VzTW9kdWxlIix7dmFsdWU6ITB9KX0sbC50PWZ1bmN0aW9uKHIsZSl7aWYoMSZlJiYocj1sKHIpKSw4JmUpcmV0dXJuIHI7aWYoNCZlJiYib2JqZWN0Ij09dHlwZW9mIHImJnImJnIuX19lc01vZHVsZSlyZXR1cm4gcjt2YXIgdD1PYmplY3QuY3JlYXRlKG51bGwpO2lmKGwucih0KSxPYmplY3QuZGVmaW5lUHJvcGVydHkodCwiZGVmYXVsdCIse2VudW1lcmFibGU6ITAsdmFsdWU6cn0pLDImZSYmInN0cmluZyIhPXR5cGVvZiByKWZvcih2YXIgbiBpbiByKWwuZCh0LG4sZnVuY3Rpb24oZSl7cmV0dXJuIHJbZV19LmJpbmQobnVsbCxuKSk7cmV0dXJuIHR9LGwubj1mdW5jdGlvbihlKXt2YXIgcj1lJiZlLl9fZXNNb2R1bGU/ZnVuY3Rpb24oKXtyZXR1cm4gZS5kZWZhdWx0fTpmdW5jdGlvbigpe3JldHVybiBlfTtyZXR1cm4gbC5kKHIsImEiLHIpLHJ9LGwubz1mdW5jdGlvbihlLHIpe3JldHVybiBPYmplY3QucHJvdG90eXBlLmhhc093blByb3BlcnR5LmNhbGwoZSxyKX0sbC5wPSIvIjt2YXIgcj13aW5kb3cud2VicGFja0pzb25wYWxmYT13aW5kb3cud2VicGFja0pzb25wYWxmYXx8W10sbj1yLnB1c2guYmluZChyKTtyLnB1c2g9ZSxyPXIuc2xpY2UoKTtmb3IodmFyIG89MDtvPHIubGVuZ3RoO28rKyllKHJbb10pO3ZhciBzPW47aSgpfShbXSk8L3NjcmlwdD48c2NyaXB0IHNyYz0iL3N0YXRpYy9qcy8yLjZhMjhhOWI3LmNodW5rLmpzIj48L3NjcmlwdD48c2NyaXB0IHNyYz0iL3N0YXRpYy9qcy9tYWluLmE3OWQwYzNlLmNodW5rLmpzIj48L3NjcmlwdD48L2JvZHk+PC9odG1sPg==","base64Encoded":true},"sessionId":"75E497A1F3AF44EE3B8FD61FD0A64788"}
авг. 23, 2023 6:56:49 PM org.openqa.selenium.devtools.Connection send
INFO: -> {
  "id": 9,
  "method": "Fetch.fulfillRequest",
  "params": {
    "requestId": "interception-job-1.0",
    "responseCode": 200,
    "responseHeaders": [
      {
        "name": "Connection",
        "value": "keep-alive"
      },
      {
        "name": "Content-Length",
        "value": "2305"
      },
      {
        "name": "Content-Type",
        "value": "text\u002fhtml; charset=UTF-8"
      }
    ],
    "body": "PCFkb2N0eXBlIGh0bWw+PGh0bWwgbGFuZz0iZW4iPjxoZWFkPjxtZXRhIGNoYXJzZXQ9InV0Zi04Ii8+PGxpbmsgcmVsPSJzaG9ydGN1dCBpY29uIiBocmVmPSIvZmF2aWNvbi5pY28iLz48bWV0YSBuYW1lPSJ2aWV3cG9ydCIgY29udGVudD0id2lkdGg9ZGV2aWNlLXdpZHRoLGluaXRpYWwtc2NhbGU9MSIvPjxtZXRhIG5hbWU9InRoZW1lLWNvbG9yIiBjb250ZW50PSIjMDAwMDAwIi8+PG1ldGEgbmFtZT0iZGVzY3JpcHRpb24iIGNvbnRlbnQ9IldlYiBzaXRlIGNyZWF0ZWQgdXNpbmcgY3JlYXRlLXJlYWN0LWFwcCIvPjxsaW5rIHJlbD0iYXBwbGUtdG91Y2gtaWNvbiIgaHJlZj0ibG9nbzE5Mi5wbmciLz48bGluayByZWw9Im1hbmlmZXN0IiBocmVmPSIvbWFuaWZlc3QuanNvbiIvPjx0aXRsZT5BUUE6INCY0L3RgtC10YDQvdC10YIg0JHQsNC90Lo8L3RpdGxlPjxsaW5rIGhyZWY9Ii9zdGF0aWMvY3NzLzIuMmYyY2RkODguY2h1bmsuY3NzIiByZWw9InN0eWxlc2hlZXQiPjxsaW5rIGhyZWY9Ii9zdGF0aWMvY3NzL21haW4uYmFhZWJkZDAuY2h1bmsuY3NzIiByZWw9InN0eWxlc2hlZXQiPjwvaGVhZD48Ym9keT48bm9zY3JpcHQ+WW91IG5lZWQgdG8gZW5hYmxlIEphdmFTY3JpcHQgdG8gcnVuIHRoaXMgYXBwLjwvbm9zY3JpcHQ+PGRpdiBpZD0icm9vdCI+PC9kaXY+PHNjcmlwdD4hZnVuY3Rpb24oZil7ZnVuY3Rpb24gZShlKXtmb3IodmFyIHIsdCxuPWVbMF0sbz1lWzFdLHU9ZVsyXSxsPTAsYT1bXTtsPG4ubGVuZ3RoO2wrKyl0PW5bbF0sT2JqZWN0LnByb3RvdHlwZS5oYXNPd25Qcm9wZXJ0eS5jYWxsKHAsdCkmJnBbdF0mJmEucHVzaChwW3RdWzBdKSxwW3RdPTA7Zm9yKHIgaW4gbylPYmplY3QucHJvdG90eXBlLmhhc093blByb3BlcnR5LmNhbGwobyxyKSYmKGZbcl09b1tyXSk7Zm9yKHMmJnMoZSk7YS5sZW5ndGg7KWEuc2hpZnQoKSgpO3JldHVybiBjLnB1c2guYXBwbHkoYyx1fHxbXSksaSgpfWZ1bmN0aW9uIGkoKXtmb3IodmFyIGUscj0wO3I8Yy5sZW5ndGg7cisrKXtmb3IodmFyIHQ9Y1tyXSxuPSEwLG89MTtvPHQubGVuZ3RoO28rKyl7dmFyIHU9dFtvXTswIT09cFt1XSYmKG49ITEpfW4mJihjLnNwbGljZShyLS0sMSksZT1sKGwucz10WzBdKSl9cmV0dXJuIGV9dmFyIHQ9e30scD17MTowfSxjPVtdO2Z1bmN0aW9uIGwoZSl7aWYodFtlXSlyZXR1cm4gdFtlXS5leHBvcnRzO3ZhciByPXRbZV09e2k6ZSxsOiExLGV4cG9ydHM6e319O3JldHVybiBmW2VdLmNhbGwoci5leHBvcnRzLHIsci5leHBvcnRzLGwpLHIubD0hMCxyLmV4cG9ydHN9bC5tPWYsbC5jPXQsbC5kPWZ1bmN0aW9uKGUscix0KXtsLm8oZSxyKXx8T2JqZWN0LmRlZmluZVByb3BlcnR5KGUscix7ZW51bWVyYWJsZTohMCxnZXQ6dH0pfSxsLnI9ZnVuY3Rpb24oZSl7InVuZGVmaW5lZCIhPXR5cGVvZiBTeW1ib2wmJlN5bWJvbC50b1N0cmluZ1RhZyYmT2JqZWN0LmRlZmluZVByb3BlcnR5KGUsU3ltYm9sLnRvU3RyaW5nVGFnLHt2YWx1ZToiTW9kdWxlIn0pLE9iamVjdC5kZWZpbmVQcm9wZXJ0eShlLCJfX2VzTW9kdWxlIix7dmFsdWU6ITB9KX0sbC50PWZ1bmN0aW9uKHIsZSl7aWYoMSZlJiYocj1sKHIpKSw4JmUpcmV0dXJuIHI7aWYoNCZlJiYib2JqZWN0Ij09dHlwZW9mIHImJnImJnIuX19lc01vZHVsZSlyZXR1cm4gcjt2YXIgdD1PYmplY3QuY3JlYXRlKG51bGwpO2lmKGwucih0KSxPYmplY3QuZGVmaW5lUHJvcGVydHkodCwiZGVmYXVsdCIse2VudW1lcmFibGU6ITAsdmFsdWU6cn0pLDImZSYmInN0cmluZyIhPXR5cGVvZiByKWZvcih2YXIgbiBpbiByKWwuZCh0LG4sZnVuY3Rpb24oZSl7cmV0dXJuIHJbZV19LmJpbmQobnVsbCxuKSk7cmV0dXJuIHR9LGwubj1mdW5jdGlvbihlKXt2YXIgcj1lJiZlLl9fZXNNb2R1bGU\u002fZnVuY3Rpb24oKXtyZXR1cm4gZS5kZWZhdWx0fTpmdW5jdGlvbigpe3JldHVybiBlfTtyZXR1cm4gbC5kKHIsImEiLHIpLHJ9LGwubz1mdW5jdGlvbihlLHIpe3JldHVybiBPYmplY3QucHJvdG90eXBlLmhhc093blByb3BlcnR5LmNhbGwoZSxyKX0sbC5wPSIvIjt2YXIgcj13aW5kb3cud2VicGFja0pzb25wYWxmYT13aW5kb3cud2VicGFja0pzb25wYWxmYXx8W10sbj1yLnB1c2guYmluZChyKTtyLnB1c2g9ZSxyPXIuc2xpY2UoKTtmb3IodmFyIG89MDtvPHIubGVuZ3RoO28rKyllKHJbb10pO3ZhciBzPW47aSgpfShbXSk8L3NjcmlwdD48c2NyaXB0IHNyYz0iL3N0YXRpYy9qcy8yLjZhMjhhOWI3LmNodW5rLmpzIj48L3NjcmlwdD48c2NyaXB0IHNyYz0iL3N0YXRpYy9qcy9tYWluLmE3OWQwYzNlLmNodW5rLmpzIj48L3NjcmlwdD48L2JvZHk+PC9odG1sPg=="
  },
  "sessionId": "75E497A1F3AF44EE3B8FD61FD0A64788"
}
авг. 23, 2023 6:56:49 PM org.openqa.selenium.devtools.Connection handle
INFO: <- {"id":9,"result":{},"sessionId":"75E497A1F3AF44EE3B8FD61FD0A64788"}
авг. 23, 2023 6:56:49 PM org.openqa.selenium.devtools.Connection handle
INFO: <- {"method":"Fetch.requestPaused","params":{"requestId":"interception-job-2.0","request":{"url":"http://localhost:9999/static/css/2.2f2cdd88.chunk.css","method":"GET","headers":{"Accept":"text/css,*/*;q=0.1","Referer":"http://localhost:9999/","User-Agent":"Mozilla/5.0 (Windows NT 10.0; Win64; x64) AppleWebKit/537.36 (KHTML, like Gecko) Chrome/116.0.0.0 Safari/537.36","sec-ch-ua":"\"Chromium\";v=\"116\", \"Not)A;Brand\";v=\"24\", \"Google Chrome\";v=\"116\"","sec-ch-ua-mobile":"?0","sec-ch-ua-platform":"\"Windows\""},"initialPriority":"VeryHigh","referrerPolicy":"strict-origin-when-cross-origin"},"frameId":"175F0F3CE72E272F46B17706B0006E6C","resourceType":"Stylesheet"},"sessionId":"75E497A1F3AF44EE3B8FD61FD0A64788"}
авг. 23, 2023 6:56:49 PM org.openqa.selenium.devtools.Connection handle
INFO: Method Fetch.requestPaused called with 2 callbacks available
авг. 23, 2023 6:56:49 PM org.openqa.selenium.devtools.Connection lambda$handle$2
INFO: Matching Fetch.requestPaused with Fetch.authRequired
авг. 23, 2023 6:56:49 PM org.openqa.selenium.devtools.Connection lambda$handle$2
INFO: Matching Fetch.requestPaused with Fetch.requestPaused
авг. 23, 2023 6:56:49 PM org.openqa.selenium.devtools.Connection lambda$handle$4
INFO: Calling callback for Fetch.requestPaused using org.openqa.selenium.devtools.idealized.Network$$Lambda$678/0x000000010040d040@6cd56321 being passed org.openqa.selenium.devtools.v115.fetch.model.RequestPaused@52868df3
авг. 23, 2023 6:56:49 PM org.openqa.selenium.devtools.Connection handle
INFO: <- {"method":"Fetch.requestPaused","params":{"requestId":"interception-job-4.0","request":{"url":"http://localhost:9999/static/js/2.6a28a9b7.chunk.js","method":"GET","headers":{"Accept":"*/*","Referer":"http://localhost:9999/","User-Agent":"Mozilla/5.0 (Windows NT 10.0; Win64; x64) AppleWebKit/537.36 (KHTML, like Gecko) Chrome/116.0.0.0 Safari/537.36","sec-ch-ua":"\"Chromium\";v=\"116\", \"Not)A;Brand\";v=\"24\", \"Google Chrome\";v=\"116\"","sec-ch-ua-mobile":"?0","sec-ch-ua-platform":"\"Windows\""},"initialPriority":"High","referrerPolicy":"strict-origin-when-cross-origin"},"frameId":"175F0F3CE72E272F46B17706B0006E6C","resourceType":"Script"},"sessionId":"75E497A1F3AF44EE3B8FD61FD0A64788"}
авг. 23, 2023 6:56:49 PM org.openqa.selenium.devtools.Connection handle
INFO: Method Fetch.requestPaused called with 2 callbacks available
авг. 23, 2023 6:56:49 PM org.openqa.selenium.devtools.Connection lambda$handle$2
INFO: Matching Fetch.requestPaused with Fetch.authRequired
авг. 23, 2023 6:56:49 PM org.openqa.selenium.devtools.Connection lambda$handle$2
INFO: Matching Fetch.requestPaused with Fetch.requestPaused
авг. 23, 2023 6:56:49 PM org.openqa.selenium.devtools.Connection lambda$handle$4
INFO: Calling callback for Fetch.requestPaused using org.openqa.selenium.devtools.idealized.Network$$Lambda$678/0x000000010040d040@6cd56321 being passed org.openqa.selenium.devtools.v115.fetch.model.RequestPaused@161ac54e
авг. 23, 2023 6:56:49 PM org.openqa.selenium.devtools.Connection handle
INFO: <- {"method":"Fetch.requestPaused","params":{"requestId":"interception-job-3.0","request":{"url":"http://localhost:9999/static/css/main.baaebdd0.chunk.css","method":"GET","headers":{"Accept":"text/css,*/*;q=0.1","Referer":"http://localhost:9999/","User-Agent":"Mozilla/5.0 (Windows NT 10.0; Win64; x64) AppleWebKit/537.36 (KHTML, like Gecko) Chrome/116.0.0.0 Safari/537.36","sec-ch-ua":"\"Chromium\";v=\"116\", \"Not)A;Brand\";v=\"24\", \"Google Chrome\";v=\"116\"","sec-ch-ua-mobile":"?0","sec-ch-ua-platform":"\"Windows\""},"initialPriority":"VeryHigh","referrerPolicy":"strict-origin-when-cross-origin"},"frameId":"175F0F3CE72E272F46B17706B0006E6C","resourceType":"Stylesheet"},"sessionId":"75E497A1F3AF44EE3B8FD61FD0A64788"}
авг. 23, 2023 6:56:49 PM org.openqa.selenium.devtools.Connection handle
INFO: Method Fetch.requestPaused called with 2 callbacks available
авг. 23, 2023 6:56:49 PM org.openqa.selenium.devtools.Connection lambda$handle$2
INFO: Matching Fetch.requestPaused with Fetch.authRequired
авг. 23, 2023 6:56:49 PM org.openqa.selenium.devtools.Connection lambda$handle$2
INFO: Matching Fetch.requestPaused with Fetch.requestPaused
авг. 23, 2023 6:56:49 PM org.openqa.selenium.devtools.Connection lambda$handle$4
INFO: Calling callback for Fetch.requestPaused using org.openqa.selenium.devtools.idealized.Network$$Lambda$678/0x000000010040d040@6cd56321 being passed org.openqa.selenium.devtools.v115.fetch.model.RequestPaused@7136ddd2
авг. 23, 2023 6:56:49 PM org.openqa.selenium.devtools.Connection send
INFO: -> {
  "id": 10,
  "method": "Fetch.continueRequest",
  "params": {
    "requestId": "interception-job-2.0",
    "method": "GET",
    "postData": "",
    "headers": [
      {
        "name": "sec-ch-ua",
        "value": "\"Chromium\";v=\"116\", \"Not)A;Brand\";v=\"24\", \"Google Chrome\";v=\"116\""
      },
      {
        "name": "sec-ch-ua-mobile",
        "value": "?0"
      },
      {
        "name": "Accept",
        "value": "text\u002fcss,*\u002f*;q=0.1"
      },
      {
        "name": "sec-ch-ua-platform",
        "value": "\"Windows\""
      },
      {
        "name": "Referer",
        "value": "http:\u002f\u002flocalhost:9999\u002f"
      },
      {
        "name": "User-Agent",
        "value": "Mozilla\u002f5.0 (Windows NT 10.0; Win64; x64) AppleWebKit\u002f537.36 (KHTML, like Gecko) Chrome\u002f116.0.0.0 Safari\u002f537.36"
      }
    ]
  },
  "sessionId": "75E497A1F3AF44EE3B8FD61FD0A64788"
}
авг. 23, 2023 6:56:49 PM org.openqa.selenium.devtools.Connection send
INFO: -> {
  "id": 12,
  "method": "Fetch.continueRequest",
  "params": {
    "requestId": "interception-job-3.0",
    "method": "GET",
    "postData": "",
    "headers": [
      {
        "name": "sec-ch-ua",
        "value": "\"Chromium\";v=\"116\", \"Not)A;Brand\";v=\"24\", \"Google Chrome\";v=\"116\""
      },
      {
        "name": "sec-ch-ua-mobile",
        "value": "?0"
      },
      {
        "name": "Accept",
        "value": "text\u002fcss,*\u002f*;q=0.1"
      },
      {
        "name": "sec-ch-ua-platform",
        "value": "\"Windows\""
      },
      {
        "name": "Referer",
        "value": "http:\u002f\u002flocalhost:9999\u002f"
      },
      {
        "name": "User-Agent",
        "value": "Mozilla\u002f5.0 (Windows NT 10.0; Win64; x64) AppleWebKit\u002f537.36 (KHTML, like Gecko) Chrome\u002f116.0.0.0 Safari\u002f537.36"
      }
    ]
  },
  "sessionId": "75E497A1F3AF44EE3B8FD61FD0A64788"
}
авг. 23, 2023 6:56:49 PM org.openqa.selenium.devtools.Connection send
INFO: -> {
  "id": 11,
  "method": "Fetch.continueRequest",
  "params": {
    "requestId": "interception-job-4.0",
    "method": "GET",
    "postData": "",
    "headers": [
      {
        "name": "sec-ch-ua",
        "value": "\"Chromium\";v=\"116\", \"Not)A;Brand\";v=\"24\", \"Google Chrome\";v=\"116\""
      },
      {
        "name": "sec-ch-ua-mobile",
        "value": "?0"
      },
      {
        "name": "Accept",
        "value": "*\u002f*"
      },
      {
        "name": "sec-ch-ua-platform",
        "value": "\"Windows\""
      },
      {
        "name": "Referer",
        "value": "http:\u002f\u002flocalhost:9999\u002f"
      },
      {
        "name": "User-Agent",
        "value": "Mozilla\u002f5.0 (Windows NT 10.0; Win64; x64) AppleWebKit\u002f537.36 (KHTML, like Gecko) Chrome\u002f116.0.0.0 Safari\u002f537.36"
      }
    ]
  },
  "sessionId": "75E497A1F3AF44EE3B8FD61FD0A64788"
}
авг. 23, 2023 6:56:49 PM org.openqa.selenium.devtools.Connection handle
INFO: <- {"method":"Fetch.requestPaused","params":{"requestId":"interception-job-5.0","request":{"url":"http://localhost:9999/static/js/main.a79d0c3e.chunk.js","method":"GET","headers":{"Accept":"*/*","Referer":"http://localhost:9999/","User-Agent":"Mozilla/5.0 (Windows NT 10.0; Win64; x64) AppleWebKit/537.36 (KHTML, like Gecko) Chrome/116.0.0.0 Safari/537.36","sec-ch-ua":"\"Chromium\";v=\"116\", \"Not)A;Brand\";v=\"24\", \"Google Chrome\";v=\"116\"","sec-ch-ua-mobile":"?0","sec-ch-ua-platform":"\"Windows\""},"initialPriority":"High","referrerPolicy":"strict-origin-when-cross-origin"},"frameId":"175F0F3CE72E272F46B17706B0006E6C","resourceType":"Script"},"sessionId":"75E497A1F3AF44EE3B8FD61FD0A64788"}
авг. 23, 2023 6:56:49 PM org.openqa.selenium.devtools.Connection handle
INFO: Method Fetch.requestPaused called with 2 callbacks available
авг. 23, 2023 6:56:49 PM org.openqa.selenium.devtools.Connection lambda$handle$2
INFO: Matching Fetch.requestPaused with Fetch.authRequired
авг. 23, 2023 6:56:49 PM org.openqa.selenium.devtools.Connection lambda$handle$2
INFO: Matching Fetch.requestPaused with Fetch.requestPaused
авг. 23, 2023 6:56:49 PM org.openqa.selenium.devtools.Connection lambda$handle$4
INFO: Calling callback for Fetch.requestPaused using org.openqa.selenium.devtools.idealized.Network$$Lambda$678/0x000000010040d040@6cd56321 being passed org.openqa.selenium.devtools.v115.fetch.model.RequestPaused@3a966292
авг. 23, 2023 6:56:49 PM org.openqa.selenium.devtools.Connection send
INFO: -> {
  "id": 13,
  "method": "Fetch.continueRequest",
  "params": {
    "requestId": "interception-job-5.0",
    "method": "GET",
    "postData": "",
    "headers": [
      {
        "name": "sec-ch-ua",
        "value": "\"Chromium\";v=\"116\", \"Not)A;Brand\";v=\"24\", \"Google Chrome\";v=\"116\""
      },
      {
        "name": "sec-ch-ua-mobile",
        "value": "?0"
      },
      {
        "name": "Accept",
        "value": "*\u002f*"
      },
      {
        "name": "sec-ch-ua-platform",
        "value": "\"Windows\""
      },
      {
        "name": "Referer",
        "value": "http:\u002f\u002flocalhost:9999\u002f"
      },
      {
        "name": "User-Agent",
        "value": "Mozilla\u002f5.0 (Windows NT 10.0; Win64; x64) AppleWebKit\u002f537.36 (KHTML, like Gecko) Chrome\u002f116.0.0.0 Safari\u002f537.36"
      }
    ]
  },
  "sessionId": "75E497A1F3AF44EE3B8FD61FD0A64788"
}
авг. 23, 2023 6:56:49 PM org.openqa.selenium.devtools.Connection handle
INFO: <- {"id":10,"result":{},"sessionId":"75E497A1F3AF44EE3B8FD61FD0A64788"}
авг. 23, 2023 6:56:49 PM org.openqa.selenium.devtools.Connection handle
INFO: <- {"id":12,"result":{},"sessionId":"75E497A1F3AF44EE3B8FD61FD0A64788"}
авг. 23, 2023 6:56:49 PM org.openqa.selenium.devtools.Connection handle
INFO: <- {"id":11,"result":{},"sessionId":"75E497A1F3AF44EE3B8FD61FD0A64788"}
авг. 23, 2023 6:56:49 PM org.openqa.selenium.devtools.Connection handle
INFO: <- {"method":"Fetch.requestPaused","params":{"requestId":"interception-job-2.0","request":{"url":"http://localhost:9999/static/css/2.2f2cdd88.chunk.css","method":"GET","headers":{"Accept":"text/css,*/*;q=0.1","Referer":"http://localhost:9999/","User-Agent":"Mozilla/5.0 (Windows NT 10.0; Win64; x64) AppleWebKit/537.36 (KHTML, like Gecko) Chrome/116.0.0.0 Safari/537.36","sec-ch-ua":"\"Chromium\";v=\"116\", \"Not)A;Brand\";v=\"24\", \"Google Chrome\";v=\"116\"","sec-ch-ua-mobile":"?0","sec-ch-ua-platform":"\"Windows\""},"initialPriority":"VeryHigh","referrerPolicy":"unsafe-url"},"frameId":"175F0F3CE72E272F46B17706B0006E6C","resourceType":"Stylesheet","responseStatusCode":200,"responseStatusText":"OK","responseHeaders":[{"name":"Content-Length","value":"59887"},{"name":"Content-Type","value":"text/css; charset=UTF-8"},{"name":"Connection","value":"keep-alive"}]},"sessionId":"75E497A1F3AF44EE3B8FD61FD0A64788"}
авг. 23, 2023 6:56:49 PM org.openqa.selenium.devtools.Connection handle
INFO: Method Fetch.requestPaused called with 2 callbacks available
авг. 23, 2023 6:56:49 PM org.openqa.selenium.devtools.Connection lambda$handle$2
INFO: Matching Fetch.requestPaused with Fetch.authRequired
авг. 23, 2023 6:56:49 PM org.openqa.selenium.devtools.Connection lambda$handle$2
INFO: Matching Fetch.requestPaused with Fetch.requestPaused
авг. 23, 2023 6:56:49 PM org.openqa.selenium.devtools.Connection lambda$handle$4
INFO: Calling callback for Fetch.requestPaused using org.openqa.selenium.devtools.idealized.Network$$Lambda$678/0x000000010040d040@6cd56321 being passed org.openqa.selenium.devtools.v115.fetch.model.RequestPaused@3b96d94a
авг. 23, 2023 6:56:49 PM org.openqa.selenium.devtools.Connection send
INFO: -> {
  "id": 14,
  "method": "Fetch.getResponseBody",
  "params": {
    "requestId": "interception-job-2.0"
  },
  "sessionId": "75E497A1F3AF44EE3B8FD61FD0A64788"
}
авг. 23, 2023 6:56:49 PM org.openqa.selenium.devtools.Connection handle
INFO: <- {"method":"Fetch.requestPaused","params":{"requestId":"interception-job-3.0","request":{"url":"http://localhost:9999/static/css/main.baaebdd0.chunk.css","method":"GET","headers":{"Accept":"text/css,*/*;q=0.1","Referer":"http://localhost:9999/","User-Agent":"Mozilla/5.0 (Windows NT 10.0; Win64; x64) AppleWebKit/537.36 (KHTML, like Gecko) Chrome/116.0.0.0 Safari/537.36","sec-ch-ua":"\"Chromium\";v=\"116\", \"Not)A;Brand\";v=\"24\", \"Google Chrome\";v=\"116\"","sec-ch-ua-mobile":"?0","sec-ch-ua-platform":"\"Windows\""},"initialPriority":"VeryHigh","referrerPolicy":"unsafe-url"},"frameId":"175F0F3CE72E272F46B17706B0006E6C","resourceType":"Stylesheet","responseStatusCode":200,"responseStatusText":"OK","responseHeaders":[{"name":"Content-Length","value":"669"},{"name":"Content-Type","value":"text/css; charset=UTF-8"},{"name":"Connection","value":"keep-alive"}]},"sessionId":"75E497A1F3AF44EE3B8FD61FD0A64788"}
авг. 23, 2023 6:56:49 PM org.openqa.selenium.devtools.Connection handle
INFO: Method Fetch.requestPaused called with 2 callbacks available
авг. 23, 2023 6:56:49 PM org.openqa.selenium.devtools.Connection lambda$handle$2
INFO: Matching Fetch.requestPaused with Fetch.authRequired
авг. 23, 2023 6:56:49 PM org.openqa.selenium.devtools.Connection lambda$handle$2
INFO: Matching Fetch.requestPaused with Fetch.requestPaused
авг. 23, 2023 6:56:49 PM org.openqa.selenium.devtools.Connection lambda$handle$4
INFO: Calling callback for Fetch.requestPaused using org.openqa.selenium.devtools.idealized.Network$$Lambda$678/0x000000010040d040@6cd56321 being passed org.openqa.selenium.devtools.v115.fetch.model.RequestPaused@eda24c8
авг. 23, 2023 6:56:49 PM org.openqa.selenium.devtools.Connection send
INFO: -> {
  "id": 15,
  "method": "Fetch.getResponseBody",
  "params": {
    "requestId": "interception-job-3.0"
  },
  "sessionId": "75E497A1F3AF44EE3B8FD61FD0A64788"
}
авг. 23, 2023 6:56:49 PM org.openqa.selenium.devtools.Connection handle
INFO: <- {"method":"Fetch.requestPaused","params":{"requestId":"interception-job-4.0","request":{"url":"http://localhost:9999/static/js/2.6a28a9b7.chunk.js","method":"GET","headers":{"Accept":"*/*","Referer":"http://localhost:9999/","User-Agent":"Mozilla/5.0 (Windows NT 10.0; Win64; x64) AppleWebKit/537.36 (KHTML, like Gecko) Chrome/116.0.0.0 Safari/537.36","sec-ch-ua":"\"Chromium\";v=\"116\", \"Not)A;Brand\";v=\"24\", \"Google Chrome\";v=\"116\"","sec-ch-ua-mobile":"?0","sec-ch-ua-platform":"\"Windows\""},"initialPriority":"High","referrerPolicy":"unsafe-url"},"frameId":"175F0F3CE72E272F46B17706B0006E6C","resourceType":"Script","responseStatusCode":200,"responseStatusText":"OK","responseHeaders":[{"name":"Content-Length","value":"258035"},{"name":"Content-Type","value":"application/javascript"},{"name":"Connection","value":"keep-alive"}]},"sessionId":"75E497A1F3AF44EE3B8FD61FD0A64788"}
авг. 23, 2023 6:56:49 PM org.openqa.selenium.devtools.Connection handle
INFO: Method Fetch.requestPaused called with 2 callbacks available
авг. 23, 2023 6:56:49 PM org.openqa.selenium.devtools.Connection handle
INFO: <- {"method":"Fetch.requestPaused","params":{"requestId":"interception-job-5.0","request":{"url":"http://localhost:9999/static/js/main.a79d0c3e.chunk.js","method":"GET","headers":{"Accept":"*/*","Referer":"http://localhost:9999/","User-Agent":"Mozilla/5.0 (Windows NT 10.0; Win64; x64) AppleWebKit/537.36 (KHTML, like Gecko) Chrome/116.0.0.0 Safari/537.36","sec-ch-ua":"\"Chromium\";v=\"116\", \"Not)A;Brand\";v=\"24\", \"Google Chrome\";v=\"116\"","sec-ch-ua-mobile":"?0","sec-ch-ua-platform":"\"Windows\""},"initialPriority":"High","referrerPolicy":"unsafe-url"},"frameId":"175F0F3CE72E272F46B17706B0006E6C","resourceType":"Script","responseStatusCode":200,"responseStatusText":"OK","responseHeaders":[{"name":"Content-Length","value":"16718"},{"name":"Content-Type","value":"application/javascript"},{"name":"Connection","value":"keep-alive"}]},"sessionId":"75E497A1F3AF44EE3B8FD61FD0A64788"}
авг. 23, 2023 6:56:49 PM org.openqa.selenium.devtools.Connection handle
INFO: Method Fetch.requestPaused called with 2 callbacks available
авг. 23, 2023 6:56:49 PM org.openqa.selenium.devtools.Connection lambda$handle$2
INFO: Matching Fetch.requestPaused with Fetch.authRequired
авг. 23, 2023 6:56:49 PM org.openqa.selenium.devtools.Connection lambda$handle$2
INFO: Matching Fetch.requestPaused with Fetch.requestPaused
авг. 23, 2023 6:56:49 PM org.openqa.selenium.devtools.Connection lambda$handle$4
INFO: Calling callback for Fetch.requestPaused using org.openqa.selenium.devtools.idealized.Network$$Lambda$678/0x000000010040d040@6cd56321 being passed org.openqa.selenium.devtools.v115.fetch.model.RequestPaused@64d746e2
авг. 23, 2023 6:56:49 PM org.openqa.selenium.devtools.Connection send
INFO: -> {
  "id": 16,
  "method": "Fetch.getResponseBody",
  "params": {
    "requestId": "interception-job-5.0"
  },
  "sessionId": "75E497A1F3AF44EE3B8FD61FD0A64788"
}
авг. 23, 2023 6:56:49 PM org.openqa.selenium.devtools.Connection lambda$handle$2
INFO: Matching Fetch.requestPaused with Fetch.authRequired
авг. 23, 2023 6:56:49 PM org.openqa.selenium.devtools.Connection lambda$handle$2
INFO: Matching Fetch.requestPaused with Fetch.requestPaused
авг. 23, 2023 6:56:49 PM org.openqa.selenium.devtools.Connection lambda$handle$4
INFO: Calling callback for Fetch.requestPaused using org.openqa.selenium.devtools.idealized.Network$$Lambda$678/0x000000010040d040@6cd56321 being passed org.openqa.selenium.devtools.v115.fetch.model.RequestPaused@9d2c09b
авг. 23, 2023 6:56:49 PM org.openqa.selenium.devtools.Connection send
INFO: -> {
  "id": 17,
  "method": "Fetch.getResponseBody",
  "params": {
    "requestId": "interception-job-4.0"
  },
  "sessionId": "75E497A1F3AF44EE3B8FD61FD0A64788"
}
авг. 23, 2023 6:56:49 PM org.openqa.selenium.devtools.Connection handle
INFO: <- {"id":14,"result":{"body":"LmhlYWRpbmd7Zm9udC1mYW1pbHk6QmxpbmtNYWNTeXN0ZW1Gb250LC1hcHBsZS1zeXN0ZW0sU2Vnb2UgVUksUm9ib3RvLE94eWdlbixVYnVudHUsQ2FudGFyZWxsLE9wZW4gU2FucyxIZWx2ZXRpY2EgTmV1ZSxSb2JvdG8gUm91YmxlLHNhbnMtc2VyaWY7Zm9udC13ZWlnaHQ6NzAwfS5oZWFkaW5nLC5oZWFkaW5nICosLmhlYWRpbmcgOmFmdGVyLC5oZWFkaW5nIDpiZWZvcmV7Ym94LXNpemluZzpib3JkZXItYm94fS5oZWFkaW5nX3NpemVfeGx7bWFyZ2luOjAgMCAyNHB4O2ZvbnQtc2l6ZTozMHB4O2xpbmUtaGVpZ2h0OjEuMn1AbWVkaWEgKG1pbi13aWR0aDo2MDBweCl7LmhlYWRpbmdfc2l6ZV94bHtmb250LXNpemU6NDBweH19QG1lZGlhIHNjcmVlbiBhbmQgKG1pbi13aWR0aDo2NGVtKXsuaGVhZGluZ19zaXplX3hse2ZvbnQtc2l6ZTo0OHB4O2xpbmUtaGVpZ2h0OjEuMX19LmhlYWRpbmdfc2l6ZV9se21hcmdpbjo0MHB4IDAgMTZweDtmb250LXNpemU6MjJweDtsaW5lLWhlaWdodDoxLjJ9QG1lZGlhIChtaW4td2lkdGg6NjAwcHgpey5oZWFkaW5nX3NpemVfbHttYXJnaW46NDhweCAwIDI0cHg7Zm9udC1zaXplOjMwcHh9fUBtZWRpYSBzY3JlZW4gYW5kIChtaW4td2lkdGg6NjRlbSl7LmhlYWRpbmdfc2l6ZV9se2ZvbnQtc2l6ZTo0MHB4fX0uaGVhZGluZ19zaXplX217bWFyZ2luOjQwcHggMCAxNnB4O2ZvbnQtc2l6ZToxOHB4O2xpbmUtaGVpZ2h0OjEuM31AbWVkaWEgKG1pbi13aWR0aDo2MDBweCl7LmhlYWRpbmdfc2l6ZV9te2ZvbnQtc2l6ZToyMnB4O2xpbmUtaGVpZ2h0OjEuMn19QG1lZGlhIHNjcmVlbiBhbmQgKG1pbi13aWR0aDo2NGVtKXsuaGVhZGluZ19zaXplX217bWFyZ2luOjQ4cHggMCAyNHB4O2ZvbnQtc2l6ZTozMHB4fX0uaGVhZGluZ19zaXplX3N7bWFyZ2luOjQwcHggMCAxNnB4O2ZvbnQtc2l6ZToxOHB4O2xpbmUtaGVpZ2h0OjEuM31AbWVkaWEgKG1pbi13aWR0aDo2MDBweCl7LmhlYWRpbmdfc2l6ZV9ze2ZvbnQtc2l6ZToyMnB4O2xpbmUtaGVpZ2h0OjEuMn19LmhlYWRpbmdfc2l6ZV94c3ttYXJnaW46NDBweCAwIDE2cHg7Zm9udC1zaXplOjE4cHg7bGluZS1oZWlnaHQ6MS4zfS5oZWFkaW5nKy5oZWFkaW5ne21hcmdpbi10b3A6MH0uaGVhZGluZ190aGVtZV9hbGZhLW9uLWNvbG9ye2NvbG9yOiNmZmZ9LmhlYWRpbmdfdGhlbWVfYWxmYS1vbi13aGl0ZXtjb2xvcjpyZ2JhKDExLDMxLDUzLC45NSl9LnBhcmFncmFwaHttYXJnaW46MCAwIDE2cHg7cGFkZGluZzowO2ZvbnQtZmFtaWx5OkJsaW5rTWFjU3lzdGVtRm9udCwtYXBwbGUtc3lzdGVtLFNlZ29lIFVJLFJvYm90byxPeHlnZW4sVWJ1bnR1LENhbnRhcmVsbCxPcGVuIFNhbnMsSGVsdmV0aWNhIE5ldWUsUm9ib3RvIFJvdWJsZSxzYW5zLXNlcmlmO2ZvbnQtd2VpZ2h0OjQwMDtmb250LXNpemU6MTZweDtsaW5lLWhlaWdodDoxLjR9LnBhcmFncmFwaCwucGFyYWdyYXBoICosLnBhcmFncmFwaCA6YWZ0ZXIsLnBhcmFncmFwaCA6YmVmb3Jle2JveC1zaXppbmc6Ym9yZGVyLWJveH0ucGFyYWdyYXBoX3ZpZXdfbGVhZHtmb250LXNpemU6MjJweH0ucGFyYWdyYXBoX3ZpZXdfc21hbGx7Zm9udC1zaXplOjEzcHh9LnBhcmFncmFwaF90aGVtZV9hbGZhLW9uLWNvbG9ye2NvbG9yOiNmZmZ9LnBhcmFncmFwaF90aGVtZV9hbGZhLW9uLXdoaXRle2NvbG9yOiMwYjFmMzV9Lmljb25fc2l6ZV9tLmljb25fbmFtZV9jYXRlZ29yeS1ndWFyZC5pY29uX3RoZW1lX2FsZmEtb24td2hpdGV7YmFja2dyb3VuZC1pbWFnZTp1cmwoL3N0YXRpYy9tZWRpYS9pY29uX2NhdGVnb3J5LWd1YXJkX21fYmxhY2suNjM2NDA3ZDguc3ZnKX0uaWNvbl9zaXplX20uaWNvbl9uYW1lX2NhdGVnb3J5LWd1YXJkLmljb25fdGhlbWVfYWxmYS1vbi1jb2xvcntiYWNrZ3JvdW5kLWltYWdlOnVybCgvc3RhdGljL21lZGlhL2ljb25fY2F0ZWdvcnktZ3VhcmRfbV93aGl0ZS43ZDQ3NzYwNy5zdmcpfS5pY29uX3NpemVfeGwuaWNvbl9uYW1lX2NhdGVnb3J5LWd1YXJkLmljb25fdGhlbWVfYWxmYS1vbi13aGl0ZXtiYWNrZ3JvdW5kLWltYWdlOnVybCgvc3RhdGljL21lZGlhL2ljb25fY2F0ZWdvcnktZ3VhcmRfeGxfYmxhY2suMjRjZDY0ZWUuc3ZnKX0uaWNvbl9zaXplX3hsLmljb25fbmFtZV9jYXRlZ29yeS1ndWFyZC5pY29uX3RoZW1lX2FsZmEtb24tY29sb3J7YmFja2dyb3VuZC1pbWFnZTp1cmwoL3N0YXRpYy9tZWRpYS9pY29uX2NhdGVnb3J5LWd1YXJkX3hsX3doaXRlLjU0YjQ5NWMxLnN2Zyl9Lmljb25fc2l6ZV94eGwuaWNvbl9uYW1lX2NhdGVnb3J5LWd1YXJkLmljb25fdGhlbWVfYWxmYS1vbi13aGl0ZXtiYWNrZ3JvdW5kLWltYWdlOnVybCgvc3RhdGljL21lZGlhL2ljb25fY2F0ZWdvcnktZ3VhcmRfeHhsX2JsYWNrLjNkODMzZDY1LnN2Zyl9Lmljb25fc2l6ZV94eGwuaWNvbl9uYW1lX2NhdGVnb3J5LWd1YXJkLmljb25fdGhlbWVfYWxmYS1vbi1jb2xvcntiYWNrZ3JvdW5kLWltYWdlOnVybCgvc3RhdGljL21lZGlhL2ljb25fY2F0ZWdvcnktZ3VhcmRfeHhsX3doaXRlLjQyYTFmM2JkLnN2Zyl9Lmljb257ZGlzcGxheTppbmxpbmUtYmxvY2s7dmVydGljYWwtYWxpZ246bWlkZGxlO2JhY2tncm91bmQtcG9zaXRpb246NTAlO2JhY2tncm91bmQtcmVwZWF0Om5vLXJlcGVhdH0uaWNvbl9zaXplX3hze3dpZHRoOjEycHg7aGVpZ2h0OjEycHh9Lmljb25fc2l6ZV9ze3dpZHRoOjE4cHg7aGVpZ2h0OjE4cHh9Lmljb25fc2l6ZV9te3dpZHRoOjI0cHg7aGVpZ2h0OjI0cHh9Lmljb25fc2l6ZV9se3dpZHRoOjMwcHg7aGVpZ2h0OjMwcHh9Lmljb25fc2l6ZV94bHt3aWR0aDozNnB4O2hlaWdodDozNnB4fS5pY29uX3NpemVfeHhse3dpZHRoOjQ4cHg7aGVpZ2h0OjQ4cHh9Lmljb25fc2l6ZV94eHhse3dpZHRoOjg4cHg7aGVpZ2h0Ojg4cHh9LmZvcm17cGFkZGluZy1ib3R0b206NjBweH0uZm9ybTpsYXN0LWNoaWxke3BhZGRpbmctYm90dG9tOjB9LmZvcm1fX2Zvb3RlcntwYWRkaW5nLXRvcDoyMHB4fS5mb3JtX3ZpZXdfbGluZS5mb3JtX3NpemVfbSAuZm9ybV9fZm9vdGVyLC5mb3JtX3ZpZXdfbGluZS5mb3JtX3NpemVfcyAuZm9ybV9fZm9vdGVye3BhZGRpbmctbGVmdDoxMTVweH0uZm9ybV92aWV3X2xpbmUuZm9ybV9zaXplX2wgLmZvcm1fX2Zvb3RlciwuZm9ybV92aWV3X2xpbmUuZm9ybV9zaXplX3hsIC5mb3JtX19mb290ZXJ7cGFkZGluZy1sZWZ0OjE2NXB4fS5mb3JtLWZpZWxkX3NpemVfc3twYWRkaW5nLWJvdHRvbToxNnB4fS5mb3JtLWZpZWxkX3NpemVfbXtwYWRkaW5nLWJvdHRvbToyNHB4fS5mb3JtLWZpZWxkX3NpemVfbHtwYWRkaW5nLWJvdHRvbTozMnB4fS5mb3JtLWZpZWxkX3NpemVfeGx7cGFkZGluZy1ib3R0b206NDBweH0uYnV0dG9ue2Rpc3BsYXk6aW5saW5lLWZsZXg7ZmxleC1kaXJlY3Rpb246cm93O2ZsZXgtd3JhcDpub3dyYXA7YWxpZ24tY29udGVudDpjZW50ZXI7YWxpZ24taXRlbXM6Y2VudGVyO3Bvc2l0aW9uOnJlbGF0aXZlO21hcmdpbjowO3BhZGRpbmc6MDtjdXJzb3I6cG9pbnRlcjtvdXRsaW5lOjA7LXdlYmtpdC11c2VyLXNlbGVjdDpub25lOy1tb3otdXNlci1zZWxlY3Q6bm9uZTstbXMtdXNlci1zZWxlY3Q6bm9uZTt1c2VyLXNlbGVjdDpub25lO2ZvbnQtZmFtaWx5OkJsaW5rTWFjU3lzdGVtRm9udCwtYXBwbGUtc3lzdGVtLFNlZ29lIFVJLFJvYm90byxPeHlnZW4sVWJ1bnR1LENhbnRhcmVsbCxPcGVuIFNhbnMsSGVsdmV0aWNhIE5ldWUsUm9ib3RvIFJvdWJsZSxzYW5zLXNlcmlmO3RleHQtYWxpZ246Y2VudGVyO3doaXRlLXNwYWNlOm5vd3JhcDstd2Via2l0LXRyYW5zaXRpb24tZHVyYXRpb246LjJzO3RyYW5zaXRpb24tZHVyYXRpb246LjJzOy13ZWJraXQtdHJhbnNpdGlvbi1wcm9wZXJ0eTpiYWNrZ3JvdW5kLGJvcmRlci1jb2xvcixjb2xvcix3aWR0aDt0cmFuc2l0aW9uLXByb3BlcnR5OmJhY2tncm91bmQsYm9yZGVyLWNvbG9yLGNvbG9yLHdpZHRoOy13ZWJraXQtdHJhbnNpdGlvbi10aW1pbmctZnVuY3Rpb246ZWFzZTt0cmFuc2l0aW9uLXRpbWluZy1mdW5jdGlvbjplYXNlO2JvcmRlci1yYWRpdXM6NHB4fS5idXR0b24sLmJ1dHRvbiAqLC5idXR0b24gOmFmdGVyLC5idXR0b24gOmJlZm9yZXtib3gtc2l6aW5nOmJvcmRlci1ib3h9LmJ1dHRvbjo6LW1vei1mb2N1cy1pbm5lcntwYWRkaW5nOjA7Ym9yZGVyOjB9LmJ1dHRvbisuYnV0dG9ue21hcmdpbi1sZWZ0OjEycHh9LmJ1dHRvbl9fYWRkb257ZmxleDowIDAgYXV0b30uYnV0dG9uX19hZGRvbiwuYnV0dG9uX19jb250ZW50e2Rpc3BsYXk6ZmxleDtqdXN0aWZ5LWNvbnRlbnQ6Y2VudGVyO2FsaWduLWNvbnRlbnQ6Y2VudGVyO2FsaWduLWl0ZW1zOmNlbnRlcn0uYnV0dG9uX19jb250ZW50e2ZsZXg6MSAwIGF1dG87ZmxleC1kaXJlY3Rpb246cm93O2ZsZXgtd3JhcDpub3dyYXB9LmJ1dHRvbl9fdGV4dHtmb250LXdlaWdodDo0MDA7bGluZS1oZWlnaHQ6bm9ybWFsO3BhZGRpbmc6MCAwIDFweH0uYnV0dG9uX19pY29ue2Rpc3BsYXk6ZmxleDtqdXN0aWZ5LWNvbnRlbnQ6Y2VudGVyO2FsaWduLWNvbnRlbnQ6Y2VudGVyO2FsaWduLWl0ZW1zOmNlbnRlcjtwYWRkaW5nLXJpZ2h0OjEwcHh9LmJ1dHRvbl93aWR0aF9hdmFpbGFibGV7ZGlzcGxheTpmbGV4O3dpZHRoOjEwMCV9LmJ1dHRvbl90eXBlX2xpbmt7dGV4dC1kZWNvcmF0aW9uOm5vbmV9LmJ1dHRvbl9mb2N1c2Vke3otaW5kZXg6MX0uYnV0dG9uX2Rpc2FibGVke2N1cnNvcjpkZWZhdWx0O3BvaW50ZXItZXZlbnRzOm5vbmV9LmJ1dHRvbl9kaXNhYmxlZCAuYnV0dG9uX19pY29ue29wYWNpdHk6LjI1fS5idXR0b25fdmlld19hY3Rpb24gLmJ1dHRvbl9fdGV4dCwuYnV0dG9uX3ZpZXdfZXh0cmEgLmJ1dHRvbl9fdGV4dCwuYnV0dG9uX3ZpZXdfcm91bmRlZCAuYnV0dG9uX190ZXh0e2ZvbnQtd2VpZ2h0OjUwMH0uYnV0dG9uPjpsYXN0LWNoaWxke3BhZGRpbmctcmlnaHQ6MH0uYnV0dG9uX3NpemVfc3toZWlnaHQ6MzBweDtwYWRkaW5nOjAgMTVweDtmb250LXNpemU6MTNweH0uYnV0dG9uX3NpemVfcyAuYnV0dG9uX19pY29ue21hcmdpbi1sZWZ0Oi00cHh9LmJ1dHRvbl9zaXplX217aGVpZ2h0OjQwcHg7cGFkZGluZzowIDIwcHg7Zm9udC1zaXplOjE2cHh9LmJ1dHRvbl9zaXplX20gLmJ1dHRvbl9faWNvbnttYXJnaW4tbGVmdDotOHB4fS5idXR0b25fc2l6ZV9se2hlaWdodDo1MHB4O3BhZGRpbmc6MCAyNXB4O2ZvbnQtc2l6ZToxOHB4fS5idXR0b25fc2l6ZV9sIC5idXR0b25fX2ljb257bWFyZ2luLWxlZnQ6LTEycHh9LmJ1dHRvbl9zaXplX3hse2hlaWdodDo2MHB4O3BhZGRpbmc6MCAzMHB4O2ZvbnQtc2l6ZToyMnB4fS5idXR0b25fc2l6ZV94bCAuYnV0dG9uX19pY29ue21hcmdpbi1sZWZ0Oi0xNnB4fS5idXR0b25fdmlld19yb3VuZGVkLmJ1dHRvbl9zaXplX3N7aGVpZ2h0OjMzcHg7cGFkZGluZzowIDIyLjVweDtib3JkZXItcmFkaXVzOjE2LjVweH0uYnV0dG9uX3ZpZXdfcm91bmRlZC5idXR0b25fc2l6ZV9te2hlaWdodDo0NHB4O3BhZGRpbmc6MCAzMHB4O2JvcmRlci1yYWRpdXM6MjJweH0uYnV0dG9uX3ZpZXdfcm91bmRlZC5idXR0b25fc2l6ZV9se2hlaWdodDo1NXB4O3BhZGRpbmc6MCAzNy41cHg7Ym9yZGVyLXJhZGl1czoyNy41cHh9LmJ1dHRvbl92aWV3X3JvdW5kZWQuYnV0dG9uX3NpemVfeGx7aGVpZ2h0OjY2cHg7cGFkZGluZzowIDQ1cHg7Ym9yZGVyLXJhZGl1czozM3B4fS5idXR0b25fdGhlbWVfYWxmYS1vbi1jb2xvcntjb2xvcjojZmZmO2JhY2tncm91bmQ6dHJhbnNwYXJlbnQ7Ym9yZGVyOjFweCBzb2xpZCBoc2xhKDAsMCUsMTAwJSwuNCl9LmJ1dHRvbl90aGVtZV9hbGZhLW9uLWNvbG9yLmJ1dHRvbl9ob3ZlcmVke2JvcmRlci1jb2xvcjpoc2xhKDAsMCUsMTAwJSwuOSl9LmJ1dHRvbl90aGVtZV9hbGZhLW9uLWNvbG9yLmJ1dHRvbl9mb2N1c2VkLC5idXR0b25fdGhlbWVfYWxmYS1vbi1jb2xvci5idXR0b25fZm9jdXNlZC5idXR0b25faG92ZXJlZHtib3JkZXItY29sb3I6aHNsYSgwLDAlLDEwMCUsLjkpO2JveC1zaGFkb3c6aW5zZXQgMCAwIDAgMXB4ICNmZmZ9LmJ1dHRvbl90aGVtZV9hbGZhLW9uLWNvbG9yLmJ1dHRvbl9wcmVzc2VkLC5idXR0b25fdGhlbWVfYWxmYS1vbi1jb2xvcjphY3RpdmV7YmFja2dyb3VuZDpyZ2JhKDAsMCwwLC4xKTtib3JkZXItY29sb3I6aHNsYSgwLDAlLDEwMCUsLjkpfS5idXR0b25fdGhlbWVfYWxmYS1vbi1jb2xvci5idXR0b25fY2hlY2tlZCwuYnV0dG9uX3RoZW1lX2FsZmEtb24tY29sb3IuYnV0dG9uX3ZpZXdfYWN0aW9ue2NvbG9yOiNmZmY7YmFja2dyb3VuZDpoc2xhKDAsMCUsMTAwJSwuMik7Ym9yZGVyLWNvbG9yOmhzbGEoMCwwJSwxMDAlLC41KX0uYnV0dG9uX3RoZW1lX2FsZmEtb24tY29sb3IuYnV0dG9uX2NoZWNrZWQuYnV0dG9uX2hvdmVyZWQsLmJ1dHRvbl90aGVtZV9hbGZhLW9uLWNvbG9yLmJ1dHRvbl92aWV3X2FjdGlvbi5idXR0b25faG92ZXJlZHtiYWNrZ3JvdW5kOmhzbGEoMCwwJSwxMDAlLC4zKX0uYnV0dG9uX3RoZW1lX2FsZmEtb24tY29sb3IuYnV0dG9uX2NoZWNrZWQuYnV0dG9uX3ByZXNzZWQsLmJ1dHRvbl90aGVtZV9hbGZhLW9uLWNvbG9yLmJ1dHRvbl9jaGVja2VkOmFjdGl2ZSwuYnV0dG9uX3RoZW1lX2FsZmEtb24tY29sb3IuYnV0dG9uX3ZpZXdfYWN0aW9uLmJ1dHRvbl9wcmVzc2VkLC5idXR0b25fdGhlbWVfYWxmYS1vbi1jb2xvci5idXR0b25fdmlld19hY3Rpb246YWN0aXZle2JhY2tncm91bmQ6aHNsYSgwLDAlLDEwMCUsLjE1KX0uYnV0dG9uX3RoZW1lX2FsZmEtb24tY29sb3IuYnV0dG9uX2NoZWNrZWQuYnV0dG9uX2ZvY3VzZWQsLmJ1dHRvbl90aGVtZV9hbGZhLW9uLWNvbG9yLmJ1dHRvbl92aWV3X2FjdGlvbi5idXR0b25fZm9jdXNlZHtib3JkZXItY29sb3I6aHNsYSgwLDAlLDEwMCUsLjkpfS5idXR0b25fdGhlbWVfYWxmYS1vbi1jb2xvci5idXR0b25fdmlld19leHRyYSwuYnV0dG9uX3RoZW1lX2FsZmEtb24tY29sb3IuYnV0dG9uX3ZpZXdfcm91bmRlZHtiYWNrZ3JvdW5kOnJnYmEoMjQwLDUwLDM4LC44NSk7Ym9yZGVyLWNvbG9yOnJnYmEoMjQwLDUwLDM4LC44NSk7Y29sb3I6I2ZmZn0uYnV0dG9uX3RoZW1lX2FsZmEtb24tY29sb3IuYnV0dG9uX3ZpZXdfZXh0cmEuYnV0dG9uX2hvdmVyZWQsLmJ1dHRvbl90aGVtZV9hbGZhLW9uLWNvbG9yLmJ1dHRvbl92aWV3X3JvdW5kZWQuYnV0dG9uX2hvdmVyZWR7YmFja2dyb3VuZDojZjAzMjI2O2JvcmRlci1jb2xvcjojZjAzMjI2fS5idXR0b25fdGhlbWVfYWxmYS1vbi1jb2xvci5idXR0b25fdmlld19leHRyYS5idXR0b25fZm9jdXNlZCwuYnV0dG9uX3RoZW1lX2FsZmEtb24tY29sb3IuYnV0dG9uX3ZpZXdfcm91bmRlZC5idXR0b25fZm9jdXNlZHtib3JkZXItY29sb3I6I2ZmZn0uYnV0dG9uX3RoZW1lX2FsZmEtb24tY29sb3IuYnV0dG9uX3ZpZXdfZXh0cmEuYnV0dG9uX3ByZXNzZWQsLmJ1dHRvbl90aGVtZV9hbGZhLW9uLWNvbG9yLmJ1dHRvbl92aWV3X2V4dHJhOmFjdGl2ZSwuYnV0dG9uX3RoZW1lX2FsZmEtb24tY29sb3IuYnV0dG9uX3ZpZXdfcm91bmRlZC5idXR0b25fcHJlc3NlZCwuYnV0dG9uX3RoZW1lX2FsZmEtb24tY29sb3IuYnV0dG9uX3ZpZXdfcm91bmRlZDphY3RpdmV7YmFja2dyb3VuZDojOWUwYzAwO2JvcmRlci1jb2xvcjojOWUwYzAwfS5idXR0b25fdGhlbWVfYWxmYS1vbi1jb2xvci5idXR0b25fcHNldWRve2JvcmRlci1zdHlsZTpkYXNoZWR9LmJ1dHRvbl90aGVtZV9hbGZhLW9uLWNvbG9yLmJ1dHRvbl9wc2V1ZG8uYnV0dG9uX2ZvY3VzZWR7Ym9yZGVyLXN0eWxlOnNvbGlkO2JvcmRlci1jb2xvcjojZmZmO2JveC1zaGFkb3c6MCAwIDAgMXB4IGhzbGEoMCwwJSwxMDAlLC45KX0uYnV0dG9uX3RoZW1lX2FsZmEtb24tY29sb3IuYnV0dG9uX3BzZXVkby5idXR0b25fZm9jdXNlZC5idXR0b25faG92ZXJlZHtib3gtc2hhZG93OjAgMCAwIDFweCBoc2xhKDAsMCUsMTAwJSwuNyk7Ym9yZGVyLWNvbG9yOmhzbGEoMCwwJSwxMDAlLC43KX0uYnV0dG9uX3RoZW1lX2FsZmEtb24tY29sb3IuYnV0dG9uX2Rpc2FibGVke2JhY2tncm91bmQ6aHNsYSgwLDAlLDEwMCUsLjA4KTtib3JkZXItY29sb3I6dHJhbnNwYXJlbnR9LmJ1dHRvbl90aGVtZV9hbGZhLW9uLWNvbG9yLmJ1dHRvbl9kaXNhYmxlZCAuYnV0dG9uX190ZXh0e2NvbG9yOmhzbGEoMCwwJSwxMDAlLC40KX0uYnV0dG9uX3RoZW1lX2FsZmEtb24td2hpdGV7Y29sb3I6cmdiYSgxMSwzMSw1MywuOTUpO2JhY2tncm91bmQ6dHJhbnNwYXJlbnQ7Ym9yZGVyOjFweCBzb2xpZCByZ2JhKDExLDMxLDUzLC40KX0uYnV0dG9uX3RoZW1lX2FsZmEtb24td2hpdGUuYnV0dG9uX2hvdmVyZWR7Ym9yZGVyLWNvbG9yOnJnYmEoMTEsMzEsNTMsLjkpfS5idXR0b25fdGhlbWVfYWxmYS1vbi13aGl0ZS5idXR0b25fZm9jdXNlZCwuYnV0dG9uX3RoZW1lX2FsZmEtb24td2hpdGUuYnV0dG9uX2ZvY3VzZWQuYnV0dG9uX2hvdmVyZWR7Ym9yZGVyLWNvbG9yOnJnYmEoMTEsMzEsNTMsLjkpO2JveC1zaGFkb3c6aW5zZXQgMCAwIDAgMXB4IHJnYmEoMTEsMzEsNTMsLjk1KX0uYnV0dG9uX3RoZW1lX2FsZmEtb24td2hpdGUuYnV0dG9uX3ByZXNzZWQsLmJ1dHRvbl90aGVtZV9hbGZhLW9uLXdoaXRlOmFjdGl2ZXtiYWNrZ3JvdW5kOnJnYmEoMTEsMzEsNTMsLjA1KTtib3JkZXItY29sb3I6cmdiYSgxMSwzMSw1MywuOSl9LmJ1dHRvbl90aGVtZV9hbGZhLW9uLXdoaXRlLmJ1dHRvbl9jaGVja2VkLC5idXR0b25fdGhlbWVfYWxmYS1vbi13aGl0ZS5idXR0b25fdmlld19hY3Rpb257Y29sb3I6cmdiYSgxMSwzMSw1MywuOTUpO2JhY2tncm91bmQ6cmdiYSgxMSwzMSw1MywuMTUpO2JvcmRlci1jb2xvcjpyZ2JhKDExLDMxLDUzLC41KX0uYnV0dG9uX3RoZW1lX2FsZmEtb24td2hpdGUuYnV0dG9uX2NoZWNrZWQuYnV0dG9uX2hvdmVyZWQsLmJ1dHRvbl90aGVtZV9hbGZhLW9uLXdoaXRlLmJ1dHRvbl92aWV3X2FjdGlvbi5idXR0b25faG92ZXJlZHtiYWNrZ3JvdW5kOnJnYmEoMTEsMzEsNTMsLjI1KX0uYnV0dG9uX3RoZW1lX2FsZmEtb24td2hpdGUuYnV0dG9uX2NoZWNrZWQuYnV0dG9uX3ByZXNzZWQsLmJ1dHRvbl90aGVtZV9hbGZhLW9uLXdoaXRlLmJ1dHRvbl9jaGVja2VkOmFjdGl2ZSwuYnV0dG9uX3RoZW1lX2FsZmEtb24td2hpdGUuYnV0dG9uX3ZpZXdfYWN0aW9uLmJ1dHRvbl9wcmVzc2VkLC5idXR0b25fdGhlbWVfYWxmYS1vbi13aGl0ZS5idXR0b25fdmlld19hY3Rpb246YWN0aXZle2JhY2tncm91bmQ6cmdiYSgxMSwzMSw1MywuMyl9LmJ1dHRvbl90aGVtZV9hbGZhLW9uLXdoaXRlLmJ1dHRvbl9jaGVja2VkLmJ1dHRvbl9mb2N1c2VkLC5idXR0b25fdGhlbWVfYWxmYS1vbi13aGl0ZS5idXR0b25fdmlld19hY3Rpb24uYnV0dG9uX2ZvY3VzZWR7Ym9yZGVyLWNvbG9yOnJnYmEoMTEsMzEsNTMsLjkpfS5idXR0b25fdGhlbWVfYWxmYS1vbi13aGl0ZS5idXR0b25fdmlld19leHRyYSwuYnV0dG9uX3RoZW1lX2FsZmEtb24td2hpdGUuYnV0dG9uX3ZpZXdfcm91bmRlZHtjb2xvcjojZmZmO2JhY2tncm91bmQ6cmdiYSgyNDAsNTAsMzgsLjg1KTtib3JkZXItY29sb3I6cmdiYSgyNDAsNTAsMzgsLjg1KX0uYnV0dG9uX3RoZW1lX2FsZmEtb24td2hpdGUuYnV0dG9uX3ZpZXdfZXh0cmEuYnV0dG9uX2hvdmVyZWQsLmJ1dHRvbl90aGVtZV9hbGZhLW9uLXdoaXRlLmJ1dHRvbl92aWV3X3JvdW5kZWQuYnV0dG9uX2hvdmVyZWR7YmFja2dyb3VuZDojZjAzMjI2O2JvcmRlci1jb2xvcjojZjAzMjI2fS5idXR0b25fdGhlbWVfYWxmYS1vbi13aGl0ZS5idXR0b25fdmlld19leHRyYS5idXR0b25fZm9jdXNlZCwuYnV0dG9uX3RoZW1lX2FsZmEtb24td2hpdGUuYnV0dG9uX3ZpZXdfcm91bmRlZC5idXR0b25fZm9jdXNlZHtib3JkZXItY29sb3I6cmdiYSgxMSwzMSw1MywuOTUpfS5idXR0b25fdGhlbWVfYWxmYS1vbi13aGl0ZS5idXR0b25fdmlld19leHRyYS5idXR0b25fcHJlc3NlZCwuYnV0dG9uX3RoZW1lX2FsZmEtb24td2hpdGUuYnV0dG9uX3ZpZXdfZXh0cmE6YWN0aXZlLC5idXR0b25fdGhlbWVfYWxmYS1vbi13aGl0ZS5idXR0b25fdmlld19yb3VuZGVkLmJ1dHRvbl9wcmVzc2VkLC5idXR0b25fdGhlbWVfYWxmYS1vbi13aGl0ZS5idXR0b25fdmlld19yb3VuZGVkOmFjdGl2ZXtiYWNrZ3JvdW5kOiM5ZTBjMDA7Ym9yZGVyLWNvbG9yOiM5ZTBjMDB9LmJ1dHRvbl90aGVtZV9hbGZhLW9uLXdoaXRlLmJ1dHRvbl92aWV3X2V4dHJhLmJ1dHRvbl9kaXNhYmxlZCwuYnV0dG9uX3RoZW1lX2FsZmEtb24td2hpdGUuYnV0dG9uX3ZpZXdfcm91bmRlZC5idXR0b25fZGlzYWJsZWR7Ym9yZGVyLWNvbG9yOnRyYW5zcGFyZW50O2JhY2tncm91bmQ6cmdiYSgyNDAsNTAsMzgsLjI1KX0uYnV0dG9uX3RoZW1lX2FsZmEtb24td2hpdGUuYnV0dG9uX3ZpZXdfZXh0cmEuYnV0dG9uX2Rpc2FibGVkIC5idXR0b25fX3RleHQsLmJ1dHRvbl90aGVtZV9hbGZhLW9uLXdoaXRlLmJ1dHRvbl92aWV3X3JvdW5kZWQuYnV0dG9uX2Rpc2FibGVkIC5idXR0b25fX3RleHR7Y29sb3I6I2ZmZn0uYnV0dG9uX3RoZW1lX2FsZmEtb24td2hpdGUuYnV0dG9uX3BzZXVkb3tib3JkZXItc3R5bGU6ZGFzaGVkfS5idXR0b25fdGhlbWVfYWxmYS1vbi13aGl0ZS5idXR0b25fcHNldWRvLmJ1dHRvbl9mb2N1c2Vke2JvcmRlci1jb2xvcjpyZ2JhKDExLDMxLDUzLC45NSk7Ym9yZGVyLXN0eWxlOnNvbGlkO2JveC1zaGFkb3c6MCAwIDAgMXB4IHJnYmEoMCwwLDAsLjkpfS5idXR0b25fdGhlbWVfYWxmYS1vbi13aGl0ZS5idXR0b25fcHNldWRvLmJ1dHRvbl9mb2N1c2VkLmJ1dHRvbl9ob3ZlcmVke2JvcmRlci1jb2xvcjpyZ2JhKDAsMCwwLC43KTtib3gtc2hhZG93OjAgMCAwIDFweCByZ2JhKDAsMCwwLC43KX0uYnV0dG9uX3RoZW1lX2FsZmEtb24td2hpdGUuYnV0dG9uX2Rpc2FibGVke2JvcmRlci1jb2xvcjp0cmFuc3BhcmVudDtiYWNrZ3JvdW5kOnJnYmEoMTEsMzEsNTMsLjA4KX0uYnV0dG9uX3RoZW1lX2FsZmEtb24td2hpdGUuYnV0dG9uX2Rpc2FibGVkIC5idXR0b25fX3RleHR7Y29sb3I6cmdiYSgxMSwzMSw1MywuMyl9Lmljb25fc2l6ZV9sLmljb25fbmFtZV9jbG9zZS5pY29uX3RoZW1lX2FsZmEtb24td2hpdGV7YmFja2dyb3VuZC1pbWFnZTp1cmwoL3N0YXRpYy9tZWRpYS9pY29uX2Nsb3NlX2xfYmxhY2suOWZkZmEyNGYuc3ZnKX0uaWNvbl9zaXplX2wuaWNvbl9uYW1lX2Nsb3NlLmljb25fdGhlbWVfYWxmYS1vbi1jb2xvcntiYWNrZ3JvdW5kLWltYWdlOnVybCgvc3RhdGljL21lZGlhL2ljb25fY2xvc2VfbF93aGl0ZS5lODEzMDRlMS5zdmcpfS5pY29uX3NpemVfbS5pY29uX25hbWVfY2xvc2UuaWNvbl90aGVtZV9hbGZhLW9uLXdoaXRle2JhY2tncm91bmQtaW1hZ2U6dXJsKC9zdGF0aWMvbWVkaWEvaWNvbl9jbG9zZV9tX2JsYWNrLjg4YjkxODBhLnN2Zyl9Lmljb25fc2l6ZV9tLmljb25fbmFtZV9jbG9zZS5pY29uX3RoZW1lX2FsZmEtb24tY29sb3J7YmFja2dyb3VuZC1pbWFnZTp1cmwoL3N0YXRpYy9tZWRpYS9pY29uX2Nsb3NlX21fd2hpdGUuNWQyYzI3NTYuc3ZnKX0uaWNvbl9zaXplX3MuaWNvbl9uYW1lX2Nsb3NlLmljb25fdGhlbWVfYWxmYS1vbi13aGl0ZXtiYWNrZ3JvdW5kLWltYWdlOnVybCgvc3RhdGljL21lZGlhL2ljb25fY2xvc2Vfc19ibGFjay5hZjY2NzZiMi5zdmcpfS5pY29uX3NpemVfcy5pY29uX25hbWVfY2xvc2UuaWNvbl90aGVtZV9hbGZhLW9uLWNvbG9ye2JhY2tncm91bmQtaW1hZ2U6dXJsKC9zdGF0aWMvbWVkaWEvaWNvbl9jbG9zZV9zX3doaXRlLmNkMDZmOGZiLnN2Zyl9Lmljb25fc2l6ZV94bC5pY29uX25hbWVfY2xvc2UuaWNvbl90aGVtZV9hbGZhLW9uLXdoaXRle2JhY2tncm91bmQtaW1hZ2U6dXJsKC9zdGF0aWMvbWVkaWEvaWNvbl9jbG9zZV94bF9ibGFjay4yMTdjZmJiYy5zdmcpfS5pY29uX3NpemVfeGwuaWNvbl9uYW1lX2Nsb3NlLmljb25fdGhlbWVfYWxmYS1vbi1jb2xvcntiYWNrZ3JvdW5kLWltYWdlOnVybCgvc3RhdGljL21lZGlhL2ljb25fY2xvc2VfeGxfd2hpdGUuMGY5MGM4ZTguc3ZnKX0uaWNvbl9zaXplX3hzLmljb25fbmFtZV9jbG9zZS5pY29uX3RoZW1lX2FsZmEtb24td2hpdGV7YmFja2dyb3VuZC1pbWFnZTp1cmwoL3N0YXRpYy9tZWRpYS9pY29uX2Nsb3NlX3hzX2JsYWNrLmY1YmM4NjJlLnN2Zyl9Lmljb25fc2l6ZV94cy5pY29uX25hbWVfY2xvc2UuaWNvbl90aGVtZV9hbGZhLW9uLWNvbG9ye2JhY2tncm91bmQtaW1hZ2U6dXJsKC9zdGF0aWMvbWVkaWEvaWNvbl9jbG9zZV94c193aGl0ZS5iY2E2MDRhOS5zdmcpfS5pY29uLWJ1dHRvbntvcGFjaXR5Oi45O292ZXJmbG93OmhpZGRlbjtkaXNwbGF5OmlubGluZS1mbGV4O2FsaWduLWl0ZW1zOmNlbnRlcjtqdXN0aWZ5LWNvbnRlbnQ6Y2VudGVyO21hcmdpbjowO3BhZGRpbmc6MDtjdXJzb3I6cG9pbnRlcjtvdXRsaW5lOm5vbmU7LXdlYmtpdC11c2VyLXNlbGVjdDpub25lOy1tb3otdXNlci1zZWxlY3Q6bm9uZTstbXMtdXNlci1zZWxlY3Q6bm9uZTt1c2VyLXNlbGVjdDpub25lO2JhY2tncm91bmQtY29sb3I6dHJhbnNwYXJlbnQ7YmFja2dyb3VuZC1wb3NpdGlvbjo1MCU7YmFja2dyb3VuZC1yZXBlYXQ6bm8tcmVwZWF0O2JvcmRlcjpub25lO2JvcmRlci1yYWRpdXM6bm9uZTtib3gtc2hhZG93Om5vbmU7LXdlYmtpdC10cmFuc2l0aW9uLWR1cmF0aW9uOi4yNXM7dHJhbnNpdGlvbi1kdXJhdGlvbjouMjVzOy13ZWJraXQtdHJhbnNpdGlvbi1wcm9wZXJ0eTpiYWNrZ3JvdW5kLG9wYWNpdHk7dHJhbnNpdGlvbi1wcm9wZXJ0eTpiYWNrZ3JvdW5kLG9wYWNpdHk7LXdlYmtpdC10cmFuc2l0aW9uLXRpbWluZy1mdW5jdGlvbjplYXNlO3RyYW5zaXRpb24tdGltaW5nLWZ1bmN0aW9uOmVhc2V9Lmljb24tYnV0dG9uLC5pY29uLWJ1dHRvbiAqLC5pY29uLWJ1dHRvbiA6YWZ0ZXIsLmljb24tYnV0dG9uIDpiZWZvcmV7Ym94LXNpemluZzpib3JkZXItYm94fS5pY29uLWJ1dHRvbl9mb2N1c2VkLC5pY29uLWJ1dHRvbl9ob3ZlcmVke29wYWNpdHk6MX0uaWNvbi1idXR0b25fZGlzYWJsZWR7b3BhY2l0eTouMjU7Y3Vyc29yOmRlZmF1bHR9Lmljb24tYnV0dG9uX3NpemVfc3t3aWR0aDozMHB4O2hlaWdodDozMHB4fS5pY29uLWJ1dHRvbl9zaXplX217d2lkdGg6MzRweDtoZWlnaHQ6NDBweH0uaWNvbi1idXR0b25fc2l6ZV9se3dpZHRoOjQ0cHg7aGVpZ2h0OjUwcHh9Lmljb24tYnV0dG9uX3NpemVfeGx7d2lkdGg6NTJweDtoZWlnaHQ6NjBweH0uaW5wdXRfdGhlbWVfYWxmYS1vbi1jb2xvciAuaW5wdXRfX2JveHtib3JkZXItYm90dG9tOjFweCBzb2xpZCBoc2xhKDAsMCUsMTAwJSwuNCl9LmlucHV0X3RoZW1lX2FsZmEtb24tY29sb3IgLmlucHV0X19jb250cm9se2NvbG9yOiNmZmZ9LmlucHV0X3RoZW1lX2FsZmEtb24tY29sb3IgLmlucHV0X19jb250cm9sOjotd2Via2l0LWlucHV0LXBsYWNlaG9sZGVye2NvbG9yOmhzbGEoMCwwJSwxMDAlLC43KX0uaW5wdXRfdGhlbWVfYWxmYS1vbi1jb2xvciAuaW5wdXRfX2NvbnRyb2w6LW1zLWlucHV0LXBsYWNlaG9sZGVye2NvbG9yOmhzbGEoMCwwJSwxMDAlLC43KX0uaW5wdXRfdGhlbWVfYWxmYS1vbi1jb2xvciAuaW5wdXRfX2NvbnRyb2w6Oi1tcy1pbnB1dC1wbGFjZWhvbGRlcntjb2xvcjpoc2xhKDAsMCUsMTAwJSwuNyl9LmlucHV0X3RoZW1lX2FsZmEtb24tY29sb3IgLmlucHV0X19jb250cm9sOjotbW96LXBsYWNlaG9sZGVye2NvbG9yOmhzbGEoMCwwJSwxMDAlLC43KX0uaW5wdXRfdGhlbWVfYWxmYS1vbi1jb2xvciAuaW5wdXRfX2NvbnRyb2w6OnBsYWNlaG9sZGVye2NvbG9yOmhzbGEoMCwwJSwxMDAlLC43KX0uaW5wdXRfdGhlbWVfYWxmYS1vbi1jb2xvciAuaW5wdXRfX2NvbnRyb2w6LXdlYmtpdC1hdXRvZmlsbCwuaW5wdXRfdGhlbWVfYWxmYS1vbi1jb2xvciAuaW5wdXRfX2NvbnRyb2w6LXdlYmtpdC1hdXRvZmlsbDphY3RpdmUsLmlucHV0X3RoZW1lX2FsZmEtb24tY29sb3IgLmlucHV0X19jb250cm9sOi13ZWJraXQtYXV0b2ZpbGw6Zm9jdXMsLmlucHV0X3RoZW1lX2FsZmEtb24tY29sb3IgLmlucHV0X19jb250cm9sOi13ZWJraXQtYXV0b2ZpbGw6aG92ZXJ7LXdlYmtpdC10ZXh0LWZpbGwtY29sb3I6I2ZmZjtjYXJldC1jb2xvcjojZmZmfS5pbnB1dF90aGVtZV9hbGZhLW9uLWNvbG9yIC5pbnB1dF9fc3ViLC5pbnB1dF90aGVtZV9hbGZhLW9uLWNvbG9yIC5pbnB1dF9fdG9we2NvbG9yOmhzbGEoMCwwJSwxMDAlLC43KX0uaW5wdXRfdGhlbWVfYWxmYS1vbi1jb2xvci5pbnB1dF9oYXMtbGFiZWwgLmlucHV0X19jb250cm9sOjotd2Via2l0LWlucHV0LXBsYWNlaG9sZGVye2NvbG9yOnRyYW5zcGFyZW50fS5pbnB1dF90aGVtZV9hbGZhLW9uLWNvbG9yLmlucHV0X2hhcy1sYWJlbCAuaW5wdXRfX2NvbnRyb2w6LW1zLWlucHV0LXBsYWNlaG9sZGVye2NvbG9yOnRyYW5zcGFyZW50fS5pbnB1dF90aGVtZV9hbGZhLW9uLWNvbG9yLmlucHV0X2hhcy1sYWJlbCAuaW5wdXRfX2NvbnRyb2w6Oi1tcy1pbnB1dC1wbGFjZWhvbGRlcntjb2xvcjp0cmFuc3BhcmVudH0uaW5wdXRfdGhlbWVfYWxmYS1vbi1jb2xvci5pbnB1dF9oYXMtbGFiZWwgLmlucHV0X19jb250cm9sOjotbW96LXBsYWNlaG9sZGVye2NvbG9yOnRyYW5zcGFyZW50fS5pbnB1dF90aGVtZV9hbGZhLW9uLWNvbG9yLmlucHV0X2hhcy1sYWJlbCAuaW5wdXRfX2NvbnRyb2w6OnBsYWNlaG9sZGVye2NvbG9yOnRyYW5zcGFyZW50fS5pbnB1dF90aGVtZV9hbGZhLW9uLWNvbG9yLmlucHV0X2hhcy1sYWJlbC5pbnB1dF9mb2N1c2VkIC5pbnB1dF9fY29udHJvbDo6LXdlYmtpdC1pbnB1dC1wbGFjZWhvbGRlcntjb2xvcjpoc2xhKDAsMCUsMTAwJSwuNyl9LmlucHV0X3RoZW1lX2FsZmEtb24tY29sb3IuaW5wdXRfaGFzLWxhYmVsLmlucHV0X2ZvY3VzZWQgLmlucHV0X19jb250cm9sOi1tcy1pbnB1dC1wbGFjZWhvbGRlcntjb2xvcjpoc2xhKDAsMCUsMTAwJSwuNyl9LmlucHV0X3RoZW1lX2FsZmEtb24tY29sb3IuaW5wdXRfaGFzLWxhYmVsLmlucHV0X2ZvY3VzZWQgLmlucHV0X19jb250cm9sOjotbXMtaW5wdXQtcGxhY2Vob2xkZXJ7Y29sb3I6aHNsYSgwLDAlLDEwMCUsLjcpfS5pbnB1dF90aGVtZV9hbGZhLW9uLWNvbG9yLmlucHV0X2hhcy1sYWJlbC5pbnB1dF9mb2N1c2VkIC5pbnB1dF9fY29udHJvbDo6LW1vei1wbGFjZWhvbGRlcntjb2xvcjpoc2xhKDAsMCUsMTAwJSwuNyl9LmlucHV0X3RoZW1lX2FsZmEtb24tY29sb3IuaW5wdXRfaGFzLWxhYmVsLmlucHV0X2ZvY3VzZWQgLmlucHV0X19jb250cm9sOjpwbGFjZWhvbGRlcntjb2xvcjpoc2xhKDAsMCUsMTAwJSwuNyl9LmlucHV0X3RoZW1lX2FsZmEtb24tY29sb3IuaW5wdXRfaGFzLWljb24gLmlucHV0X19pY29ue2NvbG9yOiNmZmY7b3BhY2l0eTouNn0uaW5wdXRfdGhlbWVfYWxmYS1vbi1jb2xvci5pbnB1dF9mb2N1c2VkIC5pbnB1dF9fYm94e2JvcmRlci1ib3R0b20tY29sb3I6aHNsYSgwLDAlLDEwMCUsLjkpO2JveC1zaGFkb3c6aW5zZXQgMCAtMXB4IDAgaHNsYSgwLDAlLDEwMCUsLjkpfS5pbnB1dF90aGVtZV9hbGZhLW9uLWNvbG9yLmlucHV0X2Rpc2FibGVkIC5pbnB1dF9fYm94e2JvcmRlci1ib3R0b20tY29sb3I6aHNsYSgwLDAlLDEwMCUsLjIpO2JvcmRlci1ib3R0b20tc3R5bGU6ZGFzaGVkO2JveC1zaGFkb3c6bm9uZX0uaW5wdXRfdGhlbWVfYWxmYS1vbi1jb2xvci5pbnB1dF9kaXNhYmxlZCwuaW5wdXRfdGhlbWVfYWxmYS1vbi1jb2xvci5pbnB1dF9kaXNhYmxlZCAuaW5wdXRfX2NvbnRyb2x7Y29sb3I6aHNsYSgwLDAlLDEwMCUsLjQpfS5pbnB1dF90aGVtZV9hbGZhLW9uLWNvbG9yLmlucHV0X2Rpc2FibGVkIC5pbnB1dF9fY29udHJvbDotd2Via2l0LWF1dG9maWxsLC5pbnB1dF90aGVtZV9hbGZhLW9uLWNvbG9yLmlucHV0X2Rpc2FibGVkIC5pbnB1dF9fY29udHJvbDotd2Via2l0LWF1dG9maWxsOmFjdGl2ZSwuaW5wdXRfdGhlbWVfYWxmYS1vbi1jb2xvci5pbnB1dF9kaXNhYmxlZCAuaW5wdXRfX2NvbnRyb2w6LXdlYmtpdC1hdXRvZmlsbDpmb2N1cywuaW5wdXRfdGhlbWVfYWxmYS1vbi1jb2xvci5pbnB1dF9kaXNhYmxlZCAuaW5wdXRfX2NvbnRyb2w6LXdlYmtpdC1hdXRvZmlsbDpob3ZlciwuaW5wdXRfdGhlbWVfYWxmYS1vbi1jb2xvci5pbnB1dF9kaXNhYmxlZDotd2Via2l0LWF1dG9maWxsLC5pbnB1dF90aGVtZV9hbGZhLW9uLWNvbG9yLmlucHV0X2Rpc2FibGVkOi13ZWJraXQtYXV0b2ZpbGw6YWN0aXZlLC5pbnB1dF90aGVtZV9hbGZhLW9uLWNvbG9yLmlucHV0X2Rpc2FibGVkOi13ZWJraXQtYXV0b2ZpbGw6Zm9jdXMsLmlucHV0X3RoZW1lX2FsZmEtb24tY29sb3IuaW5wdXRfZGlzYWJsZWQ6LXdlYmtpdC1hdXRvZmlsbDpob3Zlcnstd2Via2l0LXRleHQtZmlsbC1jb2xvcjpoc2xhKDAsMCUsMTAwJSwuNCl9LmlucHV0X3RoZW1lX2FsZmEtb24tY29sb3IuaW5wdXRfZGlzYWJsZWQgLmlucHV0X19jb250cm9sOjotd2Via2l0LWlucHV0LXBsYWNlaG9sZGVye2NvbG9yOmhzbGEoMCwwJSwxMDAlLC40KX0uaW5wdXRfdGhlbWVfYWxmYS1vbi1jb2xvci5pbnB1dF9kaXNhYmxlZCAuaW5wdXRfX2NvbnRyb2w6LW1zLWlucHV0LXBsYWNlaG9sZGVye2NvbG9yOmhzbGEoMCwwJSwxMDAlLC40KX0uaW5wdXRfdGhlbWVfYWxmYS1vbi1jb2xvci5pbnB1dF9kaXNhYmxlZCAuaW5wdXRfX2NvbnRyb2w6Oi1tcy1pbnB1dC1wbGFjZWhvbGRlcntjb2xvcjpoc2xhKDAsMCUsMTAwJSwuNCl9LmlucHV0X3RoZW1lX2FsZmEtb24tY29sb3IuaW5wdXRfZGlzYWJsZWQgLmlucHV0X19jb250cm9sOjotbW96LXBsYWNlaG9sZGVye2NvbG9yOmhzbGEoMCwwJSwxMDAlLC40KX0uaW5wdXRfdGhlbWVfYWxmYS1vbi1jb2xvci5pbnB1dF9kaXNhYmxlZCAuaW5wdXRfX2NvbnRyb2w6OnBsYWNlaG9sZGVye2NvbG9yOmhzbGEoMCwwJSwxMDAlLC40KX0uaW5wdXRfdGhlbWVfYWxmYS1vbi1jb2xvci5pbnB1dF9kaXNhYmxlZCAuaW5wdXRfX2ljb257b3BhY2l0eTouMjV9LmlucHV0X3RoZW1lX2FsZmEtb24tY29sb3IuaW5wdXRfaW52YWxpZCAuaW5wdXRfX3N1Yntjb2xvcjojZmY1YzVjfS5pbnB1dF90aGVtZV9hbGZhLW9uLWNvbG9yLmlucHV0X2ludmFsaWQgLmlucHV0X19ib3h7Ym9yZGVyLWJvdHRvbS1jb2xvcjpyZ2JhKDI1NSw5Miw5MiwuODUpfS5pbnB1dF90aGVtZV9hbGZhLW9uLWNvbG9yLmlucHV0X2ludmFsaWQuaW5wdXRfZm9jdXNlZCAuaW5wdXRfX2JveHtib3JkZXItYm90dG9tLWNvbG9yOnJnYmEoMjU1LDkyLDkyLC44NSk7Ym94LXNoYWRvdzppbnNldCAwIC0xcHggMCByZ2JhKDI1NSw5Miw5MiwuODUpfS5pbnB1dF90aGVtZV9hbGZhLW9uLXdoaXRlIC5pbnB1dF9fYm94e2JvcmRlci1ib3R0b206MXB4IHNvbGlkIHJnYmEoMTEsMzEsNTMsLjQpfS5pbnB1dF90aGVtZV9hbGZhLW9uLXdoaXRlIC5pbnB1dF9fY29udHJvbHtjb2xvcjpyZ2JhKDExLDMxLDUzLC45NSl9LmlucHV0X3RoZW1lX2FsZmEtb24td2hpdGUgLmlucHV0X19jb250cm9sOjotd2Via2l0LWlucHV0LXBsYWNlaG9sZGVye2NvbG9yOnJnYmEoMTEsMzEsNTMsLjYpfS5pbnB1dF90aGVtZV9hbGZhLW9uLXdoaXRlIC5pbnB1dF9fY29udHJvbDotbXMtaW5wdXQtcGxhY2Vob2xkZXJ7Y29sb3I6cmdiYSgxMSwzMSw1MywuNil9LmlucHV0X3RoZW1lX2FsZmEtb24td2hpdGUgLmlucHV0X19jb250cm9sOjotbXMtaW5wdXQtcGxhY2Vob2xkZXJ7Y29sb3I6cmdiYSgxMSwzMSw1MywuNil9LmlucHV0X3RoZW1lX2FsZmEtb24td2hpdGUgLmlucHV0X19jb250cm9sOjotbW96LXBsYWNlaG9sZGVye2NvbG9yOnJnYmEoMTEsMzEsNTMsLjYpfS5pbnB1dF90aGVtZV9hbGZhLW9uLXdoaXRlIC5pbnB1dF9fY29udHJvbDo6cGxhY2Vob2xkZXJ7Y29sb3I6cmdiYSgxMSwzMSw1MywuNil9LmlucHV0X3RoZW1lX2FsZmEtb24td2hpdGUgLmlucHV0X19jb250cm9sOi13ZWJraXQtYXV0b2ZpbGwsLmlucHV0X3RoZW1lX2FsZmEtb24td2hpdGUgLmlucHV0X19jb250cm9sOi13ZWJraXQtYXV0b2ZpbGw6YWN0aXZlLC5pbnB1dF90aGVtZV9hbGZhLW9uLXdoaXRlIC5pbnB1dF9fY29udHJvbDotd2Via2l0LWF1dG9maWxsOmZvY3VzLC5pbnB1dF90aGVtZV9hbGZhLW9uLXdoaXRlIC5pbnB1dF9fY29udHJvbDotd2Via2l0LWF1dG9maWxsOmhvdmVyey13ZWJraXQtdGV4dC1maWxsLWNvbG9yOnJnYmEoMTEsMzEsNTMsLjk1KTtjYXJldC1jb2xvcjpyZ2JhKDExLDMxLDUzLC45NSl9LmlucHV0X3RoZW1lX2FsZmEtb24td2hpdGUgLmlucHV0X19zdWIsLmlucHV0X3RoZW1lX2FsZmEtb24td2hpdGUgLmlucHV0X190b3B7Y29sb3I6cmdiYSgxMSwzMSw1MywuNil9LmlucHV0X3RoZW1lX2FsZmEtb24td2hpdGUuaW5wdXRfaGFzLWxhYmVsIC5pbnB1dF9fY29udHJvbDo6LXdlYmtpdC1pbnB1dC1wbGFjZWhvbGRlcntjb2xvcjp0cmFuc3BhcmVudH0uaW5wdXRfdGhlbWVfYWxmYS1vbi13aGl0ZS5pbnB1dF9oYXMtbGFiZWwgLmlucHV0X19jb250cm9sOi1tcy1pbnB1dC1wbGFjZWhvbGRlcntjb2xvcjp0cmFuc3BhcmVudH0uaW5wdXRfdGhlbWVfYWxmYS1vbi13aGl0ZS5pbnB1dF9oYXMtbGFiZWwgLmlucHV0X19jb250cm9sOjotbXMtaW5wdXQtcGxhY2Vob2xkZXJ7Y29sb3I6dHJhbnNwYXJlbnR9LmlucHV0X3RoZW1lX2FsZmEtb24td2hpdGUuaW5wdXRfaGFzLWxhYmVsIC5pbnB1dF9fY29udHJvbDo6LW1vei1wbGFjZWhvbGRlcntjb2xvcjp0cmFuc3BhcmVudH0uaW5wdXRfdGhlbWVfYWxmYS1vbi13aGl0ZS5pbnB1dF9oYXMtbGFiZWwgLmlucHV0X19jb250cm9sOjpwbGFjZWhvbGRlcntjb2xvcjp0cmFuc3BhcmVudH0uaW5wdXRfdGhlbWVfYWxmYS1vbi13aGl0ZS5pbnB1dF9oYXMtbGFiZWwuaW5wdXRfZm9jdXNlZCAuaW5wdXRfX2NvbnRyb2w6Oi13ZWJraXQtaW5wdXQtcGxhY2Vob2xkZXJ7Y29sb3I6cmdiYSgxMSwzMSw1MywuNil9LmlucHV0X3RoZW1lX2FsZmEtb24td2hpdGUuaW5wdXRfaGFzLWxhYmVsLmlucHV0X2ZvY3VzZWQgLmlucHV0X19jb250cm9sOi1tcy1pbnB1dC1wbGFjZWhvbGRlcntjb2xvcjpyZ2JhKDExLDMxLDUzLC42KX0uaW5wdXRfdGhlbWVfYWxmYS1vbi13aGl0ZS5pbnB1dF9oYXMtbGFiZWwuaW5wdXRfZm9jdXNlZCAuaW5wdXRfX2NvbnRyb2w6Oi1tcy1pbnB1dC1wbGFjZWhvbGRlcntjb2xvcjpyZ2JhKDExLDMxLDUzLC42KX0uaW5wdXRfdGhlbWVfYWxmYS1vbi13aGl0ZS5pbnB1dF9oYXMtbGFiZWwuaW5wdXRfZm9jdXNlZCAuaW5wdXRfX2NvbnRyb2w6Oi1tb3otcGxhY2Vob2xkZXJ7Y29sb3I6cmdiYSgxMSwzMSw1MywuNil9LmlucHV0X3RoZW1lX2FsZmEtb24td2hpdGUuaW5wdXRfaGFzLWxhYmVsLmlucHV0X2ZvY3VzZWQgLmlucHV0X19jb250cm9sOjpwbGFjZWhvbGRlcntjb2xvcjpyZ2JhKDExLDMxLDUzLC42KX0uaW5wdXRfdGhlbWVfYWxmYS1vbi13aGl0ZS5pbnB1dF9oYXMtaWNvbiAuaW5wdXRfX2ljb257Y29sb3I6cmdiYSgxMSwzMSw1MywuOTUpO29wYWNpdHk6LjZ9LmlucHV0X3RoZW1lX2FsZmEtb24td2hpdGUuaW5wdXRfZm9jdXNlZCAuaW5wdXRfX2JveHtib3JkZXItYm90dG9tLWNvbG9yOnJnYmEoMTEsMzEsNTMsLjkpO2JveC1zaGFkb3c6aW5zZXQgMCAtMXB4IDAgcmdiYSgxMSwzMSw1MywuOSl9LmlucHV0X3RoZW1lX2FsZmEtb24td2hpdGUuaW5wdXRfZGlzYWJsZWQgLmlucHV0X19ib3h7Ym9yZGVyLWJvdHRvbS1jb2xvcjpyZ2JhKDExLDMxLDUzLC4yKTtib3JkZXItYm90dG9tLXN0eWxlOmRhc2hlZDtib3gtc2hhZG93Om5vbmV9LmlucHV0X3RoZW1lX2FsZmEtb24td2hpdGUuaW5wdXRfZGlzYWJsZWQsLmlucHV0X3RoZW1lX2FsZmEtb24td2hpdGUuaW5wdXRfZGlzYWJsZWQgLmlucHV0X19jb250cm9se2NvbG9yOnJnYmEoMTEsMzEsNTMsLjMpfS5pbnB1dF90aGVtZV9hbGZhLW9uLXdoaXRlLmlucHV0X2Rpc2FibGVkIC5pbnB1dF9fY29udHJvbDotd2Via2l0LWF1dG9maWxsLC5pbnB1dF90aGVtZV9hbGZhLW9uLXdoaXRlLmlucHV0X2Rpc2FibGVkIC5pbnB1dF9fY29udHJvbDotd2Via2l0LWF1dG9maWxsOmFjdGl2ZSwuaW5wdXRfdGhlbWVfYWxmYS1vbi13aGl0ZS5pbnB1dF9kaXNhYmxlZCAuaW5wdXRfX2NvbnRyb2w6LXdlYmtpdC1hdXRvZmlsbDpmb2N1cywuaW5wdXRfdGhlbWVfYWxmYS1vbi13aGl0ZS5pbnB1dF9kaXNhYmxlZCAuaW5wdXRfX2NvbnRyb2w6LXdlYmtpdC1hdXRvZmlsbDpob3ZlciwuaW5wdXRfdGhlbWVfYWxmYS1vbi13aGl0ZS5pbnB1dF9kaXNhYmxlZDotd2Via2l0LWF1dG9maWxsLC5pbnB1dF90aGVtZV9hbGZhLW9uLXdoaXRlLmlucHV0X2Rpc2FibGVkOi13ZWJraXQtYXV0b2ZpbGw6YWN0aXZlLC5pbnB1dF90aGVtZV9hbGZhLW9uLXdoaXRlLmlucHV0X2Rpc2FibGVkOi13ZWJraXQtYXV0b2ZpbGw6Zm9jdXMsLmlucHV0X3RoZW1lX2FsZmEtb24td2hpdGUuaW5wdXRfZGlzYWJsZWQ6LXdlYmtpdC1hdXRvZmlsbDpob3Zlcnstd2Via2l0LXRleHQtZmlsbC1jb2xvcjpyZ2JhKDExLDMxLDUzLC4zKX0uaW5wdXRfdGhlbWVfYWxmYS1vbi13aGl0ZS5pbnB1dF9kaXNhYmxlZCAuaW5wdXRfX2NvbnRyb2w6Oi13ZWJraXQtaW5wdXQtcGxhY2Vob2xkZXJ7Y29sb3I6cmdiYSgxMSwzMSw1MywuMyl9LmlucHV0X3RoZW1lX2FsZmEtb24td2hpdGUuaW5wdXRfZGlzYWJsZWQgLmlucHV0X19jb250cm9sOi1tcy1pbnB1dC1wbGFjZWhvbGRlcntjb2xvcjpyZ2JhKDExLDMxLDUzLC4zKX0uaW5wdXRfdGhlbWVfYWxmYS1vbi13aGl0ZS5pbnB1dF9kaXNhYmxlZCAuaW5wdXRfX2NvbnRyb2w6Oi1tcy1pbnB1dC1wbGFjZWhvbGRlcntjb2xvcjpyZ2JhKDExLDMxLDUzLC4zKX0uaW5wdXRfdGhlbWVfYWxmYS1vbi13aGl0ZS5pbnB1dF9kaXNhYmxlZCAuaW5wdXRfX2NvbnRyb2w6Oi1tb3otcGxhY2Vob2xkZXJ7Y29sb3I6cmdiYSgxMSwzMSw1MywuMyl9LmlucHV0X3RoZW1lX2FsZmEtb24td2hpdGUuaW5wdXRfZGlzYWJsZWQgLmlucHV0X19jb250cm9sOjpwbGFjZWhvbGRlcntjb2xvcjpyZ2JhKDExLDMxLDUzLC4zKX0uaW5wdXRfdGhlbWVfYWxmYS1vbi13aGl0ZS5pbnB1dF9kaXNhYmxlZCAuaW5wdXRfX2ljb257b3BhY2l0eTouMjV9LmlucHV0X3RoZW1lX2FsZmEtb24td2hpdGUuaW5wdXRfaW52YWxpZCAuaW5wdXRfX3N1Yntjb2xvcjojZmY1YzVjfS5pbnB1dF90aGVtZV9hbGZhLW9uLXdoaXRlLmlucHV0X2ludmFsaWQgLmlucHV0X19ib3h7Ym9yZGVyLWJvdHRvbS1jb2xvcjpyZ2JhKDI1NSw5Miw5MiwuODUpfS5pbnB1dF90aGVtZV9hbGZhLW9uLXdoaXRlLmlucHV0X2ludmFsaWQuaW5wdXRfZm9jdXNlZCAuaW5wdXRfX2JveHtib3JkZXItYm90dG9tLWNvbG9yOnJnYmEoMjU1LDkyLDkyLC44NSk7Ym94LXNoYWRvdzppbnNldCAwIC0xcHggMCByZ2JhKDI1NSw5Miw5MiwuODUpfS5pbnB1dHtkaXNwbGF5OmlubGluZS1ibG9jaztmb250LWZhbWlseTpCbGlua01hY1N5c3RlbUZvbnQsLWFwcGxlLXN5c3RlbSxTZWdvZSBVSSxSb2JvdG8sT3h5Z2VuLFVidW50dSxDYW50YXJlbGwsT3BlbiBTYW5zLEhlbHZldGljYSBOZXVlLFJvYm90byBSb3VibGUsc2Fucy1zZXJpZjtmb250LXdlaWdodDo0MDB9LmlucHV0LC5pbnB1dCAqLC5pbnB1dCA6YWZ0ZXIsLmlucHV0IDpiZWZvcmV7Ym94LXNpemluZzpib3JkZXItYm94fS5pbnB1dF9faW5uZXJ7ZGlzcGxheTppbmxpbmUtdGFibGU7cG9zaXRpb246cmVsYXRpdmU7d2lkdGg6MTAwJX0uaW5wdXRfX2JveHtvdmVyZmxvdzpoaWRkZW47ZGlzcGxheTp0YWJsZS1jZWxsO3Bvc2l0aW9uOnJlbGF0aXZlOy13ZWJraXQtdXNlci1zZWxlY3Q6bm9uZTstbW96LXVzZXItc2VsZWN0Om5vbmU7LW1zLXVzZXItc2VsZWN0Om5vbmU7dXNlci1zZWxlY3Q6bm9uZTstd2Via2l0LXRyYW5zaXRpb24tZHVyYXRpb246LjI1czt0cmFuc2l0aW9uLWR1cmF0aW9uOi4yNXM7LXdlYmtpdC10cmFuc2l0aW9uLXByb3BlcnR5OmJvcmRlci1ib3R0b20tY29sb3Isd2lkdGgsYmFja2dyb3VuZC1jb2xvciwtd2Via2l0LWJveC1zaGFkb3c7LXdlYmtpdC10cmFuc2l0aW9uLXByb3BlcnR5OmJvcmRlci1ib3R0b20tY29sb3IsYm94LXNoYWRvdyx3aWR0aCxiYWNrZ3JvdW5kLWNvbG9yO3RyYW5zaXRpb24tcHJvcGVydHk6Ym9yZGVyLWJvdHRvbS1jb2xvcixib3gtc2hhZG93LHdpZHRoLGJhY2tncm91bmQtY29sb3I7LXdlYmtpdC10cmFuc2l0aW9uLXRpbWluZy1mdW5jdGlvbjpjdWJpYy1iZXppZXIoLjIzLDEsLjMyLDEpO3RyYW5zaXRpb24tdGltaW5nLWZ1bmN0aW9uOmN1YmljLWJlemllciguMjMsMSwuMzIsMSk7LXdlYmtpdC10b3VjaC1jYWxsb3V0Om5vbmV9LmlucHV0X190b3B7b3ZlcmZsb3c6aGlkZGVuO3Bvc2l0aW9uOmFic29sdXRlO3RvcDowO3JpZ2h0OjA7bGVmdDowO2ZvbnQtc2l6ZToxNnB4O3RleHQtb3ZlcmZsb3c6ZWxsaXBzaXM7d2hpdGUtc3BhY2U6bm93cmFwOy13ZWJraXQtdHJhbnNmb3JtOnNjYWxlKDEpIHRyYW5zbGF0ZVkoMCk7dHJhbnNmb3JtOnNjYWxlKDEpIHRyYW5zbGF0ZVkoMCk7LXdlYmtpdC10cmFuc2Zvcm0tb3JpZ2luOjAgMTAwJTt0cmFuc2Zvcm0tb3JpZ2luOjAgMTAwJTstd2Via2l0LXRyYW5zaXRpb24tZHVyYXRpb246LjJzO3RyYW5zaXRpb24tZHVyYXRpb246LjJzOy13ZWJraXQtdHJhbnNpdGlvbi1wcm9wZXJ0eTpjb2xvcixmb250LXNpemUsLXdlYmtpdC10cmFuc2Zvcm07dHJhbnNpdGlvbi1wcm9wZXJ0eTpjb2xvcixmb250LXNpemUsLXdlYmtpdC10cmFuc2Zvcm07dHJhbnNpdGlvbi1wcm9wZXJ0eTpjb2xvcix0cmFuc2Zvcm0sZm9udC1zaXplO3RyYW5zaXRpb24tcHJvcGVydHk6Y29sb3IsdHJhbnNmb3JtLGZvbnQtc2l6ZSwtd2Via2l0LXRyYW5zZm9ybTstd2Via2l0LXRyYW5zaXRpb24tdGltaW5nLWZ1bmN0aW9uOmVhc2U7dHJhbnNpdGlvbi10aW1pbmctZnVuY3Rpb246ZWFzZX0uaW5wdXRfX3N1YntkaXNwbGF5OnRhYmxlLWNhcHRpb247Y2FwdGlvbi1zaWRlOmJvdHRvbTtwYWRkaW5nLXRvcDo1cHg7cGFkZGluZy1yaWdodDoxMnB4O3doaXRlLXNwYWNlOm5vcm1hbH0uaW5wdXRfX2NvbnRyb2x7ZGlzcGxheTppbmxpbmUtYmxvY2s7cG9zaXRpb246cmVsYXRpdmU7d2lkdGg6MTAwJTttaW4taGVpZ2h0OjEwMCU7bWFyZ2luOjA7cGFkZGluZzowO291dGxpbmU6bm9uZTtmb250OmluaGVyaXQ7Zm9udC13ZWlnaHQ6NDAwO2xpbmUtaGVpZ2h0OmluaGVyaXQ7YmFja2dyb3VuZDpub25lO2JvcmRlcjpub25lO2JvcmRlci1yYWRpdXM6MDstd2Via2l0LWFwcGVhcmFuY2U6bm9uZTstd2Via2l0LXRhcC1oaWdobGlnaHQtY29sb3I6cmdiYSgwLDAsMCwwKX0uaW5wdXRfX2NvbnRyb2w6aW52YWxpZHtib3gtc2hhZG93Om5vbmV9LmlucHV0X19jb250cm9sOjotd2Via2l0LXNlYXJjaC1kZWNvcmF0aW9uey13ZWJraXQtYXBwZWFyYW5jZTpub25lfS5pbnB1dF9fY29udHJvbDo6LXdlYmtpdC1zZWFyY2gtY2FuY2VsLWJ1dHRvbntkaXNwbGF5Om5vbmV9LmlucHV0X19jb250cm9sOjotd2Via2l0LWlucHV0LXBsYWNlaG9sZGVye3RleHQtaW5kZW50OjB9LmlucHV0X19jb250cm9sOjotbW96LXBsYWNlaG9sZGVye29wYWNpdHk6MX0uaW5wdXRfX2NvbnRyb2w6Oi1tcy1jbGVhcntkaXNwbGF5Om5vbmV9LmlucHV0X19jb250cm9sOjotd2Via2l0LWlucHV0LXBsYWNlaG9sZGVyLC5pbnB1dF9fY29udHJvbFtwbGFjZWhvbGRlcl17dGV4dC1vdmVyZmxvdzplbGxpcHNpczstd2Via2l0LXRyYW5zaXRpb246b3BhY2l0eSAuMnMgZWFzZS1pbi1vdXQsY29sb3IgLjJzIGVhc2UtaW4tb3V0O3RyYW5zaXRpb246b3BhY2l0eSAuMnMgZWFzZS1pbi1vdXQsY29sb3IgLjJzIGVhc2UtaW4tb3V0fS5pbnB1dF9fY29udHJvbDotbXMtaW5wdXQtcGxhY2Vob2xkZXIsLmlucHV0X19jb250cm9sW3BsYWNlaG9sZGVyXXt0ZXh0LW92ZXJmbG93OmVsbGlwc2lzOy13ZWJraXQtdHJhbnNpdGlvbjpvcGFjaXR5IC4ycyBlYXNlLWluLW91dCxjb2xvciAuMnMgZWFzZS1pbi1vdXQ7dHJhbnNpdGlvbjpvcGFjaXR5IC4ycyBlYXNlLWluLW91dCxjb2xvciAuMnMgZWFzZS1pbi1vdXR9LmlucHV0X19jb250cm9sOjotbXMtaW5wdXQtcGxhY2Vob2xkZXIsLmlucHV0X19jb250cm9sW3BsYWNlaG9sZGVyXXt0ZXh0LW92ZXJmbG93OmVsbGlwc2lzOy13ZWJraXQtdHJhbnNpdGlvbjpvcGFjaXR5IC4ycyBlYXNlLWluLW91dCxjb2xvciAuMnMgZWFzZS1pbi1vdXQ7dHJhbnNpdGlvbjpvcGFjaXR5IC4ycyBlYXNlLWluLW91dCxjb2xvciAuMnMgZWFzZS1pbi1vdXR9LmlucHV0X19jb250cm9sOjotbW96LXBsYWNlaG9sZGVyLC5pbnB1dF9fY29udHJvbFtwbGFjZWhvbGRlcl17dGV4dC1vdmVyZmxvdzplbGxpcHNpczstd2Via2l0LXRyYW5zaXRpb246b3BhY2l0eSAuMnMgZWFzZS1pbi1vdXQsY29sb3IgLjJzIGVhc2UtaW4tb3V0O3RyYW5zaXRpb246b3BhY2l0eSAuMnMgZWFzZS1pbi1vdXQsY29sb3IgLjJzIGVhc2UtaW4tb3V0fS5pbnB1dF9fY29udHJvbDo6cGxhY2Vob2xkZXIsLmlucHV0X19jb250cm9sW3BsYWNlaG9sZGVyXXt0ZXh0LW92ZXJmbG93OmVsbGlwc2lzOy13ZWJraXQtdHJhbnNpdGlvbjpvcGFjaXR5IC4ycyBlYXNlLWluLW91dCxjb2xvciAuMnMgZWFzZS1pbi1vdXQ7dHJhbnNpdGlvbjpvcGFjaXR5IC4ycyBlYXNlLWluLW91dCxjb2xvciAuMnMgZWFzZS1pbi1vdXR9LmlucHV0X19jb250cm9sOi13ZWJraXQtYXV0b2ZpbGwsLmlucHV0X19jb250cm9sOi13ZWJraXQtYXV0b2ZpbGw6YWN0aXZlLC5pbnB1dF9fY29udHJvbDotd2Via2l0LWF1dG9maWxsOmZvY3VzLC5pbnB1dF9fY29udHJvbDotd2Via2l0LWF1dG9maWxsOmhvdmVyey13ZWJraXQtdHJhbnNpdGlvbjpiYWNrZ3JvdW5kLWNvbG9yIDk5OTk5OXMgZWFzZS1pbi1vdXQgMHM7dHJhbnNpdGlvbjpiYWNrZ3JvdW5kLWNvbG9yIDk5OTk5OXMgZWFzZS1pbi1vdXQgMHN9LmlucHV0X2hhcy1sYWJlbCAuaW5wdXRfX2NvbnRyb2w6Oi13ZWJraXQtaW5wdXQtcGxhY2Vob2xkZXJ7b3BhY2l0eTowfS5pbnB1dF9oYXMtbGFiZWwgLmlucHV0X19jb250cm9sOjotbXMtaW5wdXQtcGxhY2Vob2xkZXJ7b3BhY2l0eTowfS5pbnB1dF9oYXMtbGFiZWwgLmlucHV0X19jb250cm9sOjotbW96LXBsYWNlaG9sZGVye29wYWNpdHk6MH0uaW5wdXRfaGFzLWxhYmVsIC5pbnB1dF9fY29udHJvbDo6cGxhY2Vob2xkZXJ7b3BhY2l0eTowfS5pbnB1dF9oYXMtbGFiZWwuaW5wdXRfZm9jdXNlZCAuaW5wdXRfX2NvbnRyb2w6Oi13ZWJraXQtaW5wdXQtcGxhY2Vob2xkZXJ7b3BhY2l0eToxfS5pbnB1dF9oYXMtbGFiZWwuaW5wdXRfZm9jdXNlZCAuaW5wdXRfX2NvbnRyb2w6LW1zLWlucHV0LXBsYWNlaG9sZGVye29wYWNpdHk6MX0uaW5wdXRfaGFzLWxhYmVsLmlucHV0X2ZvY3VzZWQgLmlucHV0X19jb250cm9sOjotbXMtaW5wdXQtcGxhY2Vob2xkZXJ7b3BhY2l0eToxfS5pbnB1dF9oYXMtbGFiZWwuaW5wdXRfZm9jdXNlZCAuaW5wdXRfX2NvbnRyb2w6Oi1tb3otcGxhY2Vob2xkZXJ7b3BhY2l0eToxfS5pbnB1dF9oYXMtbGFiZWwuaW5wdXRfZm9jdXNlZCAuaW5wdXRfX2NvbnRyb2w6OnBsYWNlaG9sZGVye29wYWNpdHk6MX0uaW5wdXRfaGFzLWNsZWFyIC5pbnB1dF9fY29udHJvbHtwYWRkaW5nLXJpZ2h0OjA7dGV4dC1vdmVyZmxvdzplbGxpcHNpc30uaW5wdXRfX2NsZWFye29wYWNpdHk6LjY7cG9zaXRpb246YWJzb2x1dGU7dG9wOjA7cmlnaHQ6MDttYXJnaW46MDtwYWRkaW5nOjA7Y3Vyc29yOnBvaW50ZXI7b3V0bGluZTpub25lOy13ZWJraXQtdXNlci1zZWxlY3Q6bm9uZTstbW96LXVzZXItc2VsZWN0Om5vbmU7LW1zLXVzZXItc2VsZWN0Om5vbmU7dXNlci1zZWxlY3Q6bm9uZTtjb2xvcjppbmhlcml0O2ZvbnQ6aW5oZXJpdDtiYWNrZ3JvdW5kOm5vbmU7YmFja2dyb3VuZC1wb3NpdGlvbjo1MCU7YmFja2dyb3VuZC1yZXBlYXQ6bm8tcmVwZWF0O2JvcmRlcjpub25lOy13ZWJraXQtdHJhbnNpdGlvbjpvcGFjaXR5IC4xcyBlYXNlLW91dDt0cmFuc2l0aW9uOm9wYWNpdHkgLjFzIGVhc2Utb3V0fS5pbnB1dF9fY2xlYXI6aG92ZXJ7b3BhY2l0eToxfS5pbnB1dF9oYXMtaWNvbiAuaW5wdXRfX2ljb257ZGlzcGxheTpmbGV4O2FsaWduLWl0ZW1zOmNlbnRlcjtqdXN0aWZ5LWNvbnRlbnQ6Y2VudGVyO3Bvc2l0aW9uOmFic29sdXRlO3RvcDowO3JpZ2h0OjA7dGV4dC1hbGlnbjpjZW50ZXI7LXdlYmtpdC10cmFuc2l0aW9uOmFsbCAuMnMgZWFzZTt0cmFuc2l0aW9uOmFsbCAuMnMgZWFzZX0uaW5wdXRfaGFzLWljb24gLmlucHV0X19jb250cm9se3BhZGRpbmctcmlnaHQ6MnB4O3RleHQtb3ZlcmZsb3c6ZWxsaXBzaXN9LmlucHV0X3dpZHRoX2F2YWlsYWJsZXt3aWR0aDoxMDAlfS5pbnB1dC5pbnB1dF9oYXMtYWRkb25zIC5pbnB1dF9fYm94e2Rpc3BsYXk6ZmxleDtmbGV4LWRpcmVjdGlvbjpyb3c7ZmxleC1ncm93OjE7anVzdGlmeS1jb250ZW50OnNwYWNlLWJldHdlZW47d2lkdGg6MTAwJTtoZWlnaHQ6MTAwJX0uaW5wdXQuaW5wdXRfaGFzLWFkZG9ucyAuaW5wdXRfX2NvbnRyb2x7cGFkZGluZy1yaWdodDoxMnB4fS5pbnB1dC5pbnB1dF9oYXMtYWRkb25zIC5pbnB1dF9fYWRkb25zX2xlZnQrLmlucHV0X19jb250cm9se3BhZGRpbmctcmlnaHQ6MDtwYWRkaW5nLWxlZnQ6MTJweH0uaW5wdXQuaW5wdXRfaGFzLWFkZG9ucyAuaW5wdXRfX2NvbnRyb2w6bnRoLWNoaWxkKDIpOm50aC1sYXN0LWNoaWxkKDIpe3BhZGRpbmctcmlnaHQ6MTJweH0uaW5wdXRfX2FkZG9uc3tkaXNwbGF5OmZsZXg7ZmxleC1zaHJpbms6MDthbGlnbi1pdGVtczpjZW50ZXJ9LmlucHV0X3R5cGVfaGlkZGVue2Rpc3BsYXk6bm9uZSFpbXBvcnRhbnR9LmlucHV0X19jb250cm9sOmRpc2FibGVke29wYWNpdHk6MX0uaW5wdXRfZm9jdXNlZHt6LWluZGV4OjF9LmlucHV0X2Rpc2FibGVkIC5pbnB1dF9fY2xlYXIsLmlucHV0X2Rpc2FibGVkOmJlZm9yZXtkaXNwbGF5Om5vbmV9LmlucHV0X2Rpc2FibGVkIC5pbnB1dF9oYXMtdmFsdWU6Oi13ZWJraXQtaW5wdXQtcGxhY2Vob2xkZXJ7b3BhY2l0eTouNn0uaW5wdXRfZGlzYWJsZWQgLmlucHV0X2hhcy12YWx1ZTotbXMtaW5wdXQtcGxhY2Vob2xkZXJ7b3BhY2l0eTouNn0uaW5wdXRfZGlzYWJsZWQgLmlucHV0X2hhcy12YWx1ZTo6LW1zLWlucHV0LXBsYWNlaG9sZGVye29wYWNpdHk6LjZ9LmlucHV0X2Rpc2FibGVkIC5pbnB1dF9oYXMtdmFsdWU6Oi1tb3otcGxhY2Vob2xkZXJ7b3BhY2l0eTouNn0uaW5wdXRfZGlzYWJsZWQgLmlucHV0X2hhcy12YWx1ZTo6cGxhY2Vob2xkZXJ7b3BhY2l0eTouNn0uaW5wdXRfZGlzYWJsZWQgLmlucHV0X19ib3gsLmlucHV0X2Rpc2FibGVkIC5pbnB1dF9fY29udHJvbHtjdXJzb3I6ZGVmYXVsdH0uaW5wdXRfdHlwZV9wYXNzd29yZCAuaW5wdXRfX2NvbnRyb2x7dGV4dC1vdmVyZmxvdzpjbGlwfS5pbnB1dF9zaXplX3MuaW5wdXRfaGFzLWxhYmVse3BhZGRpbmctdG9wOjlweH0uaW5wdXRfc2l6ZV9zIC5pbnB1dF9fdG9we2xpbmUtaGVpZ2h0OjMwcHh9LmlucHV0X3NpemVfcy5pbnB1dF9mb2N1c2VkIC5pbnB1dF9fdG9wLC5pbnB1dF9zaXplX3MuaW5wdXRfaGFzLXZhbHVlIC5pbnB1dF9fdG9wey13ZWJraXQtdHJhbnNmb3JtOnNjYWxlKC45MjMwOCkgdHJhbnNsYXRlWSgtMjJweCk7dHJhbnNmb3JtOnNjYWxlKC45MjMwOCkgdHJhbnNsYXRlWSgtMjJweCk7d2lkdGg6MTA3LjY5MiV9LmlucHV0X3NpemVfcyAuaW5wdXRfX2JveCwuaW5wdXRfc2l6ZV9zIC5pbnB1dF9fdG9we2ZvbnQtc2l6ZToxM3B4fS5pbnB1dF9zaXplX3MgLmlucHV0X19ib3h7aGVpZ2h0OjMwcHh9LmlucHV0X3NpemVfcyAuaW5wdXRfX3N1Yntmb250LXNpemU6MTJweH0uaW5wdXRfc2l6ZV9zIC5pbnB1dF9fY29udHJvbHtwYWRkaW5nOjdweCAwfS5pbnB1dF9zaXplX3MuaW5wdXRfaGFzLWNsZWFyIC5pbnB1dF9fYm94LC5pbnB1dF9zaXplX3MuaW5wdXRfaGFzLWljb24gLmlucHV0X19ib3h7cGFkZGluZy1yaWdodDozMHB4fS5pbnB1dF9zaXplX3MuaW5wdXRfaGFzLWljb24gLmlucHV0X19pY29ue3dpZHRoOjMwcHg7aGVpZ2h0OjMwcHg7bGluZS1oZWlnaHQ6MjhweH0uaW5wdXRfc2l6ZV9tLmlucHV0X2hhcy1sYWJlbHtwYWRkaW5nLXRvcDo2cHh9LmlucHV0X3NpemVfbSAuaW5wdXRfX3RvcHtsaW5lLWhlaWdodDo0MHB4fS5pbnB1dF9zaXplX20uaW5wdXRfZm9jdXNlZCAuaW5wdXRfX3RvcCwuaW5wdXRfc2l6ZV9tLmlucHV0X2hhcy12YWx1ZSAuaW5wdXRfX3RvcHstd2Via2l0LXRyYW5zZm9ybTpzY2FsZSguODEyNSkgdHJhbnNsYXRlWSgtMzBweCk7dHJhbnNmb3JtOnNjYWxlKC44MTI1KSB0cmFuc2xhdGVZKC0zMHB4KTt3aWR0aDoxMTguNzUlfS5pbnB1dF9zaXplX20gLmlucHV0X19ib3gsLmlucHV0X3NpemVfbSAuaW5wdXRfX3RvcHtmb250LXNpemU6MTZweH0uaW5wdXRfc2l6ZV9tIC5pbnB1dF9fYm94e2hlaWdodDo0MHB4fS5pbnB1dF9zaXplX20gLmlucHV0X19zdWJ7Zm9udC1zaXplOjEzcHh9LmlucHV0X3NpemVfbSAuaW5wdXRfX2NvbnRyb2x7cGFkZGluZzoxMHB4IDB9LmlucHV0X3NpemVfbS5pbnB1dF9oYXMtY2xlYXIgLmlucHV0X19ib3gsLmlucHV0X3NpemVfbS5pbnB1dF9oYXMtaWNvbiAuaW5wdXRfX2JveHtwYWRkaW5nLXJpZ2h0OjM0cHh9LmlucHV0X3NpemVfbS5pbnB1dF9oYXMtaWNvbiAuaW5wdXRfX2ljb257d2lkdGg6MzRweDtoZWlnaHQ6NDBweDtsaW5lLWhlaWdodDozOHB4fS5pbnB1dF9zaXplX2wuaW5wdXRfaGFzLWxhYmVse3BhZGRpbmctdG9wOjE0cHh9LmlucHV0X3NpemVfbCAuaW5wdXRfX3RvcHtsaW5lLWhlaWdodDo1MHB4fS5pbnB1dF9zaXplX2wuaW5wdXRfZm9jdXNlZCAuaW5wdXRfX3RvcCwuaW5wdXRfc2l6ZV9sLmlucHV0X2hhcy12YWx1ZSAuaW5wdXRfX3RvcHstd2Via2l0LXRyYW5zZm9ybTpzY2FsZSguODg4ODkpIHRyYW5zbGF0ZVkoLTQwcHgpO3RyYW5zZm9ybTpzY2FsZSguODg4ODkpIHRyYW5zbGF0ZVkoLTQwcHgpO3dpZHRoOjExMS4xMTElfS5pbnB1dF9zaXplX2wgLmlucHV0X19ib3gsLmlucHV0X3NpemVfbCAuaW5wdXRfX3RvcHtmb250LXNpemU6MThweH0uaW5wdXRfc2l6ZV9sIC5pbnB1dF9fYm94e2hlaWdodDo1MHB4fS5pbnB1dF9zaXplX2wgLmlucHV0X19zdWJ7Zm9udC1zaXplOjE2cHh9LmlucHV0X3NpemVfbCAuaW5wdXRfX2NvbnRyb2x7cGFkZGluZzoxNHB4IDB9LmlucHV0X3NpemVfbC5pbnB1dF9oYXMtY2xlYXIgLmlucHV0X19ib3gsLmlucHV0X3NpemVfbC5pbnB1dF9oYXMtaWNvbiAuaW5wdXRfX2JveHtwYWRkaW5nLXJpZ2h0OjQ0cHh9LmlucHV0X3NpemVfbC5pbnB1dF9oYXMtaWNvbiAuaW5wdXRfX2ljb257d2lkdGg6NDRweDtoZWlnaHQ6NTBweDtsaW5lLWhlaWdodDo0OHB4fS5pbnB1dF9zaXplX3hsLmlucHV0X2hhcy1sYWJlbHtwYWRkaW5nLXRvcDoxM3B4fS5pbnB1dF9zaXplX3hsIC5pbnB1dF9fdG9we2xpbmUtaGVpZ2h0OjYwcHh9LmlucHV0X3NpemVfeGwuaW5wdXRfZm9jdXNlZCAuaW5wdXRfX3RvcCwuaW5wdXRfc2l6ZV94bC5pbnB1dF9oYXMtdmFsdWUgLmlucHV0X190b3B7LXdlYmtpdC10cmFuc2Zvcm06c2NhbGUoLjgxODE4KSB0cmFuc2xhdGVZKC01MHB4KTt0cmFuc2Zvcm06c2NhbGUoLjgxODE4KSB0cmFuc2xhdGVZKC01MHB4KTt3aWR0aDoxMTguMTgyJX0uaW5wdXRfc2l6ZV94bCAuaW5wdXRfX2JveCwuaW5wdXRfc2l6ZV94bCAuaW5wdXRfX3RvcHtmb250LXNpemU6MjJweH0uaW5wdXRfc2l6ZV94bCAuaW5wdXRfX2JveHtoZWlnaHQ6NjBweH0uaW5wdXRfc2l6ZV94bCAuaW5wdXRfX3N1Yntmb250LXNpemU6MThweH0uaW5wdXRfc2l6ZV94bCAuaW5wdXRfX2NvbnRyb2x7cGFkZGluZzoxN3B4IDB9LmlucHV0X3NpemVfeGwuaW5wdXRfaGFzLWNsZWFyIC5pbnB1dF9fYm94LC5pbnB1dF9zaXplX3hsLmlucHV0X2hhcy1pY29uIC5pbnB1dF9fYm94e3BhZGRpbmctcmlnaHQ6NTJweH0uaW5wdXRfc2l6ZV94bC5pbnB1dF9oYXMtaWNvbiAuaW5wdXRfX2ljb257d2lkdGg6NTJweDtoZWlnaHQ6NjBweDtsaW5lLWhlaWdodDo1OHB4fS5pbnB1dF9oYXMtbGFiZWwgLmlucHV0X19jb250cm9sOi1tcy1pbnB1dC1wbGFjZWhvbGRlcntvcGFjaXR5OjB9LmlucHV0X3ZpZXdfZmlsbGVkIC5pbnB1dF9fdG9we3BhZGRpbmc6MCAxMnB4O2xpbmUtaGVpZ2h0OjU2cHg7LXdlYmtpdC10cmFuc2Zvcm0tb3JpZ2luOjAgNTAlO3RyYW5zZm9ybS1vcmlnaW46MCA1MCV9LmlucHV0X3ZpZXdfZmlsbGVkIC5pbnB1dF9fYm94e2hlaWdodDo1NnB4O3BhZGRpbmc6MCAxMnB4O2JvcmRlci1ib3R0b20tY29sb3I6cmdiYSgxMSwzMSw1MywuMTUpO2JhY2tncm91bmQtY29sb3I6cmdiYSgxMSwzMSw1MywuMDUpO2JvcmRlci1yYWRpdXM6NHB4IDRweCAwIDB9LmlucHV0X3ZpZXdfZmlsbGVkIC5pbnB1dF9fYm94OmhvdmVye2JhY2tncm91bmQtY29sb3I6cmdiYSgxMSwzMSw1MywuMSk7Ym9yZGVyLWNvbG9yOnJnYmEoMTEsMzEsNTMsLjYpfS5pbnB1dF92aWV3X2ZpbGxlZCAuaW5wdXRfX2JveCwuaW5wdXRfdmlld19maWxsZWQgLmlucHV0X190b3B7Zm9udC1zaXplOjE2cHh9LmlucHV0X3ZpZXdfZmlsbGVkX19zdWJ7cGFkZGluZy10b3A6NHB4O3BhZGRpbmctcmlnaHQ6MTJweDtmb250LXNpemU6MTNweDtsaW5lLWhlaWdodDoxLjJ9LmlucHV0X3ZpZXdfZmlsbGVkIC5pbnB1dF9fc3ViLC5pbnB1dF92aWV3X2ZpbGxlZCAuaW5wdXRfX3RvcHtjb2xvcjpyZ2JhKDExLDMxLDUzLC42KX0uaW5wdXRfdmlld19maWxsZWQgLmlucHV0X19jb250cm9se21pbi1oZWlnaHQ6NTVweDtwYWRkaW5nOjhweCAwO2NvbG9yOiMwYjFmMzV9LmlucHV0X3ZpZXdfZmlsbGVkIC5pbnB1dF9fY29udHJvbDo6LXdlYmtpdC1pbnB1dC1wbGFjZWhvbGRlcntjb2xvcjpyZ2JhKDExLDMxLDUzLC42KX0uaW5wdXRfdmlld19maWxsZWQgLmlucHV0X19jb250cm9sOi1tcy1pbnB1dC1wbGFjZWhvbGRlcntjb2xvcjpyZ2JhKDExLDMxLDUzLC42KX0uaW5wdXRfdmlld19maWxsZWQgLmlucHV0X19jb250cm9sOjotbXMtaW5wdXQtcGxhY2Vob2xkZXJ7Y29sb3I6cmdiYSgxMSwzMSw1MywuNil9LmlucHV0X3ZpZXdfZmlsbGVkIC5pbnB1dF9fY29udHJvbDo6LW1vei1wbGFjZWhvbGRlcntjb2xvcjpyZ2JhKDExLDMxLDUzLC42KX0uaW5wdXRfdmlld19maWxsZWQgLmlucHV0X19jb250cm9sOjpwbGFjZWhvbGRlcntjb2xvcjpyZ2JhKDExLDMxLDUzLC42KX0uaW5wdXRfdmlld19maWxsZWQuaW5wdXRfZm9jdXNlZCAuaW5wdXRfX2JveHtib3JkZXItYm90dG9tLWNvbG9yOiMwYjFmMzU7Ym94LXNoYWRvdzppbnNldCAwIC0xcHggMCAjMGIxZjM1fS5pbnB1dF92aWV3X2ZpbGxlZC5pbnB1dF9oYXMtbGFiZWx7cGFkZGluZy10b3A6MH0uaW5wdXRfdmlld19maWxsZWQuaW5wdXRfaGFzLWxhYmVsIC5pbnB1dF9fY29udHJvbHtwYWRkaW5nLXRvcDoyNnB4O3BhZGRpbmctYm90dG9tOjhweH0uaW5wdXRfdmlld19maWxsZWQuaW5wdXRfaGFzLWxhYmVsIC5pbnB1dF9fY29udHJvbDo6LXdlYmtpdC1pbnB1dC1wbGFjZWhvbGRlcntjb2xvcjp0cmFuc3BhcmVudH0uaW5wdXRfdmlld19maWxsZWQuaW5wdXRfaGFzLWxhYmVsIC5pbnB1dF9fY29udHJvbDotbXMtaW5wdXQtcGxhY2Vob2xkZXJ7Y29sb3I6dHJhbnNwYXJlbnR9LmlucHV0X3ZpZXdfZmlsbGVkLmlucHV0X2hhcy1sYWJlbCAuaW5wdXRfX2NvbnRyb2w6Oi1tcy1pbnB1dC1wbGFjZWhvbGRlcntjb2xvcjp0cmFuc3BhcmVudH0uaW5wdXRfdmlld19maWxsZWQuaW5wdXRfaGFzLWxhYmVsIC5pbnB1dF9fY29udHJvbDo6LW1vei1wbGFjZWhvbGRlcntjb2xvcjp0cmFuc3BhcmVudH0uaW5wdXRfdmlld19maWxsZWQuaW5wdXRfaGFzLWxhYmVsIC5pbnB1dF9fY29udHJvbDo6cGxhY2Vob2xkZXJ7Y29sb3I6dHJhbnNwYXJlbnR9LmlucHV0X3ZpZXdfZmlsbGVkLmlucHV0X2hhcy1sYWJlbC5pbnB1dF9mb2N1c2VkIC5pbnB1dF9fY29udHJvbDo6LXdlYmtpdC1pbnB1dC1wbGFjZWhvbGRlcntjb2xvcjpyZ2JhKDExLDMxLDUzLC42KX0uaW5wdXRfdmlld19maWxsZWQuaW5wdXRfaGFzLWxhYmVsLmlucHV0X2ZvY3VzZWQgLmlucHV0X19jb250cm9sOi1tcy1pbnB1dC1wbGFjZWhvbGRlcntjb2xvcjpyZ2JhKDExLDMxLDUzLC42KX0uaW5wdXRfdmlld19maWxsZWQuaW5wdXRfaGFzLWxhYmVsLmlucHV0X2ZvY3VzZWQgLmlucHV0X19jb250cm9sOjotbXMtaW5wdXQtcGxhY2Vob2xkZXJ7Y29sb3I6cmdiYSgxMSwzMSw1MywuNil9LmlucHV0X3ZpZXdfZmlsbGVkLmlucHV0X2hhcy1sYWJlbC5pbnB1dF9mb2N1c2VkIC5pbnB1dF9fY29udHJvbDo6LW1vei1wbGFjZWhvbGRlcntjb2xvcjpyZ2JhKDExLDMxLDUzLC42KX0uaW5wdXRfdmlld19maWxsZWQuaW5wdXRfaGFzLWxhYmVsLmlucHV0X2ZvY3VzZWQgLmlucHV0X19jb250cm9sOjpwbGFjZWhvbGRlcntjb2xvcjpyZ2JhKDExLDMxLDUzLC42KX0uaW5wdXRfdmlld19maWxsZWQuaW5wdXRfZm9jdXNlZCAuaW5wdXRfX3RvcCwuaW5wdXRfdmlld19maWxsZWQuaW5wdXRfaGFzLXZhbHVlIC5pbnB1dF9fdG9we2ZvbnQtc2l6ZToxM3B4Oy13ZWJraXQtdHJhbnNmb3JtOnRyYW5zbGF0ZVkoLTEycHgpO3RyYW5zZm9ybTp0cmFuc2xhdGVZKC0xMnB4KTt3aWR0aDphdXRvfS5pbnB1dF92aWV3X2ZpbGxlZC5pbnB1dF9oYXMtY2xlYXIgLmlucHV0X19jbGVhciwuaW5wdXRfdmlld19maWxsZWQuaW5wdXRfaGFzLWNsZWFyIC5pbnB1dF9faWNvbiwuaW5wdXRfdmlld19maWxsZWQuaW5wdXRfaGFzLWljb24gLmlucHV0X19jbGVhciwuaW5wdXRfdmlld19maWxsZWQuaW5wdXRfaGFzLWljb24gLmlucHV0X19pY29ue3RvcDo1MCU7d2lkdGg6NDhweDtoZWlnaHQ6NDhweDttYXJnaW4tdG9wOi0yNHB4fS5pbnB1dF92aWV3X2ZpbGxlZC5pbnB1dF9oYXMtY2xlYXIgLmlucHV0X19ib3gsLmlucHV0X3ZpZXdfZmlsbGVkLmlucHV0X2hhcy1pY29uIC5pbnB1dF9fYm94e3BhZGRpbmctcmlnaHQ6NDhweH0uaW5wdXRfdmlld19maWxsZWQuaW5wdXRfaGFzLWFkZG9ucyAuaW5wdXRfX2FkZG9uc19sZWZ0Ky5pbnB1dF9fY29udHJvbHtwYWRkaW5nLXJpZ2h0OjEycHh9LmlucHV0X3ZpZXdfZmlsbGVkLmlucHV0X2hhcy1hZGRvbnMgLmlucHV0X19jb250cm9se3BhZGRpbmctbGVmdDoxMnB4O3BhZGRpbmctcmlnaHQ6MTJweH0uaW5wdXRfdmlld19maWxsZWQuaW5wdXRfaGFzLWFkZG9ucyAuaW5wdXRfX2NvbnRyb2w6Zmlyc3QtY2hpbGR7cGFkZGluZy1sZWZ0OjB9LmlucHV0X3ZpZXdfZmlsbGVkLmlucHV0X2hhcy1hZGRvbnMgLmlucHV0X19jb250cm9sOmxhc3QtY2hpbGR7cGFkZGluZy1yaWdodDowfS5pbnB1dF92aWV3X2ZpbGxlZC5pbnB1dF9oYXMtYWRkb25zIC5pbnB1dF9fYm94e2hlaWdodDo1NnB4fS5pbnB1dF92aWV3X2ZpbGxlZC5pbnB1dF9oYXMtbGVmdC1hZGRvbnMgLmlucHV0X190b3B7cGFkZGluZy1sZWZ0OjQ4cHh9LmlucHV0X3ZpZXdfZmlsbGVkLmlucHV0X2Rpc2FibGVkIC5pbnB1dF9fYm94e2JhY2tncm91bmQtY29sb3I6cmdiYSgxMSwzMSw1MywuMSk7Ym9yZGVyLWJvdHRvbS1jb2xvcjpyZ2JhKDExLDMxLDUzLC4xNSk7Ym9yZGVyLWJvdHRvbS1zdHlsZTpkYXNoZWQ7Ym94LXNoYWRvdzpub25lfS5pbnB1dF92aWV3X2ZpbGxlZC5pbnB1dF9kaXNhYmxlZCAuaW5wdXRfX2NvbnRyb2x7Y29sb3I6cmdiYSgxMSwzMSw1MywuNil9LmlucHV0X3ZpZXdfZmlsbGVkLmlucHV0X2Rpc2FibGVkIC5pbnB1dF9fY29udHJvbDo6LXdlYmtpdC1pbnB1dC1wbGFjZWhvbGRlciwuaW5wdXRfdmlld19maWxsZWQuaW5wdXRfZGlzYWJsZWQgLmlucHV0X190b3B7Y29sb3I6cmdiYSgxMSwzMSw1MywuMyl9LmlucHV0X3ZpZXdfZmlsbGVkLmlucHV0X2Rpc2FibGVkIC5pbnB1dF9fY29udHJvbDotbXMtaW5wdXQtcGxhY2Vob2xkZXIsLmlucHV0X3ZpZXdfZmlsbGVkLmlucHV0X2Rpc2FibGVkIC5pbnB1dF9fdG9we2NvbG9yOnJnYmEoMTEsMzEsNTMsLjMpfS5pbnB1dF92aWV3X2ZpbGxlZC5pbnB1dF9kaXNhYmxlZCAuaW5wdXRfX2NvbnRyb2w6Oi1tcy1pbnB1dC1wbGFjZWhvbGRlciwuaW5wdXRfdmlld19maWxsZWQuaW5wdXRfZGlzYWJsZWQgLmlucHV0X190b3B7Y29sb3I6cmdiYSgxMSwzMSw1MywuMyl9LmlucHV0X3ZpZXdfZmlsbGVkLmlucHV0X2Rpc2FibGVkIC5pbnB1dF9fY29udHJvbDo6LW1vei1wbGFjZWhvbGRlciwuaW5wdXRfdmlld19maWxsZWQuaW5wdXRfZGlzYWJsZWQgLmlucHV0X190b3B7Y29sb3I6cmdiYSgxMSwzMSw1MywuMyl9LmlucHV0X3ZpZXdfZmlsbGVkLmlucHV0X2Rpc2FibGVkIC5pbnB1dF9fY29udHJvbDo6cGxhY2Vob2xkZXIsLmlucHV0X3ZpZXdfZmlsbGVkLmlucHV0X2Rpc2FibGVkIC5pbnB1dF9fdG9we2NvbG9yOnJnYmEoMTEsMzEsNTMsLjMpfS5pbnB1dF92aWV3X2ZpbGxlZC5pbnB1dF9pbnZhbGlkIC5pbnB1dF9fc3Vie2NvbG9yOiNmZjVjNWN9LmlucHV0X3ZpZXdfZmlsbGVkLmlucHV0X2ludmFsaWQgLmlucHV0X19ib3gsLmlucHV0X3ZpZXdfZmlsbGVkLmlucHV0X2ludmFsaWQuaW5wdXRfZm9jdXNlZCAuaW5wdXRfX2JveHtib3JkZXItYm90dG9tLWNvbG9yOiNmZjVjNWM7Ym94LXNoYWRvdzppbnNldCAwIC0xcHggMCAjZmY1YzVjfS5zcGlue2Rpc3BsYXk6bm9uZTstd2Via2l0LWFuaW1hdGlvbjpzcGluX2FuaW1hdGlvbiAuOHMgbGluZWFyIGluZmluaXRlO2FuaW1hdGlvbjpzcGluX2FuaW1hdGlvbiAuOHMgbGluZWFyIGluZmluaXRlO2JhY2tncm91bmQtcmVwZWF0Om5vLXJlcGVhdDtiYWNrZ3JvdW5kLXNpemU6MTAwJX0uc3Bpbl92aXNpYmxle2Rpc3BsYXk6aW5saW5lLWJsb2NrO3ZlcnRpY2FsLWFsaWduOm1pZGRsZX0uc3Bpbl9zaXplX3N7d2lkdGg6MTZweDtoZWlnaHQ6MTZweH0uc3Bpbl9zaXplX217d2lkdGg6MjBweDtoZWlnaHQ6MjBweH0uc3Bpbl9zaXplX2x7d2lkdGg6MjZweDtoZWlnaHQ6MjZweH0uc3Bpbl9zaXplX3hse3dpZHRoOjMwcHg7aGVpZ2h0OjMwcHh9LnNwaW5fdGhlbWVfYWxmYS1vbi1jb2xvci5zcGluX3NpemVfc3tiYWNrZ3JvdW5kLWltYWdlOnVybChkYXRhOmltYWdlL3BuZztiYXNlNjQsaVZCT1J3MEtHZ29BQUFBTlNVaEVVZ0FBQUNBQUFBQWdDQVlBQUFCemVucjBBQUFBQVhOU1IwSUFyczRjNlFBQUExaEpSRUZVV0FtMWw3bHJGVkVVaC9PZVpuRlhjRUZ4S1d6VVdMaUJpQktzYkVTd3NWUkUwdGdFQk1YL3dGS3NMTVRPUnJBUkJIRkJFQkVMSTlnb3VFQndRWW00UldNMGFzenorOFk1ajV1WFBCTHo1aDM0Y3UvY21UbS8zejMzenN4THFXV0tVYWxVMnJpMEMvWkNKNndHeDdhWFNxWDN0Tk9LbVpQZGhmQlNyamtCQjJBaHpNaFIvQU0wRkhVTklOeE81aDQ0Q25OQTRVb09UVEV4b1FIRWw1RCtIR3lGVkZnRFJtRkd4aGxBZkIwQzUyRUZqRUlwb1ovK2RiZ0JMK0FOZklkcGg4bXJrYy84RWdQTHdabVg4OWExUGcwWDJYQi9hQXVMYWdVUWQxT2RBY3Z2ekNOdTBUbUc4TGNZYUtSRngwbFZ5SmN0WjlVQWc5MndFWnhoclBVRitxZTRPRFhFMFA4SHdsWmI4Y3dBN1loWnNpWGc1R0w2bDJFMnhFVjM2UGNVTE82eWhwRmhxNkNZY1FSY0FtY3ZicmFUUllpVEo4SnFxNmNKOFRGdktUUDdWdG85RU9LVzVpemlRN1NGaERNbGtmazFFUVk2WEJZSHRvQnV2TUR5dU9PdlFORmhmaXNRcU5XcWdSM2dTY1BCMnppTzQyeXdpRDlXZ1hBenU5VHFTTHNHVmtFSU9uZ1BtaFcvU1R3M1Q2NVdtd1lXZ2V2dWdPSGJyVmxoQmVKSlVDTmJBcjl3VVFFSFAvcW5TYUdPazQ0b2UrQmdhaUJPTnFzTkE5a0h6UjNwandrTnVBemlralFyRkkvSDBINzJJdkt4aXlwb1lCazBLM3pjVXhPalZ1QVZLQndtTnRGdlZpd2dzUWJDeElnR2VpRmRnczA4cjQ0WEdyNzFTT2p5eGhMWURpcjBHSHp0UmdYbTA5OEZSWWVmK1ZrUUJqUTBWT1lOWmZudlFoandlQitPTzJnTENYSlo4alVRNHJZRGFHZDdRQkUveGNNUUpueGJIUzVpS2ZMU3J5ZGY3ZXpmTXBaOUdGcHc4b1grTmRDQWJ5dlpBUHNiTVpHTCt4dlRuL2JwN1B2Ui9NWFlQd04yaUt2UUIxRUZUZXlFUXlUS3Z0MzBweHpjNDJkK0cwVHAzVy9pZm5zTldjVDdQenZnSmpmZ2NiQ05hdGdPd0UxNDZMclIxZzF5S0tLb005ZEVPcUVmSE44bngwL2FMTVlZY0lRRS9oenZobm1nV0NTdy9ReFA0SG5lZHphK1V2M0h4WDNqdmVJbk43M1B2dUlQRUIra3JjWTRBNTdKSzNHUTdrcW9UZVN4VDRxay9mUTR2Y2RKK0lIclRXZk9jUllUR3ZBTUpueDBkb00vV054QWFkSmFzVGhPcjdIdlJuc0t6eEQzZUZ6VU5SQlhZc1NsNklKT3FHZWtWdGcxN29OSENQdDQxNDFKRGNTZEdGSGN6YlVXZktYNlhQdXlzc1Jmd1g5Y1BzRkxlRmR2eHB3YkUzOEIwb2t6SnduUkhla0FBQUFBU1VWT1JLNUNZSUk9KX0uc3Bpbl90aGVtZV9hbGZhLW9uLWNvbG9yLnNwaW5fc2l6ZV9te2JhY2tncm91bmQtaW1hZ2U6dXJsKGRhdGE6aW1hZ2UvcG5nO2Jhc2U2NCxpVkJPUncwS0dnb0FBQUFOU1VoRVVnQUFBQ2dBQUFBb0NBWUFBQUNNL3JodEFBQUFBWE5TUjBJQXJzNGM2UUFBQkVWSlJFRlVXQW5GbU0yclZWVVloKys1NnRWU1NrMGJsSEJOY2lCK2dVRmlOVFBEU0oySmlBMGFpQmlDNEY4aE5LaFJFeDJKVFJzNXFJakFnVTVFQW0xU0dsb1gwZ3ZYNzQveUl6MDl6M2IvRGxzOXAzdHZuYjNQQzcvenJyWDIyZXQ5OXJ2V1htdnYzUnI2ajladXQ1ZHg2aGEwRHIyR1J0RXN0TDdWYWszZysySXpwOU1MVUl2NS8yNjBGYTFFdzJoRzZZWHJHeGg5RlRZbFFNRG04dTlQMFQ0MER3blZSbHI4azFxZmZ5Y0ZCTzVEWWg1RXJ5SXpKbEJWVk91RDdBa0lXSXZBKzlFQjFBM3NBZTBuMGJmb1p6U08va0Ivb3I1WlYwRGc1aERoTS9RUlNyWWVsMUd2NEQ5SFgzTXozQ3JiYW5ObTZTa3JNL2NGalE2dG1ZditwdndsT2dSWVg3TkVuejJ0V3dhOUdUNUFaaTVadTBwNUwyQS80bXN6azRNWnQyTlBBZktIOXpraVlNRE04RG0waHhNdjQydXpjdVNHOFZJbS9sQm5pR2wva2VqSDBDSmt1ME5yNW5ad2dqZEFiVVpzWXlXbS9tRXk2WUhZeHhUbW8wZklLN2lIOWpjQUY3RE1kWDFuWkF0QXJtQWhqYnVRWUVwSWI0WXorRnF0ekpUekxqdVNUQ05sVmp1azIybWNqWVR6aXE2aG82Z3BNMjR5YUh3MWd1NFZHYVR3SGpKcjBXR3U3Qy9xalZpWlJaZXhRT3BOMk5CTVV2azZmaFFsZS83UjNhRnBlMGhBOTN5enA3VmdtK0ZrZkJjSnAzbndORmQwdDZnMStHTVdNVWZRb1Eza2JBR1hJdytrOFFUbFFabWo5MElaWEo0UkFSZWdhZ1ovb3o0b00xSGV6YkZaQWF4bTBJZUJRVm51NW94bU80REpvR0R1SG9PeVp6TllETEhqN29GWTZGTnYybGVIdU5nRHpaZ1pGRkk1SndkbGpxaUEwV01YUkFFRkMrUWdBWDN4RWk0TGRwRkJiNHJBNlYyNEIyWHVIc21lL3BHa3YxcEFnZlE5ZDFEbTA1Uk15ZUo5SzZkUjRBUmR3WXFleFpKcU0rYTJScVNYVU9Ca3V6M01GdVBENkJnU1VtbnZQSEdOL3I1Q3RNRHBmV2d0TWlqRktXVDJvcTFjVWZFMDRjRzZyY3plRXVJSUZzaWJ4aldOMnZmSXg2dGtjUjdsVGFncDg5dU9yN3J5aEduQzRFV0ZWUHArK3cwS29KbmN6Slc5Z2EvVmlPRzhXNHBrU2ZiR1lmTHhxME5yK1R0a1dvVVQxQjFsRHgzVXRpN1N0MWxiZ3dJbXBQRXZvOEtTemlHSWZVbjZDdVY5V0VnZklJWDA5dStybFhBdWFkV2hsZWNDTEVJVzl0eSt5NGwrN3RpTUJBenNEY3BIT1BGMy9QODJZamdxYnlHM3Rrd3IvVVZpWE1SM3JCdWdiWitndGFoNnNuUGlCM1NDVHZ4d05HMERUS0EzUzNsK3RmOXg2ai9SdDBucDJIT0FIcUVqSDd0M290V28yb2xsNStseGRKYk83dU1uTmZwemp4MUZLNURselBQMDdad1Ryak8wMUF2ckN1Z1JPdldZUzgxR2xJN1NzZDdIdEF2SVR5UHU1M2VRN3pKbXdMbnJidlF5Y24xYmpHeTNuL1NSUG4raDdmeXptYU90c0o2QStRT2dxeWh2UXdaTXB3bFM5WmFyQ2t6MVAyblR1KzZlQWV3U3ZxZE5DdWlaUUxxcnVQMXRRTTZqQkUzQTFBUFlyZDAyNWJRd2ErZUFjeFQrMWFZRW1CNEFkZWplUnN1Um4wc1N0QmRnUVBYWDBSZ1N6Q1Z0U2pZdHdHcVB3THBVZUVmNjdkb3ZZMDZCVElQYmxKMlRhZ0tOQVdYYnRPMGYwWkdVNFAvT0xpSUFBQUFBU1VWT1JLNUNZSUk9KX0uc3Bpbl90aGVtZV9hbGZhLW9uLWNvbG9yLnNwaW5fc2l6ZV9se2JhY2tncm91bmQtaW1hZ2U6dXJsKGRhdGE6aW1hZ2UvcG5nO2Jhc2U2NCxpVkJPUncwS0dnb0FBQUFOU1VoRVVnQUFBRElBQUFBeUNBWUFBQUFlUDRpeEFBQUFBWE5TUjBJQXJzNGM2UUFBQlZKSlJFRlVhQVhWbXQyTFZWVVl4dWVvTTVwbG1uMm5TRXBXQ0gxZldOQ0VGQ0ZCNFVVWFVqY1NhRktKbC9VWEJFSFFqZEJsNUUzZFJGQ1FRWFJYWFZXR1lKOUtXbVJPbUZsWmcrWFk5UHV0OXJ0WjU4eWNNMmRtbXRsckhuam1YWHV2ZGRaNm4vV3VyNzIwTmZBL1lYeDhmQ1ZWYllXYjRVMXdJN3djbm9OM3RGcXRVOWc1dzVMWjFJenoxL0g3aCtBajhENDRCQmZCVm1VSHNYTXFnUG9UWmlTa0V2QWNOVHdPZFR3NFRsb3FaRjR4TFNIVjhObURoenZoOG5uMWRJckcraGFDaUFlcDZ5VzRHdHJqMGZ1NS9aejM3OEt2NEFnOENVL0FVVGluNkVzSUlwN0dpMmVoUTBqSFJRajRndlRyOEFBVCtqc3pta0RQc1l5QXBUajFBdHdHTFp0UFpIdjdSZmdHQXY3Qk5vcXVRaW9SKy9IdUxwaUx1TUN6USt3VkJMaTBGb0ZlUSt0NVBMd2QydHRHUXZzcmZBb0JIMk9Md3FSQ2lNWXV2SFIvaVBtZ2lDTndOeUtjdkkwQjMzQ2hGWDdWZmt3WVdoVGNRdTQrYUY3d0tPbkhxT0JQYkdOUUJJMm5CUWRmMnVabG14QUtycURnTzlEalJvajRqZlIyZnRoMEpHS2hDYi9HOHNoMERxMG5jUG9TcUZwL29OMWJnQWg5NlJTaTcrZGhncGtKUk9OcUV0dGg3QS9hZllnNG1BbzArS2ZxZWYzUjMrQWdQdGYrMXdrS1BBa0hvVkdRUDhMWFlDbUlVYUxQTWJ3OHBDWWtJU2k3aWlkWHFSQ2hmWm1lK0N1Vkt1QlBGWlV4WElsaHB1OURFWldJeUhEbGF3aHhxZlhNVkJyY2pJVitCeDFGNlVGN0x3d1IycmZwQVcxUnlLSVNJclFlb3dhV0VCcFhxZHRnT0c3b1BvQ2x3dUdsZ0hxZU9MeGN3alpYTDBQSU1aUTcwWXNFdmwzQWNWZXd4VkF4WWtnaG02QWk0dVdIcEV1SCswZXNXUHFkaEt3bGtRczV6blBwY05JN3ZJUkNCbzNJTlRBWDhqUFBwVU4vWTU3b2E0cklSU1J5SWFmTktSeWRRZ2FNaU12WFFoUGkwSEt5QjlLcUZXY3J4U3dreEJ4SlB2dmdONFlpZ3Q2U2xBNUhrcjRIVStJUFhvUUk3V1d3ZEhRS1NjZGdONzljeUVLSWlPZXJpSVoyekQ5KytlVkN2TTh0SGN0d01CZHkzZ2R2QlhNaFh2K1VEai9GWGJWQ3pEa1RmZ0c2NVllWU5SeGwvRDRwRXZqbWR1SGVGeUxjMmM4dTRoQTJTc0k3MnhDaXZST1dDcU1SSXJTakhpUk5DQy9jM0U5Q3pEREtJOC84SW9CUDl2NlZNQmZ5dTg2RnM1K1NkcmNNSVU3NGUyQnB1QUtITG9iNnJTaXQxMVgvQ1NFMHY1RDJZeXFFYUxmUkEra3prblRqcUViSU9oekpvM0VhMy8vV3VZaUk2VGVobHcyS2NKaXRnZy9BVXVBb3laZGRJMUovQU5aQ3FxaThUMmJNRmUzRDlNUU4yRWFCRDA3dzlUQ1B4Z2crMTdjOHRaREswd1BZL01oaS9rNHFhbXkzcDIyWDJsdWcrNFpSa001bk4vSWFiVUpRNkZMOEtzem5pcE5yRnhXbTJ3clM4d2JhOUV6bHhZaHRLeUFpY2dSZnZZU28wU2JFdHhRNGhIa0x4aEJUMUxWdzczeEdwb3FFRnlPWHdsekVjWHljOFBGbmdVbEJSVHZJY0dNTVFkcXpjRDhWSGNQT0dhb09zMjFYelZoOHRNNkx3NU0xM0V1SWxUd0QxOEZjak1lWjkrQkhWTm9XWHQ3TkNnaHdIbXlBTjhPOFRVWDRyMldmMEtiell3SzZDckVrRlN2R0czckhhV2ZGWjNqbktuZUl5czJiTVdoSFArd3dyNlpjWW5VOGFOMG40T0Z1SXNoTFkwL2JFelIwUHdXMndyenlTSS93L2pQNE5RM1phMzJEZXIzbFhBdXZoeXRnZEZiVTdmT1gxSHNVMnhNOUk1TC9ra2J0clVlaEswaG5nOUh3VCtSNUFlNlZrc3U0OUZQYThxNSt5NkhMcVp2dEd1aEVqdCtHamJyZEl3NGl3bzZhRW4wTHNTYkU2TVF3dkJ1NjRrWGovZGo4TE5lcnZPVytrWWhJeHcvU1UySmFRcUkyQkswa3ZRWGVDcU1IZXprWGVaT0p5WC8vTGZVNUY5elBwb1VaQ1lrV0VPVFF1QkZ1aEk1MWtUc1dBcnBaaFoyRTM4TWZaaUtBM3lYTVNraFVva1dVYzJjRDlIRG5IRkNrcTU2N3MwSWM4LzVQQ1JjRTZYelMrYjZIRCtXNzRsL1phdlFmQWRya25BQUFBQUJKUlU1RXJrSmdnZz09KX0uc3Bpbl90aGVtZV9hbGZhLW9uLWNvbG9yLnNwaW5fc2l6ZV94bHtiYWNrZ3JvdW5kLWltYWdlOnVybChkYXRhOmltYWdlL3BuZztiYXNlNjQsaVZCT1J3MEtHZ29BQUFBTlNVaEVVZ0FBQUR3QUFBQThDQVlBQUFBNi9ObHlBQUFBQVhOU1IwSUFyczRjNlFBQUJvaEpSRUZVYUFYZG1rbHNWV1VVeC92YVVnVG5DZFJVaTZnSVJxT2d4Q25HWUl6UmhZb0pKT0xLU0J3V2FLSWJsOGFkaVFzWHhJV0ppUWtiRTEzSXhtQ1V1RkdiYUpSRXJZSWlMYllGTFloRFpTaFlxTC9mN1RzMzl3MGRYc2QzMzBuKzczeDMrcjd6dStjYjduM3ZGWnBteVVaR1JoWlQ5WjFvRFZxQlZxTEwwSVZvQ0swdUZBcUg4WE5xclRQWkdwQ1hVdDhHOUNoYWl4YWlBbW91eXZJQ2RBak5pODBJTUtCbThubDBQeElvSUVlS1pWeDkyTFNBQWIwYmpKZlJIYWdjc2h5MmZIdGU3c0NVZ0FGZFNyU3ZvUFhJN2lxTUZsRGg5N0h2TTlTRjlxSWVOSWorUmYraE9UZXpVcE1CdTQ0TDNrVG5vY2hxMXU5bS8zdG9PNU5TUHo2L0J1elRxQWYxb2o3VWp3NmkzOUJIeUM2ZWZ3TmtJWG9kZGFNZTlDc1NXdUF2ME1ONW9aeHdEQU56RVRCdm9kVW9PMVpQcy8wYWVvZXVPeS9qa2JacnRuSEhNTEJ0MUxnTkNldms1UG5xSDdRRjBFNThybXlpREw4S3pjM0l6SjVCUWp2YlBndHNMejUzSmtCVkk3dFBjdUFSSkd6b2M4b2I2eDJXMk1mc3VWVVBjTUU5Z0xuMFpMdXhhK29tWUkvaTY5YUlQV0llSVZaN1pZbFZBSE9CejhNZm9IT1J4NVVQQzQ5VFFSKytMcTJZMVlnMy9EQXh4MFNieEYydFM3L0VrYk5SZE9OaHlpL1dNMnhDTXZvUm9PRXI1cWdTWU83U2JWejNBQXBZdThRYndINDFXbC85Zm1ZeUtWT29CYWFXYk5RbHdCeDREZ2taNnFYOExzcUxHWGRrVnkrZlMydHFLVEIzWWcxN2IwS1JYZjFXN2x4K0hpcEd4NnREVUs0QU44dHAxMDZCT2VFSkpHUmt0d3ZZbld6bnlvalpKMEE1WkF2d05Nc0pNSGZBcjExdVI4SkdocmRTenF2Wkt3Tlczd1pqd3BwOHNNT0p5aTRRR2Y2Wk8vVU4yN2swWXJkYlY4MXlBUHVnRWJENkhia2tMUTI2UE10K3Y5YlVTcXJQd3E5Q2RtZk5USCthbFBMOUlYQk1YSkxZclF0bTJKbFpIK08zank0eHdIYXVMVE41Q1MyZnZzM0NkU2hnOWJ0UW8xaDJpWkoxZ2V0VE8zTGNLdTJYVWRjUW55NVJnb2Fsd0daV00rMTErNEtRUkZqYlIyUTRya3FBejJjcnNxcy9HRWNid0p0aGs2anBXKzNTaTFCa21HTFRjVDhheEV4Z3RrczNDK3o2bEFVKzBTQ3dZc2hWQWV4ZGlDN3RTWTFtV2VDRS9oaUUzb21RWGJ4UlRGakhiaWg1b0hiTUJxeSswWUNGRGlXRlA5a1IzVnJncGFoUnpOZkNnTldmOXFNZlJZWUZ2d0kxaWpraHl4aGRldGhaK2dDS0RGTnM2dkNqUWN3WG80QVY2WlRBKzVBWjFnUy9JU2sxeG9kZk5adGhUYlloTi9ZZ1g2V0VkdWNTWHFNdXh1ZmFZSEQ4bG5mcDQ4MjhScDNrd0Y0VTQxanZYeGp5Ym41dEZlTlhmd0xXTTVIdUw5bGhkaVBMZDFIT3Uva3pyM3dCN2Q4czB2N2RTZGszaTRCdXAwdXM4b1E4R3JIN2R3eC9QWWtKUytpL1pFa3lUS3I5dmZkYkZCa1dmQ1BLcTExSjRNSkdoZ2RoZEo1S00yejVReFFaRm53WmQycXRCL0preE95RUc3TnpRQThFUTVKaE43Z0RQK0dVMEFIK0dCVzRkT1hDaUZXZURwVHR5c2RnUzhhdkVDbXdHOWgyWkhhamExOUNlUjNLaS9tVXVCaEZWeGJjSjhuVVNvQzVFN3M1a3AyeEJWL1BuYnMrdmFKT0M4VG9NclFjUlhiMVIyQnlma3F0QkxpNDkzMjhiMURSdGIxd014V2E3Ym8wWWx0RVlEY2llWXhYYi96N1VZbFZBSE5IL3VhTXQ1SGZCMFgzdHNKbnFOaG4wN295WW5LTzhZODMyVCsxQ3IwSGxsUGx3VllBZXdJbmR1SDgyME5rV2U5cjQxUDFCRjJFdllXNG5KV0ZESFhENEd0dmhWVUY5aXd1MkltTDhSemcxN0x2QlJxYTkyZHRZbkJ5OGhIWVdLSWI2d2VJZmN5dm1qMWhUS05TdThrVzFJRmk1aGJlcjRXMlViRnZXbk51eE9WODRnLzQvcDBoa3FGM09INU5YTVphMWNZRjlnb3FQd2UzR1YzbFpsRlc2QmpmZ1RwcHdQS3NHN0hZSTVlamxjWEdqQ2NTSWV3dVlxa1l0OFZ6RXpjaHNHZlJrQlBEQm5Tcm15Z2FzZndIK3BpR0hQZXpac1RRVHVXK3E5dVZzKzFiZHEzMUh3dVd4N1ZKQVVjTk5Ib3Y1WWVRb0tGbzNISHpDWTN1eDgrWTBlWVNLdk1YVHRmWmFDdThNZnhBbTkzNFNWbE53TlpJQUQ2RWJFS09ieHVNeHNQL3pyN3YwSThFTW9pdjJXakRONTJPb3Z3cHlMcWovbWpUbHdISDZ3QiswbFl6c0RVVGtLOWZEeUx2ZkFRUVBnTFRIMEc5eUtCY0puenFjWXpGT1BPbStjMkV5NHBnWnRIbEwvNFlsd1hOMW10ditoN1lJWHhOTmlYZ2FBSHdxeW5maHh4ZkFWenVzNEdXQTB4bU8xdmZZZHB4ck9xblpOTUNqaFlCWDBiWk5mRWFaSURaSUt0QnhmSHhqbVhQT1VDZFBqa2R3ay9MWmdRNElnRGNKY3laZEFXNnZMZy9HM2lVd3d0Y3Jld3lKNXpEb1djcVhaZnJxdHFNQW1kYkFON3hhVmQzbG5Wc1hvQmNVbHFReTV5Z0o1SGorU2h5SFZVdWN6NHREZU5uM1A0SC95R0pxYkVyeEVzQUFBQUFTVVZPUks1Q1lJST0pfS5zcGluX3RoZW1lX2FsZmEtb24td2hpdGUuc3Bpbl9zaXplX3N7YmFja2dyb3VuZC1pbWFnZTp1cmwoZGF0YTppbWFnZS9wbmc7YmFzZTY0LGlWQk9SdzBLR2dvQUFBQU5TVWhFVWdBQUFDQUFBQUFnQ0FZQUFBQnplbnIwQUFBQ3IwbEVRVlI0QWJYV0E1RGtXaGdHME8zMFRHTnQyN1p0Mi9ZKzI3WnQyN1p0MjdadDY2VGVZSzNwbTZwVHVQeHlPL2s3cGRiM3l0YnZrbUlveDNJSHIvRU8xVXFGdkd4UW5TTjVqKy80a1YvNGk4K29GbXJqTkR2ekRwL3pGZC95US9BQThhSmN5d2Q4ekdkOHlUZjh3TS84R1NTQUJWdnlFTy93SGgveUNaL3pJa2N4bk9hVUlaSHJPNytQMTNtTGQzaWZwNWxETXVURGx1SmlYdWJWNVVLY1Nka2M3aE9SV0YzSEZqelBDN3pFcSt4RmxLT05FeVRKSjIvbHpxbzh4RE04eHd1Y0ZHRHpGR215SkpZZnNBdFA4Q1JQY3dkbGNuanNDZEprS0UxWk1vV2QrZHpGb3p6RzQwd004SXpsVVpaeVZLQWlpYmlqQncveUVBOXpQY2tBQVJLVXB5S1ZxVUlxN3RpTyt3cmN6L1lCMzdTeVZLVWExU2tYTng3TjNRWHVvVWZBQUdscUZxaEZsYmp4SEc3bmpnSjFBd2JJcHc1MUM5U01HNi9obHVWa0F3YUlhTENjK25Iamxkd0loQS9RcEVCakdzV05wM0FkMXhhb0hiamNOMTlPdzdqeEFLN21LcTZrVThBQTVXaE5LL2ovSjFqSzVRVXVZMUhBQUhWcFR6dmFVanR1N01BbFhNeEZuRUFVcUJDMW94TWQ2VUM1d2hKNUpoZHdQdWZSUDlDM1pYZTYwb1dPUklXZEN6aVhjemlMSThuaytIK2dHNzNvUVhjYUxqK2dBcWR5SnFkektwc1I1ZkRvKzlPWDN2UWd0ZkxBQ1p6R3Faek1DVXdtS3VIbXJSakNJQWJRandacktwTzdjQkluY0J4SHM1RDBScGJkYm94aytISWhPaE90YVZKNURsaHU4eU01ak4zb1FyU2UxYTRSb3hqUG1PVkM5Q085cmdWcXN3OUhjamlIY0NEN3NTMGphRXdsVXVSVGticDBaeUxUbWNKRXhqR2FRWlJiMytNcno1WWN5a0hzeno3c3lXN3N4SFpzemVZc1l4SHptYzBNcGpLSkNmUWx2VEd2emxEMlpqLzJaZzkyWlVlMlk2dmxBaXhtQVhPWnhYUW0wb3BrU2V2M0dIWmhkM1paT1FDYnNJU0Z6R002WGNua3NwSWxhY3d3cHJPQVRWbkdETWJRaTlvYmNzZi9BWTNHSThDekJRb1RBQUFBQUVsRlRrU3VRbUNDKX0uc3Bpbl90aGVtZV9hbGZhLW9uLXdoaXRlLnNwaW5fc2l6ZV9te2JhY2tncm91bmQtaW1hZ2U6dXJsKGRhdGE6aW1hZ2UvcG5nO2Jhc2U2NCxpVkJPUncwS0dnb0FBQUFOU1VoRVVnQUFBQ2dBQUFBb0NBWUFBQUNNL3JodEFBQURUMGxFUVZSNEFXSWdGM0RLQVlxdkI5aktsamdBNDN1dHRXM2J0bTNidHMzYXR2dHMyN1p0Mi9iYjd5VC9KbFA3ekNhL2JUdkkvYTduREdpUDNjakNYWGdUNzZGUkRWMy9qQnZITVR5R0gvRXpmc01mK0JkZm9KR09NQjhPNG4xOGplL3dnd1QrcWkxUTRxYmhCWHdtQVYvaFczeVBueVR3ZDFNREpjeUNQZmdBSCtGVGZJNHY4WTM4dkE2Yk1ScWQ0WVBGakRnM1l2QXUzc2VIK0ZnaVg4WTYxTmIxUnJBZ0NtL2liU1h5YmV5RlYwZVhHcmdkcitFTkpmSXA5RGZqd1NsdHdVUzhqRmNrOG5YY2pHWm14TUVHYTNFTHZMZ1hMK0lsaVh3UVRVMklzOElHQjV5d0ZMVm9NNTdGYzNnQno2Q1BTWStjWGVKY2NNTlJjRkY5UElpbjhZeUViamJ4ZFcrREd4NTQ0WU5WWGJBRlQrQkpQSVU3NERINWs4T0xtcWlGMm5DckMzTHhLQjdENDFpZzRkUERLV0YxVUJkMThpWmE0Q0U4akVmd0FIeWFQbi9yb2I1b0FKc3hzUmdQaUFjUnB2RXp1RFlhb3BId0dvTW5jQy91RTNNMUJuclJSRFJGWFdNd0RIZUxlOUJYWTZBTHpSV05qTUYwM0lFN1JVdU5nUTYwUkN2UnpCaThEcmNwUEJvRHJXaWpNZ2F2d3MwS3IrYkE5b3AyeG1BaWJzUU5vb1hHUUNjNkFaQkgwQS9YaVd2UlUyT2dEMTNSUmJTdUlZZlFhM0MxbUtJeHNENTZvTHRvWVF6T3hKWGlDaHpUR05nZXZVUlBORFFHbStKeVhJWkxrUU9QaGpnYitvbys2QTFYM21Rd0xrR3VCRTdRRU5nWUE5QmZkRk1uRnlBYldjaEVGRndtUDNyOU1SaURNQkROQzM1Skp5RUQ2VWpEVEJNRFcyRTRobUtJQkJZNlZjK1JzRlFrSXc3dFREckJqTUpJak1Bd3RDenVZajBjU1VoRVBBSlJyeHJqM0JJMkZxTWxkREJzeFczb3A4VEZJZ1pIVUxlYTRvWmpJc1pMNUJnMExHM2pESW1MUmhRaWNCcHRxakN1bm9STnhXUWxzbDFaajk3cmxMZ3doTUFmNCtHc1JKZ2RYVEZUVEZjaWU4TlNuaS90TlVwY0VBTGdoME1ZQkZjNXoza2RNUXZ6TVFlek1BUFQwQmUyaWx6RVRFWXdBdUdQOHppTFV6aUdKZWlIVnFnSHA4VFVSVE4weFVRc3cxSXN4Z0xNVXlJN3cxS1oxMHRQSE1jRm5NTVpuSlN4SXppRS9kaURuZGlHemRpSWRWaU5sUks1QkFzeEg5UFF2Q3F2RmNaSjFHbWN3REVKUEloOVVBTzNLSUZySkhBNWxtSWV1c05lWGVlMWNkaU1vemhjU3VCNkNWeUZtZWdOdDFsZlQvVXdDRE93Q0tzbGJCT1dZaWJHb2dkcVZmUjJMZ0pSWEhMTEpKeUVYZ0FBQUFCSlJVNUVya0pnZ2c9PSl9LnNwaW5fdGhlbWVfYWxmYS1vbi13aGl0ZS5zcGluX3NpemVfbHtiYWNrZ3JvdW5kLWltYWdlOnVybChkYXRhOmltYWdlL3BuZztiYXNlNjQsaVZCT1J3MEtHZ29BQUFBTlNVaEVVZ0FBQURJQUFBQXlDQVlBQUFBZVA0aXhBQUFFQWtsRVFWUjRBV0tnRnVDVU0rWUhWR01Qd0pGbFVRQ0d0ODNZZHNhMmJkdTJiZHUyYld0dDI3WnRlL2QvVlNkVmR6d1QzcGVxTDdqdnBLdi8xZ002WWdYTzR3MThqWThSY1l2T1g5ekJXUFREYVh5TG4vRXJmc01mK0JkZklFTG5nRFg0Q3QvZ08veUFuL0NMOWlIeThwbUc5L0NGNlVJa29nRmV3aWY0RkovalMzeU5iL0U5SHNjc2RFSXRaTUlIaXk0UlEvRStQc1RIRXZNWnZzQ0RHSUlrbmQvTUxxekN1M2dQSHlneFQ2RWpyREt1ZGNSaHZJVzNsWmkzTVJSdXJRT1VrT1Y0SFc4b01VK2pnaWtDSkdJQVhzRnJTc3g1eEdsdzN5dzNPbGdiTCtGbGlYa1ZaK0hUSVFJMldLODNHSUFIOFFKZWxLQ0hOWGttckxEQkRnY3MxeG9laVdmeEhKN0hzeWlyeFRNaEFYRENCY2ZWaHFQd0NKNVJZdnBvOUw2MXdRVTNQUERDZXFYQkdYZ1NUK0ZwWElCTG94QUwzUEFLSDl5WERrWGlVVHlPSnlTb21ZYWZwbmI0NEVjQUFtRlZCOXJoVWZFWURzQ3FZWWdGUGdRaUNNRndxUU9yOExCNEJKMDBQK0lJUmdoQ0VaaTF3WTk3OGFCNENMRWFoOWdRaWpDRUM2dXhvUjd1dy8xaWx3bU9QRUlRZ1VqaE5oWkg0QjdjSy9xWklNU1BLQkdOUUdOeENlN0MzYUtlQ1VJOGlCR3hDRE1XOStBTzNDbEttU0RFaFRqRWl4aGo4U2h1dyswaTNnUWhEaVFnVWNRYmkyZHdBYmNLandsQ3JFaFdHWXVuY1I3bmhGbENVbFhHNGdHY3hSa1JaNElRSjlJQlNNZ1duTVlwVWR3RUlWNWtLbEtNeFZrNGlST2lwZ2xDZ2xCWWtXQXM5c2R4SEJPZFRSQVNoYUtLYUdPeE9vN2lpRmhtZ3BCTWxFQnhFWnoxZWp1QVErSWdJalhmR1pZU0pTWElsclZ4S2c2SS9XaXNjVWdreW9qU1NGTTNOcENBZmRpTEJScWZXQlZET1ZFV0VlcEFLUGFJM2RpRmFocUdSS0FpS3FDOGNGNDYxRjhDZG1JSGxzS2gyZDY4SENxamtnU2xYR2t3Rkp1eFhXeEZZNDFDNGxFTlZWRkZZbHhYRzI2UGJSS3hCZXVScnNrT3NJYW9Ma0ZKMTl2MXI4Sm1iTUpHTEVab0FaOUVWVWR0MUpTWXlyQmY3eDlMU2NBR3JNYzZUSUtyZ0s1alZVWTkxSkdZV2dpNzBSdG9KQkZyc1Fhck1RR2grZnhNVkVORDFFYzkxRVhTemQ1UUx5VmlKVlpnTmxMeUlTSVU5ZEVFalpTWTR0azluUnl0UkN6RFVpeEFMZGp6NkpwVkJscWdPWm9xTVpWZ3k4bTVjWGNsWWpFV1NjeDRsSVlsbC9iWVNXaUNObWdsTWMwa3BoUnN1ZkZJMWNVU0pXSSs1bUkyQnFNU2dyTjVmYW93R3FNRDJxTXRXcU9seEtUbjl0TmVGRE1rWWg3bVlKYXNUY01VOUVVTkZFRUNRdUNFQThHSVJScktvU1c2b3lzNm82T0V0RU1iTkVWMFhuNlNOTVJNekphZjB6RVZrekVSNHpFV296RVN3ekVVZ3pBQS9kQUh2ZEFEM2RBRm5kQUJiVkVjenZ6YTA3YkNqSnNJR1h5VkVQVlpxUWh2UWV4MUExRWVYVEJCWEN0a0lQcWpMM3BMU0gxa3dxdlRtVnNSMUVNNzlNRkFKYUtQQkRkQkZhVG01c3ZuZnhKMDJhaWN0UlZCQUFBQUFFbEZUa1N1UW1DQyl9LnNwaW5fdGhlbWVfYWxmYS1vbi13aGl0ZS5zcGluX3NpemVfeGx7YmFja2dyb3VuZC1pbWFnZTp1cmwoZGF0YTppbWFnZS9wbmc7YmFzZTY0LGlWQk9SdzBLR2dvQUFBQU5TVWhFVWdBQUFEd0FBQUE4Q0FZQUFBQTYvTmx5QUFBRXVFbEVRVlI0QWQzWkE1QWRlUmRBOFl4dE03WnQyN1p0MjdadDI3WnRPL213dHUzZDAxVTNWVGYyN092L1ZQMkMxcHZ6MnQySjN0YVBWM3gyYnhSSFQ4ekhjZHpIRi9nQVlZbnMvbU5Gb0MzMjRFdjhnQi94TTM3RmIvZ2JueUxNenFGNXNRcWY0V3Q4Zysvd3ZUSEJFcG9mMnlUMGMzeUpyeVQ0VytqZ1gyd1pMS0VSbUlXUDhBaytsZWd2SlBockNiNkM2V2lOWWtpS0VMakR5UzZ4UlhFTEgrQkRmSXhQMUZvK2hnNklOZUdnMUJML3gzdDRYNkkva3VnOXlHLzdTQW4xd0hqOFQ0TGZsZWdQY0JJVmpRaVYyR0NzeDMvd1g0bCtSLzV1QlRlVFl0MnhCbmR4WDBWZlFqNWpRbFh3YU56R0hSVzlHL0VteGpiQlRkeFMwWXZoYTRQZjNlbGxaeWlJYTdpaG9yZmJKTllaTG5CK21ldmhFN2dxMGRkeEVuR092bFpWckN2YzRQU2krKzFsWEpIb3k4aGxoODFZeDhJZGJzK2JLUWN1NGhJdWkwWTJPdTY0U0tnSFBJWExzMlpZZ1BPNElPRmI0V2FqWUNjVjZ3VnZlRDF0NG13NGkzTXF1b1FOenk0dThCWSs4SVhya3lhY2dEUGlMSmJZK0pUcUphRit3dnZSQ1lKd0hLZHdXcUt6MnpqWUZmNGlBSUZ3MWhQVXhnbWNGTXNNdUhEeWs5QWc0YWxIenNCeGNRSjFEUWoyUkxBSVFZQWVjUkJIeFRGRUdCRHNJcUdoSWd4TzFvaWNPQ3lPWUtWaHQ3WmhDQmNlMXNCNk9JaERvcnRCd2Y2SUVKSHd0UWIyd2dHbHNrSEJQb2hTZ3F5QjA3QlA3RWMyZzRJOUVLT0VXd09YWXE4U2FWQ3dLMkpGSEtLdGdldXdXL0UzS05nRjhVcXNOWEFyZGlwdUJnVTdJWWxtRGR5Q0hZcHB3Y2swYStCS2JGTk0yNlNUSzBtdGdmT3hSWWt3S05nTktRRkk4RmhzRnB1UXliRHpjR29sM2hyWUVSdVZNb1pkV3FaRkdoRnREYXlHRFZndldoc1VISTEwU3FnMU1EUFdpYldZYWxCd2FtUVE2UjljUzN0Z0pkYUkxUWd4SU5ZZG1VUkdpWForTUhJSVZvbVZLRzlBY0FTeUlMTklya2VXbGRBVllxUUJ3V21SRFZrbFBGeVBETUJTTE1jeUxFVmFtOThINTBCMlpCTnVqMDdVRFV2RkVneXljWEI2NUJRNWtPSnBSN1FsV0l4RklxY05ZME9RQjdtUlMvZzliZUsrRXJvUUN6QUtyamFLZFVZMjVFVWVrZjU1Ty9vQ3pCZnpVTkpHd2JFb2dQeklKK0VCejV1cHBZVE94UnpNUkdvYnhBYWhFQXFxNkZRdk1tTWdwa2pzYk16Q09JUTZjS3lYaEJaQklaRVA3aSs2Z0F5WUtXWmdPdnJCMDBHZlcrVkJNUlNWNk1JSWZ0a0ZsVkN4MHpBVjdlRHBZTEU1VUJMRlZYVGNxeTZ3b1lxZGdrbm9oUkFIaVBWR0FaUkdLUldkN25XZkdIUlZzUk14QVVPUi9GK01EWlhJc2lpam9uUEIrWFVYN292T0tuWTh4bUlVQ3NJbGdjK3pLVkJCbEZmUmVlRCtKdmVWT2hJN0RtTXdXcUs3SVVNQ25XTkxvUW9xb2FKRWwwTW1PTCtORHkyc1l6RVN3ekVNTFpIa0xYeG1PSXFqQnFxaEtpcXI2R1FKOFJSaGlNU09rTmloR0l4QmFJVTg4SC9OaDIvcFVCWjFVRXVDcTB0MEZaUkhSRUxlZnRWU2EzZUlCQTlFZi9SREg3UkVhV1JCUEFMZ0JSZmhDWC9FU0dCK0NXcUlCcWdud2JWUlU2M2xuQWwrZXBUd3BHaXUxdTRBQ2U0cndiM1FBOTNSRlozUkVSM1FEbTNRQ2kzUkhFM1JHSTFVY0YwSnJvV2lDSE9FQzRBa3FLUFdibC8wVnNIZFhpSzRpUVEzUkgwSkxvUndSN3ltOVVVdU5FQlBpd3J1OHBUZzFpcTRtUVEzUkdta2hhZWRYbk1rUlc2VVFSMEphb20yRXRzVTlWRVpoWkVaTVcvekh2d2Z3VzQ5OEpRMExENEFBQUFBU1VWT1JLNUNZSUk9KX1ALXdlYmtpdC1rZXlmcmFtZXMgc3Bpbl9hbmltYXRpb257MCV7LXdlYmtpdC10cmFuc2Zvcm06cm90YXRlKDApO3RyYW5zZm9ybTpyb3RhdGUoMCl9dG97LXdlYmtpdC10cmFuc2Zvcm06cm90YXRlKDF0dXJuKTt0cmFuc2Zvcm06cm90YXRlKDF0dXJuKX19QGtleWZyYW1lcyBzcGluX2FuaW1hdGlvbnswJXstd2Via2l0LXRyYW5zZm9ybTpyb3RhdGUoMCk7dHJhbnNmb3JtOnJvdGF0ZSgwKX10b3std2Via2l0LXRyYW5zZm9ybTpyb3RhdGUoMXR1cm4pO3RyYW5zZm9ybTpyb3RhdGUoMXR1cm4pfX0uaWNvbl9zaXplX2wuaWNvbl9uYW1lX29rLmljb25fdGhlbWVfYWxmYS1vbi13aGl0ZXtiYWNrZ3JvdW5kLWltYWdlOnVybCgvc3RhdGljL21lZGlhL2ljb25fb2tfbF9ibGFjay42N2UxOTE1NS5zdmcpfS5pY29uX3NpemVfbC5pY29uX25hbWVfb2suaWNvbl9jb2xvcmVkLmljb25fdGhlbWVfYWxmYS1vbi1jb2xvciwuaWNvbl9zaXplX2wuaWNvbl9uYW1lX29rLmljb25fY29sb3JlZC5pY29uX3RoZW1lX2FsZmEtb24td2hpdGV7YmFja2dyb3VuZC1pbWFnZTp1cmwoL3N0YXRpYy9tZWRpYS9pY29uX29rX2xfY29sb3IuMTZlMDI1NWEuc3ZnKX0uaWNvbl9zaXplX2wuaWNvbl9uYW1lX29rLmljb25fdGhlbWVfYWxmYS1vbi1jb2xvcntiYWNrZ3JvdW5kLWltYWdlOnVybCgvc3RhdGljL21lZGlhL2ljb25fb2tfbF93aGl0ZS5mZjIxY2Y4YS5zdmcpfS5pY29uX3NpemVfbS5pY29uX25hbWVfb2suaWNvbl90aGVtZV9hbGZhLW9uLXdoaXRle2JhY2tncm91bmQtaW1hZ2U6dXJsKC9zdGF0aWMvbWVkaWEvaWNvbl9va19tX2JsYWNrLmFlYmRmZTQ3LnN2Zyl9Lmljb25fc2l6ZV9tLmljb25fbmFtZV9vay5pY29uX2NvbG9yZWQuaWNvbl90aGVtZV9hbGZhLW9uLWNvbG9yLC5pY29uX3NpemVfbS5pY29uX25hbWVfb2suaWNvbl9jb2xvcmVkLmljb25fdGhlbWVfYWxmYS1vbi13aGl0ZXtiYWNrZ3JvdW5kLWltYWdlOnVybCgvc3RhdGljL21lZGlhL2ljb25fb2tfbV9jb2xvci4wNDAyN2FhMS5zdmcpfS5pY29uX3NpemVfbS5pY29uX25hbWVfb2suaWNvbl90aGVtZV9hbGZhLW9uLWNvbG9ye2JhY2tncm91bmQtaW1hZ2U6dXJsKC9zdGF0aWMvbWVkaWEvaWNvbl9va19tX3doaXRlLjU5ODdkYTc5LnN2Zyl9Lmljb25fc2l6ZV9zLmljb25fbmFtZV9vay5pY29uX3RoZW1lX2FsZmEtb24td2hpdGV7YmFja2dyb3VuZC1pbWFnZTp1cmwoL3N0YXRpYy9tZWRpYS9pY29uX29rX3NfYmxhY2suNmEzY2ZlNjkuc3ZnKX0uaWNvbl9zaXplX3MuaWNvbl9uYW1lX29rLmljb25fY29sb3JlZC5pY29uX3RoZW1lX2FsZmEtb24tY29sb3IsLmljb25fc2l6ZV9zLmljb25fbmFtZV9vay5pY29uX2NvbG9yZWQuaWNvbl90aGVtZV9hbGZhLW9uLXdoaXRle2JhY2tncm91bmQtaW1hZ2U6dXJsKC9zdGF0aWMvbWVkaWEvaWNvbl9va19zX2NvbG9yLjllNjJlNzdhLnN2Zyl9Lmljb25fc2l6ZV9zLmljb25fbmFtZV9vay5pY29uX3RoZW1lX2FsZmEtb24tY29sb3J7YmFja2dyb3VuZC1pbWFnZTp1cmwoL3N0YXRpYy9tZWRpYS9pY29uX29rX3Nfd2hpdGUuYzRlOTE1OTMuc3ZnKX0uaWNvbl9zaXplX3hsLmljb25fbmFtZV9vay5pY29uX3RoZW1lX2FsZmEtb24td2hpdGV7YmFja2dyb3VuZC1pbWFnZTp1cmwoL3N0YXRpYy9tZWRpYS9pY29uX29rX3hsX2JsYWNrLmRjNDM1ZjJmLnN2Zyl9Lmljb25fc2l6ZV94bC5pY29uX25hbWVfb2suaWNvbl9jb2xvcmVkLmljb25fdGhlbWVfYWxmYS1vbi1jb2xvciwuaWNvbl9zaXplX3hsLmljb25fbmFtZV9vay5pY29uX2NvbG9yZWQuaWNvbl90aGVtZV9hbGZhLW9uLXdoaXRle2JhY2tncm91bmQtaW1hZ2U6dXJsKC9zdGF0aWMvbWVkaWEvaWNvbl9va194bF9jb2xvci42MThjOWE2My5zdmcpfS5pY29uX3NpemVfeGwuaWNvbl9uYW1lX29rLmljb25fdGhlbWVfYWxmYS1vbi1jb2xvcntiYWNrZ3JvdW5kLWltYWdlOnVybCgvc3RhdGljL21lZGlhL2ljb25fb2tfeGxfd2hpdGUuMTQ3ODFjYmIuc3ZnKX0uaWNvbl9zaXplX3h4bC5pY29uX25hbWVfb2suaWNvbl90aGVtZV9hbGZhLW9uLXdoaXRle2JhY2tncm91bmQtaW1hZ2U6dXJsKC9zdGF0aWMvbWVkaWEvaWNvbl9va194eGxfYmxhY2suOTk4NmY3Mzkuc3ZnKX0uaWNvbl9zaXplX3h4bC5pY29uX25hbWVfb2suaWNvbl9jb2xvcmVkLmljb25fdGhlbWVfYWxmYS1vbi1jb2xvciwuaWNvbl9zaXplX3h4bC5pY29uX25hbWVfb2suaWNvbl9jb2xvcmVkLmljb25fdGhlbWVfYWxmYS1vbi13aGl0ZXtiYWNrZ3JvdW5kLWltYWdlOnVybCgvc3RhdGljL21lZGlhL2ljb25fb2tfeHhsX2NvbG9yLjljZTVkNTE5LnN2Zyl9Lmljb25fc2l6ZV94eGwuaWNvbl9uYW1lX29rLmljb25fdGhlbWVfYWxmYS1vbi1jb2xvcntiYWNrZ3JvdW5kLWltYWdlOnVybCgvc3RhdGljL21lZGlhL2ljb25fb2tfeHhsX3doaXRlLjM0MWYwYzhjLnN2Zyl9Lmljb25fc2l6ZV94eHhsLmljb25fbmFtZV9vay5pY29uX2NvbG9yZWQuaWNvbl90aGVtZV9hbGZhLW9uLWNvbG9yLC5pY29uX3NpemVfeHh4bC5pY29uX25hbWVfb2suaWNvbl9jb2xvcmVkLmljb25fdGhlbWVfYWxmYS1vbi13aGl0ZXtiYWNrZ3JvdW5kLWltYWdlOnVybCgvc3RhdGljL21lZGlhL2ljb25fb2tfeHh4bF9jb2xvci4xMjlkMWVlMS5zdmcpfS5pY29uX3NpemVfbC5pY29uX25hbWVfZXJyb3IuaWNvbl90aGVtZV9hbGZhLW9uLXdoaXRle2JhY2tncm91bmQtaW1hZ2U6dXJsKC9zdGF0aWMvbWVkaWEvaWNvbl9lcnJvcl9sX2JsYWNrLjIwYmIyZWQxLnN2Zyl9Lmljb25fc2l6ZV9sLmljb25fbmFtZV9lcnJvci5pY29uX2NvbG9yZWQuaWNvbl90aGVtZV9hbGZhLW9uLWNvbG9yLC5pY29uX3NpemVfbC5pY29uX25hbWVfZXJyb3IuaWNvbl9jb2xvcmVkLmljb25fdGhlbWVfYWxmYS1vbi13aGl0ZXtiYWNrZ3JvdW5kLWltYWdlOnVybCgvc3RhdGljL21lZGlhL2ljb25fZXJyb3JfbF9jb2xvci5hMjMxZjk5My5zdmcpfS5pY29uX3NpemVfbC5pY29uX25hbWVfZXJyb3IuaWNvbl90aGVtZV9hbGZhLW9uLWNvbG9ye2JhY2tncm91bmQtaW1hZ2U6dXJsKC9zdGF0aWMvbWVkaWEvaWNvbl9lcnJvcl9sX3doaXRlLmUwNmIxNGE5LnN2Zyl9Lmljb25fc2l6ZV9tLmljb25fbmFtZV9lcnJvci5pY29uX3RoZW1lX2FsZmEtb24td2hpdGV7YmFja2dyb3VuZC1pbWFnZTp1cmwoL3N0YXRpYy9tZWRpYS9pY29uX2Vycm9yX21fYmxhY2suOWFhZDlmNDcuc3ZnKX0uaWNvbl9zaXplX20uaWNvbl9uYW1lX2Vycm9yLmljb25fY29sb3JlZC5pY29uX3RoZW1lX2FsZmEtb24tY29sb3IsLmljb25fc2l6ZV9tLmljb25fbmFtZV9lcnJvci5pY29uX2NvbG9yZWQuaWNvbl90aGVtZV9hbGZhLW9uLXdoaXRle2JhY2tncm91bmQtaW1hZ2U6dXJsKC9zdGF0aWMvbWVkaWEvaWNvbl9lcnJvcl9tX2NvbG9yLmQyNmFjMzA3LnN2Zyl9Lmljb25fc2l6ZV9tLmljb25fbmFtZV9lcnJvci5pY29uX3RoZW1lX2FsZmEtb24tY29sb3J7YmFja2dyb3VuZC1pbWFnZTp1cmwoL3N0YXRpYy9tZWRpYS9pY29uX2Vycm9yX21fd2hpdGUuMTQzZWM4NWEuc3ZnKX0uaWNvbl9zaXplX3MuaWNvbl9uYW1lX2Vycm9yLmljb25fdGhlbWVfYWxmYS1vbi13aGl0ZXtiYWNrZ3JvdW5kLWltYWdlOnVybCgvc3RhdGljL21lZGlhL2ljb25fZXJyb3Jfc19ibGFjay43Mjc5OTg3Yi5zdmcpfS5pY29uX3NpemVfcy5pY29uX25hbWVfZXJyb3IuaWNvbl9jb2xvcmVkLmljb25fdGhlbWVfYWxmYS1vbi1jb2xvciwuaWNvbl9zaXplX3MuaWNvbl9uYW1lX2Vycm9yLmljb25fY29sb3JlZC5pY29uX3RoZW1lX2FsZmEtb24td2hpdGV7YmFja2dyb3VuZC1pbWFnZTp1cmwoL3N0YXRpYy9tZWRpYS9pY29uX2Vycm9yX3NfY29sb3IuNjI4Zjg0YmQuc3ZnKX0uaWNvbl9zaXplX3MuaWNvbl9uYW1lX2Vycm9yLmljb25fdGhlbWVfYWxmYS1vbi1jb2xvcntiYWNrZ3JvdW5kLWltYWdlOnVybCgvc3RhdGljL21lZGlhL2ljb25fZXJyb3Jfc193aGl0ZS5hMWRjMTEyOS5zdmcpfS5pY29uX3NpemVfeGwuaWNvbl9uYW1lX2Vycm9yLmljb25fdGhlbWVfYWxmYS1vbi13aGl0ZXtiYWNrZ3JvdW5kLWltYWdlOnVybCgvc3RhdGljL21lZGlhL2ljb25fZXJyb3JfeGxfYmxhY2suYWRkOWMzZGUuc3ZnKX0uaWNvbl9zaXplX3hsLmljb25fbmFtZV9lcnJvci5pY29uX2NvbG9yZWQuaWNvbl90aGVtZV9hbGZhLW9uLWNvbG9yLC5pY29uX3NpemVfeGwuaWNvbl9uYW1lX2Vycm9yLmljb25fY29sb3JlZC5pY29uX3RoZW1lX2FsZmEtb24td2hpdGV7YmFja2dyb3VuZC1pbWFnZTp1cmwoL3N0YXRpYy9tZWRpYS9pY29uX2Vycm9yX3hsX2NvbG9yLjBmNGZhMzNiLnN2Zyl9Lmljb25fc2l6ZV94bC5pY29uX25hbWVfZXJyb3IuaWNvbl90aGVtZV9hbGZhLW9uLWNvbG9ye2JhY2tncm91bmQtaW1hZ2U6dXJsKC9zdGF0aWMvbWVkaWEvaWNvbl9lcnJvcl94bF93aGl0ZS40OTg5M2M4My5zdmcpfS5pY29uX3NpemVfbC5pY29uX25hbWVfZmFpbC5pY29uX3RoZW1lX2FsZmEtb24td2hpdGV7YmFja2dyb3VuZC1pbWFnZTp1cmwoL3N0YXRpYy9tZWRpYS9pY29uX2ZhaWxfbF9ibGFjay43NzIyNjAzMC5zdmcpfS5pY29uX3NpemVfbC5pY29uX25hbWVfZmFpbC5pY29uX3RoZW1lX2FsZmEtb24tY29sb3J7YmFja2dyb3VuZC1pbWFnZTp1cmwoL3N0YXRpYy9tZWRpYS9pY29uX2ZhaWxfbF93aGl0ZS4yNjkyMDljMC5zdmcpfS5pY29uX3NpemVfbS5pY29uX25hbWVfZmFpbC5pY29uX3RoZW1lX2FsZmEtb24td2hpdGV7YmFja2dyb3VuZC1pbWFnZTp1cmwoL3N0YXRpYy9tZWRpYS9pY29uX2ZhaWxfbV9ibGFjay40ODMyMjY0Zi5zdmcpfS5pY29uX3NpemVfbS5pY29uX25hbWVfZmFpbC5pY29uX3RoZW1lX2FsZmEtb24tY29sb3J7YmFja2dyb3VuZC1pbWFnZTp1cmwoL3N0YXRpYy9tZWRpYS9pY29uX2ZhaWxfbV93aGl0ZS44ZjM0MTUzYy5zdmcpfS5pY29uX3NpemVfcy5pY29uX25hbWVfZmFpbC5pY29uX3RoZW1lX2FsZmEtb24td2hpdGV7YmFja2dyb3VuZC1pbWFnZTp1cmwoL3N0YXRpYy9tZWRpYS9pY29uX2ZhaWxfc19ibGFjay5mY2MxMDRmNC5zdmcpfS5pY29uX3NpemVfcy5pY29uX25hbWVfZmFpbC5pY29uX3RoZW1lX2FsZmEtb24tY29sb3J7YmFja2dyb3VuZC1pbWFnZTp1cmwoL3N0YXRpYy9tZWRpYS9pY29uX2ZhaWxfc193aGl0ZS5kOWRkOTVlNC5zdmcpfS5pY29uX3NpemVfeGwuaWNvbl9uYW1lX2ZhaWwuaWNvbl90aGVtZV9hbGZhLW9uLXdoaXRle2JhY2tncm91bmQtaW1hZ2U6dXJsKC9zdGF0aWMvbWVkaWEvaWNvbl9mYWlsX3hsX2JsYWNrLjZhMDMwMmJjLnN2Zyl9Lmljb25fc2l6ZV94bC5pY29uX25hbWVfZmFpbC5pY29uX3RoZW1lX2FsZmEtb24tY29sb3J7YmFja2dyb3VuZC1pbWFnZTp1cmwoL3N0YXRpYy9tZWRpYS9pY29uX2ZhaWxfeGxfd2hpdGUuYmE1NTdmYzcuc3ZnKX0ubm90aWZpY2F0aW9ue3Zpc2liaWxpdHk6aGlkZGVuO3Bvc2l0aW9uOmZpeGVkO3dpZHRoOjM1MHB4O21pbi1oZWlnaHQ6NTZweDtwYWRkaW5nOjE2cHg7Zm9udC1mYW1pbHk6QmxpbmtNYWNTeXN0ZW1Gb250LC1hcHBsZS1zeXN0ZW0sU2Vnb2UgVUksUm9ib3RvLE94eWdlbixVYnVudHUsQ2FudGFyZWxsLE9wZW4gU2FucyxIZWx2ZXRpY2EgTmV1ZSxSb2JvdG8gUm91YmxlLHNhbnMtc2VyaWY7Zm9udC13ZWlnaHQ6NDAwO2xpbmUtaGVpZ2h0OjEuMjtib3JkZXItcmFkaXVzOjhweDstd2Via2l0LXRyYW5zaXRpb246LXdlYmtpdC10cmFuc2Zvcm0gLjJzIGVhc2Utb3V0O3RyYW5zaXRpb246LXdlYmtpdC10cmFuc2Zvcm0gLjJzIGVhc2Utb3V0O3RyYW5zaXRpb246dHJhbnNmb3JtIC4ycyBlYXNlLW91dDt0cmFuc2l0aW9uOnRyYW5zZm9ybSAuMnMgZWFzZS1vdXQsLXdlYmtpdC10cmFuc2Zvcm0gLjJzIGVhc2Utb3V0O3otaW5kZXg6OTk5OTstd2Via2l0LXVzZXItc2VsZWN0Om5vbmU7LW1vei11c2VyLXNlbGVjdDpub25lOy1tcy11c2VyLXNlbGVjdDpub25lO3VzZXItc2VsZWN0Om5vbmU7Y29sb3I6I2ZmZjtiYWNrZ3JvdW5kOiMwYjFmMzU7Ym94LXNoYWRvdzowIDRweCAxNnB4IHJnYmEoMTEsMzEsNTMsLjEyKSwwIDFweCAycHggcmdiYSgxMSwzMSw1MywuMjQpfS5ub3RpZmljYXRpb24sLm5vdGlmaWNhdGlvbiAqLC5ub3RpZmljYXRpb24gOmFmdGVyLC5ub3RpZmljYXRpb24gOmJlZm9yZXtib3gtc2l6aW5nOmJvcmRlci1ib3h9Lm5vdGlmaWNhdGlvbl9zdGljay10b19sZWZ0e2xlZnQ6MTJweDstd2Via2l0LXRyYW5zZm9ybTp0cmFuc2xhdGUoLTM1MHB4KTt0cmFuc2Zvcm06dHJhbnNsYXRlKC0zNTBweCl9Lm5vdGlmaWNhdGlvbl9zdGljay10b19yaWdodHtyaWdodDoxMnB4Oy13ZWJraXQtdHJhbnNmb3JtOnRyYW5zbGF0ZSgzNTBweCk7dHJhbnNmb3JtOnRyYW5zbGF0ZSgzNTBweCl9Lm5vdGlmaWNhdGlvbl90aGVtZV9hbGZhLW9uLWNvbG9ye2NvbG9yOnJnYmEoMTEsMzEsNTMsLjk1KTtiYWNrZ3JvdW5kOiNmZmY7Ym94LXNoYWRvdzowIDRweCAxNnB4IGhzbGEoMCwwJSwxMDAlLC4xMiksMCAxcHggMnB4IGhzbGEoMCwwJSwxMDAlLC4yNCl9Lm5vdGlmaWNhdGlvbl9oYXMtY2xvc2Vye3BhZGRpbmctcmlnaHQ6NTBweH0ubm90aWZpY2F0aW9uX190aXRsZXtmb250LXNpemU6MTZweDtsaW5lLWhlaWdodDoxLjI7Zm9udC13ZWlnaHQ6NzAwfS5ub3RpZmljYXRpb25fX2NvbnRlbnR7Zm9udC1zaXplOjEzcHg7bGluZS1oZWlnaHQ6MS4yO2ZvbnQtd2VpZ2h0OjQwMH0ubm90aWZpY2F0aW9uX190aXRsZSsubm90aWZpY2F0aW9uX19jb250ZW50e21hcmdpbi10b3A6OHB4fS5ub3RpZmljYXRpb25fX2Nsb3Nlciwubm90aWZpY2F0aW9uX19pY29ue3Bvc2l0aW9uOmFic29sdXRlfS5ub3RpZmljYXRpb25fX2ljb257ZGlzcGxheTpub25lO3RvcDoxNnB4O2xlZnQ6MTZweH0ubm90aWZpY2F0aW9uX19jbG9zZXJ7b3BhY2l0eTouNjt0b3A6OHB4O3JpZ2h0OjhweDt3aWR0aDozNHB4O2hlaWdodDozNHB4O2N1cnNvcjpwb2ludGVyOy13ZWJraXQtdHJhbnNpdGlvbjpvcGFjaXR5IC4yczt0cmFuc2l0aW9uOm9wYWNpdHkgLjJzfS5ub3RpZmljYXRpb25fX2Nsb3Nlcjpob3ZlcntvcGFjaXR5OjF9Lm5vdGlmaWNhdGlvbl9zdGF0dXNfZXJyb3IsLm5vdGlmaWNhdGlvbl9zdGF0dXNfZmFpbCwubm90aWZpY2F0aW9uX3N0YXR1c19va3twYWRkaW5nLWxlZnQ6NTJweH0ubm90aWZpY2F0aW9uX3N0YXR1c19lcnJvciAubm90aWZpY2F0aW9uX19pY29uLC5ub3RpZmljYXRpb25fc3RhdHVzX2ZhaWwgLm5vdGlmaWNhdGlvbl9faWNvbiwubm90aWZpY2F0aW9uX3N0YXR1c19vayAubm90aWZpY2F0aW9uX19pY29ue2Rpc3BsYXk6YmxvY2t9Lm5vdGlmaWNhdGlvbl92aXNpYmxle3Zpc2liaWxpdHk6dmlzaWJsZTstd2Via2l0LXRyYW5zZm9ybTp0cmFuc2xhdGUoMCk7dHJhbnNmb3JtOnRyYW5zbGF0ZSgwKX1AbWVkaWEgKG1heC13aWR0aDo1OTlweCl7Lm5vdGlmaWNhdGlvbnt3aWR0aDpjYWxjKDEwMCUgLSAyNHB4KTttaW4taGVpZ2h0OjQ4cHg7cGFkZGluZzoxMnB4Oy13ZWJraXQtdHJhbnNmb3JtOnRyYW5zbGF0ZVkoLTUwMHB4KTt0cmFuc2Zvcm06dHJhbnNsYXRlWSgtNTAwcHgpfS5ub3RpZmljYXRpb25fdmlzaWJsZXstd2Via2l0LXRyYW5zZm9ybTp0cmFuc2xhdGUoMCk7dHJhbnNmb3JtOnRyYW5zbGF0ZSgwKX0ubm90aWZpY2F0aW9uX2hhcy1jbG9zZXJ7cGFkZGluZy1yaWdodDo0NnB4fS5ub3RpZmljYXRpb25fX2ljb257dG9wOjEycHg7bGVmdDoxMnB4fS5ub3RpZmljYXRpb25fX2Nsb3Nlcnt0b3A6NHB4O3JpZ2h0OjRweH0ubm90aWZpY2F0aW9uX3N0YXR1c19lcnJvciwubm90aWZpY2F0aW9uX3N0YXR1c19mYWlsLC5ub3RpZmljYXRpb25fc3RhdHVzX29re3BhZGRpbmctbGVmdDo1NnB4fX0uaWNvbl9zaXplX2wuaWNvbl9uYW1lX2JhbmstMjQ0OS5pY29uX3RoZW1lX2FsZmEtb24td2hpdGV7YmFja2dyb3VuZC1pbWFnZTp1cmwoL3N0YXRpYy9tZWRpYS9pY29uX2JhbmstMjQ0OV9sX2JsYWNrLmRlZGFhMjA0LnN2Zyl9Lmljb25fc2l6ZV9sLmljb25fbmFtZV9iYW5rLTI0NDkuaWNvbl9jb2xvcmVkLmljb25fdGhlbWVfYWxmYS1vbi1jb2xvciwuaWNvbl9zaXplX2wuaWNvbl9uYW1lX2JhbmstMjQ0OS5pY29uX2NvbG9yZWQuaWNvbl90aGVtZV9hbGZhLW9uLXdoaXRle2JhY2tncm91bmQtaW1hZ2U6dXJsKC9zdGF0aWMvbWVkaWEvaWNvbl9iYW5rLTI0NDlfbF9jb2xvci5hNWRhNWU2OC5zdmcpfS5pY29uX3NpemVfbC5pY29uX25hbWVfYmFuay0yNDQ5Lmljb25fdGhlbWVfYWxmYS1vbi1jb2xvcntiYWNrZ3JvdW5kLWltYWdlOnVybCgvc3RhdGljL21lZGlhL2ljb25fYmFuay0yNDQ5X2xfd2hpdGUuMjAyYzFkN2Quc3ZnKX0uaWNvbl9zaXplX20uaWNvbl9uYW1lX2JhbmstMjQ0OS5pY29uX3RoZW1lX2FsZmEtb24td2hpdGV7YmFja2dyb3VuZC1pbWFnZTp1cmwoL3N0YXRpYy9tZWRpYS9pY29uX2JhbmstMjQ0OV9tX2JsYWNrLjY0YTY3MGZkLnN2Zyl9Lmljb25fc2l6ZV9tLmljb25fbmFtZV9iYW5rLTI0NDkuaWNvbl9jb2xvcmVkLmljb25fdGhlbWVfYWxmYS1vbi1jb2xvciwuaWNvbl9zaXplX20uaWNvbl9uYW1lX2JhbmstMjQ0OS5pY29uX2NvbG9yZWQuaWNvbl90aGVtZV9hbGZhLW9uLXdoaXRle2JhY2tncm91bmQtaW1hZ2U6dXJsKC9zdGF0aWMvbWVkaWEvaWNvbl9iYW5rLTI0NDlfbV9jb2xvci5iNDJhYzAwNC5zdmcpfS5pY29uX3NpemVfbS5pY29uX25hbWVfYmFuay0yNDQ5Lmljb25fdGhlbWVfYWxmYS1vbi1jb2xvcntiYWNrZ3JvdW5kLWltYWdlOnVybCgvc3RhdGljL21lZGlhL2ljb25fYmFuay0yNDQ5X21fd2hpdGUuZmUxNTExYTQuc3ZnKX0uaWNvbl9zaXplX3MuaWNvbl9uYW1lX2JhbmstMjQ0OS5pY29uX3RoZW1lX2FsZmEtb24td2hpdGV7YmFja2dyb3VuZC1pbWFnZTp1cmwoL3N0YXRpYy9tZWRpYS9pY29uX2JhbmstMjQ0OV9zX2JsYWNrLmRhYWQzODEwLnN2Zyl9Lmljb25fc2l6ZV9zLmljb25fbmFtZV9iYW5rLTI0NDkuaWNvbl9jb2xvcmVkLmljb25fdGhlbWVfYWxmYS1vbi1jb2xvciwuaWNvbl9zaXplX3MuaWNvbl9uYW1lX2JhbmstMjQ0OS5pY29uX2NvbG9yZWQuaWNvbl90aGVtZV9hbGZhLW9uLXdoaXRle2JhY2tncm91bmQtaW1hZ2U6dXJsKC9zdGF0aWMvbWVkaWEvaWNvbl9iYW5rLTI0NDlfc19jb2xvci42ZWMxOTIxMS5zdmcpfS5pY29uX3NpemVfcy5pY29uX25hbWVfYmFuay0yNDQ5Lmljb25fdGhlbWVfYWxmYS1vbi1jb2xvcntiYWNrZ3JvdW5kLWltYWdlOnVybCgvc3RhdGljL21lZGlhL2ljb25fYmFuay0yNDQ5X3Nfd2hpdGUuMGYxNjZkMDkuc3ZnKX0uaWNvbl9zaXplX3hsLmljb25fbmFtZV9iYW5rLTI0NDkuaWNvbl90aGVtZV9hbGZhLW9uLXdoaXRle2JhY2tncm91bmQtaW1hZ2U6dXJsKC9zdGF0aWMvbWVkaWEvaWNvbl9iYW5rLTI0NDlfeGxfYmxhY2suMmJjNzFmM2Yuc3ZnKX0uaWNvbl9zaXplX3hsLmljb25fbmFtZV9iYW5rLTI0NDkuaWNvbl9jb2xvcmVkLmljb25fdGhlbWVfYWxmYS1vbi1jb2xvciwuaWNvbl9zaXplX3hsLmljb25fbmFtZV9iYW5rLTI0NDkuaWNvbl9jb2xvcmVkLmljb25fdGhlbWVfYWxmYS1vbi13aGl0ZXtiYWNrZ3JvdW5kLWltYWdlOnVybCgvc3RhdGljL21lZGlhL2ljb25fYmFuay0yNDQ5X3hsX2NvbG9yLjFkMzgyZTBhLnN2Zyl9Lmljb25fc2l6ZV94bC5pY29uX25hbWVfYmFuay0yNDQ5Lmljb25fdGhlbWVfYWxmYS1vbi1jb2xvcntiYWNrZ3JvdW5kLWltYWdlOnVybCgvc3RhdGljL21lZGlhL2ljb25fYmFuay0yNDQ5X3hsX3doaXRlLjViODdmYjk2LnN2Zyl9Lmljb25fc2l6ZV94eGwuaWNvbl9uYW1lX2JhbmstMjQ0OS5pY29uX3RoZW1lX2FsZmEtb24td2hpdGV7YmFja2dyb3VuZC1pbWFnZTp1cmwoL3N0YXRpYy9tZWRpYS9pY29uX2JhbmstMjQ0OV94eGxfYmxhY2suNTM5YjZiNWUuc3ZnKX0uaWNvbl9zaXplX3h4bC5pY29uX25hbWVfYmFuay0yNDQ5Lmljb25fY29sb3JlZC5pY29uX3RoZW1lX2FsZmEtb24tY29sb3IsLmljb25fc2l6ZV94eGwuaWNvbl9uYW1lX2JhbmstMjQ0OS5pY29uX2NvbG9yZWQuaWNvbl90aGVtZV9hbGZhLW9uLXdoaXRle2JhY2tncm91bmQtaW1hZ2U6dXJsKC9zdGF0aWMvbWVkaWEvaWNvbl9iYW5rLTI0NDlfeHhsX2NvbG9yLjhiYzFmYzJmLnN2Zyl9Lmljb25fc2l6ZV94eGwuaWNvbl9uYW1lX2JhbmstMjQ0OS5pY29uX3RoZW1lX2FsZmEtb24tY29sb3J7YmFja2dyb3VuZC1pbWFnZTp1cmwoL3N0YXRpYy9tZWRpYS9pY29uX2JhbmstMjQ0OV94eGxfd2hpdGUuYjljNGM4ODIuc3ZnKX0ubGlzdHttYXJnaW46MCAwIDE2cHg7cGFkZGluZzowIDAgMCA0OHB4O2ZvbnQtZmFtaWx5OkJsaW5rTWFjU3lzdGVtRm9udCwtYXBwbGUtc3lzdGVtLFNlZ29lIFVJLFJvYm90byxPeHlnZW4sVWJ1bnR1LENhbnRhcmVsbCxPcGVuIFNhbnMsSGVsdmV0aWNhIE5ldWUsUm9ib3RvIFJvdWJsZSxzYW5zLXNlcmlmO2ZvbnQtd2VpZ2h0OjQwMDtmb250LXNpemU6MTZweDtsaW5lLWhlaWdodDoxLjR9Lmxpc3QgLmxpc3R7bWFyZ2luLXRvcDo4cHg7bWFyZ2luLWJvdHRvbTo4cHg7cGFkZGluZy1sZWZ0OjI0cHh9Lmxpc3RfX2l0ZW17cG9zaXRpb246cmVsYXRpdmU7bGlzdC1zdHlsZTpub25lO21hcmdpbjowIDAgOHB4O3BhZGRpbmc6MH0ubGlzdF9faXRlbTpiZWZvcmV7Y29udGVudDoiXDIwMTQiO2Rpc3BsYXk6YmxvY2s7cG9zaXRpb246YWJzb2x1dGU7cmlnaHQ6MTAwJTt0b3A6MDttYXJnaW4tcmlnaHQ6LjZlbX0ubGlzdF90eXBlX29yZGVyZWR7Y291bnRlci1yZXNldDppdGVtfS5saXN0X3R5cGVfb3JkZXJlZCAubGlzdF9faXRlbTpiZWZvcmV7Y29udGVudDpjb3VudGVyKGl0ZW0pICIuIjtjb3VudGVyLWluY3JlbWVudDppdGVtfS5saXN0X3RoZW1lX2FsZmEtb24tY29sb3J7Y29sb3I6I2ZmZn0ubGlzdF90aGVtZV9hbGZhLW9uLXdoaXRle2NvbG9yOnJnYmEoMTEsMzEsNTMsLjk1KX0ubW9uZXktaW5wdXR7ZGlzcGxheTppbmxpbmUtYmxvY2s7cG9zaXRpb246cmVsYXRpdmV9Lm1vbmV5LWlucHV0X19jdXJyZW5jeXtkaXNwbGF5Om5vbmU7cG9zaXRpb246YWJzb2x1dGU7bGVmdDowO3RvcDoxMHB4O2ZvbnQtc2l6ZTppbmhlcml0O2xpbmUtaGVpZ2h0OmluaGVyaXQ7cG9pbnRlci1ldmVudHM6bm9uZX0uaW5wdXRfc2l6ZV9zIC5tb25leS1pbnB1dF9fY3VycmVuY3l7dG9wOjdweH0uaW5wdXRfc2l6ZV9tIC5tb25leS1pbnB1dF9fY3VycmVuY3l7dG9wOjEwcHh9LmlucHV0X3NpemVfbCAubW9uZXktaW5wdXRfX2N1cnJlbmN5e3RvcDoxNHB4fS5pbnB1dF9zaXplX3hsIC5tb25leS1pbnB1dF9fY3VycmVuY3l7dG9wOjE3cHh9LmlucHV0X2ZvY3VzZWQgLm1vbmV5LWlucHV0X19jdXJyZW5jeSwuaW5wdXRfaGFzLXZhbHVlIC5tb25leS1pbnB1dF9fY3VycmVuY3l7ZGlzcGxheTpibG9ja30uaW5wdXRfdmlld19maWxsZWQgLm1vbmV5LWlucHV0X19jdXJyZW5jeXtsZWZ0OjEycHg7dG9wOjA7bGluZS1oZWlnaHQ6NTZweH0uaW5wdXRfdmlld19maWxsZWQuaW5wdXRfaGFzLWxhYmVsIC5tb25leS1pbnB1dF9fY3VycmVuY3l7dG9wOjI4cHg7bGluZS1oZWlnaHQ6aW5oZXJpdH0ubW9uZXktaW5wdXRfX3ZhbHVle21hcmdpbi1yaWdodDouMjVlbTtjb2xvcjp0cmFuc3BhcmVudDtmb250LXdlaWdodDo0MDB9Lm1vbmV5LWlucHV0X2N1cnJlbmN5IC5pbnB1dCAuaW5wdXRfX2FkZG9uc19sZWZ0e3Bvc2l0aW9uOmFic29sdXRlO2xlZnQ6MDt0b3A6MDt3aGl0ZS1zcGFjZTpub3dyYXB9Lm1vbmV5LWlucHV0X2N1cnJlbmN5IC5pbnB1dCAuaW5wdXRfX2FkZG9uc19sZWZ0Ky5pbnB1dF9fY29udHJvbHtwYWRkaW5nLWxlZnQ6MH0ubW9uZXktaW5wdXRfY3VycmVuY3kgLmlucHV0X3ZpZXdfZmlsbGVkIC5pbnB1dF9fdG9we3BhZGRpbmctbGVmdDoxMnB4fS5tb25leS1pbnB1dF9ib2xkIC5pbnB1dF9fY29udHJvbCwubW9uZXktaW5wdXRfYm9sZCAubW9uZXktaW5wdXRfX3ZhbHVle2ZvbnQtd2VpZ2h0OjcwMH0ubW9uZXktaW5wdXRfd2lkdGhfYXZhaWxhYmxle3dpZHRoOjEwMCV9Ci8qIyBzb3VyY2VNYXBwaW5nVVJMPTIuMmYyY2RkODguY2h1bmsuY3NzLm1hcCAqLw==","base64Encoded":true},"sessionId":"75E497A1F3AF44EE3B8FD61FD0A64788"}
авг. 23, 2023 6:56:49 PM org.openqa.selenium.devtools.Connection handle
INFO: <- {"id":13,"result":{},"sessionId":"75E497A1F3AF44EE3B8FD61FD0A64788"}
авг. 23, 2023 6:56:49 PM org.openqa.selenium.devtools.Connection send
INFO: -> {
  "id": 18,
  "method": "Fetch.fulfillRequest",
  "params": {
    "requestId": "interception-job-2.0",
    "responseCode": 200,
    "responseHeaders": [
      {
        "name": "Connection",
        "value": "keep-alive"
      },
      {
        "name": "Content-Length",
        "value": "59887"
      },
      {
        "name": "Content-Type",
        "value": "text\u002fcss; charset=UTF-8"
      }
    ],
    "body": "LmhlYWRpbmd7Zm9udC1mYW1pbHk6QmxpbmtNYWNTeXN0ZW1Gb250LC1hcHBsZS1zeXN0ZW0sU2Vnb2UgVUksUm9ib3RvLE94eWdlbixVYnVudHUsQ2FudGFyZWxsLE9wZW4gU2FucyxIZWx2ZXRpY2EgTmV1ZSxSb2JvdG8gUm91YmxlLHNhbnMtc2VyaWY7Zm9udC13ZWlnaHQ6NzAwfS5oZWFkaW5nLC5oZWFkaW5nICosLmhlYWRpbmcgOmFmdGVyLC5oZWFkaW5nIDpiZWZvcmV7Ym94LXNpemluZzpib3JkZXItYm94fS5oZWFkaW5nX3NpemVfeGx7bWFyZ2luOjAgMCAyNHB4O2ZvbnQtc2l6ZTozMHB4O2xpbmUtaGVpZ2h0OjEuMn1AbWVkaWEgKG1pbi13aWR0aDo2MDBweCl7LmhlYWRpbmdfc2l6ZV94bHtmb250LXNpemU6NDBweH19QG1lZGlhIHNjcmVlbiBhbmQgKG1pbi13aWR0aDo2NGVtKXsuaGVhZGluZ19zaXplX3hse2ZvbnQtc2l6ZTo0OHB4O2xpbmUtaGVpZ2h0OjEuMX19LmhlYWRpbmdfc2l6ZV9se21hcmdpbjo0MHB4IDAgMTZweDtmb250LXNpemU6MjJweDtsaW5lLWhlaWdodDoxLjJ9QG1lZGlhIChtaW4td2lkdGg6NjAwcHgpey5oZWFkaW5nX3NpemVfbHttYXJnaW46NDhweCAwIDI0cHg7Zm9udC1zaXplOjMwcHh9fUBtZWRpYSBzY3JlZW4gYW5kIChtaW4td2lkdGg6NjRlbSl7LmhlYWRpbmdfc2l6ZV9se2ZvbnQtc2l6ZTo0MHB4fX0uaGVhZGluZ19zaXplX217bWFyZ2luOjQwcHggMCAxNnB4O2ZvbnQtc2l6ZToxOHB4O2xpbmUtaGVpZ2h0OjEuM31AbWVkaWEgKG1pbi13aWR0aDo2MDBweCl7LmhlYWRpbmdfc2l6ZV9te2ZvbnQtc2l6ZToyMnB4O2xpbmUtaGVpZ2h0OjEuMn19QG1lZGlhIHNjcmVlbiBhbmQgKG1pbi13aWR0aDo2NGVtKXsuaGVhZGluZ19zaXplX217bWFyZ2luOjQ4cHggMCAyNHB4O2ZvbnQtc2l6ZTozMHB4fX0uaGVhZGluZ19zaXplX3N7bWFyZ2luOjQwcHggMCAxNnB4O2ZvbnQtc2l6ZToxOHB4O2xpbmUtaGVpZ2h0OjEuM31AbWVkaWEgKG1pbi13aWR0aDo2MDBweCl7LmhlYWRpbmdfc2l6ZV9ze2ZvbnQtc2l6ZToyMnB4O2xpbmUtaGVpZ2h0OjEuMn19LmhlYWRpbmdfc2l6ZV94c3ttYXJnaW46NDBweCAwIDE2cHg7Zm9udC1zaXplOjE4cHg7bGluZS1oZWlnaHQ6MS4zfS5oZWFkaW5nKy5oZWFkaW5ne21hcmdpbi10b3A6MH0uaGVhZGluZ190aGVtZV9hbGZhLW9uLWNvbG9ye2NvbG9yOiNmZmZ9LmhlYWRpbmdfdGhlbWVfYWxmYS1vbi13aGl0ZXtjb2xvcjpyZ2JhKDExLDMxLDUzLC45NSl9LnBhcmFncmFwaHttYXJnaW46MCAwIDE2cHg7cGFkZGluZzowO2ZvbnQtZmFtaWx5OkJsaW5rTWFjU3lzdGVtRm9udCwtYXBwbGUtc3lzdGVtLFNlZ29lIFVJLFJvYm90byxPeHlnZW4sVWJ1bnR1LENhbnRhcmVsbCxPcGVuIFNhbnMsSGVsdmV0aWNhIE5ldWUsUm9ib3RvIFJvdWJsZSxzYW5zLXNlcmlmO2ZvbnQtd2VpZ2h0OjQwMDtmb250LXNpemU6MTZweDtsaW5lLWhlaWdodDoxLjR9LnBhcmFncmFwaCwucGFyYWdyYXBoICosLnBhcmFncmFwaCA6YWZ0ZXIsLnBhcmFncmFwaCA6YmVmb3Jle2JveC1zaXppbmc6Ym9yZGVyLWJveH0ucGFyYWdyYXBoX3ZpZXdfbGVhZHtmb250LXNpemU6MjJweH0ucGFyYWdyYXBoX3ZpZXdfc21hbGx7Zm9udC1zaXplOjEzcHh9LnBhcmFncmFwaF90aGVtZV9hbGZhLW9uLWNvbG9ye2NvbG9yOiNmZmZ9LnBhcmFncmFwaF90aGVtZV9hbGZhLW9uLXdoaXRle2NvbG9yOiMwYjFmMzV9Lmljb25fc2l6ZV9tLmljb25fbmFtZV9jYXRlZ29yeS1ndWFyZC5pY29uX3RoZW1lX2FsZmEtb24td2hpdGV7YmFja2dyb3VuZC1pbWFnZTp1cmwoL3N0YXRpYy9tZWRpYS9pY29uX2NhdGVnb3J5LWd1YXJkX21fYmxhY2suNjM2NDA3ZDguc3ZnKX0uaWNvbl9zaXplX20uaWNvbl9uYW1lX2NhdGVnb3J5LWd1YXJkLmljb25fdGhlbWVfYWxmYS1vbi1jb2xvcntiYWNrZ3JvdW5kLWltYWdlOnVybCgvc3RhdGljL21lZGlhL2ljb25fY2F0ZWdvcnktZ3VhcmRfbV93aGl0ZS43ZDQ3NzYwNy5zdmcpfS5pY29uX3NpemVfeGwuaWNvbl9uYW1lX2NhdGVnb3J5LWd1YXJkLmljb25fdGhlbWVfYWxmYS1vbi13aGl0ZXtiYWNrZ3JvdW5kLWltYWdlOnVybCgvc3RhdGljL21lZGlhL2ljb25fY2F0ZWdvcnktZ3VhcmRfeGxfYmxhY2suMjRjZDY0ZWUuc3ZnKX0uaWNvbl9zaXplX3hsLmljb25fbmFtZV9jYXRlZ29yeS1ndWFyZC5pY29uX3RoZW1lX2FsZmEtb24tY29sb3J7YmFja2dyb3VuZC1pbWFnZTp1cmwoL3N0YXRpYy9tZWRpYS9pY29uX2NhdGVnb3J5LWd1YXJkX3hsX3doaXRlLjU0YjQ5NWMxLnN2Zyl9Lmljb25fc2l6ZV94eGwuaWNvbl9uYW1lX2NhdGVnb3J5LWd1YXJkLmljb25fdGhlbWVfYWxmYS1vbi13aGl0ZXtiYWNrZ3JvdW5kLWltYWdlOnVybCgvc3RhdGljL21lZGlhL2ljb25fY2F0ZWdvcnktZ3VhcmRfeHhsX2JsYWNrLjNkODMzZDY1LnN2Zyl9Lmljb25fc2l6ZV94eGwuaWNvbl9uYW1lX2NhdGVnb3J5LWd1YXJkLmljb25fdGhlbWVfYWxmYS1vbi1jb2xvcntiYWNrZ3JvdW5kLWltYWdlOnVybCgvc3RhdGljL21lZGlhL2ljb25fY2F0ZWdvcnktZ3VhcmRfeHhsX3doaXRlLjQyYTFmM2JkLnN2Zyl9Lmljb257ZGlzcGxheTppbmxpbmUtYmxvY2s7dmVydGljYWwtYWxpZ246bWlkZGxlO2JhY2tncm91bmQtcG9zaXRpb246NTAlO2JhY2tncm91bmQtcmVwZWF0Om5vLXJlcGVhdH0uaWNvbl9zaXplX3hze3dpZHRoOjEycHg7aGVpZ2h0OjEycHh9Lmljb25fc2l6ZV9ze3dpZHRoOjE4cHg7aGVpZ2h0OjE4cHh9Lmljb25fc2l6ZV9te3dpZHRoOjI0cHg7aGVpZ2h0OjI0cHh9Lmljb25fc2l6ZV9se3dpZHRoOjMwcHg7aGVpZ2h0OjMwcHh9Lmljb25fc2l6ZV94bHt3aWR0aDozNnB4O2hlaWdodDozNnB4fS5pY29uX3NpemVfeHhse3dpZHRoOjQ4cHg7aGVpZ2h0OjQ4cHh9Lmljb25fc2l6ZV94eHhse3dpZHRoOjg4cHg7aGVpZ2h0Ojg4cHh9LmZvcm17cGFkZGluZy1ib3R0b206NjBweH0uZm9ybTpsYXN0LWNoaWxke3BhZGRpbmctYm90dG9tOjB9LmZvcm1fX2Zvb3RlcntwYWRkaW5nLXRvcDoyMHB4fS5mb3JtX3ZpZXdfbGluZS5mb3JtX3NpemVfbSAuZm9ybV9fZm9vdGVyLC5mb3JtX3ZpZXdfbGluZS5mb3JtX3NpemVfcyAuZm9ybV9fZm9vdGVye3BhZGRpbmctbGVmdDoxMTVweH0uZm9ybV92aWV3X2xpbmUuZm9ybV9zaXplX2wgLmZvcm1fX2Zvb3RlciwuZm9ybV92aWV3X2xpbmUuZm9ybV9zaXplX3hsIC5mb3JtX19mb290ZXJ7cGFkZGluZy1sZWZ0OjE2NXB4fS5mb3JtLWZpZWxkX3NpemVfc3twYWRkaW5nLWJvdHRvbToxNnB4fS5mb3JtLWZpZWxkX3NpemVfbXtwYWRkaW5nLWJvdHRvbToyNHB4fS5mb3JtLWZpZWxkX3NpemVfbHtwYWRkaW5nLWJvdHRvbTozMnB4fS5mb3JtLWZpZWxkX3NpemVfeGx7cGFkZGluZy1ib3R0b206NDBweH0uYnV0dG9ue2Rpc3BsYXk6aW5saW5lLWZsZXg7ZmxleC1kaXJlY3Rpb246cm93O2ZsZXgtd3JhcDpub3dyYXA7YWxpZ24tY29udGVudDpjZW50ZXI7YWxpZ24taXRlbXM6Y2VudGVyO3Bvc2l0aW9uOnJlbGF0aXZlO21hcmdpbjowO3BhZGRpbmc6MDtjdXJzb3I6cG9pbnRlcjtvdXRsaW5lOjA7LXdlYmtpdC11c2VyLXNlbGVjdDpub25lOy1tb3otdXNlci1zZWxlY3Q6bm9uZTstbXMtdXNlci1zZWxlY3Q6bm9uZTt1c2VyLXNlbGVjdDpub25lO2ZvbnQtZmFtaWx5OkJsaW5rTWFjU3lzdGVtRm9udCwtYXBwbGUtc3lzdGVtLFNlZ29lIFVJLFJvYm90byxPeHlnZW4sVWJ1bnR1LENhbnRhcmVsbCxPcGVuIFNhbnMsSGVsdmV0aWNhIE5ldWUsUm9ib3RvIFJvdWJsZSxzYW5zLXNlcmlmO3RleHQtYWxpZ246Y2VudGVyO3doaXRlLXNwYWNlOm5vd3JhcDstd2Via2l0LXRyYW5zaXRpb24tZHVyYXRpb246LjJzO3RyYW5zaXRpb24tZHVyYXRpb246LjJzOy13ZWJraXQtdHJhbnNpdGlvbi1wcm9wZXJ0eTpiYWNrZ3JvdW5kLGJvcmRlci1jb2xvcixjb2xvcix3aWR0aDt0cmFuc2l0aW9uLXByb3BlcnR5OmJhY2tncm91bmQsYm9yZGVyLWNvbG9yLGNvbG9yLHdpZHRoOy13ZWJraXQtdHJhbnNpdGlvbi10aW1pbmctZnVuY3Rpb246ZWFzZTt0cmFuc2l0aW9uLXRpbWluZy1mdW5jdGlvbjplYXNlO2JvcmRlci1yYWRpdXM6NHB4fS5idXR0b24sLmJ1dHRvbiAqLC5idXR0b24gOmFmdGVyLC5idXR0b24gOmJlZm9yZXtib3gtc2l6aW5nOmJvcmRlci1ib3h9LmJ1dHRvbjo6LW1vei1mb2N1cy1pbm5lcntwYWRkaW5nOjA7Ym9yZGVyOjB9LmJ1dHRvbisuYnV0dG9ue21hcmdpbi1sZWZ0OjEycHh9LmJ1dHRvbl9fYWRkb257ZmxleDowIDAgYXV0b30uYnV0dG9uX19hZGRvbiwuYnV0dG9uX19jb250ZW50e2Rpc3BsYXk6ZmxleDtqdXN0aWZ5LWNvbnRlbnQ6Y2VudGVyO2FsaWduLWNvbnRlbnQ6Y2VudGVyO2FsaWduLWl0ZW1zOmNlbnRlcn0uYnV0dG9uX19jb250ZW50e2ZsZXg6MSAwIGF1dG87ZmxleC1kaXJlY3Rpb246cm93O2ZsZXgtd3JhcDpub3dyYXB9LmJ1dHRvbl9fdGV4dHtmb250LXdlaWdodDo0MDA7bGluZS1oZWlnaHQ6bm9ybWFsO3BhZGRpbmc6MCAwIDFweH0uYnV0dG9uX19pY29ue2Rpc3BsYXk6ZmxleDtqdXN0aWZ5LWNvbnRlbnQ6Y2VudGVyO2FsaWduLWNvbnRlbnQ6Y2VudGVyO2FsaWduLWl0ZW1zOmNlbnRlcjtwYWRkaW5nLXJpZ2h0OjEwcHh9LmJ1dHRvbl93aWR0aF9hdmFpbGFibGV7ZGlzcGxheTpmbGV4O3dpZHRoOjEwMCV9LmJ1dHRvbl90eXBlX2xpbmt7dGV4dC1kZWNvcmF0aW9uOm5vbmV9LmJ1dHRvbl9mb2N1c2Vke3otaW5kZXg6MX0uYnV0dG9uX2Rpc2FibGVke2N1cnNvcjpkZWZhdWx0O3BvaW50ZXItZXZlbnRzOm5vbmV9LmJ1dHRvbl9kaXNhYmxlZCAuYnV0dG9uX19pY29ue29wYWNpdHk6LjI1fS5idXR0b25fdmlld19hY3Rpb24gLmJ1dHRvbl9fdGV4dCwuYnV0dG9uX3ZpZXdfZXh0cmEgLmJ1dHRvbl9fdGV4dCwuYnV0dG9uX3ZpZXdfcm91bmRlZCAuYnV0dG9uX190ZXh0e2ZvbnQtd2VpZ2h0OjUwMH0uYnV0dG9uPjpsYXN0LWNoaWxke3BhZGRpbmctcmlnaHQ6MH0uYnV0dG9uX3NpemVfc3toZWlnaHQ6MzBweDtwYWRkaW5nOjAgMTVweDtmb250LXNpemU6MTNweH0uYnV0dG9uX3NpemVfcyAuYnV0dG9uX19pY29ue21hcmdpbi1sZWZ0Oi00cHh9LmJ1dHRvbl9zaXplX217aGVpZ2h0OjQwcHg7cGFkZGluZzowIDIwcHg7Zm9udC1zaXplOjE2cHh9LmJ1dHRvbl9zaXplX20gLmJ1dHRvbl9faWNvbnttYXJnaW4tbGVmdDotOHB4fS5idXR0b25fc2l6ZV9se2hlaWdodDo1MHB4O3BhZGRpbmc6MCAyNXB4O2ZvbnQtc2l6ZToxOHB4fS5idXR0b25fc2l6ZV9sIC5idXR0b25fX2ljb257bWFyZ2luLWxlZnQ6LTEycHh9LmJ1dHRvbl9zaXplX3hse2hlaWdodDo2MHB4O3BhZGRpbmc6MCAzMHB4O2ZvbnQtc2l6ZToyMnB4fS5idXR0b25fc2l6ZV94bCAuYnV0dG9uX19pY29ue21hcmdpbi1sZWZ0Oi0xNnB4fS5idXR0b25fdmlld19yb3VuZGVkLmJ1dHRvbl9zaXplX3N7aGVpZ2h0OjMzcHg7cGFkZGluZzowIDIyLjVweDtib3JkZXItcmFkaXVzOjE2LjVweH0uYnV0dG9uX3ZpZXdfcm91bmRlZC5idXR0b25fc2l6ZV9te2hlaWdodDo0NHB4O3BhZGRpbmc6MCAzMHB4O2JvcmRlci1yYWRpdXM6MjJweH0uYnV0dG9uX3ZpZXdfcm91bmRlZC5idXR0b25fc2l6ZV9se2hlaWdodDo1NXB4O3BhZGRpbmc6MCAzNy41cHg7Ym9yZGVyLXJhZGl1czoyNy41cHh9LmJ1dHRvbl92aWV3X3JvdW5kZWQuYnV0dG9uX3NpemVfeGx7aGVpZ2h0OjY2cHg7cGFkZGluZzowIDQ1cHg7Ym9yZGVyLXJhZGl1czozM3B4fS5idXR0b25fdGhlbWVfYWxmYS1vbi1jb2xvcntjb2xvcjojZmZmO2JhY2tncm91bmQ6dHJhbnNwYXJlbnQ7Ym9yZGVyOjFweCBzb2xpZCBoc2xhKDAsMCUsMTAwJSwuNCl9LmJ1dHRvbl90aGVtZV9hbGZhLW9uLWNvbG9yLmJ1dHRvbl9ob3ZlcmVke2JvcmRlci1jb2xvcjpoc2xhKDAsMCUsMTAwJSwuOSl9LmJ1dHRvbl90aGVtZV9hbGZhLW9uLWNvbG9yLmJ1dHRvbl9mb2N1c2VkLC5idXR0b25fdGhlbWVfYWxmYS1vbi1jb2xvci5idXR0b25fZm9jdXNlZC5idXR0b25faG92ZXJlZHtib3JkZXItY29sb3I6aHNsYSgwLDAlLDEwMCUsLjkpO2JveC1zaGFkb3c6aW5zZXQgMCAwIDAgMXB4ICNmZmZ9LmJ1dHRvbl90aGVtZV9hbGZhLW9uLWNvbG9yLmJ1dHRvbl9wcmVzc2VkLC5idXR0b25fdGhlbWVfYWxmYS1vbi1jb2xvcjphY3RpdmV7YmFja2dyb3VuZDpyZ2JhKDAsMCwwLC4xKTtib3JkZXItY29sb3I6aHNsYSgwLDAlLDEwMCUsLjkpfS5idXR0b25fdGhlbWVfYWxmYS1vbi1jb2xvci5idXR0b25fY2hlY2tlZCwuYnV0dG9uX3RoZW1lX2FsZmEtb24tY29sb3IuYnV0dG9uX3ZpZXdfYWN0aW9ue2NvbG9yOiNmZmY7YmFja2dyb3VuZDpoc2xhKDAsMCUsMTAwJSwuMik7Ym9yZGVyLWNvbG9yOmhzbGEoMCwwJSwxMDAlLC41KX0uYnV0dG9uX3RoZW1lX2FsZmEtb24tY29sb3IuYnV0dG9uX2NoZWNrZWQuYnV0dG9uX2hvdmVyZWQsLmJ1dHRvbl90aGVtZV9hbGZhLW9uLWNvbG9yLmJ1dHRvbl92aWV3X2FjdGlvbi5idXR0b25faG92ZXJlZHtiYWNrZ3JvdW5kOmhzbGEoMCwwJSwxMDAlLC4zKX0uYnV0dG9uX3RoZW1lX2FsZmEtb24tY29sb3IuYnV0dG9uX2NoZWNrZWQuYnV0dG9uX3ByZXNzZWQsLmJ1dHRvbl90aGVtZV9hbGZhLW9uLWNvbG9yLmJ1dHRvbl9jaGVja2VkOmFjdGl2ZSwuYnV0dG9uX3RoZW1lX2FsZmEtb24tY29sb3IuYnV0dG9uX3ZpZXdfYWN0aW9uLmJ1dHRvbl9wcmVzc2VkLC5idXR0b25fdGhlbWVfYWxmYS1vbi1jb2xvci5idXR0b25fdmlld19hY3Rpb246YWN0aXZle2JhY2tncm91bmQ6aHNsYSgwLDAlLDEwMCUsLjE1KX0uYnV0dG9uX3RoZW1lX2FsZmEtb24tY29sb3IuYnV0dG9uX2NoZWNrZWQuYnV0dG9uX2ZvY3VzZWQsLmJ1dHRvbl90aGVtZV9hbGZhLW9uLWNvbG9yLmJ1dHRvbl92aWV3X2FjdGlvbi5idXR0b25fZm9jdXNlZHtib3JkZXItY29sb3I6aHNsYSgwLDAlLDEwMCUsLjkpfS5idXR0b25fdGhlbWVfYWxmYS1vbi1jb2xvci5idXR0b25fdmlld19leHRyYSwuYnV0dG9uX3RoZW1lX2FsZmEtb24tY29sb3IuYnV0dG9uX3ZpZXdfcm91bmRlZHtiYWNrZ3JvdW5kOnJnYmEoMjQwLDUwLDM4LC44NSk7Ym9yZGVyLWNvbG9yOnJnYmEoMjQwLDUwLDM4LC44NSk7Y29sb3I6I2ZmZn0uYnV0dG9uX3RoZW1lX2FsZmEtb24tY29sb3IuYnV0dG9uX3ZpZXdfZXh0cmEuYnV0dG9uX2hvdmVyZWQsLmJ1dHRvbl90aGVtZV9hbGZhLW9uLWNvbG9yLmJ1dHRvbl92aWV3X3JvdW5kZWQuYnV0dG9uX2hvdmVyZWR7YmFja2dyb3VuZDojZjAzMjI2O2JvcmRlci1jb2xvcjojZjAzMjI2fS5idXR0b25fdGhlbWVfYWxmYS1vbi1jb2xvci5idXR0b25fdmlld19leHRyYS5idXR0b25fZm9jdXNlZCwuYnV0dG9uX3RoZW1lX2FsZmEtb24tY29sb3IuYnV0dG9uX3ZpZXdfcm91bmRlZC5idXR0b25fZm9jdXNlZHtib3JkZXItY29sb3I6I2ZmZn0uYnV0dG9uX3RoZW1lX2FsZmEtb24tY29sb3IuYnV0dG9uX3ZpZXdfZXh0cmEuYnV0dG9uX3ByZXNzZWQsLmJ1dHRvbl90aGVtZV9hbGZhLW9uLWNvbG9yLmJ1dHRvbl92aWV3X2V4dHJhOmFjdGl2ZSwuYnV0dG9uX3RoZW1lX2FsZmEtb24tY29sb3IuYnV0dG9uX3ZpZXdfcm91bmRlZC5idXR0b25fcHJlc3NlZCwuYnV0dG9uX3RoZW1lX2FsZmEtb24tY29sb3IuYnV0dG9uX3ZpZXdfcm91bmRlZDphY3RpdmV7YmFja2dyb3VuZDojOWUwYzAwO2JvcmRlci1jb2xvcjojOWUwYzAwfS5idXR0b25fdGhlbWVfYWxmYS1vbi1jb2xvci5idXR0b25fcHNldWRve2JvcmRlci1zdHlsZTpkYXNoZWR9LmJ1dHRvbl90aGVtZV9hbGZhLW9uLWNvbG9yLmJ1dHRvbl9wc2V1ZG8uYnV0dG9uX2ZvY3VzZWR7Ym9yZGVyLXN0eWxlOnNvbGlkO2JvcmRlci1jb2xvcjojZmZmO2JveC1zaGFkb3c6MCAwIDAgMXB4IGhzbGEoMCwwJSwxMDAlLC45KX0uYnV0dG9uX3RoZW1lX2FsZmEtb24tY29sb3IuYnV0dG9uX3BzZXVkby5idXR0b25fZm9jdXNlZC5idXR0b25faG92ZXJlZHtib3gtc2hhZG93OjAgMCAwIDFweCBoc2xhKDAsMCUsMTAwJSwuNyk7Ym9yZGVyLWNvbG9yOmhzbGEoMCwwJSwxMDAlLC43KX0uYnV0dG9uX3RoZW1lX2FsZmEtb24tY29sb3IuYnV0dG9uX2Rpc2FibGVke2JhY2tncm91bmQ6aHNsYSgwLDAlLDEwMCUsLjA4KTtib3JkZXItY29sb3I6dHJhbnNwYXJlbnR9LmJ1dHRvbl90aGVtZV9hbGZhLW9uLWNvbG9yLmJ1dHRvbl9kaXNhYmxlZCAuYnV0dG9uX190ZXh0e2NvbG9yOmhzbGEoMCwwJSwxMDAlLC40KX0uYnV0dG9uX3RoZW1lX2FsZmEtb24td2hpdGV7Y29sb3I6cmdiYSgxMSwzMSw1MywuOTUpO2JhY2tncm91bmQ6dHJhbnNwYXJlbnQ7Ym9yZGVyOjFweCBzb2xpZCByZ2JhKDExLDMxLDUzLC40KX0uYnV0dG9uX3RoZW1lX2FsZmEtb24td2hpdGUuYnV0dG9uX2hvdmVyZWR7Ym9yZGVyLWNvbG9yOnJnYmEoMTEsMzEsNTMsLjkpfS5idXR0b25fdGhlbWVfYWxmYS1vbi13aGl0ZS5idXR0b25fZm9jdXNlZCwuYnV0dG9uX3RoZW1lX2FsZmEtb24td2hpdGUuYnV0dG9uX2ZvY3VzZWQuYnV0dG9uX2hvdmVyZWR7Ym9yZGVyLWNvbG9yOnJnYmEoMTEsMzEsNTMsLjkpO2JveC1zaGFkb3c6aW5zZXQgMCAwIDAgMXB4IHJnYmEoMTEsMzEsNTMsLjk1KX0uYnV0dG9uX3RoZW1lX2FsZmEtb24td2hpdGUuYnV0dG9uX3ByZXNzZWQsLmJ1dHRvbl90aGVtZV9hbGZhLW9uLXdoaXRlOmFjdGl2ZXtiYWNrZ3JvdW5kOnJnYmEoMTEsMzEsNTMsLjA1KTtib3JkZXItY29sb3I6cmdiYSgxMSwzMSw1MywuOSl9LmJ1dHRvbl90aGVtZV9hbGZhLW9uLXdoaXRlLmJ1dHRvbl9jaGVja2VkLC5idXR0b25fdGhlbWVfYWxmYS1vbi13aGl0ZS5idXR0b25fdmlld19hY3Rpb257Y29sb3I6cmdiYSgxMSwzMSw1MywuOTUpO2JhY2tncm91bmQ6cmdiYSgxMSwzMSw1MywuMTUpO2JvcmRlci1jb2xvcjpyZ2JhKDExLDMxLDUzLC41KX0uYnV0dG9uX3RoZW1lX2FsZmEtb24td2hpdGUuYnV0dG9uX2NoZWNrZWQuYnV0dG9uX2hvdmVyZWQsLmJ1dHRvbl90aGVtZV9hbGZhLW9uLXdoaXRlLmJ1dHRvbl92aWV3X2FjdGlvbi5idXR0b25faG92ZXJlZHtiYWNrZ3JvdW5kOnJnYmEoMTEsMzEsNTMsLjI1KX0uYnV0dG9uX3RoZW1lX2FsZmEtb24td2hpdGUuYnV0dG9uX2NoZWNrZWQuYnV0dG9uX3ByZXNzZWQsLmJ1dHRvbl90aGVtZV9hbGZhLW9uLXdoaXRlLmJ1dHRvbl9jaGVja2VkOmFjdGl2ZSwuYnV0dG9uX3RoZW1lX2FsZmEtb24td2hpdGUuYnV0dG9uX3ZpZXdfYWN0aW9uLmJ1dHRvbl9wcmVzc2VkLC5idXR0b25fdGhlbWVfYWxmYS1vbi13aGl0ZS5idXR0b25fdmlld19hY3Rpb246YWN0aXZle2JhY2tncm91bmQ6cmdiYSgxMSwzMSw1MywuMyl9LmJ1dHRvbl90aGVtZV9hbGZhLW9uLXdoaXRlLmJ1dHRvbl9jaGVja2VkLmJ1dHRvbl9mb2N1c2VkLC5idXR0b25fdGhlbWVfYWxmYS1vbi13aGl0ZS5idXR0b25fdmlld19hY3Rpb24uYnV0dG9uX2ZvY3VzZWR7Ym9yZGVyLWNvbG9yOnJnYmEoMTEsMzEsNTMsLjkpfS5idXR0b25fdGhlbWVfYWxmYS1vbi13aGl0ZS5idXR0b25fdmlld19leHRyYSwuYnV0dG9uX3RoZW1lX2FsZmEtb24td2hpdGUuYnV0dG9uX3ZpZXdfcm91bmRlZHtjb2xvcjojZmZmO2JhY2tncm91bmQ6cmdiYSgyNDAsNTAsMzgsLjg1KTtib3JkZXItY29sb3I6cmdiYSgyNDAsNTAsMzgsLjg1KX0uYnV0dG9uX3RoZW1lX2FsZmEtb24td2hpdGUuYnV0dG9uX3ZpZXdfZXh0cmEuYnV0dG9uX2hvdmVyZWQsLmJ1dHRvbl90aGVtZV9hbGZhLW9uLXdoaXRlLmJ1dHRvbl92aWV3X3JvdW5kZWQuYnV0dG9uX2hvdmVyZWR7YmFja2dyb3VuZDojZjAzMjI2O2JvcmRlci1jb2xvcjojZjAzMjI2fS5idXR0b25fdGhlbWVfYWxmYS1vbi13aGl0ZS5idXR0b25fdmlld19leHRyYS5idXR0b25fZm9jdXNlZCwuYnV0dG9uX3RoZW1lX2FsZmEtb24td2hpdGUuYnV0dG9uX3ZpZXdfcm91bmRlZC5idXR0b25fZm9jdXNlZHtib3JkZXItY29sb3I6cmdiYSgxMSwzMSw1MywuOTUpfS5idXR0b25fdGhlbWVfYWxmYS1vbi13aGl0ZS5idXR0b25fdmlld19leHRyYS5idXR0b25fcHJlc3NlZCwuYnV0dG9uX3RoZW1lX2FsZmEtb24td2hpdGUuYnV0dG9uX3ZpZXdfZXh0cmE6YWN0aXZlLC5idXR0b25fdGhlbWVfYWxmYS1vbi13aGl0ZS5idXR0b25fdmlld19yb3VuZGVkLmJ1dHRvbl9wcmVzc2VkLC5idXR0b25fdGhlbWVfYWxmYS1vbi13aGl0ZS5idXR0b25fdmlld19yb3VuZGVkOmFjdGl2ZXtiYWNrZ3JvdW5kOiM5ZTBjMDA7Ym9yZGVyLWNvbG9yOiM5ZTBjMDB9LmJ1dHRvbl90aGVtZV9hbGZhLW9uLXdoaXRlLmJ1dHRvbl92aWV3X2V4dHJhLmJ1dHRvbl9kaXNhYmxlZCwuYnV0dG9uX3RoZW1lX2FsZmEtb24td2hpdGUuYnV0dG9uX3ZpZXdfcm91bmRlZC5idXR0b25fZGlzYWJsZWR7Ym9yZGVyLWNvbG9yOnRyYW5zcGFyZW50O2JhY2tncm91bmQ6cmdiYSgyNDAsNTAsMzgsLjI1KX0uYnV0dG9uX3RoZW1lX2FsZmEtb24td2hpdGUuYnV0dG9uX3ZpZXdfZXh0cmEuYnV0dG9uX2Rpc2FibGVkIC5idXR0b25fX3RleHQsLmJ1dHRvbl90aGVtZV9hbGZhLW9uLXdoaXRlLmJ1dHRvbl92aWV3X3JvdW5kZWQuYnV0dG9uX2Rpc2FibGVkIC5idXR0b25fX3RleHR7Y29sb3I6I2ZmZn0uYnV0dG9uX3RoZW1lX2FsZmEtb24td2hpdGUuYnV0dG9uX3BzZXVkb3tib3JkZXItc3R5bGU6ZGFzaGVkfS5idXR0b25fdGhlbWVfYWxmYS1vbi13aGl0ZS5idXR0b25fcHNldWRvLmJ1dHRvbl9mb2N1c2Vke2JvcmRlci1jb2xvcjpyZ2JhKDExLDMxLDUzLC45NSk7Ym9yZGVyLXN0eWxlOnNvbGlkO2JveC1zaGFkb3c6MCAwIDAgMXB4IHJnYmEoMCwwLDAsLjkpfS5idXR0b25fdGhlbWVfYWxmYS1vbi13aGl0ZS5idXR0b25fcHNldWRvLmJ1dHRvbl9mb2N1c2VkLmJ1dHRvbl9ob3ZlcmVke2JvcmRlci1jb2xvcjpyZ2JhKDAsMCwwLC43KTtib3gtc2hhZG93OjAgMCAwIDFweCByZ2JhKDAsMCwwLC43KX0uYnV0dG9uX3RoZW1lX2FsZmEtb24td2hpdGUuYnV0dG9uX2Rpc2FibGVke2JvcmRlci1jb2xvcjp0cmFuc3BhcmVudDtiYWNrZ3JvdW5kOnJnYmEoMTEsMzEsNTMsLjA4KX0uYnV0dG9uX3RoZW1lX2FsZmEtb24td2hpdGUuYnV0dG9uX2Rpc2FibGVkIC5idXR0b25fX3RleHR7Y29sb3I6cmdiYSgxMSwzMSw1MywuMyl9Lmljb25fc2l6ZV9sLmljb25fbmFtZV9jbG9zZS5pY29uX3RoZW1lX2FsZmEtb24td2hpdGV7YmFja2dyb3VuZC1pbWFnZTp1cmwoL3N0YXRpYy9tZWRpYS9pY29uX2Nsb3NlX2xfYmxhY2suOWZkZmEyNGYuc3ZnKX0uaWNvbl9zaXplX2wuaWNvbl9uYW1lX2Nsb3NlLmljb25fdGhlbWVfYWxmYS1vbi1jb2xvcntiYWNrZ3JvdW5kLWltYWdlOnVybCgvc3RhdGljL21lZGlhL2ljb25fY2xvc2VfbF93aGl0ZS5lODEzMDRlMS5zdmcpfS5pY29uX3NpemVfbS5pY29uX25hbWVfY2xvc2UuaWNvbl90aGVtZV9hbGZhLW9uLXdoaXRle2JhY2tncm91bmQtaW1hZ2U6dXJsKC9zdGF0aWMvbWVkaWEvaWNvbl9jbG9zZV9tX2JsYWNrLjg4YjkxODBhLnN2Zyl9Lmljb25fc2l6ZV9tLmljb25fbmFtZV9jbG9zZS5pY29uX3RoZW1lX2FsZmEtb24tY29sb3J7YmFja2dyb3VuZC1pbWFnZTp1cmwoL3N0YXRpYy9tZWRpYS9pY29uX2Nsb3NlX21fd2hpdGUuNWQyYzI3NTYuc3ZnKX0uaWNvbl9zaXplX3MuaWNvbl9uYW1lX2Nsb3NlLmljb25fdGhlbWVfYWxmYS1vbi13aGl0ZXtiYWNrZ3JvdW5kLWltYWdlOnVybCgvc3RhdGljL21lZGlhL2ljb25fY2xvc2Vfc19ibGFjay5hZjY2NzZiMi5zdmcpfS5pY29uX3NpemVfcy5pY29uX25hbWVfY2xvc2UuaWNvbl90aGVtZV9hbGZhLW9uLWNvbG9ye2JhY2tncm91bmQtaW1hZ2U6dXJsKC9zdGF0aWMvbWVkaWEvaWNvbl9jbG9zZV9zX3doaXRlLmNkMDZmOGZiLnN2Zyl9Lmljb25fc2l6ZV94bC5pY29uX25hbWVfY2xvc2UuaWNvbl90aGVtZV9hbGZhLW9uLXdoaXRle2JhY2tncm91bmQtaW1hZ2U6dXJsKC9zdGF0aWMvbWVkaWEvaWNvbl9jbG9zZV94bF9ibGFjay4yMTdjZmJiYy5zdmcpfS5pY29uX3NpemVfeGwuaWNvbl9uYW1lX2Nsb3NlLmljb25fdGhlbWVfYWxmYS1vbi1jb2xvcntiYWNrZ3JvdW5kLWltYWdlOnVybCgvc3RhdGljL21lZGlhL2ljb25fY2xvc2VfeGxfd2hpdGUuMGY5MGM4ZTguc3ZnKX0uaWNvbl9zaXplX3hzLmljb25fbmFtZV9jbG9zZS5pY29uX3RoZW1lX2FsZmEtb24td2hpdGV7YmFja2dyb3VuZC1pbWFnZTp1cmwoL3N0YXRpYy9tZWRpYS9pY29uX2Nsb3NlX3hzX2JsYWNrLmY1YmM4NjJlLnN2Zyl9Lmljb25fc2l6ZV94cy5pY29uX25hbWVfY2xvc2UuaWNvbl90aGVtZV9hbGZhLW9uLWNvbG9ye2JhY2tncm91bmQtaW1hZ2U6dXJsKC9zdGF0aWMvbWVkaWEvaWNvbl9jbG9zZV94c193aGl0ZS5iY2E2MDRhOS5zdmcpfS5pY29uLWJ1dHRvbntvcGFjaXR5Oi45O292ZXJmbG93OmhpZGRlbjtkaXNwbGF5OmlubGluZS1mbGV4O2FsaWduLWl0ZW1zOmNlbnRlcjtqdXN0aWZ5LWNvbnRlbnQ6Y2VudGVyO21hcmdpbjowO3BhZGRpbmc6MDtjdXJzb3I6cG9pbnRlcjtvdXRsaW5lOm5vbmU7LXdlYmtpdC11c2VyLXNlbGVjdDpub25lOy1tb3otdXNlci1zZWxlY3Q6bm9uZTstbXMtdXNlci1zZWxlY3Q6bm9uZTt1c2VyLXNlbGVjdDpub25lO2JhY2tncm91bmQtY29sb3I6dHJhbnNwYXJlbnQ7YmFja2dyb3VuZC1wb3NpdGlvbjo1MCU7YmFja2dyb3VuZC1yZXBlYXQ6bm8tcmVwZWF0O2JvcmRlcjpub25lO2JvcmRlci1yYWRpdXM6bm9uZTtib3gtc2hhZG93Om5vbmU7LXdlYmtpdC10cmFuc2l0aW9uLWR1cmF0aW9uOi4yNXM7dHJhbnNpdGlvbi1kdXJhdGlvbjouMjVzOy13ZWJraXQtdHJhbnNpdGlvbi1wcm9wZXJ0eTpiYWNrZ3JvdW5kLG9wYWNpdHk7dHJhbnNpdGlvbi1wcm9wZXJ0eTpiYWNrZ3JvdW5kLG9wYWNpdHk7LXdlYmtpdC10cmFuc2l0aW9uLXRpbWluZy1mdW5jdGlvbjplYXNlO3RyYW5zaXRpb24tdGltaW5nLWZ1bmN0aW9uOmVhc2V9Lmljb24tYnV0dG9uLC5pY29uLWJ1dHRvbiAqLC5pY29uLWJ1dHRvbiA6YWZ0ZXIsLmljb24tYnV0dG9uIDpiZWZvcmV7Ym94LXNpemluZzpib3JkZXItYm94fS5pY29uLWJ1dHRvbl9mb2N1c2VkLC5pY29uLWJ1dHRvbl9ob3ZlcmVke29wYWNpdHk6MX0uaWNvbi1idXR0b25fZGlzYWJsZWR7b3BhY2l0eTouMjU7Y3Vyc29yOmRlZmF1bHR9Lmljb24tYnV0dG9uX3NpemVfc3t3aWR0aDozMHB4O2hlaWdodDozMHB4fS5pY29uLWJ1dHRvbl9zaXplX217d2lkdGg6MzRweDtoZWlnaHQ6NDBweH0uaWNvbi1idXR0b25fc2l6ZV9se3dpZHRoOjQ0cHg7aGVpZ2h0OjUwcHh9Lmljb24tYnV0dG9uX3NpemVfeGx7d2lkdGg6NTJweDtoZWlnaHQ6NjBweH0uaW5wdXRfdGhlbWVfYWxmYS1vbi1jb2xvciAuaW5wdXRfX2JveHtib3JkZXItYm90dG9tOjFweCBzb2xpZCBoc2xhKDAsMCUsMTAwJSwuNCl9LmlucHV0X3RoZW1lX2FsZmEtb24tY29sb3IgLmlucHV0X19jb250cm9se2NvbG9yOiNmZmZ9LmlucHV0X3RoZW1lX2FsZmEtb24tY29sb3IgLmlucHV0X19jb250cm9sOjotd2Via2l0LWlucHV0LXBsYWNlaG9sZGVye2NvbG9yOmhzbGEoMCwwJSwxMDAlLC43KX0uaW5wdXRfdGhlbWVfYWxmYS1vbi1jb2xvciAuaW5wdXRfX2NvbnRyb2w6LW1zLWlucHV0LXBsYWNlaG9sZGVye2NvbG9yOmhzbGEoMCwwJSwxMDAlLC43KX0uaW5wdXRfdGhlbWVfYWxmYS1vbi1jb2xvciAuaW5wdXRfX2NvbnRyb2w6Oi1tcy1pbnB1dC1wbGFjZWhvbGRlcntjb2xvcjpoc2xhKDAsMCUsMTAwJSwuNyl9LmlucHV0X3RoZW1lX2FsZmEtb24tY29sb3IgLmlucHV0X19jb250cm9sOjotbW96LXBsYWNlaG9sZGVye2NvbG9yOmhzbGEoMCwwJSwxMDAlLC43KX0uaW5wdXRfdGhlbWVfYWxmYS1vbi1jb2xvciAuaW5wdXRfX2NvbnRyb2w6OnBsYWNlaG9sZGVye2NvbG9yOmhzbGEoMCwwJSwxMDAlLC43KX0uaW5wdXRfdGhlbWVfYWxmYS1vbi1jb2xvciAuaW5wdXRfX2NvbnRyb2w6LXdlYmtpdC1hdXRvZmlsbCwuaW5wdXRfdGhlbWVfYWxmYS1vbi1jb2xvciAuaW5wdXRfX2NvbnRyb2w6LXdlYmtpdC1hdXRvZmlsbDphY3RpdmUsLmlucHV0X3RoZW1lX2FsZmEtb24tY29sb3IgLmlucHV0X19jb250cm9sOi13ZWJraXQtYXV0b2ZpbGw6Zm9jdXMsLmlucHV0X3RoZW1lX2FsZmEtb24tY29sb3IgLmlucHV0X19jb250cm9sOi13ZWJraXQtYXV0b2ZpbGw6aG92ZXJ7LXdlYmtpdC10ZXh0LWZpbGwtY29sb3I6I2ZmZjtjYXJldC1jb2xvcjojZmZmfS5pbnB1dF90aGVtZV9hbGZhLW9uLWNvbG9yIC5pbnB1dF9fc3ViLC5pbnB1dF90aGVtZV9hbGZhLW9uLWNvbG9yIC5pbnB1dF9fdG9we2NvbG9yOmhzbGEoMCwwJSwxMDAlLC43KX0uaW5wdXRfdGhlbWVfYWxmYS1vbi1jb2xvci5pbnB1dF9oYXMtbGFiZWwgLmlucHV0X19jb250cm9sOjotd2Via2l0LWlucHV0LXBsYWNlaG9sZGVye2NvbG9yOnRyYW5zcGFyZW50fS5pbnB1dF90aGVtZV9hbGZhLW9uLWNvbG9yLmlucHV0X2hhcy1sYWJlbCAuaW5wdXRfX2NvbnRyb2w6LW1zLWlucHV0LXBsYWNlaG9sZGVye2NvbG9yOnRyYW5zcGFyZW50fS5pbnB1dF90aGVtZV9hbGZhLW9uLWNvbG9yLmlucHV0X2hhcy1sYWJlbCAuaW5wdXRfX2NvbnRyb2w6Oi1tcy1pbnB1dC1wbGFjZWhvbGRlcntjb2xvcjp0cmFuc3BhcmVudH0uaW5wdXRfdGhlbWVfYWxmYS1vbi1jb2xvci5pbnB1dF9oYXMtbGFiZWwgLmlucHV0X19jb250cm9sOjotbW96LXBsYWNlaG9sZGVye2NvbG9yOnRyYW5zcGFyZW50fS5pbnB1dF90aGVtZV9hbGZhLW9uLWNvbG9yLmlucHV0X2hhcy1sYWJlbCAuaW5wdXRfX2NvbnRyb2w6OnBsYWNlaG9sZGVye2NvbG9yOnRyYW5zcGFyZW50fS5pbnB1dF90aGVtZV9hbGZhLW9uLWNvbG9yLmlucHV0X2hhcy1sYWJlbC5pbnB1dF9mb2N1c2VkIC5pbnB1dF9fY29udHJvbDo6LXdlYmtpdC1pbnB1dC1wbGFjZWhvbGRlcntjb2xvcjpoc2xhKDAsMCUsMTAwJSwuNyl9LmlucHV0X3RoZW1lX2FsZmEtb24tY29sb3IuaW5wdXRfaGFzLWxhYmVsLmlucHV0X2ZvY3VzZWQgLmlucHV0X19jb250cm9sOi1tcy1pbnB1dC1wbGFjZWhvbGRlcntjb2xvcjpoc2xhKDAsMCUsMTAwJSwuNyl9LmlucHV0X3RoZW1lX2FsZmEtb24tY29sb3IuaW5wdXRfaGFzLWxhYmVsLmlucHV0X2ZvY3VzZWQgLmlucHV0X19jb250cm9sOjotbXMtaW5wdXQtcGxhY2Vob2xkZXJ7Y29sb3I6aHNsYSgwLDAlLDEwMCUsLjcpfS5pbnB1dF90aGVtZV9hbGZhLW9uLWNvbG9yLmlucHV0X2hhcy1sYWJlbC5pbnB1dF9mb2N1c2VkIC5pbnB1dF9fY29udHJvbDo6LW1vei1wbGFjZWhvbGRlcntjb2xvcjpoc2xhKDAsMCUsMTAwJSwuNyl9LmlucHV0X3RoZW1lX2FsZmEtb24tY29sb3IuaW5wdXRfaGFzLWxhYmVsLmlucHV0X2ZvY3VzZWQgLmlucHV0X19jb250cm9sOjpwbGFjZWhvbGRlcntjb2xvcjpoc2xhKDAsMCUsMTAwJSwuNyl9LmlucHV0X3RoZW1lX2FsZmEtb24tY29sb3IuaW5wdXRfaGFzLWljb24gLmlucHV0X19pY29ue2NvbG9yOiNmZmY7b3BhY2l0eTouNn0uaW5wdXRfdGhlbWVfYWxmYS1vbi1jb2xvci5pbnB1dF9mb2N1c2VkIC5pbnB1dF9fYm94e2JvcmRlci1ib3R0b20tY29sb3I6aHNsYSgwLDAlLDEwMCUsLjkpO2JveC1zaGFkb3c6aW5zZXQgMCAtMXB4IDAgaHNsYSgwLDAlLDEwMCUsLjkpfS5pbnB1dF90aGVtZV9hbGZhLW9uLWNvbG9yLmlucHV0X2Rpc2FibGVkIC5pbnB1dF9fYm94e2JvcmRlci1ib3R0b20tY29sb3I6aHNsYSgwLDAlLDEwMCUsLjIpO2JvcmRlci1ib3R0b20tc3R5bGU6ZGFzaGVkO2JveC1zaGFkb3c6bm9uZX0uaW5wdXRfdGhlbWVfYWxmYS1vbi1jb2xvci5pbnB1dF9kaXNhYmxlZCwuaW5wdXRfdGhlbWVfYWxmYS1vbi1jb2xvci5pbnB1dF9kaXNhYmxlZCAuaW5wdXRfX2NvbnRyb2x7Y29sb3I6aHNsYSgwLDAlLDEwMCUsLjQpfS5pbnB1dF90aGVtZV9hbGZhLW9uLWNvbG9yLmlucHV0X2Rpc2FibGVkIC5pbnB1dF9fY29udHJvbDotd2Via2l0LWF1dG9maWxsLC5pbnB1dF90aGVtZV9hbGZhLW9uLWNvbG9yLmlucHV0X2Rpc2FibGVkIC5pbnB1dF9fY29udHJvbDotd2Via2l0LWF1dG9maWxsOmFjdGl2ZSwuaW5wdXRfdGhlbWVfYWxmYS1vbi1jb2xvci5pbnB1dF9kaXNhYmxlZCAuaW5wdXRfX2NvbnRyb2w6LXdlYmtpdC1hdXRvZmlsbDpmb2N1cywuaW5wdXRfdGhlbWVfYWxmYS1vbi1jb2xvci5pbnB1dF9kaXNhYmxlZCAuaW5wdXRfX2NvbnRyb2w6LXdlYmtpdC1hdXRvZmlsbDpob3ZlciwuaW5wdXRfdGhlbWVfYWxmYS1vbi1jb2xvci5pbnB1dF9kaXNhYmxlZDotd2Via2l0LWF1dG9maWxsLC5pbnB1dF90aGVtZV9hbGZhLW9uLWNvbG9yLmlucHV0X2Rpc2FibGVkOi13ZWJraXQtYXV0b2ZpbGw6YWN0aXZlLC5pbnB1dF90aGVtZV9hbGZhLW9uLWNvbG9yLmlucHV0X2Rpc2FibGVkOi13ZWJraXQtYXV0b2ZpbGw6Zm9jdXMsLmlucHV0X3RoZW1lX2FsZmEtb24tY29sb3IuaW5wdXRfZGlzYWJsZWQ6LXdlYmtpdC1hdXRvZmlsbDpob3Zlcnstd2Via2l0LXRleHQtZmlsbC1jb2xvcjpoc2xhKDAsMCUsMTAwJSwuNCl9LmlucHV0X3RoZW1lX2FsZmEtb24tY29sb3IuaW5wdXRfZGlzYWJsZWQgLmlucHV0X19jb250cm9sOjotd2Via2l0LWlucHV0LXBsYWNlaG9sZGVye2NvbG9yOmhzbGEoMCwwJSwxMDAlLC40KX0uaW5wdXRfdGhlbWVfYWxmYS1vbi1jb2xvci5pbnB1dF9kaXNhYmxlZCAuaW5wdXRfX2NvbnRyb2w6LW1zLWlucHV0LXBsYWNlaG9sZGVye2NvbG9yOmhzbGEoMCwwJSwxMDAlLC40KX0uaW5wdXRfdGhlbWVfYWxmYS1vbi1jb2xvci5pbnB1dF9kaXNhYmxlZCAuaW5wdXRfX2NvbnRyb2w6Oi1tcy1pbnB1dC1wbGFjZWhvbGRlcntjb2xvcjpoc2xhKDAsMCUsMTAwJSwuNCl9LmlucHV0X3RoZW1lX2FsZmEtb24tY29sb3IuaW5wdXRfZGlzYWJsZWQgLmlucHV0X19jb250cm9sOjotbW96LXBsYWNlaG9sZGVye2NvbG9yOmhzbGEoMCwwJSwxMDAlLC40KX0uaW5wdXRfdGhlbWVfYWxmYS1vbi1jb2xvci5pbnB1dF9kaXNhYmxlZCAuaW5wdXRfX2NvbnRyb2w6OnBsYWNlaG9sZGVye2NvbG9yOmhzbGEoMCwwJSwxMDAlLC40KX0uaW5wdXRfdGhlbWVfYWxmYS1vbi1jb2xvci5pbnB1dF9kaXNhYmxlZCAuaW5wdXRfX2ljb257b3BhY2l0eTouMjV9LmlucHV0X3RoZW1lX2FsZmEtb24tY29sb3IuaW5wdXRfaW52YWxpZCAuaW5wdXRfX3N1Yntjb2xvcjojZmY1YzVjfS5pbnB1dF90aGVtZV9hbGZhLW9uLWNvbG9yLmlucHV0X2ludmFsaWQgLmlucHV0X19ib3h7Ym9yZGVyLWJvdHRvbS1jb2xvcjpyZ2JhKDI1NSw5Miw5MiwuODUpfS5pbnB1dF90aGVtZV9hbGZhLW9uLWNvbG9yLmlucHV0X2ludmFsaWQuaW5wdXRfZm9jdXNlZCAuaW5wdXRfX2JveHtib3JkZXItYm90dG9tLWNvbG9yOnJnYmEoMjU1LDkyLDkyLC44NSk7Ym94LXNoYWRvdzppbnNldCAwIC0xcHggMCByZ2JhKDI1NSw5Miw5MiwuODUpfS5pbnB1dF90aGVtZV9hbGZhLW9uLXdoaXRlIC5pbnB1dF9fYm94e2JvcmRlci1ib3R0b206MXB4IHNvbGlkIHJnYmEoMTEsMzEsNTMsLjQpfS5pbnB1dF90aGVtZV9hbGZhLW9uLXdoaXRlIC5pbnB1dF9fY29udHJvbHtjb2xvcjpyZ2JhKDExLDMxLDUzLC45NSl9LmlucHV0X3RoZW1lX2FsZmEtb24td2hpdGUgLmlucHV0X19jb250cm9sOjotd2Via2l0LWlucHV0LXBsYWNlaG9sZGVye2NvbG9yOnJnYmEoMTEsMzEsNTMsLjYpfS5pbnB1dF90aGVtZV9hbGZhLW9uLXdoaXRlIC5pbnB1dF9fY29udHJvbDotbXMtaW5wdXQtcGxhY2Vob2xkZXJ7Y29sb3I6cmdiYSgxMSwzMSw1MywuNil9LmlucHV0X3RoZW1lX2FsZmEtb24td2hpdGUgLmlucHV0X19jb250cm9sOjotbXMtaW5wdXQtcGxhY2Vob2xkZXJ7Y29sb3I6cmdiYSgxMSwzMSw1MywuNil9LmlucHV0X3RoZW1lX2FsZmEtb24td2hpdGUgLmlucHV0X19jb250cm9sOjotbW96LXBsYWNlaG9sZGVye2NvbG9yOnJnYmEoMTEsMzEsNTMsLjYpfS5pbnB1dF90aGVtZV9hbGZhLW9uLXdoaXRlIC5pbnB1dF9fY29udHJvbDo6cGxhY2Vob2xkZXJ7Y29sb3I6cmdiYSgxMSwzMSw1MywuNil9LmlucHV0X3RoZW1lX2FsZmEtb24td2hpdGUgLmlucHV0X19jb250cm9sOi13ZWJraXQtYXV0b2ZpbGwsLmlucHV0X3RoZW1lX2FsZmEtb24td2hpdGUgLmlucHV0X19jb250cm9sOi13ZWJraXQtYXV0b2ZpbGw6YWN0aXZlLC5pbnB1dF90aGVtZV9hbGZhLW9uLXdoaXRlIC5pbnB1dF9fY29udHJvbDotd2Via2l0LWF1dG9maWxsOmZvY3VzLC5pbnB1dF90aGVtZV9hbGZhLW9uLXdoaXRlIC5pbnB1dF9fY29udHJvbDotd2Via2l0LWF1dG9maWxsOmhvdmVyey13ZWJraXQtdGV4dC1maWxsLWNvbG9yOnJnYmEoMTEsMzEsNTMsLjk1KTtjYXJldC1jb2xvcjpyZ2JhKDExLDMxLDUzLC45NSl9LmlucHV0X3RoZW1lX2FsZmEtb24td2hpdGUgLmlucHV0X19zdWIsLmlucHV0X3RoZW1lX2FsZmEtb24td2hpdGUgLmlucHV0X190b3B7Y29sb3I6cmdiYSgxMSwzMSw1MywuNil9LmlucHV0X3RoZW1lX2FsZmEtb24td2hpdGUuaW5wdXRfaGFzLWxhYmVsIC5pbnB1dF9fY29udHJvbDo6LXdlYmtpdC1pbnB1dC1wbGFjZWhvbGRlcntjb2xvcjp0cmFuc3BhcmVudH0uaW5wdXRfdGhlbWVfYWxmYS1vbi13aGl0ZS5pbnB1dF9oYXMtbGFiZWwgLmlucHV0X19jb250cm9sOi1tcy1pbnB1dC1wbGFjZWhvbGRlcntjb2xvcjp0cmFuc3BhcmVudH0uaW5wdXRfdGhlbWVfYWxmYS1vbi13aGl0ZS5pbnB1dF9oYXMtbGFiZWwgLmlucHV0X19jb250cm9sOjotbXMtaW5wdXQtcGxhY2Vob2xkZXJ7Y29sb3I6dHJhbnNwYXJlbnR9LmlucHV0X3RoZW1lX2FsZmEtb24td2hpdGUuaW5wdXRfaGFzLWxhYmVsIC5pbnB1dF9fY29udHJvbDo6LW1vei1wbGFjZWhvbGRlcntjb2xvcjp0cmFuc3BhcmVudH0uaW5wdXRfdGhlbWVfYWxmYS1vbi13aGl0ZS5pbnB1dF9oYXMtbGFiZWwgLmlucHV0X19jb250cm9sOjpwbGFjZWhvbGRlcntjb2xvcjp0cmFuc3BhcmVudH0uaW5wdXRfdGhlbWVfYWxmYS1vbi13aGl0ZS5pbnB1dF9oYXMtbGFiZWwuaW5wdXRfZm9jdXNlZCAuaW5wdXRfX2NvbnRyb2w6Oi13ZWJraXQtaW5wdXQtcGxhY2Vob2xkZXJ7Y29sb3I6cmdiYSgxMSwzMSw1MywuNil9LmlucHV0X3RoZW1lX2FsZmEtb24td2hpdGUuaW5wdXRfaGFzLWxhYmVsLmlucHV0X2ZvY3VzZWQgLmlucHV0X19jb250cm9sOi1tcy1pbnB1dC1wbGFjZWhvbGRlcntjb2xvcjpyZ2JhKDExLDMxLDUzLC42KX0uaW5wdXRfdGhlbWVfYWxmYS1vbi13aGl0ZS5pbnB1dF9oYXMtbGFiZWwuaW5wdXRfZm9jdXNlZCAuaW5wdXRfX2NvbnRyb2w6Oi1tcy1pbnB1dC1wbGFjZWhvbGRlcntjb2xvcjpyZ2JhKDExLDMxLDUzLC42KX0uaW5wdXRfdGhlbWVfYWxmYS1vbi13aGl0ZS5pbnB1dF9oYXMtbGFiZWwuaW5wdXRfZm9jdXNlZCAuaW5wdXRfX2NvbnRyb2w6Oi1tb3otcGxhY2Vob2xkZXJ7Y29sb3I6cmdiYSgxMSwzMSw1MywuNil9LmlucHV0X3RoZW1lX2FsZmEtb24td2hpdGUuaW5wdXRfaGFzLWxhYmVsLmlucHV0X2ZvY3VzZWQgLmlucHV0X19jb250cm9sOjpwbGFjZWhvbGRlcntjb2xvcjpyZ2JhKDExLDMxLDUzLC42KX0uaW5wdXRfdGhlbWVfYWxmYS1vbi13aGl0ZS5pbnB1dF9oYXMtaWNvbiAuaW5wdXRfX2ljb257Y29sb3I6cmdiYSgxMSwzMSw1MywuOTUpO29wYWNpdHk6LjZ9LmlucHV0X3RoZW1lX2FsZmEtb24td2hpdGUuaW5wdXRfZm9jdXNlZCAuaW5wdXRfX2JveHtib3JkZXItYm90dG9tLWNvbG9yOnJnYmEoMTEsMzEsNTMsLjkpO2JveC1zaGFkb3c6aW5zZXQgMCAtMXB4IDAgcmdiYSgxMSwzMSw1MywuOSl9LmlucHV0X3RoZW1lX2FsZmEtb24td2hpdGUuaW5wdXRfZGlzYWJsZWQgLmlucHV0X19ib3h7Ym9yZGVyLWJvdHRvbS1jb2xvcjpyZ2JhKDExLDMxLDUzLC4yKTtib3JkZXItYm90dG9tLXN0eWxlOmRhc2hlZDtib3gtc2hhZG93Om5vbmV9LmlucHV0X3RoZW1lX2FsZmEtb24td2hpdGUuaW5wdXRfZGlzYWJsZWQsLmlucHV0X3RoZW1lX2FsZmEtb24td2hpdGUuaW5wdXRfZGlzYWJsZWQgLmlucHV0X19jb250cm9se2NvbG9yOnJnYmEoMTEsMzEsNTMsLjMpfS5pbnB1dF90aGVtZV9hbGZhLW9uLXdoaXRlLmlucHV0X2Rpc2FibGVkIC5pbnB1dF9fY29udHJvbDotd2Via2l0LWF1dG9maWxsLC5pbnB1dF90aGVtZV9hbGZhLW9uLXdoaXRlLmlucHV0X2Rpc2FibGVkIC5pbnB1dF9fY29udHJvbDotd2Via2l0LWF1dG9maWxsOmFjdGl2ZSwuaW5wdXRfdGhlbWVfYWxmYS1vbi13aGl0ZS5pbnB1dF9kaXNhYmxlZCAuaW5wdXRfX2NvbnRyb2w6LXdlYmtpdC1hdXRvZmlsbDpmb2N1cywuaW5wdXRfdGhlbWVfYWxmYS1vbi13aGl0ZS5pbnB1dF9kaXNhYmxlZCAuaW5wdXRfX2NvbnRyb2w6LXdlYmtpdC1hdXRvZmlsbDpob3ZlciwuaW5wdXRfdGhlbWVfYWxmYS1vbi13aGl0ZS5pbnB1dF9kaXNhYmxlZDotd2Via2l0LWF1dG9maWxsLC5pbnB1dF90aGVtZV9hbGZhLW9uLXdoaXRlLmlucHV0X2Rpc2FibGVkOi13ZWJraXQtYXV0b2ZpbGw6YWN0aXZlLC5pbnB1dF90aGVtZV9hbGZhLW9uLXdoaXRlLmlucHV0X2Rpc2FibGVkOi13ZWJraXQtYXV0b2ZpbGw6Zm9jdXMsLmlucHV0X3RoZW1lX2FsZmEtb24td2hpdGUuaW5wdXRfZGlzYWJsZWQ6LXdlYmtpdC1hdXRvZmlsbDpob3Zlcnstd2Via2l0LXRleHQtZmlsbC1jb2xvcjpyZ2JhKDExLDMxLDUzLC4zKX0uaW5wdXRfdGhlbWVfYWxmYS1vbi13aGl0ZS5pbnB1dF9kaXNhYmxlZCAuaW5wdXRfX2NvbnRyb2w6Oi13ZWJraXQtaW5wdXQtcGxhY2Vob2xkZXJ7Y29sb3I6cmdiYSgxMSwzMSw1MywuMyl9LmlucHV0X3RoZW1lX2FsZmEtb24td2hpdGUuaW5wdXRfZGlzYWJsZWQgLmlucHV0X19jb250cm9sOi1tcy1pbnB1dC1wbGFjZWhvbGRlcntjb2xvcjpyZ2JhKDExLDMxLDUzLC4zKX0uaW5wdXRfdGhlbWVfYWxmYS1vbi13aGl0ZS5pbnB1dF9kaXNhYmxlZCAuaW5wdXRfX2NvbnRyb2w6Oi1tcy1pbnB1dC1wbGFjZWhvbGRlcntjb2xvcjpyZ2JhKDExLDMxLDUzLC4zKX0uaW5wdXRfdGhlbWVfYWxmYS1vbi13aGl0ZS5pbnB1dF9kaXNhYmxlZCAuaW5wdXRfX2NvbnRyb2w6Oi1tb3otcGxhY2Vob2xkZXJ7Y29sb3I6cmdiYSgxMSwzMSw1MywuMyl9LmlucHV0X3RoZW1lX2FsZmEtb24td2hpdGUuaW5wdXRfZGlzYWJsZWQgLmlucHV0X19jb250cm9sOjpwbGFjZWhvbGRlcntjb2xvcjpyZ2JhKDExLDMxLDUzLC4zKX0uaW5wdXRfdGhlbWVfYWxmYS1vbi13aGl0ZS5pbnB1dF9kaXNhYmxlZCAuaW5wdXRfX2ljb257b3BhY2l0eTouMjV9LmlucHV0X3RoZW1lX2FsZmEtb24td2hpdGUuaW5wdXRfaW52YWxpZCAuaW5wdXRfX3N1Yntjb2xvcjojZmY1YzVjfS5pbnB1dF90aGVtZV9hbGZhLW9uLXdoaXRlLmlucHV0X2ludmFsaWQgLmlucHV0X19ib3h7Ym9yZGVyLWJvdHRvbS1jb2xvcjpyZ2JhKDI1NSw5Miw5MiwuODUpfS5pbnB1dF90aGVtZV9hbGZhLW9uLXdoaXRlLmlucHV0X2ludmFsaWQuaW5wdXRfZm9jdXNlZCAuaW5wdXRfX2JveHtib3JkZXItYm90dG9tLWNvbG9yOnJnYmEoMjU1LDkyLDkyLC44NSk7Ym94LXNoYWRvdzppbnNldCAwIC0xcHggMCByZ2JhKDI1NSw5Miw5MiwuODUpfS5pbnB1dHtkaXNwbGF5OmlubGluZS1ibG9jaztmb250LWZhbWlseTpCbGlua01hY1N5c3RlbUZvbnQsLWFwcGxlLXN5c3RlbSxTZWdvZSBVSSxSb2JvdG8sT3h5Z2VuLFVidW50dSxDYW50YXJlbGwsT3BlbiBTYW5zLEhlbHZldGljYSBOZXVlLFJvYm90byBSb3VibGUsc2Fucy1zZXJpZjtmb250LXdlaWdodDo0MDB9LmlucHV0LC5pbnB1dCAqLC5pbnB1dCA6YWZ0ZXIsLmlucHV0IDpiZWZvcmV7Ym94LXNpemluZzpib3JkZXItYm94fS5pbnB1dF9faW5uZXJ7ZGlzcGxheTppbmxpbmUtdGFibGU7cG9zaXRpb246cmVsYXRpdmU7d2lkdGg6MTAwJX0uaW5wdXRfX2JveHtvdmVyZmxvdzpoaWRkZW47ZGlzcGxheTp0YWJsZS1jZWxsO3Bvc2l0aW9uOnJlbGF0aXZlOy13ZWJraXQtdXNlci1zZWxlY3Q6bm9uZTstbW96LXVzZXItc2VsZWN0Om5vbmU7LW1zLXVzZXItc2VsZWN0Om5vbmU7dXNlci1zZWxlY3Q6bm9uZTstd2Via2l0LXRyYW5zaXRpb24tZHVyYXRpb246LjI1czt0cmFuc2l0aW9uLWR1cmF0aW9uOi4yNXM7LXdlYmtpdC10cmFuc2l0aW9uLXByb3BlcnR5OmJvcmRlci1ib3R0b20tY29sb3Isd2lkdGgsYmFja2dyb3VuZC1jb2xvciwtd2Via2l0LWJveC1zaGFkb3c7LXdlYmtpdC10cmFuc2l0aW9uLXByb3BlcnR5OmJvcmRlci1ib3R0b20tY29sb3IsYm94LXNoYWRvdyx3aWR0aCxiYWNrZ3JvdW5kLWNvbG9yO3RyYW5zaXRpb24tcHJvcGVydHk6Ym9yZGVyLWJvdHRvbS1jb2xvcixib3gtc2hhZG93LHdpZHRoLGJhY2tncm91bmQtY29sb3I7LXdlYmtpdC10cmFuc2l0aW9uLXRpbWluZy1mdW5jdGlvbjpjdWJpYy1iZXppZXIoLjIzLDEsLjMyLDEpO3RyYW5zaXRpb24tdGltaW5nLWZ1bmN0aW9uOmN1YmljLWJlemllciguMjMsMSwuMzIsMSk7LXdlYmtpdC10b3VjaC1jYWxsb3V0Om5vbmV9LmlucHV0X190b3B7b3ZlcmZsb3c6aGlkZGVuO3Bvc2l0aW9uOmFic29sdXRlO3RvcDowO3JpZ2h0OjA7bGVmdDowO2ZvbnQtc2l6ZToxNnB4O3RleHQtb3ZlcmZsb3c6ZWxsaXBzaXM7d2hpdGUtc3BhY2U6bm93cmFwOy13ZWJraXQtdHJhbnNmb3JtOnNjYWxlKDEpIHRyYW5zbGF0ZVkoMCk7dHJhbnNmb3JtOnNjYWxlKDEpIHRyYW5zbGF0ZVkoMCk7LXdlYmtpdC10cmFuc2Zvcm0tb3JpZ2luOjAgMTAwJTt0cmFuc2Zvcm0tb3JpZ2luOjAgMTAwJTstd2Via2l0LXRyYW5zaXRpb24tZHVyYXRpb246LjJzO3RyYW5zaXRpb24tZHVyYXRpb246LjJzOy13ZWJraXQtdHJhbnNpdGlvbi1wcm9wZXJ0eTpjb2xvcixmb250LXNpemUsLXdlYmtpdC10cmFuc2Zvcm07dHJhbnNpdGlvbi1wcm9wZXJ0eTpjb2xvcixmb250LXNpemUsLXdlYmtpdC10cmFuc2Zvcm07dHJhbnNpdGlvbi1wcm9wZXJ0eTpjb2xvcix0cmFuc2Zvcm0sZm9udC1zaXplO3RyYW5zaXRpb24tcHJvcGVydHk6Y29sb3IsdHJhbnNmb3JtLGZvbnQtc2l6ZSwtd2Via2l0LXRyYW5zZm9ybTstd2Via2l0LXRyYW5zaXRpb24tdGltaW5nLWZ1bmN0aW9uOmVhc2U7dHJhbnNpdGlvbi10aW1pbmctZnVuY3Rpb246ZWFzZX0uaW5wdXRfX3N1YntkaXNwbGF5OnRhYmxlLWNhcHRpb247Y2FwdGlvbi1zaWRlOmJvdHRvbTtwYWRkaW5nLXRvcDo1cHg7cGFkZGluZy1yaWdodDoxMnB4O3doaXRlLXNwYWNlOm5vcm1hbH0uaW5wdXRfX2NvbnRyb2x7ZGlzcGxheTppbmxpbmUtYmxvY2s7cG9zaXRpb246cmVsYXRpdmU7d2lkdGg6MTAwJTttaW4taGVpZ2h0OjEwMCU7bWFyZ2luOjA7cGFkZGluZzowO291dGxpbmU6bm9uZTtmb250OmluaGVyaXQ7Zm9udC13ZWlnaHQ6NDAwO2xpbmUtaGVpZ2h0OmluaGVyaXQ7YmFja2dyb3VuZDpub25lO2JvcmRlcjpub25lO2JvcmRlci1yYWRpdXM6MDstd2Via2l0LWFwcGVhcmFuY2U6bm9uZTstd2Via2l0LXRhcC1oaWdobGlnaHQtY29sb3I6cmdiYSgwLDAsMCwwKX0uaW5wdXRfX2NvbnRyb2w6aW52YWxpZHtib3gtc2hhZG93Om5vbmV9LmlucHV0X19jb250cm9sOjotd2Via2l0LXNlYXJjaC1kZWNvcmF0aW9uey13ZWJraXQtYXBwZWFyYW5jZTpub25lfS5pbnB1dF9fY29udHJvbDo6LXdlYmtpdC1zZWFyY2gtY2FuY2VsLWJ1dHRvbntkaXNwbGF5Om5vbmV9LmlucHV0X19jb250cm9sOjotd2Via2l0LWlucHV0LXBsYWNlaG9sZGVye3RleHQtaW5kZW50OjB9LmlucHV0X19jb250cm9sOjotbW96LXBsYWNlaG9sZGVye29wYWNpdHk6MX0uaW5wdXRfX2NvbnRyb2w6Oi1tcy1jbGVhcntkaXNwbGF5Om5vbmV9LmlucHV0X19jb250cm9sOjotd2Via2l0LWlucHV0LXBsYWNlaG9sZGVyLC5pbnB1dF9fY29udHJvbFtwbGFjZWhvbGRlcl17dGV4dC1vdmVyZmxvdzplbGxpcHNpczstd2Via2l0LXRyYW5zaXRpb246b3BhY2l0eSAuMnMgZWFzZS1pbi1vdXQsY29sb3IgLjJzIGVhc2UtaW4tb3V0O3RyYW5zaXRpb246b3BhY2l0eSAuMnMgZWFzZS1pbi1vdXQsY29sb3IgLjJzIGVhc2UtaW4tb3V0fS5pbnB1dF9fY29udHJvbDotbXMtaW5wdXQtcGxhY2Vob2xkZXIsLmlucHV0X19jb250cm9sW3BsYWNlaG9sZGVyXXt0ZXh0LW92ZXJmbG93OmVsbGlwc2lzOy13ZWJraXQtdHJhbnNpdGlvbjpvcGFjaXR5IC4ycyBlYXNlLWluLW91dCxjb2xvciAuMnMgZWFzZS1pbi1vdXQ7dHJhbnNpdGlvbjpvcGFjaXR5IC4ycyBlYXNlLWluLW91dCxjb2xvciAuMnMgZWFzZS1pbi1vdXR9LmlucHV0X19jb250cm9sOjotbXMtaW5wdXQtcGxhY2Vob2xkZXIsLmlucHV0X19jb250cm9sW3BsYWNlaG9sZGVyXXt0ZXh0LW92ZXJmbG93OmVsbGlwc2lzOy13ZWJraXQtdHJhbnNpdGlvbjpvcGFjaXR5IC4ycyBlYXNlLWluLW91dCxjb2xvciAuMnMgZWFzZS1pbi1vdXQ7dHJhbnNpdGlvbjpvcGFjaXR5IC4ycyBlYXNlLWluLW91dCxjb2xvciAuMnMgZWFzZS1pbi1vdXR9LmlucHV0X19jb250cm9sOjotbW96LXBsYWNlaG9sZGVyLC5pbnB1dF9fY29udHJvbFtwbGFjZWhvbGRlcl17dGV4dC1vdmVyZmxvdzplbGxpcHNpczstd2Via2l0LXRyYW5zaXRpb246b3BhY2l0eSAuMnMgZWFzZS1pbi1vdXQsY29sb3IgLjJzIGVhc2UtaW4tb3V0O3RyYW5zaXRpb246b3BhY2l0eSAuMnMgZWFzZS1pbi1vdXQsY29sb3IgLjJzIGVhc2UtaW4tb3V0fS5pbnB1dF9fY29udHJvbDo6cGxhY2Vob2xkZXIsLmlucHV0X19jb250cm9sW3BsYWNlaG9sZGVyXXt0ZXh0LW92ZXJmbG93OmVsbGlwc2lzOy13ZWJraXQtdHJhbnNpdGlvbjpvcGFjaXR5IC4ycyBlYXNlLWluLW91dCxjb2xvciAuMnMgZWFzZS1pbi1vdXQ7dHJhbnNpdGlvbjpvcGFjaXR5IC4ycyBlYXNlLWluLW91dCxjb2xvciAuMnMgZWFzZS1pbi1vdXR9LmlucHV0X19jb250cm9sOi13ZWJraXQtYXV0b2ZpbGwsLmlucHV0X19jb250cm9sOi13ZWJraXQtYXV0b2ZpbGw6YWN0aXZlLC5pbnB1dF9fY29udHJvbDotd2Via2l0LWF1dG9maWxsOmZvY3VzLC5pbnB1dF9fY29udHJvbDotd2Via2l0LWF1dG9maWxsOmhvdmVyey13ZWJraXQtdHJhbnNpdGlvbjpiYWNrZ3JvdW5kLWNvbG9yIDk5OTk5OXMgZWFzZS1pbi1vdXQgMHM7dHJhbnNpdGlvbjpiYWNrZ3JvdW5kLWNvbG9yIDk5OTk5OXMgZWFzZS1pbi1vdXQgMHN9LmlucHV0X2hhcy1sYWJlbCAuaW5wdXRfX2NvbnRyb2w6Oi13ZWJraXQtaW5wdXQtcGxhY2Vob2xkZXJ7b3BhY2l0eTowfS5pbnB1dF9oYXMtbGFiZWwgLmlucHV0X19jb250cm9sOjotbXMtaW5wdXQtcGxhY2Vob2xkZXJ7b3BhY2l0eTowfS5pbnB1dF9oYXMtbGFiZWwgLmlucHV0X19jb250cm9sOjotbW96LXBsYWNlaG9sZGVye29wYWNpdHk6MH0uaW5wdXRfaGFzLWxhYmVsIC5pbnB1dF9fY29udHJvbDo6cGxhY2Vob2xkZXJ7b3BhY2l0eTowfS5pbnB1dF9oYXMtbGFiZWwuaW5wdXRfZm9jdXNlZCAuaW5wdXRfX2NvbnRyb2w6Oi13ZWJraXQtaW5wdXQtcGxhY2Vob2xkZXJ7b3BhY2l0eToxfS5pbnB1dF9oYXMtbGFiZWwuaW5wdXRfZm9jdXNlZCAuaW5wdXRfX2NvbnRyb2w6LW1zLWlucHV0LXBsYWNlaG9sZGVye29wYWNpdHk6MX0uaW5wdXRfaGFzLWxhYmVsLmlucHV0X2ZvY3VzZWQgLmlucHV0X19jb250cm9sOjotbXMtaW5wdXQtcGxhY2Vob2xkZXJ7b3BhY2l0eToxfS5pbnB1dF9oYXMtbGFiZWwuaW5wdXRfZm9jdXNlZCAuaW5wdXRfX2NvbnRyb2w6Oi1tb3otcGxhY2Vob2xkZXJ7b3BhY2l0eToxfS5pbnB1dF9oYXMtbGFiZWwuaW5wdXRfZm9jdXNlZCAuaW5wdXRfX2NvbnRyb2w6OnBsYWNlaG9sZGVye29wYWNpdHk6MX0uaW5wdXRfaGFzLWNsZWFyIC5pbnB1dF9fY29udHJvbHtwYWRkaW5nLXJpZ2h0OjA7dGV4dC1vdmVyZmxvdzplbGxpcHNpc30uaW5wdXRfX2NsZWFye29wYWNpdHk6LjY7cG9zaXRpb246YWJzb2x1dGU7dG9wOjA7cmlnaHQ6MDttYXJnaW46MDtwYWRkaW5nOjA7Y3Vyc29yOnBvaW50ZXI7b3V0bGluZTpub25lOy13ZWJraXQtdXNlci1zZWxlY3Q6bm9uZTstbW96LXVzZXItc2VsZWN0Om5vbmU7LW1zLXVzZXItc2VsZWN0Om5vbmU7dXNlci1zZWxlY3Q6bm9uZTtjb2xvcjppbmhlcml0O2ZvbnQ6aW5oZXJpdDtiYWNrZ3JvdW5kOm5vbmU7YmFja2dyb3VuZC1wb3NpdGlvbjo1MCU7YmFja2dyb3VuZC1yZXBlYXQ6bm8tcmVwZWF0O2JvcmRlcjpub25lOy13ZWJraXQtdHJhbnNpdGlvbjpvcGFjaXR5IC4xcyBlYXNlLW91dDt0cmFuc2l0aW9uOm9wYWNpdHkgLjFzIGVhc2Utb3V0fS5pbnB1dF9fY2xlYXI6aG92ZXJ7b3BhY2l0eToxfS5pbnB1dF9oYXMtaWNvbiAuaW5wdXRfX2ljb257ZGlzcGxheTpmbGV4O2FsaWduLWl0ZW1zOmNlbnRlcjtqdXN0aWZ5LWNvbnRlbnQ6Y2VudGVyO3Bvc2l0aW9uOmFic29sdXRlO3RvcDowO3JpZ2h0OjA7dGV4dC1hbGlnbjpjZW50ZXI7LXdlYmtpdC10cmFuc2l0aW9uOmFsbCAuMnMgZWFzZTt0cmFuc2l0aW9uOmFsbCAuMnMgZWFzZX0uaW5wdXRfaGFzLWljb24gLmlucHV0X19jb250cm9se3BhZGRpbmctcmlnaHQ6MnB4O3RleHQtb3ZlcmZsb3c6ZWxsaXBzaXN9LmlucHV0X3dpZHRoX2F2YWlsYWJsZXt3aWR0aDoxMDAlfS5pbnB1dC5pbnB1dF9oYXMtYWRkb25zIC5pbnB1dF9fYm94e2Rpc3BsYXk6ZmxleDtmbGV4LWRpcmVjdGlvbjpyb3c7ZmxleC1ncm93OjE7anVzdGlmeS1jb250ZW50OnNwYWNlLWJldHdlZW47d2lkdGg6MTAwJTtoZWlnaHQ6MTAwJX0uaW5wdXQuaW5wdXRfaGFzLWFkZG9ucyAuaW5wdXRfX2NvbnRyb2x7cGFkZGluZy1yaWdodDoxMnB4fS5pbnB1dC5pbnB1dF9oYXMtYWRkb25zIC5pbnB1dF9fYWRkb25zX2xlZnQrLmlucHV0X19jb250cm9se3BhZGRpbmctcmlnaHQ6MDtwYWRkaW5nLWxlZnQ6MTJweH0uaW5wdXQuaW5wdXRfaGFzLWFkZG9ucyAuaW5wdXRfX2NvbnRyb2w6bnRoLWNoaWxkKDIpOm50aC1sYXN0LWNoaWxkKDIpe3BhZGRpbmctcmlnaHQ6MTJweH0uaW5wdXRfX2FkZG9uc3tkaXNwbGF5OmZsZXg7ZmxleC1zaHJpbms6MDthbGlnbi1pdGVtczpjZW50ZXJ9LmlucHV0X3R5cGVfaGlkZGVue2Rpc3BsYXk6bm9uZSFpbXBvcnRhbnR9LmlucHV0X19jb250cm9sOmRpc2FibGVke29wYWNpdHk6MX0uaW5wdXRfZm9jdXNlZHt6LWluZGV4OjF9LmlucHV0X2Rpc2FibGVkIC5pbnB1dF9fY2xlYXIsLmlucHV0X2Rpc2FibGVkOmJlZm9yZXtkaXNwbGF5Om5vbmV9LmlucHV0X2Rpc2FibGVkIC5pbnB1dF9oYXMtdmFsdWU6Oi13ZWJraXQtaW5wdXQtcGxhY2Vob2xkZXJ7b3BhY2l0eTouNn0uaW5wdXRfZGlzYWJsZWQgLmlucHV0X2hhcy12YWx1ZTotbXMtaW5wdXQtcGxhY2Vob2xkZXJ7b3BhY2l0eTouNn0uaW5wdXRfZGlzYWJsZWQgLmlucHV0X2hhcy12YWx1ZTo6LW1zLWlucHV0LXBsYWNlaG9sZGVye29wYWNpdHk6LjZ9LmlucHV0X2Rpc2FibGVkIC5pbnB1dF9oYXMtdmFsdWU6Oi1tb3otcGxhY2Vob2xkZXJ7b3BhY2l0eTouNn0uaW5wdXRfZGlzYWJsZWQgLmlucHV0X2hhcy12YWx1ZTo6cGxhY2Vob2xkZXJ7b3BhY2l0eTouNn0uaW5wdXRfZGlzYWJsZWQgLmlucHV0X19ib3gsLmlucHV0X2Rpc2FibGVkIC5pbnB1dF9fY29udHJvbHtjdXJzb3I6ZGVmYXVsdH0uaW5wdXRfdHlwZV9wYXNzd29yZCAuaW5wdXRfX2NvbnRyb2x7dGV4dC1vdmVyZmxvdzpjbGlwfS5pbnB1dF9zaXplX3MuaW5wdXRfaGFzLWxhYmVse3BhZGRpbmctdG9wOjlweH0uaW5wdXRfc2l6ZV9zIC5pbnB1dF9fdG9we2xpbmUtaGVpZ2h0OjMwcHh9LmlucHV0X3NpemVfcy5pbnB1dF9mb2N1c2VkIC5pbnB1dF9fdG9wLC5pbnB1dF9zaXplX3MuaW5wdXRfaGFzLXZhbHVlIC5pbnB1dF9fdG9wey13ZWJraXQtdHJhbnNmb3JtOnNjYWxlKC45MjMwOCkgdHJhbnNsYXRlWSgtMjJweCk7dHJhbnNmb3JtOnNjYWxlKC45MjMwOCkgdHJhbnNsYXRlWSgtMjJweCk7d2lkdGg6MTA3LjY5MiV9LmlucHV0X3NpemVfcyAuaW5wdXRfX2JveCwuaW5wdXRfc2l6ZV9zIC5pbnB1dF9fdG9we2ZvbnQtc2l6ZToxM3B4fS5pbnB1dF9zaXplX3MgLmlucHV0X19ib3h7aGVpZ2h0OjMwcHh9LmlucHV0X3NpemVfcyAuaW5wdXRfX3N1Yntmb250LXNpemU6MTJweH0uaW5wdXRfc2l6ZV9zIC5pbnB1dF9fY29udHJvbHtwYWRkaW5nOjdweCAwfS5pbnB1dF9zaXplX3MuaW5wdXRfaGFzLWNsZWFyIC5pbnB1dF9fYm94LC5pbnB1dF9zaXplX3MuaW5wdXRfaGFzLWljb24gLmlucHV0X19ib3h7cGFkZGluZy1yaWdodDozMHB4fS5pbnB1dF9zaXplX3MuaW5wdXRfaGFzLWljb24gLmlucHV0X19pY29ue3dpZHRoOjMwcHg7aGVpZ2h0OjMwcHg7bGluZS1oZWlnaHQ6MjhweH0uaW5wdXRfc2l6ZV9tLmlucHV0X2hhcy1sYWJlbHtwYWRkaW5nLXRvcDo2cHh9LmlucHV0X3NpemVfbSAuaW5wdXRfX3RvcHtsaW5lLWhlaWdodDo0MHB4fS5pbnB1dF9zaXplX20uaW5wdXRfZm9jdXNlZCAuaW5wdXRfX3RvcCwuaW5wdXRfc2l6ZV9tLmlucHV0X2hhcy12YWx1ZSAuaW5wdXRfX3RvcHstd2Via2l0LXRyYW5zZm9ybTpzY2FsZSguODEyNSkgdHJhbnNsYXRlWSgtMzBweCk7dHJhbnNmb3JtOnNjYWxlKC44MTI1KSB0cmFuc2xhdGVZKC0zMHB4KTt3aWR0aDoxMTguNzUlfS5pbnB1dF9zaXplX20gLmlucHV0X19ib3gsLmlucHV0X3NpemVfbSAuaW5wdXRfX3RvcHtmb250LXNpemU6MTZweH0uaW5wdXRfc2l6ZV9tIC5pbnB1dF9fYm94e2hlaWdodDo0MHB4fS5pbnB1dF9zaXplX20gLmlucHV0X19zdWJ7Zm9udC1zaXplOjEzcHh9LmlucHV0X3NpemVfbSAuaW5wdXRfX2NvbnRyb2x7cGFkZGluZzoxMHB4IDB9LmlucHV0X3NpemVfbS5pbnB1dF9oYXMtY2xlYXIgLmlucHV0X19ib3gsLmlucHV0X3NpemVfbS5pbnB1dF9oYXMtaWNvbiAuaW5wdXRfX2JveHtwYWRkaW5nLXJpZ2h0OjM0cHh9LmlucHV0X3NpemVfbS5pbnB1dF9oYXMtaWNvbiAuaW5wdXRfX2ljb257d2lkdGg6MzRweDtoZWlnaHQ6NDBweDtsaW5lLWhlaWdodDozOHB4fS5pbnB1dF9zaXplX2wuaW5wdXRfaGFzLWxhYmVse3BhZGRpbmctdG9wOjE0cHh9LmlucHV0X3NpemVfbCAuaW5wdXRfX3RvcHtsaW5lLWhlaWdodDo1MHB4fS5pbnB1dF9zaXplX2wuaW5wdXRfZm9jdXNlZCAuaW5wdXRfX3RvcCwuaW5wdXRfc2l6ZV9sLmlucHV0X2hhcy12YWx1ZSAuaW5wdXRfX3RvcHstd2Via2l0LXRyYW5zZm9ybTpzY2FsZSguODg4ODkpIHRyYW5zbGF0ZVkoLTQwcHgpO3RyYW5zZm9ybTpzY2FsZSguODg4ODkpIHRyYW5zbGF0ZVkoLTQwcHgpO3dpZHRoOjExMS4xMTElfS5pbnB1dF9zaXplX2wgLmlucHV0X19ib3gsLmlucHV0X3NpemVfbCAuaW5wdXRfX3RvcHtmb250LXNpemU6MThweH0uaW5wdXRfc2l6ZV9sIC5pbnB1dF9fYm94e2hlaWdodDo1MHB4fS5pbnB1dF9zaXplX2wgLmlucHV0X19zdWJ7Zm9udC1zaXplOjE2cHh9LmlucHV0X3NpemVfbCAuaW5wdXRfX2NvbnRyb2x7cGFkZGluZzoxNHB4IDB9LmlucHV0X3NpemVfbC5pbnB1dF9oYXMtY2xlYXIgLmlucHV0X19ib3gsLmlucHV0X3NpemVfbC5pbnB1dF9oYXMtaWNvbiAuaW5wdXRfX2JveHtwYWRkaW5nLXJpZ2h0OjQ0cHh9LmlucHV0X3NpemVfbC5pbnB1dF9oYXMtaWNvbiAuaW5wdXRfX2ljb257d2lkdGg6NDRweDtoZWlnaHQ6NTBweDtsaW5lLWhlaWdodDo0OHB4fS5pbnB1dF9zaXplX3hsLmlucHV0X2hhcy1sYWJlbHtwYWRkaW5nLXRvcDoxM3B4fS5pbnB1dF9zaXplX3hsIC5pbnB1dF9fdG9we2xpbmUtaGVpZ2h0OjYwcHh9LmlucHV0X3NpemVfeGwuaW5wdXRfZm9jdXNlZCAuaW5wdXRfX3RvcCwuaW5wdXRfc2l6ZV94bC5pbnB1dF9oYXMtdmFsdWUgLmlucHV0X190b3B7LXdlYmtpdC10cmFuc2Zvcm06c2NhbGUoLjgxODE4KSB0cmFuc2xhdGVZKC01MHB4KTt0cmFuc2Zvcm06c2NhbGUoLjgxODE4KSB0cmFuc2xhdGVZKC01MHB4KTt3aWR0aDoxMTguMTgyJX0uaW5wdXRfc2l6ZV94bCAuaW5wdXRfX2JveCwuaW5wdXRfc2l6ZV94bCAuaW5wdXRfX3RvcHtmb250LXNpemU6MjJweH0uaW5wdXRfc2l6ZV94bCAuaW5wdXRfX2JveHtoZWlnaHQ6NjBweH0uaW5wdXRfc2l6ZV94bCAuaW5wdXRfX3N1Yntmb250LXNpemU6MThweH0uaW5wdXRfc2l6ZV94bCAuaW5wdXRfX2NvbnRyb2x7cGFkZGluZzoxN3B4IDB9LmlucHV0X3NpemVfeGwuaW5wdXRfaGFzLWNsZWFyIC5pbnB1dF9fYm94LC5pbnB1dF9zaXplX3hsLmlucHV0X2hhcy1pY29uIC5pbnB1dF9fYm94e3BhZGRpbmctcmlnaHQ6NTJweH0uaW5wdXRfc2l6ZV94bC5pbnB1dF9oYXMtaWNvbiAuaW5wdXRfX2ljb257d2lkdGg6NTJweDtoZWlnaHQ6NjBweDtsaW5lLWhlaWdodDo1OHB4fS5pbnB1dF9oYXMtbGFiZWwgLmlucHV0X19jb250cm9sOi1tcy1pbnB1dC1wbGFjZWhvbGRlcntvcGFjaXR5OjB9LmlucHV0X3ZpZXdfZmlsbGVkIC5pbnB1dF9fdG9we3BhZGRpbmc6MCAxMnB4O2xpbmUtaGVpZ2h0OjU2cHg7LXdlYmtpdC10cmFuc2Zvcm0tb3JpZ2luOjAgNTAlO3RyYW5zZm9ybS1vcmlnaW46MCA1MCV9LmlucHV0X3ZpZXdfZmlsbGVkIC5pbnB1dF9fYm94e2hlaWdodDo1NnB4O3BhZGRpbmc6MCAxMnB4O2JvcmRlci1ib3R0b20tY29sb3I6cmdiYSgxMSwzMSw1MywuMTUpO2JhY2tncm91bmQtY29sb3I6cmdiYSgxMSwzMSw1MywuMDUpO2JvcmRlci1yYWRpdXM6NHB4IDRweCAwIDB9LmlucHV0X3ZpZXdfZmlsbGVkIC5pbnB1dF9fYm94OmhvdmVye2JhY2tncm91bmQtY29sb3I6cmdiYSgxMSwzMSw1MywuMSk7Ym9yZGVyLWNvbG9yOnJnYmEoMTEsMzEsNTMsLjYpfS5pbnB1dF92aWV3X2ZpbGxlZCAuaW5wdXRfX2JveCwuaW5wdXRfdmlld19maWxsZWQgLmlucHV0X190b3B7Zm9udC1zaXplOjE2cHh9LmlucHV0X3ZpZXdfZmlsbGVkX19zdWJ7cGFkZGluZy10b3A6NHB4O3BhZGRpbmctcmlnaHQ6MTJweDtmb250LXNpemU6MTNweDtsaW5lLWhlaWdodDoxLjJ9LmlucHV0X3ZpZXdfZmlsbGVkIC5pbnB1dF9fc3ViLC5pbnB1dF92aWV3X2ZpbGxlZCAuaW5wdXRfX3RvcHtjb2xvcjpyZ2JhKDExLDMxLDUzLC42KX0uaW5wdXRfdmlld19maWxsZWQgLmlucHV0X19jb250cm9se21pbi1oZWlnaHQ6NTVweDtwYWRkaW5nOjhweCAwO2NvbG9yOiMwYjFmMzV9LmlucHV0X3ZpZXdfZmlsbGVkIC5pbnB1dF9fY29udHJvbDo6LXdlYmtpdC1pbnB1dC1wbGFjZWhvbGRlcntjb2xvcjpyZ2JhKDExLDMxLDUzLC42KX0uaW5wdXRfdmlld19maWxsZWQgLmlucHV0X19jb250cm9sOi1tcy1pbnB1dC1wbGFjZWhvbGRlcntjb2xvcjpyZ2JhKDExLDMxLDUzLC42KX0uaW5wdXRfdmlld19maWxsZWQgLmlucHV0X19jb250cm9sOjotbXMtaW5wdXQtcGxhY2Vob2xkZXJ7Y29sb3I6cmdiYSgxMSwzMSw1MywuNil9LmlucHV0X3ZpZXdfZmlsbGVkIC5pbnB1dF9fY29udHJvbDo6LW1vei1wbGFjZWhvbGRlcntjb2xvcjpyZ2JhKDExLDMxLDUzLC42KX0uaW5wdXRfdmlld19maWxsZWQgLmlucHV0X19jb250cm9sOjpwbGFjZWhvbGRlcntjb2xvcjpyZ2JhKDExLDMxLDUzLC42KX0uaW5wdXRfdmlld19maWxsZWQuaW5wdXRfZm9jdXNlZCAuaW5wdXRfX2JveHtib3JkZXItYm90dG9tLWNvbG9yOiMwYjFmMzU7Ym94LXNoYWRvdzppbnNldCAwIC0xcHggMCAjMGIxZjM1fS5pbnB1dF92aWV3X2ZpbGxlZC5pbnB1dF9oYXMtbGFiZWx7cGFkZGluZy10b3A6MH0uaW5wdXRfdmlld19maWxsZWQuaW5wdXRfaGFzLWxhYmVsIC5pbnB1dF9fY29udHJvbHtwYWRkaW5nLXRvcDoyNnB4O3BhZGRpbmctYm90dG9tOjhweH0uaW5wdXRfdmlld19maWxsZWQuaW5wdXRfaGFzLWxhYmVsIC5pbnB1dF9fY29udHJvbDo6LXdlYmtpdC1pbnB1dC1wbGFjZWhvbGRlcntjb2xvcjp0cmFuc3BhcmVudH0uaW5wdXRfdmlld19maWxsZWQuaW5wdXRfaGFzLWxhYmVsIC5pbnB1dF9fY29udHJvbDotbXMtaW5wdXQtcGxhY2Vob2xkZXJ7Y29sb3I6dHJhbnNwYXJlbnR9LmlucHV0X3ZpZXdfZmlsbGVkLmlucHV0X2hhcy1sYWJlbCAuaW5wdXRfX2NvbnRyb2w6Oi1tcy1pbnB1dC1wbGFjZWhvbGRlcntjb2xvcjp0cmFuc3BhcmVudH0uaW5wdXRfdmlld19maWxsZWQuaW5wdXRfaGFzLWxhYmVsIC5pbnB1dF9fY29udHJvbDo6LW1vei1wbGFjZWhvbGRlcntjb2xvcjp0cmFuc3BhcmVudH0uaW5wdXRfdmlld19maWxsZWQuaW5wdXRfaGFzLWxhYmVsIC5pbnB1dF9fY29udHJvbDo6cGxhY2Vob2xkZXJ7Y29sb3I6dHJhbnNwYXJlbnR9LmlucHV0X3ZpZXdfZmlsbGVkLmlucHV0X2hhcy1sYWJlbC5pbnB1dF9mb2N1c2VkIC5pbnB1dF9fY29udHJvbDo6LXdlYmtpdC1pbnB1dC1wbGFjZWhvbGRlcntjb2xvcjpyZ2JhKDExLDMxLDUzLC42KX0uaW5wdXRfdmlld19maWxsZWQuaW5wdXRfaGFzLWxhYmVsLmlucHV0X2ZvY3VzZWQgLmlucHV0X19jb250cm9sOi1tcy1pbnB1dC1wbGFjZWhvbGRlcntjb2xvcjpyZ2JhKDExLDMxLDUzLC42KX0uaW5wdXRfdmlld19maWxsZWQuaW5wdXRfaGFzLWxhYmVsLmlucHV0X2ZvY3VzZWQgLmlucHV0X19jb250cm9sOjotbXMtaW5wdXQtcGxhY2Vob2xkZXJ7Y29sb3I6cmdiYSgxMSwzMSw1MywuNil9LmlucHV0X3ZpZXdfZmlsbGVkLmlucHV0X2hhcy1sYWJlbC5pbnB1dF9mb2N1c2VkIC5pbnB1dF9fY29udHJvbDo6LW1vei1wbGFjZWhvbGRlcntjb2xvcjpyZ2JhKDExLDMxLDUzLC42KX0uaW5wdXRfdmlld19maWxsZWQuaW5wdXRfaGFzLWxhYmVsLmlucHV0X2ZvY3VzZWQgLmlucHV0X19jb250cm9sOjpwbGFjZWhvbGRlcntjb2xvcjpyZ2JhKDExLDMxLDUzLC42KX0uaW5wdXRfdmlld19maWxsZWQuaW5wdXRfZm9jdXNlZCAuaW5wdXRfX3RvcCwuaW5wdXRfdmlld19maWxsZWQuaW5wdXRfaGFzLXZhbHVlIC5pbnB1dF9fdG9we2ZvbnQtc2l6ZToxM3B4Oy13ZWJraXQtdHJhbnNmb3JtOnRyYW5zbGF0ZVkoLTEycHgpO3RyYW5zZm9ybTp0cmFuc2xhdGVZKC0xMnB4KTt3aWR0aDphdXRvfS5pbnB1dF92aWV3X2ZpbGxlZC5pbnB1dF9oYXMtY2xlYXIgLmlucHV0X19jbGVhciwuaW5wdXRfdmlld19maWxsZWQuaW5wdXRfaGFzLWNsZWFyIC5pbnB1dF9faWNvbiwuaW5wdXRfdmlld19maWxsZWQuaW5wdXRfaGFzLWljb24gLmlucHV0X19jbGVhciwuaW5wdXRfdmlld19maWxsZWQuaW5wdXRfaGFzLWljb24gLmlucHV0X19pY29ue3RvcDo1MCU7d2lkdGg6NDhweDtoZWlnaHQ6NDhweDttYXJnaW4tdG9wOi0yNHB4fS5pbnB1dF92aWV3X2ZpbGxlZC5pbnB1dF9oYXMtY2xlYXIgLmlucHV0X19ib3gsLmlucHV0X3ZpZXdfZmlsbGVkLmlucHV0X2hhcy1pY29uIC5pbnB1dF9fYm94e3BhZGRpbmctcmlnaHQ6NDhweH0uaW5wdXRfdmlld19maWxsZWQuaW5wdXRfaGFzLWFkZG9ucyAuaW5wdXRfX2FkZG9uc19sZWZ0Ky5pbnB1dF9fY29udHJvbHtwYWRkaW5nLXJpZ2h0OjEycHh9LmlucHV0X3ZpZXdfZmlsbGVkLmlucHV0X2hhcy1hZGRvbnMgLmlucHV0X19jb250cm9se3BhZGRpbmctbGVmdDoxMnB4O3BhZGRpbmctcmlnaHQ6MTJweH0uaW5wdXRfdmlld19maWxsZWQuaW5wdXRfaGFzLWFkZG9ucyAuaW5wdXRfX2NvbnRyb2w6Zmlyc3QtY2hpbGR7cGFkZGluZy1sZWZ0OjB9LmlucHV0X3ZpZXdfZmlsbGVkLmlucHV0X2hhcy1hZGRvbnMgLmlucHV0X19jb250cm9sOmxhc3QtY2hpbGR7cGFkZGluZy1yaWdodDowfS5pbnB1dF92aWV3X2ZpbGxlZC5pbnB1dF9oYXMtYWRkb25zIC5pbnB1dF9fYm94e2hlaWdodDo1NnB4fS5pbnB1dF92aWV3X2ZpbGxlZC5pbnB1dF9oYXMtbGVmdC1hZGRvbnMgLmlucHV0X190b3B7cGFkZGluZy1sZWZ0OjQ4cHh9LmlucHV0X3ZpZXdfZmlsbGVkLmlucHV0X2Rpc2FibGVkIC5pbnB1dF9fYm94e2JhY2tncm91bmQtY29sb3I6cmdiYSgxMSwzMSw1MywuMSk7Ym9yZGVyLWJvdHRvbS1jb2xvcjpyZ2JhKDExLDMxLDUzLC4xNSk7Ym9yZGVyLWJvdHRvbS1zdHlsZTpkYXNoZWQ7Ym94LXNoYWRvdzpub25lfS5pbnB1dF92aWV3X2ZpbGxlZC5pbnB1dF9kaXNhYmxlZCAuaW5wdXRfX2NvbnRyb2x7Y29sb3I6cmdiYSgxMSwzMSw1MywuNil9LmlucHV0X3ZpZXdfZmlsbGVkLmlucHV0X2Rpc2FibGVkIC5pbnB1dF9fY29udHJvbDo6LXdlYmtpdC1pbnB1dC1wbGFjZWhvbGRlciwuaW5wdXRfdmlld19maWxsZWQuaW5wdXRfZGlzYWJsZWQgLmlucHV0X190b3B7Y29sb3I6cmdiYSgxMSwzMSw1MywuMyl9LmlucHV0X3ZpZXdfZmlsbGVkLmlucHV0X2Rpc2FibGVkIC5pbnB1dF9fY29udHJvbDotbXMtaW5wdXQtcGxhY2Vob2xkZXIsLmlucHV0X3ZpZXdfZmlsbGVkLmlucHV0X2Rpc2FibGVkIC5pbnB1dF9fdG9we2NvbG9yOnJnYmEoMTEsMzEsNTMsLjMpfS5pbnB1dF92aWV3X2ZpbGxlZC5pbnB1dF9kaXNhYmxlZCAuaW5wdXRfX2NvbnRyb2w6Oi1tcy1pbnB1dC1wbGFjZWhvbGRlciwuaW5wdXRfdmlld19maWxsZWQuaW5wdXRfZGlzYWJsZWQgLmlucHV0X190b3B7Y29sb3I6cmdiYSgxMSwzMSw1MywuMyl9LmlucHV0X3ZpZXdfZmlsbGVkLmlucHV0X2Rpc2FibGVkIC5pbnB1dF9fY29udHJvbDo6LW1vei1wbGFjZWhvbGRlciwuaW5wdXRfdmlld19maWxsZWQuaW5wdXRfZGlzYWJsZWQgLmlucHV0X190b3B7Y29sb3I6cmdiYSgxMSwzMSw1MywuMyl9LmlucHV0X3ZpZXdfZmlsbGVkLmlucHV0X2Rpc2FibGVkIC5pbnB1dF9fY29udHJvbDo6cGxhY2Vob2xkZXIsLmlucHV0X3ZpZXdfZmlsbGVkLmlucHV0X2Rpc2FibGVkIC5pbnB1dF9fdG9we2NvbG9yOnJnYmEoMTEsMzEsNTMsLjMpfS5pbnB1dF92aWV3X2ZpbGxlZC5pbnB1dF9pbnZhbGlkIC5pbnB1dF9fc3Vie2NvbG9yOiNmZjVjNWN9LmlucHV0X3ZpZXdfZmlsbGVkLmlucHV0X2ludmFsaWQgLmlucHV0X19ib3gsLmlucHV0X3ZpZXdfZmlsbGVkLmlucHV0X2ludmFsaWQuaW5wdXRfZm9jdXNlZCAuaW5wdXRfX2JveHtib3JkZXItYm90dG9tLWNvbG9yOiNmZjVjNWM7Ym94LXNoYWRvdzppbnNldCAwIC0xcHggMCAjZmY1YzVjfS5zcGlue2Rpc3BsYXk6bm9uZTstd2Via2l0LWFuaW1hdGlvbjpzcGluX2FuaW1hdGlvbiAuOHMgbGluZWFyIGluZmluaXRlO2FuaW1hdGlvbjpzcGluX2FuaW1hdGlvbiAuOHMgbGluZWFyIGluZmluaXRlO2JhY2tncm91bmQtcmVwZWF0Om5vLXJlcGVhdDtiYWNrZ3JvdW5kLXNpemU6MTAwJX0uc3Bpbl92aXNpYmxle2Rpc3BsYXk6aW5saW5lLWJsb2NrO3ZlcnRpY2FsLWFsaWduOm1pZGRsZX0uc3Bpbl9zaXplX3N7d2lkdGg6MTZweDtoZWlnaHQ6MTZweH0uc3Bpbl9zaXplX217d2lkdGg6MjBweDtoZWlnaHQ6MjBweH0uc3Bpbl9zaXplX2x7d2lkdGg6MjZweDtoZWlnaHQ6MjZweH0uc3Bpbl9zaXplX3hse3dpZHRoOjMwcHg7aGVpZ2h0OjMwcHh9LnNwaW5fdGhlbWVfYWxmYS1vbi1jb2xvci5zcGluX3NpemVfc3tiYWNrZ3JvdW5kLWltYWdlOnVybChkYXRhOmltYWdlL3BuZztiYXNlNjQsaVZCT1J3MEtHZ29BQUFBTlNVaEVVZ0FBQUNBQUFBQWdDQVlBQUFCemVucjBBQUFBQVhOU1IwSUFyczRjNlFBQUExaEpSRUZVV0FtMWw3bHJGVkVVaC9PZVpuRlhjRUZ4S1d6VVdMaUJpQktzYkVTd3NWUkUwdGdFQk1YL3dGS3NMTVRPUnJBUkJIRkJFQkVMSTlnb3VFQndRWW00UldNMGFzenorOFk1ajV1WFBCTHo1aDM0Y3UvY21UbS8zejMzenN4THFXV0tVYWxVMnJpMEMvWkNKNndHeDdhWFNxWDN0Tk9LbVpQZGhmQlNyamtCQjJBaHpNaFIvQU0wRkhVTklOeE81aDQ0Q25OQTRVb09UVEV4b1FIRWw1RCtIR3lGVkZnRFJtRkd4aGxBZkIwQzUyRUZqRUlwb1ovK2RiZ0JMK0FOZklkcGg4bXJrYy84RWdQTHdabVg4OWExUGcwWDJYQi9hQXVMYWdVUWQxT2RBY3Z2ekNOdTBUbUc4TGNZYUtSRngwbFZ5SmN0WjlVQWc5MndFWnhoclBVRitxZTRPRFhFMFA4SHdsWmI4Y3dBN1loWnNpWGc1R0w2bDJFMnhFVjM2UGNVTE82eWhwRmhxNkNZY1FSY0FtY3ZicmFUUllpVEo4SnFxNmNKOFRGdktUUDdWdG85RU9LVzVpemlRN1NGaERNbGtmazFFUVk2WEJZSHRvQnV2TUR5dU9PdlFORmhmaXNRcU5XcWdSM2dTY1BCMnppTzQyeXdpRDlXZ1hBenU5VHFTTHNHVmtFSU9uZ1BtaFcvU1R3M1Q2NVdtd1lXZ2V2dWdPSGJyVmxoQmVKSlVDTmJBcjl3VVFFSFAvcW5TYUdPazQ0b2UrQmdhaUJPTnFzTkE5a0h6UjNwandrTnVBemlralFyRkkvSDBINzJJdkt4aXlwb1lCazBLM3pjVXhPalZ1QVZLQndtTnRGdlZpd2dzUWJDeElnR2VpRmRnczA4cjQ0WEdyNzFTT2p5eGhMWURpcjBHSHp0UmdYbTA5OEZSWWVmK1ZrUUJqUTBWT1lOWmZudlFoandlQitPTzJnTENYSlo4alVRNHJZRGFHZDdRQkUveGNNUUpueGJIUzVpS2ZMU3J5ZGY3ZXpmTXBaOUdGcHc4b1grTmRDQWJ5dlpBUHNiTVpHTCt4dlRuL2JwN1B2Ui9NWFlQd04yaUt2UUIxRUZUZXlFUXlUS3Z0MzBweHpjNDJkK0cwVHAzVy9pZm5zTldjVDdQenZnSmpmZ2NiQ05hdGdPd0UxNDZMclIxZzF5S0tLb005ZEVPcUVmSE44bngwL2FMTVlZY0lRRS9oenZobm1nV0NTdy9ReFA0SG5lZHphK1V2M0h4WDNqdmVJbk43M1B2dUlQRUIra3JjWTRBNTdKSzNHUTdrcW9UZVN4VDRxay9mUTR2Y2RKK0lIclRXZk9jUllUR3ZBTUpueDBkb00vV054QWFkSmFzVGhPcjdIdlJuc0t6eEQzZUZ6VU5SQlhZc1NsNklKT3FHZWtWdGcxN29OSENQdDQxNDFKRGNTZEdGSGN6YlVXZktYNlhQdXlzc1Jmd1g5Y1BzRkxlRmR2eHB3YkUzOEIwb2t6SnduUkhla0FBQUFBU1VWT1JLNUNZSUk9KX0uc3Bpbl90aGVtZV9hbGZhLW9uLWNvbG9yLnNwaW5fc2l6ZV9te2JhY2tncm91bmQtaW1hZ2U6dXJsKGRhdGE6aW1hZ2UvcG5nO2Jhc2U2NCxpVkJPUncwS0dnb0FBQUFOU1VoRVVnQUFBQ2dBQUFBb0NBWUFBQUNNL3JodEFBQUFBWE5TUjBJQXJzNGM2UUFBQkVWSlJFRlVXQW5GbU0yclZWVVloKys1NnRWU1NrMGJsSEJOY2lCK2dVRmlOVFBEU0oySmlBMGFpQmlDNEY4aE5LaFJFeDJKVFJzNXFJakFnVTVFQW0xU0dsb1gwZ3ZYNzQveUl6MDl6M2IvRGxzOXAzdHZuYjNQQzcvenJyWDIyZXQ5OXJ2V1htdnYzUnI2ajladXQ1ZHg2aGEwRHIyR1J0RXN0TDdWYWszZysySXpwOU1MVUl2NS8yNjBGYTFFdzJoRzZZWHJHeGg5RlRZbFFNRG04dTlQMFQ0MER3blZSbHI4azFxZmZ5Y0ZCTzVEWWg1RXJ5SXpKbEJWVk91RDdBa0lXSXZBKzlFQjFBM3NBZTBuMGJmb1p6U08va0Ivb3I1WlYwRGc1aERoTS9RUlNyWWVsMUd2NEQ5SFgzTXozQ3JiYW5ObTZTa3JNL2NGalE2dG1ZditwdndsT2dSWVg3TkVuejJ0V3dhOUdUNUFaaTVadTBwNUwyQS80bXN6azRNWnQyTlBBZktIOXpraVlNRE04RG0waHhNdjQydXpjdVNHOFZJbS9sQm5pR2wva2VqSDBDSmt1ME5yNW5ad2dqZEFiVVpzWXlXbS9tRXk2WUhZeHhUbW8wZklLN2lIOWpjQUY3RE1kWDFuWkF0QXJtQWhqYnVRWUVwSWI0WXorRnF0ekpUekxqdVNUQ05sVmp1azIybWNqWVR6aXE2aG82Z3BNMjR5YUh3MWd1NFZHYVR3SGpKcjBXR3U3Qy9xalZpWlJaZXhRT3BOMk5CTVV2azZmaFFsZS83UjNhRnBlMGhBOTN5enA3VmdtK0ZrZkJjSnAzbndORmQwdDZnMStHTVdNVWZRb1Eza2JBR1hJdytrOFFUbFFabWo5MElaWEo0UkFSZWdhZ1ovb3o0b00xSGV6YkZaQWF4bTBJZUJRVm51NW94bU80REpvR0R1SG9PeVp6TllETEhqN29GWTZGTnYybGVIdU5nRHpaZ1pGRkk1SndkbGpxaUEwV01YUkFFRkMrUWdBWDN4RWk0TGRwRkJiNHJBNlYyNEIyWHVIc21lL3BHa3YxcEFnZlE5ZDFEbTA1Uk15ZUo5SzZkUjRBUmR3WXFleFpKcU0rYTJScVNYVU9Ca3V6M01GdVBENkJnU1VtbnZQSEdOL3I1Q3RNRHBmV2d0TWlqRktXVDJvcTFjVWZFMDRjRzZyY3plRXVJSUZzaWJ4aldOMnZmSXg2dGtjUjdsVGFncDg5dU9yN3J5aEduQzRFV0ZWUHArK3cwS29KbmN6Slc5Z2EvVmlPRzhXNHBrU2ZiR1lmTHhxME5yK1R0a1dvVVQxQjFsRHgzVXRpN1N0MWxiZ3dJbXBQRXZvOEtTemlHSWZVbjZDdVY5V0VnZklJWDA5dStybFhBdWFkV2hsZWNDTEVJVzl0eSt5NGwrN3RpTUJBenNEY3BIT1BGMy9QODJZamdxYnlHM3Rrd3IvVVZpWE1SM3JCdWdiWitndGFoNnNuUGlCM1NDVHZ4d05HMERUS0EzUzNsK3RmOXg2ai9SdDBucDJIT0FIcUVqSDd0M290V28yb2xsNStseGRKYk83dU1uTmZwemp4MUZLNURselBQMDdad1Ryak8wMUF2ckN1Z1JPdldZUzgxR2xJN1NzZDdIdEF2SVR5UHU1M2VRN3pKbXdMbnJidlF5Y24xYmpHeTNuL1NSUG4raDdmeXptYU90c0o2QStRT2dxeWh2UXdaTXB3bFM5WmFyQ2t6MVAyblR1KzZlQWV3U3ZxZE5DdWlaUUxxcnVQMXRRTTZqQkUzQTFBUFlyZDAyNWJRd2ErZUFjeFQrMWFZRW1CNEFkZWplUnN1Um4wc1N0QmRnUVBYWDBSZ1N6Q1Z0U2pZdHdHcVB3THBVZUVmNjdkb3ZZMDZCVElQYmxKMlRhZ0tOQVdYYnRPMGYwWkdVNFAvT0xpSUFBQUFBU1VWT1JLNUNZSUk9KX0uc3Bpbl90aGVtZV9hbGZhLW9uLWNvbG9yLnNwaW5fc2l6ZV9se2JhY2tncm91bmQtaW1hZ2U6dXJsKGRhdGE6aW1hZ2UvcG5nO2Jhc2U2NCxpVkJPUncwS0dnb0FBQUFOU1VoRVVnQUFBRElBQUFBeUNBWUFBQUFlUDRpeEFBQUFBWE5TUjBJQXJzNGM2UUFBQlZKSlJFRlVhQVhWbXQyTFZWVVl4dWVvTTVwbG1uMm5TRXBXQ0gxZldOQ0VGQ0ZCNFVVWFVqY1NhRktKbC9VWEJFSFFqZEJsNUUzZFJGQ1FRWFJYWFZXR1lKOUtXbVJPbUZsWmcrWFk5UHV0OXJ0WjU4eWNNMmRtbXRsckhuam1YWHV2ZGRaNm4vV3VyNzIwTmZBL1lYeDhmQ1ZWYllXYjRVMXdJN3djbm9OM3RGcXRVOWc1dzVMWjFJenoxL0g3aCtBajhENDRCQmZCVm1VSHNYTXFnUG9UWmlTa0V2QWNOVHdPZFR3NFRsb3FaRjR4TFNIVjhObURoenZoOG5uMWRJckcraGFDaUFlcDZ5VzRHdHJqMGZ1NS9aejM3OEt2NEFnOENVL0FVVGluNkVzSUlwN0dpMmVoUTBqSFJRajRndlRyOEFBVCtqc3pta0RQc1l5QXBUajFBdHdHTFp0UFpIdjdSZmdHQXY3Qk5vcXVRaW9SKy9IdUxwaUx1TUN6USt3VkJMaTBGb0ZlUSt0NVBMd2QydHRHUXZzcmZBb0JIMk9Md3FSQ2lNWXV2SFIvaVBtZ2lDTndOeUtjdkkwQjMzQ2hGWDdWZmt3WVdoVGNRdTQrYUY3d0tPbkhxT0JQYkdOUUJJMm5CUWRmMnVabG14QUtycURnTzlEalJvajRqZlIyZnRoMEpHS2hDYi9HOHNoMERxMG5jUG9TcUZwL29OMWJnQWg5NlJTaTcrZGhncGtKUk9OcUV0dGg3QS9hZllnNG1BbzArS2ZxZWYzUjMrQWdQdGYrMXdrS1BBa0hvVkdRUDhMWFlDbUlVYUxQTWJ3OHBDWWtJU2k3aWlkWHFSQ2hmWm1lK0N1Vkt1QlBGWlV4WElsaHB1OURFWldJeUhEbGF3aHhxZlhNVkJyY2pJVitCeDFGNlVGN0x3d1IycmZwQVcxUnlLSVNJclFlb3dhV0VCcFhxZHRnT0c3b1BvQ2x3dUdsZ0hxZU9MeGN3alpYTDBQSU1aUTcwWXNFdmwzQWNWZXd4VkF4WWtnaG02QWk0dVdIcEV1SCswZXNXUHFkaEt3bGtRczV6blBwY05JN3ZJUkNCbzNJTlRBWDhqUFBwVU4vWTU3b2E0cklSU1J5SWFmTktSeWRRZ2FNaU12WFFoUGkwSEt5QjlLcUZXY3J4U3dreEJ4SlB2dmdONFlpZ3Q2U2xBNUhrcjRIVStJUFhvUUk3V1d3ZEhRS1NjZGdONzljeUVLSWlPZXJpSVoyekQ5KytlVkN2TTh0SGN0d01CZHkzZ2R2QlhNaFh2K1VEai9GWGJWQ3pEa1RmZ0c2NVllWU5SeGwvRDRwRXZqbWR1SGVGeUxjMmM4dTRoQTJTc0k3MnhDaXZST1dDcU1SSXJTakhpUk5DQy9jM0U5Q3pEREtJOC84SW9CUDl2NlZNQmZ5dTg2RnM1K1NkcmNNSVU3NGUyQnB1QUtITG9iNnJTaXQxMVgvQ1NFMHY1RDJZeXFFYUxmUkEra3prblRqcUViSU9oekpvM0VhMy8vV3VZaUk2VGVobHcyS2NKaXRnZy9BVXVBb3laZGRJMUovQU5aQ3FxaThUMmJNRmUzRDlNUU4yRWFCRDA3dzlUQ1B4Z2crMTdjOHRaREswd1BZL01oaS9rNHFhbXkzcDIyWDJsdWcrNFpSa001bk4vSWFiVUpRNkZMOEtzem5pcE5yRnhXbTJ3clM4d2JhOUV6bHhZaHRLeUFpY2dSZnZZU28wU2JFdHhRNGhIa0x4aEJUMUxWdzczeEdwb3FFRnlPWHdsekVjWHljOFBGbmdVbEJSVHZJY0dNTVFkcXpjRDhWSGNQT0dhb09zMjFYelZoOHRNNkx3NU0xM0V1SWxUd0QxOEZjak1lWjkrQkhWTm9XWHQ3TkNnaHdIbXlBTjhPOFRVWDRyMldmMEtiell3SzZDckVrRlN2R0czckhhV2ZGWjNqbktuZUl5czJiTVdoSFArd3dyNlpjWW5VOGFOMG40T0Z1SXNoTFkwL2JFelIwUHdXMndyenlTSS93L2pQNE5RM1phMzJEZXIzbFhBdXZoeXRnZEZiVTdmT1gxSHNVMnhNOUk1TC9ra2J0clVlaEswaG5nOUh3VCtSNUFlNlZrc3U0OUZQYThxNSt5NkhMcVp2dEd1aEVqdCtHamJyZEl3NGl3bzZhRW4wTHNTYkU2TVF3dkJ1NjRrWGovZGo4TE5lcnZPVytrWWhJeHcvU1UySmFRcUkyQkswa3ZRWGVDcU1IZXprWGVaT0p5WC8vTGZVNUY5elBwb1VaQ1lrV0VPVFF1QkZ1aEk1MWtUc1dBcnBaaFoyRTM4TWZaaUtBM3lYTVNraFVva1dVYzJjRDlIRG5IRkNrcTU2N3MwSWM4LzVQQ1JjRTZYelMrYjZIRCtXNzRsL1phdlFmQWRya25BQUFBQUJKUlU1RXJrSmdnZz09KX0uc3Bpbl90aGVtZV9hbGZhLW9uLWNvbG9yLnNwaW5fc2l6ZV94bHtiYWNrZ3JvdW5kLWltYWdlOnVybChkYXRhOmltYWdlL3BuZztiYXNlNjQsaVZCT1J3MEtHZ29BQUFBTlNVaEVVZ0FBQUR3QUFBQThDQVlBQUFBNi9ObHlBQUFBQVhOU1IwSUFyczRjNlFBQUJvaEpSRUZVYUFYZG1rbHNWV1VVeC92YVVnVG5DZFJVaTZnSVJxT2d4Q25HWUl6UmhZb0pKT0xLU0J3V2FLSWJsOGFkaVFzWHhJV0ppUWtiRTEzSXhtQ1V1RkdiYUpSRXJZSWlMYllGTFloRFpTaFlxTC9mN1RzMzl3MGRYc2QzMzBuKzczeDMrcjd6dStjYjduM3ZGWnBteVVaR1JoWlQ5WjFvRFZxQlZxTEwwSVZvQ0swdUZBcUg4WE5xclRQWkdwQ1hVdDhHOUNoYWl4YWlBbW91eXZJQ2RBak5pODBJTUtCbThubDBQeElvSUVlS1pWeDkyTFNBQWIwYmpKZlJIYWdjc2h5MmZIdGU3c0NVZ0FGZFNyU3ZvUFhJN2lxTUZsRGg5N0h2TTlTRjlxSWVOSWorUmYraE9UZXpVcE1CdTQ0TDNrVG5vY2hxMXU5bS8zdG9PNU5TUHo2L0J1elRxQWYxb2o3VWp3NmkzOUJIeUM2ZWZ3TmtJWG9kZGFNZTlDc1NXdUF2ME1ONW9aeHdEQU56RVRCdm9kVW9PMVpQcy8wYWVvZXVPeS9qa2JacnRuSEhNTEJ0MUxnTkNldms1UG5xSDdRRjBFNThybXlpREw4S3pjM0l6SjVCUWp2YlBndHNMejUzSmtCVkk3dFBjdUFSSkd6b2M4b2I2eDJXMk1mc3VWVVBjTUU5Z0xuMFpMdXhhK29tWUkvaTY5YUlQV0llSVZaN1pZbFZBSE9CejhNZm9IT1J4NVVQQzQ5VFFSKytMcTJZMVlnMy9EQXh4MFNieEYydFM3L0VrYk5SZE9OaHlpL1dNMnhDTXZvUm9PRXI1cWdTWU83U2JWejNBQXBZdThRYndINDFXbC85Zm1ZeUtWT29CYWFXYk5RbHdCeDREZ2taNnFYOExzcUxHWGRrVnkrZlMydHFLVEIzWWcxN2IwS1JYZjFXN2x4K0hpcEd4NnREVUs0QU44dHAxMDZCT2VFSkpHUmt0d3ZZbld6bnlvalpKMEE1WkF2d05Nc0pNSGZBcjExdVI4SkdocmRTenF2Wkt3Tlczd1pqd3BwOHNNT0p5aTRRR2Y2Wk8vVU4yN2swWXJkYlY4MXlBUHVnRWJENkhia2tMUTI2UE10K3Y5YlVTcXJQd3E5Q2RtZk5USCthbFBMOUlYQk1YSkxZclF0bTJKbFpIK08zank0eHdIYXVMVE41Q1MyZnZzM0NkU2hnOWJ0UW8xaDJpWkoxZ2V0VE8zTGNLdTJYVWRjUW55NVJnb2Fsd0daV00rMTErNEtRUkZqYlIyUTRya3FBejJjcnNxcy9HRWNid0p0aGs2anBXKzNTaTFCa21HTFRjVDhheEV4Z3RrczNDK3o2bEFVKzBTQ3dZc2hWQWV4ZGlDN3RTWTFtV2VDRS9oaUUzb21RWGJ4UlRGakhiaWg1b0hiTUJxeSswWUNGRGlXRlA5a1IzVnJncGFoUnpOZkNnTldmOXFNZlJZWUZ2d0kxaWpraHl4aGRldGhaK2dDS0RGTnM2dkNqUWN3WG80QVY2WlRBKzVBWjFnUy9JU2sxeG9kZk5adGhUYlloTi9ZZ1g2V0VkdWNTWHFNdXh1ZmFZSEQ4bG5mcDQ4MjhScDNrd0Y0VTQxanZYeGp5Ym41dEZlTlhmd0xXTTVIdUw5bGhkaVBMZDFIT3Uva3pyM3dCN2Q4czB2N2RTZGszaTRCdXAwdXM4b1E4R3JIN2R3eC9QWWtKUytpL1pFa3lUS3I5dmZkYkZCa1dmQ1BLcTExSjRNSkdoZ2RoZEo1S00yejVReFFaRm53WmQycXRCL0preE95RUc3TnpRQThFUTVKaE43Z0RQK0dVMEFIK0dCVzRkT1hDaUZXZURwVHR5c2RnUzhhdkVDbXdHOWgyWkhhamExOUNlUjNLaS9tVXVCaEZWeGJjSjhuVVNvQzVFN3M1a3AyeEJWL1BuYnMrdmFKT0M4VG9NclFjUlhiMVIyQnlma3F0QkxpNDkzMjhiMURSdGIxd014V2E3Ym8wWWx0RVlEY2llWXhYYi96N1VZbFZBSE5IL3VhTXQ1SGZCMFgzdHNKbnFOaG4wN295WW5LTzhZODMyVCsxQ3IwSGxsUGx3VllBZXdJbmR1SDgyME5rV2U5cjQxUDFCRjJFdllXNG5KV0ZESFhENEd0dmhWVUY5aXd1MkltTDhSemcxN0x2QlJxYTkyZHRZbkJ5OGhIWVdLSWI2d2VJZmN5dm1qMWhUS05TdThrVzFJRmk1aGJlcjRXMlViRnZXbk51eE9WODRnLzQvcDBoa3FGM09INU5YTVphMWNZRjlnb3FQd2UzR1YzbFpsRlc2QmpmZ1RwcHdQS3NHN0hZSTVlamxjWEdqQ2NTSWV3dVlxa1l0OFZ6RXpjaHNHZlJrQlBEQm5Tcm15Z2FzZndIK3BpR0hQZXpac1RRVHVXK3E5dVZzKzFiZHEzMUh3dVd4N1ZKQVVjTk5Ib3Y1WWVRb0tGbzNISHpDWTN1eDgrWTBlWVNLdk1YVHRmWmFDdThNZnhBbTkzNFNWbE53TlpJQUQ2RWJFS09ieHVNeHNQL3pyN3YwSThFTW9pdjJXakRONTJPb3Z3cHlMcWovbWpUbHdISDZ3QiswbFl6c0RVVGtLOWZEeUx2ZkFRUVBnTFRIMEc5eUtCY0puenFjWXpGT1BPbStjMkV5NHBnWnRIbEwvNFlsd1hOMW10ditoN1lJWHhOTmlYZ2FBSHdxeW5maHh4ZkFWenVzNEdXQTB4bU8xdmZZZHB4ck9xblpOTUNqaFlCWDBiWk5mRWFaSURaSUt0QnhmSHhqbVhQT1VDZFBqa2R3ay9MWmdRNElnRGNKY3laZEFXNnZMZy9HM2lVd3d0Y3Jld3lKNXpEb1djcVhaZnJxdHFNQW1kYkFON3hhVmQzbG5Wc1hvQmNVbHFReTV5Z0o1SGorU2h5SFZVdWN6NHREZU5uM1A0SC95R0pxYkVyeEVzQUFBQUFTVVZPUks1Q1lJST0pfS5zcGluX3RoZW1lX2FsZmEtb24td2hpdGUuc3Bpbl9zaXplX3N7YmFja2dyb3VuZC1pbWFnZTp1cmwoZGF0YTppbWFnZS9wbmc7YmFzZTY0LGlWQk9SdzBLR2dvQUFBQU5TVWhFVWdBQUFDQUFBQUFnQ0FZQUFBQnplbnIwQUFBQ3IwbEVRVlI0QWJYV0E1RGtXaGdHME8zMFRHTnQyN1p0Mi9ZKzI3WnQyN1p0MjdadDY2VGVZSzNwbTZwVHVQeHlPL2s3cGRiM3l0YnZrbUlveDNJSHIvRU8xVXFGdkd4UW5TTjVqKy80a1YvNGk4K29GbXJqTkR2ekRwL3pGZC95US9BQThhSmN5d2Q4ekdkOHlUZjh3TS84R1NTQUJWdnlFTy93SGgveUNaL3pJa2N4bk9hVUlaSHJPNytQMTNtTGQzaWZwNWxETXVURGx1SmlYdWJWNVVLY1Nka2M3aE9SV0YzSEZqelBDN3pFcSt4RmxLT05FeVRKSjIvbHpxbzh4RE04eHd1Y0ZHRHpGR215SkpZZnNBdFA4Q1JQY3dkbGNuanNDZEprS0UxWk1vV2QrZHpGb3p6RzQwd004SXpsVVpaeVZLQWlpYmlqQncveUVBOXpQY2tBQVJLVXB5S1ZxVUlxN3RpTyt3cmN6L1lCMzdTeVZLVWExU2tYTng3TjNRWHVvVWZBQUdscUZxaEZsYmp4SEc3bmpnSjFBd2JJcHc1MUM5U01HNi9obHVWa0F3YUlhTENjK25Iamxkd0loQS9RcEVCakdzV05wM0FkMXhhb0hiamNOMTlPdzdqeEFLN21LcTZrVThBQTVXaE5LL2ovSjFqSzVRVXVZMUhBQUhWcFR6dmFVanR1N01BbFhNeEZuRUFVcUJDMW94TWQ2VUM1d2hKNUpoZHdQdWZSUDlDM1pYZTYwb1dPUklXZEN6aVhjemlMSThuaytIK2dHNzNvUVhjYUxqK2dBcWR5SnFkektwc1I1ZkRvKzlPWDN2UWd0ZkxBQ1p6R3Faek1DVXdtS3VIbXJSakNJQWJRandacktwTzdjQkluY0J4SHM1RDBScGJkYm94aytISWhPaE90YVZKNURsaHU4eU01ak4zb1FyU2UxYTRSb3hqUG1PVkM5Q085cmdWcXN3OUhjamlIY0NEN3NTMGphRXdsVXVSVGticDBaeUxUbWNKRXhqR2FRWlJiMytNcno1WWN5a0hzeno3c3lXN3N4SFpzemVZc1l4SHptYzBNcGpLSkNmUWx2VEd2emxEMlpqLzJaZzkyWlVlMlk2dmxBaXhtQVhPWnhYUW0wb3BrU2V2M0dIWmhkM1paT1FDYnNJU0Z6R002WGNua3NwSWxhY3d3cHJPQVRWbkdETWJRaTlvYmNzZi9BWTNHSThDekJRb1RBQUFBQUVsRlRrU3VRbUNDKX0uc3Bpbl90aGVtZV9hbGZhLW9uLXdoaXRlLnNwaW5fc2l6ZV9te2JhY2tncm91bmQtaW1hZ2U6dXJsKGRhdGE6aW1hZ2UvcG5nO2Jhc2U2NCxpVkJPUncwS0dnb0FBQUFOU1VoRVVnQUFBQ2dBQUFBb0NBWUFBQUNNL3JodEFBQURUMGxFUVZSNEFXSWdGM0RLQVlxdkI5aktsamdBNDN1dHRXM2J0bTNidHMzYXR2dHMyN1p0Mi9iYjd5VC9KbFA3ekNhL2JUdkkvYTduREdpUDNjakNYWGdUNzZGUkRWMy9qQnZITVR5R0gvRXpmc01mK0JkZm9KR09NQjhPNG4xOGplL3dnd1QrcWkxUTRxYmhCWHdtQVYvaFczeVBueVR3ZDFNREpjeUNQZmdBSCtGVGZJNHY4WTM4dkE2Yk1ScWQ0WVBGakRnM1l2QXUzc2VIK0ZnaVg4WTYxTmIxUnJBZ0NtL2liU1h5YmV5RlYwZVhHcmdkcitFTkpmSXA5RGZqd1NsdHdVUzhqRmNrOG5YY2pHWm14TUVHYTNFTHZMZ1hMK0lsaVh3UVRVMklzOElHQjV5d0ZMVm9NNTdGYzNnQno2Q1BTWStjWGVKY2NNTlJjRkY5UElpbjhZeUViamJ4ZFcrREd4NTQ0WU5WWGJBRlQrQkpQSVU3NERINWs4T0xtcWlGMm5DckMzTHhLQjdENDFpZzRkUERLV0YxVUJkMThpWmE0Q0U4akVmd0FIeWFQbi9yb2I1b0FKc3hzUmdQaUFjUnB2RXp1RFlhb3BId0dvTW5jQy91RTNNMUJuclJSRFJGWFdNd0RIZUxlOUJYWTZBTHpSV05qTUYwM0lFN1JVdU5nUTYwUkN2UnpCaThEcmNwUEJvRHJXaWpNZ2F2d3MwS3IrYkE5b3AyeG1BaWJzUU5vb1hHUUNjNkFaQkgwQS9YaVd2UlUyT2dEMTNSUmJTdUlZZlFhM0MxbUtJeHNENTZvTHRvWVF6T3hKWGlDaHpUR05nZXZVUlBORFFHbStKeVhJWkxrUU9QaGpnYitvbys2QTFYM21Rd0xrR3VCRTdRRU5nWUE5QmZkRk1uRnlBYldjaEVGRndtUDNyOU1SaURNQkROQzM1Skp5RUQ2VWpEVEJNRFcyRTRobUtJQkJZNlZjK1JzRlFrSXc3dFREckJqTUpJak1Bd3RDenVZajBjU1VoRVBBSlJyeHJqM0JJMkZxTWxkREJzeFczb3A4VEZJZ1pIVUxlYTRvWmpJc1pMNUJnMExHM2pESW1MUmhRaWNCcHRxakN1bm9STnhXUWxzbDFaajk3cmxMZ3doTUFmNCtHc1JKZ2RYVEZUVEZjaWU4TlNuaS90TlVwY0VBTGdoME1ZQkZjNXoza2RNUXZ6TVFlek1BUFQwQmUyaWx6RVRFWXdBdUdQOHppTFV6aUdKZWlIVnFnSHA4VFVSVE4weFVRc3cxSXN4Z0xNVXlJN3cxS1oxMHRQSE1jRm5NTVpuSlN4SXppRS9kaURuZGlHemRpSWRWaU5sUks1QkFzeEg5UFF2Q3F2RmNaSjFHbWN3REVKUEloOVVBTzNLSUZySkhBNWxtSWV1c05lWGVlMWNkaU1vemhjU3VCNkNWeUZtZWdOdDFsZlQvVXdDRE93Q0tzbGJCT1dZaWJHb2dkcVZmUjJMZ0pSWEhMTEpKeUVYZ0FBQUFCSlJVNUVya0pnZ2c9PSl9LnNwaW5fdGhlbWVfYWxmYS1vbi13aGl0ZS5zcGluX3NpemVfbHtiYWNrZ3JvdW5kLWltYWdlOnVybChkYXRhOmltYWdlL3BuZztiYXNlNjQsaVZCT1J3MEtHZ29BQUFBTlNVaEVVZ0FBQURJQUFBQXlDQVlBQUFBZVA0aXhBQUFFQWtsRVFWUjRBV0tnRnVDVU0rWUhWR01Qd0pGbFVRQ0d0ODNZZHNhMmJkdTJiZHUyYld0dDI3WnRlL2QvVlNkVmR6d1QzcGVxTDdqdnBLdi8xZ002WWdYTzR3MThqWThSY1l2T1g5ekJXUFREYVh5TG4vRXJmc01mK0JkZklFTG5nRFg0Q3QvZ08veUFuL0NMOWlIeThwbUc5L0NGNlVJa29nRmV3aWY0RkovalMzeU5iL0U5SHNjc2RFSXRaTUlIaXk0UlEvRStQc1RIRXZNWnZzQ0RHSUlrbmQvTUxxekN1M2dQSHlneFQ2RWpyREt1ZGNSaHZJVzNsWmkzTVJSdXJRT1VrT1Y0SFc4b01VK2pnaWtDSkdJQVhzRnJTc3g1eEdsdzN5dzNPbGdiTCtGbGlYa1ZaK0hUSVFJMldLODNHSUFIOFFKZWxLQ0hOWGttckxEQkRnY3MxeG9laVdmeEhKN0hzeWlyeFRNaEFYRENCY2ZWaHFQd0NKNVJZdnBvOUw2MXdRVTNQUERDZXFYQkdYZ1NUK0ZwWElCTG94QUwzUEFLSDl5WERrWGlVVHlPSnlTb21ZYWZwbmI0NEVjQUFtRlZCOXJoVWZFWURzQ3FZWWdGUGdRaUNNRndxUU9yOExCNEJKMDBQK0lJUmdoQ0VaaTF3WTk3OGFCNENMRWFoOWdRaWpDRUM2dXhvUjd1dy8xaWx3bU9QRUlRZ1VqaE5oWkg0QjdjSy9xWklNU1BLQkdOUUdOeENlN0MzYUtlQ1VJOGlCR3hDRE1XOStBTzNDbEttU0RFaFRqRWl4aGo4U2h1dyswaTNnUWhEaVFnVWNRYmkyZHdBYmNLandsQ3JFaFdHWXVuY1I3bmhGbENVbFhHNGdHY3hSa1JaNElRSjlJQlNNZ1duTVlwVWR3RUlWNWtLbEtNeFZrNGlST2lwZ2xDZ2xCWWtXQXM5c2R4SEJPZFRSQVNoYUtLYUdPeE9vN2lpRmhtZ3BCTWxFQnhFWnoxZWp1QVErSWdJalhmR1pZU0pTWElsclZ4S2c2SS9XaXNjVWdreW9qU1NGTTNOcENBZmRpTEJScWZXQlZET1ZFV0VlcEFLUGFJM2RpRmFocUdSS0FpS3FDOGNGNDYxRjhDZG1JSGxzS2gyZDY4SENxamtnU2xYR2t3Rkp1eFhXeEZZNDFDNGxFTlZWRkZZbHhYRzI2UGJSS3hCZXVScnNrT3NJYW9Ma0ZKMTl2MXI4Sm1iTUpHTEVab0FaOUVWVWR0MUpTWXlyQmY3eDlMU2NBR3JNYzZUSUtyZ0s1alZVWTkxSkdZV2dpNzBSdG9KQkZyc1Fhck1RR2grZnhNVkVORDFFYzkxRVhTemQ1UUx5VmlKVlpnTmxMeUlTSVU5ZEVFalpTWTR0azluUnl0UkN6RFVpeEFMZGp6NkpwVkJscWdPWm9xTVpWZ3k4bTVjWGNsWWpFV1NjeDRsSVlsbC9iWVNXaUNObWdsTWMwa3BoUnN1ZkZJMWNVU0pXSSs1bUkyQnFNU2dyTjVmYW93R3FNRDJxTXRXcU9seEtUbjl0TmVGRE1rWWg3bVlKYXNUY01VOUVVTkZFRUNRdUNFQThHSVJScktvU1c2b3lzNm82T0V0RU1iTkVWMFhuNlNOTVJNekphZjB6RVZrekVSNHpFV296RVN3ekVVZ3pBQS9kQUh2ZEFEM2RBRm5kQUJiVkVjenZ6YTA3YkNqSnNJR1h5VkVQVlpxUWh2UWV4MUExRWVYVEJCWEN0a0lQcWpMM3BMU0gxa3dxdlRtVnNSMUVNNzlNRkFKYUtQQkRkQkZhVG01c3ZuZnhKMDJhaWN0UlZCQUFBQUFFbEZUa1N1UW1DQyl9LnNwaW5fdGhlbWVfYWxmYS1vbi13aGl0ZS5zcGluX3NpemVfeGx7YmFja2dyb3VuZC1pbWFnZTp1cmwoZGF0YTppbWFnZS9wbmc7YmFzZTY0LGlWQk9SdzBLR2dvQUFBQU5TVWhFVWdBQUFEd0FBQUE4Q0FZQUFBQTYvTmx5QUFBRXVFbEVRVlI0QWQzWkE1QWRlUmRBOFl4dE03WnQyN1p0MjdadDI3WnRPL213dHUzZDAxVTNWVGYyN092L1ZQMkMxcHZ6MnQySjN0YVBWM3gyYnhSSFQ4ekhjZHpIRi9nQVlZbnMvbU5Gb0MzMjRFdjhnQi94TTM3RmIvZ2JueUxNenFGNXNRcWY0V3Q4Zysvd3ZUSEJFcG9mMnlUMGMzeUpyeVQ0VytqZ1gyd1pMS0VSbUlXUDhBaytsZWd2SlBockNiNkM2V2lOWWtpS0VMakR5UzZ4UlhFTEgrQkRmSXhQMUZvK2hnNklOZUdnMUJML3gzdDRYNkkva3VnOXlHLzdTQW4xd0hqOFQ0TGZsZWdQY0JJVmpRaVYyR0NzeDMvd1g0bCtSLzV1QlRlVFl0MnhCbmR4WDBWZlFqNWpRbFh3YU56R0hSVzlHL0VteGpiQlRkeFMwWXZoYTRQZjNlbGxaeWlJYTdpaG9yZmJKTllaTG5CK21ldmhFN2dxMGRkeEVuR092bFpWckN2YzRQU2krKzFsWEpIb3k4aGxoODFZeDhJZGJzK2JLUWN1NGhJdWkwWTJPdTY0U0tnSFBJWExzMlpZZ1BPNElPRmI0V2FqWUNjVjZ3VnZlRDF0NG13NGkzTXF1b1FOenk0dThCWSs4SVhya3lhY2dEUGlMSmJZK0pUcUphRit3dnZSQ1lKd0hLZHdXcUt6MnpqWUZmNGlBSUZ3MWhQVXhnbWNGTXNNdUhEeWs5QWc0YWxIenNCeGNRSjFEUWoyUkxBSVFZQWVjUkJIeFRGRUdCRHNJcUdoSWd4TzFvaWNPQ3lPWUtWaHQ3WmhDQmNlMXNCNk9JaERvcnRCd2Y2SUVKSHd0UWIyd2dHbHNrSEJQb2hTZ3F5QjA3QlA3RWMyZzRJOUVLT0VXd09YWXE4U2FWQ3dLMkpGSEtLdGdldXdXL0UzS05nRjhVcXNOWEFyZGlwdUJnVTdJWWxtRGR5Q0hZcHB3Y2swYStCS2JGTk0yNlNUSzBtdGdmT3hSWWt3S05nTktRRkk4RmhzRnB1UXliRHpjR29sM2hyWUVSdVZNb1pkV3FaRkdoRnREYXlHRFZndldoc1VISTEwU3FnMU1EUFdpYldZYWxCd2FtUVE2UjljUzN0Z0pkYUkxUWd4SU5ZZG1VUkdpWForTUhJSVZvbVZLRzlBY0FTeUlMTklya2VXbGRBVllxUUJ3V21SRFZrbFBGeVBETUJTTE1jeUxFVmFtOThINTBCMlpCTnVqMDdVRFV2RkVneXljWEI2NUJRNWtPSnBSN1FsV0l4RklxY05ZME9RQjdtUlMvZzliZUsrRXJvUUN6QUtyamFLZFVZMjVFVWVrZjU1Ty9vQ3pCZnpVTkpHd2JFb2dQeklKK0VCejV1cHBZVE94UnpNUkdvYnhBYWhFQXFxNkZRdk1tTWdwa2pzYk16Q09JUTZjS3lYaEJaQklaRVA3aSs2Z0F5WUtXWmdPdnJCMDBHZlcrVkJNUlNWNk1JSWZ0a0ZsVkN4MHpBVjdlRHBZTEU1VUJMRlZYVGNxeTZ3b1lxZGdrbm9oUkFIaVBWR0FaUkdLUldkN25XZkdIUlZzUk14QVVPUi9GK01EWlhJc2lpam9uUEIrWFVYN292T0tuWTh4bUlVQ3NJbGdjK3pLVkJCbEZmUmVlRCtKdmVWT2hJN0RtTXdXcUs3SVVNQ25XTkxvUW9xb2FKRWwwTW1PTCtORHkyc1l6RVN3ekVNTFpIa0xYeG1PSXFqQnFxaEtpcXI2R1FKOFJSaGlNU09rTmloR0l4QmFJVTg4SC9OaDIvcFVCWjFVRXVDcTB0MEZaUkhSRUxlZnRWU2EzZUlCQTlFZi9SREg3UkVhV1JCUEFMZ0JSZmhDWC9FU0dCK0NXcUlCcWdud2JWUlU2M2xuQWwrZXBUd3BHaXUxdTRBQ2U0cndiM1FBOTNSRlozUkVSM1FEbTNRQ2kzUkhFM1JHSTFVY0YwSnJvV2lDSE9FQzRBa3FLUFdibC8wVnNIZFhpSzRpUVEzUkgwSkxvUndSN3ltOVVVdU5FQlBpd3J1OHBUZzFpcTRtUVEzUkdta2hhZWRYbk1rUlc2VVFSMEphb20yRXRzVTlWRVpoWkVaTVcvekh2d2Z3VzQ5OEpRMExENEFBQUFBU1VWT1JLNUNZSUk9KX1ALXdlYmtpdC1rZXlmcmFtZXMgc3Bpbl9hbmltYXRpb257MCV7LXdlYmtpdC10cmFuc2Zvcm06cm90YXRlKDApO3RyYW5zZm9ybTpyb3RhdGUoMCl9dG97LXdlYmtpdC10cmFuc2Zvcm06cm90YXRlKDF0dXJuKTt0cmFuc2Zvcm06cm90YXRlKDF0dXJuKX19QGtleWZyYW1lcyBzcGluX2FuaW1hdGlvbnswJXstd2Via2l0LXRyYW5zZm9ybTpyb3RhdGUoMCk7dHJhbnNmb3JtOnJvdGF0ZSgwKX10b3std2Via2l0LXRyYW5zZm9ybTpyb3RhdGUoMXR1cm4pO3RyYW5zZm9ybTpyb3RhdGUoMXR1cm4pfX0uaWNvbl9zaXplX2wuaWNvbl9uYW1lX29rLmljb25fdGhlbWVfYWxmYS1vbi13aGl0ZXtiYWNrZ3JvdW5kLWltYWdlOnVybCgvc3RhdGljL21lZGlhL2ljb25fb2tfbF9ibGFjay42N2UxOTE1NS5zdmcpfS5pY29uX3NpemVfbC5pY29uX25hbWVfb2suaWNvbl9jb2xvcmVkLmljb25fdGhlbWVfYWxmYS1vbi1jb2xvciwuaWNvbl9zaXplX2wuaWNvbl9uYW1lX29rLmljb25fY29sb3JlZC5pY29uX3RoZW1lX2FsZmEtb24td2hpdGV7YmFja2dyb3VuZC1pbWFnZTp1cmwoL3N0YXRpYy9tZWRpYS9pY29uX29rX2xfY29sb3IuMTZlMDI1NWEuc3ZnKX0uaWNvbl9zaXplX2wuaWNvbl9uYW1lX29rLmljb25fdGhlbWVfYWxmYS1vbi1jb2xvcntiYWNrZ3JvdW5kLWltYWdlOnVybCgvc3RhdGljL21lZGlhL2ljb25fb2tfbF93aGl0ZS5mZjIxY2Y4YS5zdmcpfS5pY29uX3NpemVfbS5pY29uX25hbWVfb2suaWNvbl90aGVtZV9hbGZhLW9uLXdoaXRle2JhY2tncm91bmQtaW1hZ2U6dXJsKC9zdGF0aWMvbWVkaWEvaWNvbl9va19tX2JsYWNrLmFlYmRmZTQ3LnN2Zyl9Lmljb25fc2l6ZV9tLmljb25fbmFtZV9vay5pY29uX2NvbG9yZWQuaWNvbl90aGVtZV9hbGZhLW9uLWNvbG9yLC5pY29uX3NpemVfbS5pY29uX25hbWVfb2suaWNvbl9jb2xvcmVkLmljb25fdGhlbWVfYWxmYS1vbi13aGl0ZXtiYWNrZ3JvdW5kLWltYWdlOnVybCgvc3RhdGljL21lZGlhL2ljb25fb2tfbV9jb2xvci4wNDAyN2FhMS5zdmcpfS5pY29uX3NpemVfbS5pY29uX25hbWVfb2suaWNvbl90aGVtZV9hbGZhLW9uLWNvbG9ye2JhY2tncm91bmQtaW1hZ2U6dXJsKC9zdGF0aWMvbWVkaWEvaWNvbl9va19tX3doaXRlLjU5ODdkYTc5LnN2Zyl9Lmljb25fc2l6ZV9zLmljb25fbmFtZV9vay5pY29uX3RoZW1lX2FsZmEtb24td2hpdGV7YmFja2dyb3VuZC1pbWFnZTp1cmwoL3N0YXRpYy9tZWRpYS9pY29uX29rX3NfYmxhY2suNmEzY2ZlNjkuc3ZnKX0uaWNvbl9zaXplX3MuaWNvbl9uYW1lX29rLmljb25fY29sb3JlZC5pY29uX3RoZW1lX2FsZmEtb24tY29sb3IsLmljb25fc2l6ZV9zLmljb25fbmFtZV9vay5pY29uX2NvbG9yZWQuaWNvbl90aGVtZV9hbGZhLW9uLXdoaXRle2JhY2tncm91bmQtaW1hZ2U6dXJsKC9zdGF0aWMvbWVkaWEvaWNvbl9va19zX2NvbG9yLjllNjJlNzdhLnN2Zyl9Lmljb25fc2l6ZV9zLmljb25fbmFtZV9vay5pY29uX3RoZW1lX2FsZmEtb24tY29sb3J7YmFja2dyb3VuZC1pbWFnZTp1cmwoL3N0YXRpYy9tZWRpYS9pY29uX29rX3Nfd2hpdGUuYzRlOTE1OTMuc3ZnKX0uaWNvbl9zaXplX3hsLmljb25fbmFtZV9vay5pY29uX3RoZW1lX2FsZmEtb24td2hpdGV7YmFja2dyb3VuZC1pbWFnZTp1cmwoL3N0YXRpYy9tZWRpYS9pY29uX29rX3hsX2JsYWNrLmRjNDM1ZjJmLnN2Zyl9Lmljb25fc2l6ZV94bC5pY29uX25hbWVfb2suaWNvbl9jb2xvcmVkLmljb25fdGhlbWVfYWxmYS1vbi1jb2xvciwuaWNvbl9zaXplX3hsLmljb25fbmFtZV9vay5pY29uX2NvbG9yZWQuaWNvbl90aGVtZV9hbGZhLW9uLXdoaXRle2JhY2tncm91bmQtaW1hZ2U6dXJsKC9zdGF0aWMvbWVkaWEvaWNvbl9va194bF9jb2xvci42MThjOWE2My5zdmcpfS5pY29uX3NpemVfeGwuaWNvbl9uYW1lX29rLmljb25fdGhlbWVfYWxmYS1vbi1jb2xvcntiYWNrZ3JvdW5kLWltYWdlOnVybCgvc3RhdGljL21lZGlhL2ljb25fb2tfeGxfd2hpdGUuMTQ3ODFjYmIuc3ZnKX0uaWNvbl9zaXplX3h4bC5pY29uX25hbWVfb2suaWNvbl90aGVtZV9hbGZhLW9uLXdoaXRle2JhY2tncm91bmQtaW1hZ2U6dXJsKC9zdGF0aWMvbWVkaWEvaWNvbl9va194eGxfYmxhY2suOTk4NmY3Mzkuc3ZnKX0uaWNvbl9zaXplX3h4bC5pY29uX25hbWVfb2suaWNvbl9jb2xvcmVkLmljb25fdGhlbWVfYWxmYS1vbi1jb2xvciwuaWNvbl9zaXplX3h4bC5pY29uX25hbWVfb2suaWNvbl9jb2xvcmVkLmljb25fdGhlbWVfYWxmYS1vbi13aGl0ZXtiYWNrZ3JvdW5kLWltYWdlOnVybCgvc3RhdGljL21lZGlhL2ljb25fb2tfeHhsX2NvbG9yLjljZTVkNTE5LnN2Zyl9Lmljb25fc2l6ZV94eGwuaWNvbl9uYW1lX29rLmljb25fdGhlbWVfYWxmYS1vbi1jb2xvcntiYWNrZ3JvdW5kLWltYWdlOnVybCgvc3RhdGljL21lZGlhL2ljb25fb2tfeHhsX3doaXRlLjM0MWYwYzhjLnN2Zyl9Lmljb25fc2l6ZV94eHhsLmljb25fbmFtZV9vay5pY29uX2NvbG9yZWQuaWNvbl90aGVtZV9hbGZhLW9uLWNvbG9yLC5pY29uX3NpemVfeHh4bC5pY29uX25hbWVfb2suaWNvbl9jb2xvcmVkLmljb25fdGhlbWVfYWxmYS1vbi13aGl0ZXtiYWNrZ3JvdW5kLWltYWdlOnVybCgvc3RhdGljL21lZGlhL2ljb25fb2tfeHh4bF9jb2xvci4xMjlkMWVlMS5zdmcpfS5pY29uX3NpemVfbC5pY29uX25hbWVfZXJyb3IuaWNvbl90aGVtZV9hbGZhLW9uLXdoaXRle2JhY2tncm91bmQtaW1hZ2U6dXJsKC9zdGF0aWMvbWVkaWEvaWNvbl9lcnJvcl9sX2JsYWNrLjIwYmIyZWQxLnN2Zyl9Lmljb25fc2l6ZV9sLmljb25fbmFtZV9lcnJvci5pY29uX2NvbG9yZWQuaWNvbl90aGVtZV9hbGZhLW9uLWNvbG9yLC5pY29uX3NpemVfbC5pY29uX25hbWVfZXJyb3IuaWNvbl9jb2xvcmVkLmljb25fdGhlbWVfYWxmYS1vbi13aGl0ZXtiYWNrZ3JvdW5kLWltYWdlOnVybCgvc3RhdGljL21lZGlhL2ljb25fZXJyb3JfbF9jb2xvci5hMjMxZjk5My5zdmcpfS5pY29uX3NpemVfbC5pY29uX25hbWVfZXJyb3IuaWNvbl90aGVtZV9hbGZhLW9uLWNvbG9ye2JhY2tncm91bmQtaW1hZ2U6dXJsKC9zdGF0aWMvbWVkaWEvaWNvbl9lcnJvcl9sX3doaXRlLmUwNmIxNGE5LnN2Zyl9Lmljb25fc2l6ZV9tLmljb25fbmFtZV9lcnJvci5pY29uX3RoZW1lX2FsZmEtb24td2hpdGV7YmFja2dyb3VuZC1pbWFnZTp1cmwoL3N0YXRpYy9tZWRpYS9pY29uX2Vycm9yX21fYmxhY2suOWFhZDlmNDcuc3ZnKX0uaWNvbl9zaXplX20uaWNvbl9uYW1lX2Vycm9yLmljb25fY29sb3JlZC5pY29uX3RoZW1lX2FsZmEtb24tY29sb3IsLmljb25fc2l6ZV9tLmljb25fbmFtZV9lcnJvci5pY29uX2NvbG9yZWQuaWNvbl90aGVtZV9hbGZhLW9uLXdoaXRle2JhY2tncm91bmQtaW1hZ2U6dXJsKC9zdGF0aWMvbWVkaWEvaWNvbl9lcnJvcl9tX2NvbG9yLmQyNmFjMzA3LnN2Zyl9Lmljb25fc2l6ZV9tLmljb25fbmFtZV9lcnJvci5pY29uX3RoZW1lX2FsZmEtb24tY29sb3J7YmFja2dyb3VuZC1pbWFnZTp1cmwoL3N0YXRpYy9tZWRpYS9pY29uX2Vycm9yX21fd2hpdGUuMTQzZWM4NWEuc3ZnKX0uaWNvbl9zaXplX3MuaWNvbl9uYW1lX2Vycm9yLmljb25fdGhlbWVfYWxmYS1vbi13aGl0ZXtiYWNrZ3JvdW5kLWltYWdlOnVybCgvc3RhdGljL21lZGlhL2ljb25fZXJyb3Jfc19ibGFjay43Mjc5OTg3Yi5zdmcpfS5pY29uX3NpemVfcy5pY29uX25hbWVfZXJyb3IuaWNvbl9jb2xvcmVkLmljb25fdGhlbWVfYWxmYS1vbi1jb2xvciwuaWNvbl9zaXplX3MuaWNvbl9uYW1lX2Vycm9yLmljb25fY29sb3JlZC5pY29uX3RoZW1lX2FsZmEtb24td2hpdGV7YmFja2dyb3VuZC1pbWFnZTp1cmwoL3N0YXRpYy9tZWRpYS9pY29uX2Vycm9yX3NfY29sb3IuNjI4Zjg0YmQuc3ZnKX0uaWNvbl9zaXplX3MuaWNvbl9uYW1lX2Vycm9yLmljb25fdGhlbWVfYWxmYS1vbi1jb2xvcntiYWNrZ3JvdW5kLWltYWdlOnVybCgvc3RhdGljL21lZGlhL2ljb25fZXJyb3Jfc193aGl0ZS5hMWRjMTEyOS5zdmcpfS5pY29uX3NpemVfeGwuaWNvbl9uYW1lX2Vycm9yLmljb25fdGhlbWVfYWxmYS1vbi13aGl0ZXtiYWNrZ3JvdW5kLWltYWdlOnVybCgvc3RhdGljL21lZGlhL2ljb25fZXJyb3JfeGxfYmxhY2suYWRkOWMzZGUuc3ZnKX0uaWNvbl9zaXplX3hsLmljb25fbmFtZV9lcnJvci5pY29uX2NvbG9yZWQuaWNvbl90aGVtZV9hbGZhLW9uLWNvbG9yLC5pY29uX3NpemVfeGwuaWNvbl9uYW1lX2Vycm9yLmljb25fY29sb3JlZC5pY29uX3RoZW1lX2FsZmEtb24td2hpdGV7YmFja2dyb3VuZC1pbWFnZTp1cmwoL3N0YXRpYy9tZWRpYS9pY29uX2Vycm9yX3hsX2NvbG9yLjBmNGZhMzNiLnN2Zyl9Lmljb25fc2l6ZV94bC5pY29uX25hbWVfZXJyb3IuaWNvbl90aGVtZV9hbGZhLW9uLWNvbG9ye2JhY2tncm91bmQtaW1hZ2U6dXJsKC9zdGF0aWMvbWVkaWEvaWNvbl9lcnJvcl94bF93aGl0ZS40OTg5M2M4My5zdmcpfS5pY29uX3NpemVfbC5pY29uX25hbWVfZmFpbC5pY29uX3RoZW1lX2FsZmEtb24td2hpdGV7YmFja2dyb3VuZC1pbWFnZTp1cmwoL3N0YXRpYy9tZWRpYS9pY29uX2ZhaWxfbF9ibGFjay43NzIyNjAzMC5zdmcpfS5pY29uX3NpemVfbC5pY29uX25hbWVfZmFpbC5pY29uX3RoZW1lX2FsZmEtb24tY29sb3J7YmFja2dyb3VuZC1pbWFnZTp1cmwoL3N0YXRpYy9tZWRpYS9pY29uX2ZhaWxfbF93aGl0ZS4yNjkyMDljMC5zdmcpfS5pY29uX3NpemVfbS5pY29uX25hbWVfZmFpbC5pY29uX3RoZW1lX2FsZmEtb24td2hpdGV7YmFja2dyb3VuZC1pbWFnZTp1cmwoL3N0YXRpYy9tZWRpYS9pY29uX2ZhaWxfbV9ibGFjay40ODMyMjY0Zi5zdmcpfS5pY29uX3NpemVfbS5pY29uX25hbWVfZmFpbC5pY29uX3RoZW1lX2FsZmEtb24tY29sb3J7YmFja2dyb3VuZC1pbWFnZTp1cmwoL3N0YXRpYy9tZWRpYS9pY29uX2ZhaWxfbV93aGl0ZS44ZjM0MTUzYy5zdmcpfS5pY29uX3NpemVfcy5pY29uX25hbWVfZmFpbC5pY29uX3RoZW1lX2FsZmEtb24td2hpdGV7YmFja2dyb3VuZC1pbWFnZTp1cmwoL3N0YXRpYy9tZWRpYS9pY29uX2ZhaWxfc19ibGFjay5mY2MxMDRmNC5zdmcpfS5pY29uX3NpemVfcy5pY29uX25hbWVfZmFpbC5pY29uX3RoZW1lX2FsZmEtb24tY29sb3J7YmFja2dyb3VuZC1pbWFnZTp1cmwoL3N0YXRpYy9tZWRpYS9pY29uX2ZhaWxfc193aGl0ZS5kOWRkOTVlNC5zdmcpfS5pY29uX3NpemVfeGwuaWNvbl9uYW1lX2ZhaWwuaWNvbl90aGVtZV9hbGZhLW9uLXdoaXRle2JhY2tncm91bmQtaW1hZ2U6dXJsKC9zdGF0aWMvbWVkaWEvaWNvbl9mYWlsX3hsX2JsYWNrLjZhMDMwMmJjLnN2Zyl9Lmljb25fc2l6ZV94bC5pY29uX25hbWVfZmFpbC5pY29uX3RoZW1lX2FsZmEtb24tY29sb3J7YmFja2dyb3VuZC1pbWFnZTp1cmwoL3N0YXRpYy9tZWRpYS9pY29uX2ZhaWxfeGxfd2hpdGUuYmE1NTdmYzcuc3ZnKX0ubm90aWZpY2F0aW9ue3Zpc2liaWxpdHk6aGlkZGVuO3Bvc2l0aW9uOmZpeGVkO3dpZHRoOjM1MHB4O21pbi1oZWlnaHQ6NTZweDtwYWRkaW5nOjE2cHg7Zm9udC1mYW1pbHk6QmxpbmtNYWNTeXN0ZW1Gb250LC1hcHBsZS1zeXN0ZW0sU2Vnb2UgVUksUm9ib3RvLE94eWdlbixVYnVudHUsQ2FudGFyZWxsLE9wZW4gU2FucyxIZWx2ZXRpY2EgTmV1ZSxSb2JvdG8gUm91YmxlLHNhbnMtc2VyaWY7Zm9udC13ZWlnaHQ6NDAwO2xpbmUtaGVpZ2h0OjEuMjtib3JkZXItcmFkaXVzOjhweDstd2Via2l0LXRyYW5zaXRpb246LXdlYmtpdC10cmFuc2Zvcm0gLjJzIGVhc2Utb3V0O3RyYW5zaXRpb246LXdlYmtpdC10cmFuc2Zvcm0gLjJzIGVhc2Utb3V0O3RyYW5zaXRpb246dHJhbnNmb3JtIC4ycyBlYXNlLW91dDt0cmFuc2l0aW9uOnRyYW5zZm9ybSAuMnMgZWFzZS1vdXQsLXdlYmtpdC10cmFuc2Zvcm0gLjJzIGVhc2Utb3V0O3otaW5kZXg6OTk5OTstd2Via2l0LXVzZXItc2VsZWN0Om5vbmU7LW1vei11c2VyLXNlbGVjdDpub25lOy1tcy11c2VyLXNlbGVjdDpub25lO3VzZXItc2VsZWN0Om5vbmU7Y29sb3I6I2ZmZjtiYWNrZ3JvdW5kOiMwYjFmMzU7Ym94LXNoYWRvdzowIDRweCAxNnB4IHJnYmEoMTEsMzEsNTMsLjEyKSwwIDFweCAycHggcmdiYSgxMSwzMSw1MywuMjQpfS5ub3RpZmljYXRpb24sLm5vdGlmaWNhdGlvbiAqLC5ub3RpZmljYXRpb24gOmFmdGVyLC5ub3RpZmljYXRpb24gOmJlZm9yZXtib3gtc2l6aW5nOmJvcmRlci1ib3h9Lm5vdGlmaWNhdGlvbl9zdGljay10b19sZWZ0e2xlZnQ6MTJweDstd2Via2l0LXRyYW5zZm9ybTp0cmFuc2xhdGUoLTM1MHB4KTt0cmFuc2Zvcm06dHJhbnNsYXRlKC0zNTBweCl9Lm5vdGlmaWNhdGlvbl9zdGljay10b19yaWdodHtyaWdodDoxMnB4Oy13ZWJraXQtdHJhbnNmb3JtOnRyYW5zbGF0ZSgzNTBweCk7dHJhbnNmb3JtOnRyYW5zbGF0ZSgzNTBweCl9Lm5vdGlmaWNhdGlvbl90aGVtZV9hbGZhLW9uLWNvbG9ye2NvbG9yOnJnYmEoMTEsMzEsNTMsLjk1KTtiYWNrZ3JvdW5kOiNmZmY7Ym94LXNoYWRvdzowIDRweCAxNnB4IGhzbGEoMCwwJSwxMDAlLC4xMiksMCAxcHggMnB4IGhzbGEoMCwwJSwxMDAlLC4yNCl9Lm5vdGlmaWNhdGlvbl9oYXMtY2xvc2Vye3BhZGRpbmctcmlnaHQ6NTBweH0ubm90aWZpY2F0aW9uX190aXRsZXtmb250LXNpemU6MTZweDtsaW5lLWhlaWdodDoxLjI7Zm9udC13ZWlnaHQ6NzAwfS5ub3RpZmljYXRpb25fX2NvbnRlbnR7Zm9udC1zaXplOjEzcHg7bGluZS1oZWlnaHQ6MS4yO2ZvbnQtd2VpZ2h0OjQwMH0ubm90aWZpY2F0aW9uX190aXRsZSsubm90aWZpY2F0aW9uX19jb250ZW50e21hcmdpbi10b3A6OHB4fS5ub3RpZmljYXRpb25fX2Nsb3Nlciwubm90aWZpY2F0aW9uX19pY29ue3Bvc2l0aW9uOmFic29sdXRlfS5ub3RpZmljYXRpb25fX2ljb257ZGlzcGxheTpub25lO3RvcDoxNnB4O2xlZnQ6MTZweH0ubm90aWZpY2F0aW9uX19jbG9zZXJ7b3BhY2l0eTouNjt0b3A6OHB4O3JpZ2h0OjhweDt3aWR0aDozNHB4O2hlaWdodDozNHB4O2N1cnNvcjpwb2ludGVyOy13ZWJraXQtdHJhbnNpdGlvbjpvcGFjaXR5IC4yczt0cmFuc2l0aW9uOm9wYWNpdHkgLjJzfS5ub3RpZmljYXRpb25fX2Nsb3Nlcjpob3ZlcntvcGFjaXR5OjF9Lm5vdGlmaWNhdGlvbl9zdGF0dXNfZXJyb3IsLm5vdGlmaWNhdGlvbl9zdGF0dXNfZmFpbCwubm90aWZpY2F0aW9uX3N0YXR1c19va3twYWRkaW5nLWxlZnQ6NTJweH0ubm90aWZpY2F0aW9uX3N0YXR1c19lcnJvciAubm90aWZpY2F0aW9uX19pY29uLC5ub3RpZmljYXRpb25fc3RhdHVzX2ZhaWwgLm5vdGlmaWNhdGlvbl9faWNvbiwubm90aWZpY2F0aW9uX3N0YXR1c19vayAubm90aWZpY2F0aW9uX19pY29ue2Rpc3BsYXk6YmxvY2t9Lm5vdGlmaWNhdGlvbl92aXNpYmxle3Zpc2liaWxpdHk6dmlzaWJsZTstd2Via2l0LXRyYW5zZm9ybTp0cmFuc2xhdGUoMCk7dHJhbnNmb3JtOnRyYW5zbGF0ZSgwKX1AbWVkaWEgKG1heC13aWR0aDo1OTlweCl7Lm5vdGlmaWNhdGlvbnt3aWR0aDpjYWxjKDEwMCUgLSAyNHB4KTttaW4taGVpZ2h0OjQ4cHg7cGFkZGluZzoxMnB4Oy13ZWJraXQtdHJhbnNmb3JtOnRyYW5zbGF0ZVkoLTUwMHB4KTt0cmFuc2Zvcm06dHJhbnNsYXRlWSgtNTAwcHgpfS5ub3RpZmljYXRpb25fdmlzaWJsZXstd2Via2l0LXRyYW5zZm9ybTp0cmFuc2xhdGUoMCk7dHJhbnNmb3JtOnRyYW5zbGF0ZSgwKX0ubm90aWZpY2F0aW9uX2hhcy1jbG9zZXJ7cGFkZGluZy1yaWdodDo0NnB4fS5ub3RpZmljYXRpb25fX2ljb257dG9wOjEycHg7bGVmdDoxMnB4fS5ub3RpZmljYXRpb25fX2Nsb3Nlcnt0b3A6NHB4O3JpZ2h0OjRweH0ubm90aWZpY2F0aW9uX3N0YXR1c19lcnJvciwubm90aWZpY2F0aW9uX3N0YXR1c19mYWlsLC5ub3RpZmljYXRpb25fc3RhdHVzX29re3BhZGRpbmctbGVmdDo1NnB4fX0uaWNvbl9zaXplX2wuaWNvbl9uYW1lX2JhbmstMjQ0OS5pY29uX3RoZW1lX2FsZmEtb24td2hpdGV7YmFja2dyb3VuZC1pbWFnZTp1cmwoL3N0YXRpYy9tZWRpYS9pY29uX2JhbmstMjQ0OV9sX2JsYWNrLmRlZGFhMjA0LnN2Zyl9Lmljb25fc2l6ZV9sLmljb25fbmFtZV9iYW5rLTI0NDkuaWNvbl9jb2xvcmVkLmljb25fdGhlbWVfYWxmYS1vbi1jb2xvciwuaWNvbl9zaXplX2wuaWNvbl9uYW1lX2JhbmstMjQ0OS5pY29uX2NvbG9yZWQuaWNvbl90aGVtZV9hbGZhLW9uLXdoaXRle2JhY2tncm91bmQtaW1hZ2U6dXJsKC9zdGF0aWMvbWVkaWEvaWNvbl9iYW5rLTI0NDlfbF9jb2xvci5hNWRhNWU2OC5zdmcpfS5pY29uX3NpemVfbC5pY29uX25hbWVfYmFuay0yNDQ5Lmljb25fdGhlbWVfYWxmYS1vbi1jb2xvcntiYWNrZ3JvdW5kLWltYWdlOnVybCgvc3RhdGljL21lZGlhL2ljb25fYmFuay0yNDQ5X2xfd2hpdGUuMjAyYzFkN2Quc3ZnKX0uaWNvbl9zaXplX20uaWNvbl9uYW1lX2JhbmstMjQ0OS5pY29uX3RoZW1lX2FsZmEtb24td2hpdGV7YmFja2dyb3VuZC1pbWFnZTp1cmwoL3N0YXRpYy9tZWRpYS9pY29uX2JhbmstMjQ0OV9tX2JsYWNrLjY0YTY3MGZkLnN2Zyl9Lmljb25fc2l6ZV9tLmljb25fbmFtZV9iYW5rLTI0NDkuaWNvbl9jb2xvcmVkLmljb25fdGhlbWVfYWxmYS1vbi1jb2xvciwuaWNvbl9zaXplX20uaWNvbl9uYW1lX2JhbmstMjQ0OS5pY29uX2NvbG9yZWQuaWNvbl90aGVtZV9hbGZhLW9uLXdoaXRle2JhY2tncm91bmQtaW1hZ2U6dXJsKC9zdGF0aWMvbWVkaWEvaWNvbl9iYW5rLTI0NDlfbV9jb2xvci5iNDJhYzAwNC5zdmcpfS5pY29uX3NpemVfbS5pY29uX25hbWVfYmFuay0yNDQ5Lmljb25fdGhlbWVfYWxmYS1vbi1jb2xvcntiYWNrZ3JvdW5kLWltYWdlOnVybCgvc3RhdGljL21lZGlhL2ljb25fYmFuay0yNDQ5X21fd2hpdGUuZmUxNTExYTQuc3ZnKX0uaWNvbl9zaXplX3MuaWNvbl9uYW1lX2JhbmstMjQ0OS5pY29uX3RoZW1lX2FsZmEtb24td2hpdGV7YmFja2dyb3VuZC1pbWFnZTp1cmwoL3N0YXRpYy9tZWRpYS9pY29uX2JhbmstMjQ0OV9zX2JsYWNrLmRhYWQzODEwLnN2Zyl9Lmljb25fc2l6ZV9zLmljb25fbmFtZV9iYW5rLTI0NDkuaWNvbl9jb2xvcmVkLmljb25fdGhlbWVfYWxmYS1vbi1jb2xvciwuaWNvbl9zaXplX3MuaWNvbl9uYW1lX2JhbmstMjQ0OS5pY29uX2NvbG9yZWQuaWNvbl90aGVtZV9hbGZhLW9uLXdoaXRle2JhY2tncm91bmQtaW1hZ2U6dXJsKC9zdGF0aWMvbWVkaWEvaWNvbl9iYW5rLTI0NDlfc19jb2xvci42ZWMxOTIxMS5zdmcpfS5pY29uX3NpemVfcy5pY29uX25hbWVfYmFuay0yNDQ5Lmljb25fdGhlbWVfYWxmYS1vbi1jb2xvcntiYWNrZ3JvdW5kLWltYWdlOnVybCgvc3RhdGljL21lZGlhL2ljb25fYmFuay0yNDQ5X3Nfd2hpdGUuMGYxNjZkMDkuc3ZnKX0uaWNvbl9zaXplX3hsLmljb25fbmFtZV9iYW5rLTI0NDkuaWNvbl90aGVtZV9hbGZhLW9uLXdoaXRle2JhY2tncm91bmQtaW1hZ2U6dXJsKC9zdGF0aWMvbWVkaWEvaWNvbl9iYW5rLTI0NDlfeGxfYmxhY2suMmJjNzFmM2Yuc3ZnKX0uaWNvbl9zaXplX3hsLmljb25fbmFtZV9iYW5rLTI0NDkuaWNvbl9jb2xvcmVkLmljb25fdGhlbWVfYWxmYS1vbi1jb2xvciwuaWNvbl9zaXplX3hsLmljb25fbmFtZV9iYW5rLTI0NDkuaWNvbl9jb2xvcmVkLmljb25fdGhlbWVfYWxmYS1vbi13aGl0ZXtiYWNrZ3JvdW5kLWltYWdlOnVybCgvc3RhdGljL21lZGlhL2ljb25fYmFuay0yNDQ5X3hsX2NvbG9yLjFkMzgyZTBhLnN2Zyl9Lmljb25fc2l6ZV94bC5pY29uX25hbWVfYmFuay0yNDQ5Lmljb25fdGhlbWVfYWxmYS1vbi1jb2xvcntiYWNrZ3JvdW5kLWltYWdlOnVybCgvc3RhdGljL21lZGlhL2ljb25fYmFuay0yNDQ5X3hsX3doaXRlLjViODdmYjk2LnN2Zyl9Lmljb25fc2l6ZV94eGwuaWNvbl9uYW1lX2JhbmstMjQ0OS5pY29uX3RoZW1lX2FsZmEtb24td2hpdGV7YmFja2dyb3VuZC1pbWFnZTp1cmwoL3N0YXRpYy9tZWRpYS9pY29uX2JhbmstMjQ0OV94eGxfYmxhY2suNTM5YjZiNWUuc3ZnKX0uaWNvbl9zaXplX3h4bC5pY29uX25hbWVfYmFuay0yNDQ5Lmljb25fY29sb3JlZC5pY29uX3RoZW1lX2FsZmEtb24tY29sb3IsLmljb25fc2l6ZV94eGwuaWNvbl9uYW1lX2JhbmstMjQ0OS5pY29uX2NvbG9yZWQuaWNvbl90aGVtZV9hbGZhLW9uLXdoaXRle2JhY2tncm91bmQtaW1hZ2U6dXJsKC9zdGF0aWMvbWVkaWEvaWNvbl9iYW5rLTI0NDlfeHhsX2NvbG9yLjhiYzFmYzJmLnN2Zyl9Lmljb25fc2l6ZV94eGwuaWNvbl9uYW1lX2JhbmstMjQ0OS5pY29uX3RoZW1lX2FsZmEtb24tY29sb3J7YmFja2dyb3VuZC1pbWFnZTp1cmwoL3N0YXRpYy9tZWRpYS9pY29uX2JhbmstMjQ0OV94eGxfd2hpdGUuYjljNGM4ODIuc3ZnKX0ubGlzdHttYXJnaW46MCAwIDE2cHg7cGFkZGluZzowIDAgMCA0OHB4O2ZvbnQtZmFtaWx5OkJsaW5rTWFjU3lzdGVtRm9udCwtYXBwbGUtc3lzdGVtLFNlZ29lIFVJLFJvYm90byxPeHlnZW4sVWJ1bnR1LENhbnRhcmVsbCxPcGVuIFNhbnMsSGVsdmV0aWNhIE5ldWUsUm9ib3RvIFJvdWJsZSxzYW5zLXNlcmlmO2ZvbnQtd2VpZ2h0OjQwMDtmb250LXNpemU6MTZweDtsaW5lLWhlaWdodDoxLjR9Lmxpc3QgLmxpc3R7bWFyZ2luLXRvcDo4cHg7bWFyZ2luLWJvdHRvbTo4cHg7cGFkZGluZy1sZWZ0OjI0cHh9Lmxpc3RfX2l0ZW17cG9zaXRpb246cmVsYXRpdmU7bGlzdC1zdHlsZTpub25lO21hcmdpbjowIDAgOHB4O3BhZGRpbmc6MH0ubGlzdF9faXRlbTpiZWZvcmV7Y29udGVudDoiXDIwMTQiO2Rpc3BsYXk6YmxvY2s7cG9zaXRpb246YWJzb2x1dGU7cmlnaHQ6MTAwJTt0b3A6MDttYXJnaW4tcmlnaHQ6LjZlbX0ubGlzdF90eXBlX29yZGVyZWR7Y291bnRlci1yZXNldDppdGVtfS5saXN0X3R5cGVfb3JkZXJlZCAubGlzdF9faXRlbTpiZWZvcmV7Y29udGVudDpjb3VudGVyKGl0ZW0pICIuIjtjb3VudGVyLWluY3JlbWVudDppdGVtfS5saXN0X3RoZW1lX2FsZmEtb24tY29sb3J7Y29sb3I6I2ZmZn0ubGlzdF90aGVtZV9hbGZhLW9uLXdoaXRle2NvbG9yOnJnYmEoMTEsMzEsNTMsLjk1KX0ubW9uZXktaW5wdXR7ZGlzcGxheTppbmxpbmUtYmxvY2s7cG9zaXRpb246cmVsYXRpdmV9Lm1vbmV5LWlucHV0X19jdXJyZW5jeXtkaXNwbGF5Om5vbmU7cG9zaXRpb246YWJzb2x1dGU7bGVmdDowO3RvcDoxMHB4O2ZvbnQtc2l6ZTppbmhlcml0O2xpbmUtaGVpZ2h0OmluaGVyaXQ7cG9pbnRlci1ldmVudHM6bm9uZX0uaW5wdXRfc2l6ZV9zIC5tb25leS1pbnB1dF9fY3VycmVuY3l7dG9wOjdweH0uaW5wdXRfc2l6ZV9tIC5tb25leS1pbnB1dF9fY3VycmVuY3l7dG9wOjEwcHh9LmlucHV0X3NpemVfbCAubW9uZXktaW5wdXRfX2N1cnJlbmN5e3RvcDoxNHB4fS5pbnB1dF9zaXplX3hsIC5tb25leS1pbnB1dF9fY3VycmVuY3l7dG9wOjE3cHh9LmlucHV0X2ZvY3VzZWQgLm1vbmV5LWlucHV0X19jdXJyZW5jeSwuaW5wdXRfaGFzLXZhbHVlIC5tb25leS1pbnB1dF9fY3VycmVuY3l7ZGlzcGxheTpibG9ja30uaW5wdXRfdmlld19maWxsZWQgLm1vbmV5LWlucHV0X19jdXJyZW5jeXtsZWZ0OjEycHg7dG9wOjA7bGluZS1oZWlnaHQ6NTZweH0uaW5wdXRfdmlld19maWxsZWQuaW5wdXRfaGFzLWxhYmVsIC5tb25leS1pbnB1dF9fY3VycmVuY3l7dG9wOjI4cHg7bGluZS1oZWlnaHQ6aW5oZXJpdH0ubW9uZXktaW5wdXRfX3ZhbHVle21hcmdpbi1yaWdodDouMjVlbTtjb2xvcjp0cmFuc3BhcmVudDtmb250LXdlaWdodDo0MDB9Lm1vbmV5LWlucHV0X2N1cnJlbmN5IC5pbnB1dCAuaW5wdXRfX2FkZG9uc19sZWZ0e3Bvc2l0aW9uOmFic29sdXRlO2xlZnQ6MDt0b3A6MDt3aGl0ZS1zcGFjZTpub3dyYXB9Lm1vbmV5LWlucHV0X2N1cnJlbmN5IC5pbnB1dCAuaW5wdXRfX2FkZG9uc19sZWZ0Ky5pbnB1dF9fY29udHJvbHtwYWRkaW5nLWxlZnQ6MH0ubW9uZXktaW5wdXRfY3VycmVuY3kgLmlucHV0X3ZpZXdfZmlsbGVkIC5pbnB1dF9fdG9we3BhZGRpbmctbGVmdDoxMnB4fS5tb25leS1pbnB1dF9ib2xkIC5pbnB1dF9fY29udHJvbCwubW9uZXktaW5wdXRfYm9sZCAubW9uZXktaW5wdXRfX3ZhbHVle2ZvbnQtd2VpZ2h0OjcwMH0ubW9uZXktaW5wdXRfd2lkdGhfYXZhaWxhYmxle3dpZHRoOjEwMCV9Ci8qIyBzb3VyY2VNYXBwaW5nVVJMPTIuMmYyY2RkODguY2h1bmsuY3NzLm1hcCAqLw=="
  },
  "sessionId": "75E497A1F3AF44EE3B8FD61FD0A64788"
}
авг. 23, 2023 6:56:50 PM org.openqa.selenium.devtools.Connection handle
INFO: <- {"id":18,"result":{},"sessionId":"75E497A1F3AF44EE3B8FD61FD0A64788"}
авг. 23, 2023 6:56:50 PM org.openqa.selenium.devtools.Connection handle
INFO: <- {"id":15,"result":{"body":"Ym9keXttYXJnaW46MDtmb250LWZhbWlseTotYXBwbGUtc3lzdGVtLEJsaW5rTWFjU3lzdGVtRm9udCxTZWdvZSBVSSxSb2JvdG8sT3h5Z2VuLFVidW50dSxDYW50YXJlbGwsRmlyYSBTYW5zLERyb2lkIFNhbnMsSGVsdmV0aWNhIE5ldWUsc2Fucy1zZXJpZjstd2Via2l0LWZvbnQtc21vb3RoaW5nOmFudGlhbGlhc2VkOy1tb3otb3N4LWZvbnQtc21vb3RoaW5nOmdyYXlzY2FsZX1jb2Rle2ZvbnQtZmFtaWx5OnNvdXJjZS1jb2RlLXBybyxNZW5sbyxNb25hY28sQ29uc29sYXMsQ291cmllciBOZXcsbW9ub3NwYWNlfS5pbnB1dF9pbnZhbGlke2NvbG9yOiNmZjVjNWMhaW1wb3J0YW50fWZpZWxkc2V0e2JvcmRlcjowfS5BcHBfYXBwQ29udGFpbmVyX18zalJ4MXttYXgtd2lkdGg6NTAwcHg7bWFyZ2luOjAgYXV0b30uTG9naW5fbG9naW5Gb3JtX18xSGcxM3ttYXJnaW4tdG9wOjM2cHh9LlN1Y2Nlc3Nfc3VjY2Vzc0Jsb2NrX18zd2NKdntib3JkZXItcmFkaXVzOjZweDtiYWNrZ3JvdW5kLWNvbG9yOiNmNWY3Zjk7cGFkZGluZzoyMXB4IDMycHggMzJweCAxNnB4O21hcmdpbi1ib3R0b206MTZweH0uVmVyaWZpY2F0aW9uX3ZlcmlmaWNhdGlvbkZvcm1fX3lRU01he21hcmdpbi10b3A6MzZweH0KLyojIHNvdXJjZU1hcHBpbmdVUkw9bWFpbi5iYWFlYmRkMC5jaHVuay5jc3MubWFwICov","base64Encoded":true},"sessionId":"75E497A1F3AF44EE3B8FD61FD0A64788"}
авг. 23, 2023 6:56:50 PM org.openqa.selenium.devtools.Connection handle
INFO: <- {"id":16,"result":{"body":"KHdpbmRvdy53ZWJwYWNrSnNvbnBhbGZhPXdpbmRvdy53ZWJwYWNrSnNvbnBhbGZhfHxbXSkucHVzaChbWzBdLHsxMTg6ZnVuY3Rpb24oZSx0LGEpe30sMTI3OmZ1bmN0aW9uKGUsdCxhKXsidXNlIHN0cmljdCI7YS5yKHQpO3ZhciBuPWEoMCkscj1hLm4obiksYz1hKDQyKSxsPWEubihjKSxvPShhKDU5KSxhKDQzKSksaT1hLm4obykscz1hKDE0KSx1PWEubihzKSxtPWEoNDQpLGI9YS5uKG0pLGQ9YSgyMyksZj1hLm4oZCkscD1hKDI4KSxFPWEubihwKSx2PWEoOSksTz1hLm4odiksaj1hKDE4KSxoPWEoMSksaz1hKDI0KSxnPWEubihrKSxTPWEoMTApLHg9YS5uKFMpLHc9YSgxNSksQz1hLm4odykseT1hKDEyKSxfPWEubih5KSxUPWEoMTkpLHo9YS5uKFQpLEY9YSgxNiksTj1hKDQ1KSxCPWEubihOKSxBPWEoMjcpLEk9YS5uKEEpO3ZhciBKPWZ1bmN0aW9uKGUpe3JldHVybiByLmEuY3JlYXRlRWxlbWVudChyLmEuRnJhZ21lbnQsbnVsbCxyLmEuY3JlYXRlRWxlbWVudCgiZGl2Iix7Y2xhc3NOYW1lOkIuYS5zdWNjZXNzQmxvY2t9LHIuYS5jcmVhdGVFbGVtZW50KGYuYSxudWxsLHIuYS5jcmVhdGVFbGVtZW50KEkuYSx7c2l6ZToibSIsbmFtZToib2sifSksIlx4YTAgXHUwNDIzXHUwNDQxXHUwNDNmXHUwNDM1XHUwNDQ4XHUwNDNkXHUwNDMwXHUwNDRmIFx1MDQzMFx1MDQzMlx1MDQ0Mlx1MDQzZVx1MDQ0MFx1MDQzOFx1MDQzN1x1MDQzMFx1MDQ0Nlx1MDQzOFx1MDQ0ZiEgXHUwNDEyXHUwNDRiIFx1MDQzMVx1MDQ0M1x1MDQzNFx1MDQzNVx1MDQ0Mlx1MDQzNSBcdTA0M2ZcdTA0MzVcdTA0NDBcdTA0MzVcdTA0M2RcdTA0MzBcdTA0M2ZcdTA0NDBcdTA0MzBcdTA0MzJcdTA0M2JcdTA0MzVcdTA0M2RcdTA0NGIgXHUwNDMyIFx1MDQ0Mlx1MDQzNVx1MDQ0N1x1MDQzNVx1MDQzZFx1MDQzOFx1MDQzNSBcdTA0M2RcdTA0MzVcdTA0NDFcdTA0M2FcdTA0M2VcdTA0M2JcdTA0NGNcdTA0M2FcdTA0MzhcdTA0NDUgXHUwNDQxXHUwNDM1XHUwNDNhXHUwNDQzXHUwNDNkXHUwNDM0LiIpKSl9LEQ9YSgyMCksTD1hLm4oRCksVT1hKDEzKSxSPWEubihVKTtmdW5jdGlvbiBIKGUsdCl7dmFyIGE9YXJndW1lbnRzLmxlbmd0aD4yJiZ2b2lkIDAhPT1hcmd1bWVudHNbMl0/YXJndW1lbnRzWzJdOm51bGwscj1hcmd1bWVudHMubGVuZ3RoPjMmJnZvaWQgMCE9PWFyZ3VtZW50c1szXSYmYXJndW1lbnRzWzNdLGM9YXJndW1lbnRzLmxlbmd0aD40JiZ2b2lkIDAhPT1hcmd1bWVudHNbNF0mJmFyZ3VtZW50c1s0XSxsPWM/SlNPTi5wYXJzZShlLmdldEl0ZW0odCkpOmUuZ2V0SXRlbSh0KSxvPU9iamVjdChuLnVzZVN0YXRlKShudWxsPT09bHx8cj9hOmwpLGk9T2JqZWN0KGguYSkobywyKSxzPWlbMF0sdT1pWzFdO3JldHVybiBPYmplY3Qobi51c2VFZmZlY3QpKChmdW5jdGlvbigpe251bGwhPT1zP2Uuc2V0SXRlbSh0LGM/SlNPTi5zdHJpbmdpZnkocyk6cyk6ZS5yZW1vdmVJdGVtKHQpfSksW3MsZSx0LGEsY10pLFtzLHVdfXZhciBQPWZ1bmN0aW9uKCl7dmFyIGU9T2JqZWN0KG4udXNlU3RhdGUpKCExKSx0PU9iamVjdChoLmEpKGUsMiksYT10WzBdLGM9dFsxXSxsPU9iamVjdChuLnVzZVN0YXRlKSghMSksbz1PYmplY3QoaC5hKShsLDIpLGk9b1swXSxzPW9bMV0sdT1PYmplY3Qobi51c2VTdGF0ZSkoITEpLG09T2JqZWN0KGguYSkodSwyKSxiPW1bMF0sZD1tWzFdLGY9SChzZXNzaW9uU3RvcmFnZSwibG9naW4iLCIiLCEwKSxwPU9iamVjdChoLmEpKGYsMiksRT1wWzBdLHY9cFsxXSxrPU9iamVjdChuLnVzZVN0YXRlKShudWxsKSxTPU9iamVjdChoLmEpKGssMiksdz1TWzBdLHk9U1sxXSxUPU9iamVjdChuLnVzZVN0YXRlKSgiIiksTj1PYmplY3QoaC5hKShULDIpLEI9TlswXSxBPU5bMV0sST1PYmplY3Qobi51c2VTdGF0ZSkobnVsbCksRD1PYmplY3QoaC5hKShJLDIpLFU9RFswXSxQPURbMV0sTT1PYmplY3Qobi51c2VTdGF0ZSkoITEpLFY9T2JqZWN0KGguYSkoTSwyKSxLPVZbMF0sUT1WWzFdLFc9T2JqZWN0KG4udXNlU3RhdGUpKG51bGwpLEc9T2JqZWN0KGguYSkoVywyKSxZPUdbMF0sJD1HWzFdLHE9T2JqZWN0KEYuZykoKTtPYmplY3Qobi51c2VFZmZlY3QpKChmdW5jdGlvbigpe2ImJnEucHVzaCgiL3ZlcmlmaWNhdGlvbiIpfSksW2JdKTt2YXIgWD1mdW5jdGlvbigpe3ZhciBlPU9iamVjdChqLmEpKE8uYS5tYXJrKChmdW5jdGlvbiBlKHQpe3ZhciBhLG4scixsO3JldHVybiBPLmEud3JhcCgoZnVuY3Rpb24oZSl7Zm9yKDs7KXN3aXRjaChlLnByZXY9ZS5uZXh0KXtjYXNlIDA6aWYodC5wcmV2ZW50RGVmYXVsdCgpLGE9ITEsIiI9PT1FLnRyaW0oKSYmKGE9ITAseSgiXHUwNDFmXHUwNDNlXHUwNDNiXHUwNDM1IFx1MDQzZVx1MDQzMVx1MDQ0Zlx1MDQzN1x1MDQzMFx1MDQ0Mlx1MDQzNVx1MDQzYlx1MDQ0Y1x1MDQzZFx1MDQzZSBcdTA0MzRcdTA0M2JcdTA0NGYgXHUwNDM3XHUwNDMwXHUwNDNmXHUwNDNlXHUwNDNiXHUwNDNkXHUwNDM1XHUwNDNkXHUwNDM4XHUwNDRmIikpLCIiPT09Qi50cmltKCkmJihhPSEwLFAoIlx1MDQxZlx1MDQzZVx1MDQzYlx1MDQzNSBcdTA0M2VcdTA0MzFcdTA0NGZcdTA0MzdcdTA0MzBcdTA0NDJcdTA0MzVcdTA0M2JcdTA0NGNcdTA0M2RcdTA0M2UgXHUwNDM0XHUwNDNiXHUwNDRmIFx1MDQzN1x1MDQzMFx1MDQzZlx1MDQzZVx1MDQzYlx1MDQzZFx1MDQzNVx1MDQzZFx1MDQzOFx1MDQ0ZiIpKSwhYSl7ZS5uZXh0PTY7YnJlYWt9cmV0dXJuIGUuYWJydXB0KCJyZXR1cm4iKTtjYXNlIDY6cmV0dXJuIHkobnVsbCksUChudWxsKSxjKCEwKSxRKCExKSxlLnByZXY9MTAsZS5uZXh0PTEzLGZldGNoKCIiLmNvbmNhdCgiIiwiL2FwaS9hdXRoIikse21ldGhvZDoiUE9TVCIsaGVhZGVyczp7IkNvbnRlbnQtVHlwZSI6ImFwcGxpY2F0aW9uL2pzb24ifSxib2R5OkpTT04uc3RyaW5naWZ5KHtsb2dpbjpFLHBhc3N3b3JkOkJ9KX0pO2Nhc2UgMTM6aWYoIShuPWUuc2VudCkub2spe2UubmV4dD0xODticmVha31yZXR1cm4gcyghMCksZCghMCksZS5hYnJ1cHQoInJldHVybiIpO2Nhc2UgMTg6cmV0dXJuIGUubmV4dD0yMCxuLmpzb24oKTtjYXNlIDIwOnI9ZS5zZW50LGw9ci5jb2RlLGUudDA9bCxlLm5leHQ9IkFVVEhfSU5WQUxJRCI9PT1lLnQwPzI1OiJVU0VSX0JMT0NLRUQiPT09ZS50MD8yODozMTticmVhaztjYXNlIDI1OnJldHVybiAkKCJcdTA0MWRcdTA0MzVcdTA0MzJcdTA0MzVcdTA0NDBcdTA0M2RcdTA0M2UgXHUwNDQzXHUwNDNhXHUwNDMwXHUwNDM3XHUwNDMwXHUwNDNkIFx1MDQzYlx1MDQzZVx1MDQzM1x1MDQzOFx1MDQzZCBcdTA0MzhcdTA0M2JcdTA0MzggXHUwNDNmXHUwNDMwXHUwNDQwXHUwNDNlXHUwNDNiXHUwNDRjIiksUSghMCksZS5hYnJ1cHQoImJyZWFrIiwzNCk7Y2FzZSAyODpyZXR1cm4gJCgiXHUwNDFmXHUwNDNlXHUwNDNiXHUwNDRjXHUwNDM3XHUwNDNlXHUwNDMyXHUwNDMwXHUwNDQyXHUwNDM1XHUwNDNiXHUwNDRjIFx1MDQzN1x1MDQzMFx1MDQzMVx1MDQzYlx1MDQzZVx1MDQzYVx1MDQzOFx1MDQ0MFx1MDQzZVx1MDQzMlx1MDQzMFx1MDQzZCIpLFEoITApLGUuYWJydXB0KCJicmVhayIsMzQpO2Nhc2UgMzE6cmV0dXJuICQoIlx1MDQxZFx1MDQzNVx1MDQzMlx1MDQzNVx1MDQ0MFx1MDQzZFx1MDQ0Ylx1MDQzOSBcdTA0MzdcdTA0MzBcdTA0M2ZcdTA0NDBcdTA0M2VcdTA0NDEiKSxRKCEwKSxlLmFicnVwdCgiYnJlYWsiLDM0KTtjYXNlIDM0OmUubmV4dD00MDticmVhaztjYXNlIDM2OmUucHJldj0zNixlLnQxPWUuY2F0Y2goMTApLCQoIlx1MDQxZFx1MDQzNVx1MDQzOFx1MDQzN1x1MDQzMlx1MDQzNVx1MDQ0MVx1MDQ0Mlx1MDQzZFx1MDQzMFx1MDQ0ZiBcdTA0M2VcdTA0NDhcdTA0MzhcdTA0MzFcdTA0M2FcdTA0MzAiKSxRKCEwKTtjYXNlIDQwOnJldHVybiBlLnByZXY9NDAsYyghMSksZS5maW5pc2goNDApO2Nhc2UgNDM6Y2FzZSJlbmQiOnJldHVybiBlLnN0b3AoKX19KSxlLG51bGwsW1sxMCwzNiw0MCw0M11dKX0pKSk7cmV0dXJuIGZ1bmN0aW9uKHQpe3JldHVybiBlLmFwcGx5KHRoaXMsYXJndW1lbnRzKX19KCk7cmV0dXJuIHIuYS5jcmVhdGVFbGVtZW50KHIuYS5GcmFnbWVudCxudWxsLHIuYS5jcmVhdGVFbGVtZW50KGcuYSx7b25TdWJtaXQ6WH0saSYmci5hLmNyZWF0ZUVsZW1lbnQoSixudWxsKSxyLmEuY3JlYXRlRWxlbWVudCgiZmllbGRzZXQiLHtkaXNhYmxlZDphfSxyLmEuY3JlYXRlRWxlbWVudCh4LmEsbnVsbCxyLmEuY3JlYXRlRWxlbWVudChfLmEseyJkYXRhLXRlc3QtaWQiOiJsb2dpbiIsbmFtZToibG9naW4iLHR5cGU6InRleHQiLGxhYmVsOiJcdTA0MWJcdTA0M2VcdTA0MzNcdTA0MzhcdTA0M2QiLHdpZHRoOiJhdmFpbGFibGUiLHZhbHVlOkUsb25DaGFuZ2U6dixlcnJvcjp3fSkpLHIuYS5jcmVhdGVFbGVtZW50KHguYSxudWxsLHIuYS5jcmVhdGVFbGVtZW50KF8uYSx7ImRhdGEtdGVzdC1pZCI6InBhc3N3b3JkIixuYW1lOiJwYXNzd29yZCIsdHlwZToicGFzc3dvcmQiLGxhYmVsOiJcdTA0MWZcdTA0MzBcdTA0NDBcdTA0M2VcdTA0M2JcdTA0NGMiLHdpZHRoOiJhdmFpbGFibGUiLHZhbHVlOkIsb25DaGFuZ2U6QSxlcnJvcjpVfSkpLHIuYS5jcmVhdGVFbGVtZW50KHguYSxudWxsLHIuYS5jcmVhdGVFbGVtZW50KEMuYSx7ImRhdGEtdGVzdC1pZCI6ImFjdGlvbi1sb2dpbiIsdmlldzoiZXh0cmEiLG9uQ2xpY2s6WCxkaXNhYmxlZDphfSxyLmEuY3JlYXRlRWxlbWVudCh6LmEse3Zpc2libGU6YSx0aGVtZToiYWxmYS1vbi1jb2xvciJ9KSwiXHhhMCIsIWEmJiJcdTA0MWZcdTA0NDBcdTA0M2VcdTA0MzRcdTA0M2VcdTA0M2JcdTA0MzZcdTA0MzhcdTA0NDJcdTA0NGMiLGEmJiJcdTA0MWZcdTA0M2VcdTA0MzRcdTA0M2VcdTA0MzZcdTA0MzRcdTA0MzhcdTA0NDJcdTA0MzUuLi4iKSkpKSxyLmEuY3JlYXRlRWxlbWVudChMLmEseyJkYXRhLXRlc3QtaWQiOiJlcnJvci1ub3RpZmljYXRpb24iLHRpdGxlOiJcdTA0MWVcdTA0NDhcdTA0MzhcdTA0MzFcdTA0M2FcdTA0MzAiLHN0YXR1czoiZXJyb3IiLHZpc2libGU6SyxpY29uOnIuYS5jcmVhdGVFbGVtZW50KFIuYSx7dGhlbWU6ImFsZmEtb24tY29sb3IiLHNpemU6Im0ifSksb25DbG9zZVRpbWVvdXQ6ZnVuY3Rpb24oKXtyZXR1cm4gUSghMSl9LG9uQ2xvc2VyQ2xpY2s6ZnVuY3Rpb24oKXtyZXR1cm4gUSghMSl9fSwiXHUwNDFlXHUwNDQ4XHUwNDM4XHUwNDMxXHUwNDNhXHUwNDMwISAiLFkpKX07dmFyIE09ZnVuY3Rpb24oKXtyZXR1cm4gci5hLmNyZWF0ZUVsZW1lbnQoci5hLkZyYWdtZW50LG51bGwsci5hLmNyZWF0ZUVsZW1lbnQodS5hLHtzaXplOiJsIn0sIlx1MDQxOFx1MDQzZFx1MDQ0Mlx1MDQzNVx1MDQ0MFx1MDQzZFx1MDQzNVx1MDQ0MiBcdTA0MTFcdTA0MzBcdTA0M2RcdTA0M2EiKSxyLmEuY3JlYXRlRWxlbWVudChmLmEsbnVsbCxyLmEuY3JlYXRlRWxlbWVudChFLmEse3NpemU6Im0iLG5hbWU6ImNhdGVnb3J5LWd1YXJkIn0pLCJceGEwIFx1MDQxY1x1MDQ0YiBcdTA0MzNcdTA0MzBcdTA0NDBcdTA0MzBcdTA0M2RcdTA0NDJcdTA0MzhcdTA0NDBcdTA0NDNcdTA0MzVcdTA0M2MgXHUwNDMxXHUwNDM1XHUwNDM3XHUwNDNlXHUwNDNmXHUwNDMwXHUwNDQxXHUwNDNkXHUwNDNlXHUwNDQxXHUwNDQyXHUwNDRjIFx1MDQzMlx1MDQzMFx1MDQ0OFx1MDQzOFx1MDQ0NSBcdTA0MzRcdTA0MzBcdTA0M2RcdTA0M2RcdTA0NGJcdTA0NDUiKSxyLmEuY3JlYXRlRWxlbWVudCgiZGl2Iix7Y2xhc3NOYW1lOmIuYS5sb2dpbkZvcm19LHIuYS5jcmVhdGVFbGVtZW50KFAsbnVsbCkpKX0sVj1hKDI1KSxLPShhKDExOCksYSg0OCkpLFE9YS5uKEspLFc9YSg0OSksRz1hLm4oVyksWT1hKDUwKSwkPWEubihZKSxxPWEoNTEpLFg9YS5uKHEpLFo9YSg1MiksZWU9YS5uKFopO3ZhciB0ZT1mdW5jdGlvbigpe3ZhciBlPU9iamVjdChuLnVzZVN0YXRlKSghMSksdD1PYmplY3QoaC5hKShlLDIpLGE9dFswXSxjPXRbMV0sbD1PYmplY3Qobi51c2VTdGF0ZSkoITEpLG89T2JqZWN0KGguYSkobCwyKSxpPW9bMF0scz0ob1sxXSxPYmplY3Qobi51c2VTdGF0ZSkoImNhcmRzIikpLG09T2JqZWN0KGguYSkocywyKSxiPW1bMF0sZD1tWzFdLGY9SChzZXNzaW9uU3RvcmFnZSwidG9rZW4iKSxwPU9iamVjdChoLmEpKGYsMSlbMF0sRT1PYmplY3Qobi51c2VTdGF0ZSkoITEpLHY9T2JqZWN0KGguYSkoRSwyKSxrPXZbMF0sUz12WzFdLHc9T2JqZWN0KG4udXNlU3RhdGUpKG51bGwpLHk9T2JqZWN0KGguYSkodywyKSxUPXlbMF0sRj15WzFdLE49T2JqZWN0KG4udXNlU3RhdGUpKFtdKSxCPU9iamVjdChoLmEpKE4sMiksQT1CWzBdLEk9QlsxXSxEPU9iamVjdChuLnVzZVN0YXRlKSghMCksVT1PYmplY3QoaC5hKShELDIpLFA9VVswXSxNPVVbMV0sVj1PYmplY3Qobi51c2VTdGF0ZSkoIiIpLEs9T2JqZWN0KGguYSkoViwyKSxRPUtbMF0sVz1LWzFdLFk9T2JqZWN0KG4udXNlU3RhdGUpKCIiKSxxPU9iamVjdChoLmEpKFksMiksWj1xWzBdLHRlPXFbMV0sYWU9T2JqZWN0KG4udXNlU3RhdGUpKCIiKSxuZT1PYmplY3QoaC5hKShhZSwyKSxyZT1uZVswXSxjZT1uZVsxXSxsZT1PYmplY3Qobi51c2VTdGF0ZSkoIiIpLG9lPU9iamVjdChoLmEpKGxlLDIpLGllPW9lWzBdLHNlPW9lWzFdO09iamVjdChuLnVzZUVmZmVjdCkoKGZ1bmN0aW9uKCl7UCYmT2JqZWN0KGouYSkoTy5hLm1hcmsoKGZ1bmN0aW9uIGUoKXt2YXIgdCxhO3JldHVybiBPLmEud3JhcCgoZnVuY3Rpb24oZSl7Zm9yKDs7KXN3aXRjaChlLnByZXY9ZS5uZXh0KXtjYXNlIDA6cmV0dXJuIGMoITApLFMoITEpLGUucHJldj0yLGUubmV4dD01LGZldGNoKCIiLmNvbmNhdCgiIiwiL2FwaS9jYXJkcyIpLHttZXRob2Q6IkdFVCIsaGVhZGVyczp7QXV0aG9yaXphdGlvbjoiQmVhcmVyICIuY29uY2F0KHApLCJDb250ZW50LVR5cGUiOiJhcHBsaWNhdGlvbi9qc29uIn19KTtjYXNlIDU6aWYoKHQ9ZS5zZW50KS5vayl7ZS5uZXh0PTg7YnJlYWt9dGhyb3cgbmV3IEVycm9yKHQuc3RhdHVzVGV4dCk7Y2FzZSA4OnJldHVybiBlLm5leHQ9MTAsdC5qc29uKCk7Y2FzZSAxMDphPWUuc2VudCxJKGEpLGUubmV4dD0xODticmVhaztjYXNlIDE0OmUucHJldj0xNCxlLnQwPWUuY2F0Y2goMiksRigiXHUwNDFmXHUwNDQwXHUwNDNlXHUwNDM4XHUwNDM3XHUwNDNlXHUwNDQ4XHUwNDNiXHUwNDMwIFx1MDQzZVx1MDQ0OFx1MDQzOFx1MDQzMVx1MDQzYVx1MDQzMCIpLFMoITApO2Nhc2UgMTg6cmV0dXJuIGUucHJldj0xOCxjKCExKSxNKCExKSxlLmZpbmlzaCgxOCk7Y2FzZSAyMjpjYXNlImVuZCI6cmV0dXJuIGUuc3RvcCgpfX0pLGUsbnVsbCxbWzIsMTQsMTgsMjJdXSl9KSkpKCl9KSxbUF0pO3ZhciB1ZT1mdW5jdGlvbigpe3ZhciBlPU9iamVjdChqLmEpKE8uYS5tYXJrKChmdW5jdGlvbiBlKHQpe3ZhciBhO3JldHVybiBPLmEud3JhcCgoZnVuY3Rpb24oZSl7Zm9yKDs7KXN3aXRjaChlLnByZXY9ZS5uZXh0KXtjYXNlIDA6cmV0dXJuIHQucHJldmVudERlZmF1bHQoKSxjKCEwKSxTKCExKSxlLnByZXY9MyxlLm5leHQ9NixmZXRjaCgiIi5jb25jYXQoIiIsIi9hcGkvdHJhbnNmZXIiKSx7bWV0aG9kOiJQT1NUIixoZWFkZXJzOntBdXRob3JpemF0aW9uOiJCZWFyZXIgIi5jb25jYXQocCksIkNvbnRlbnQtVHlwZSI6ImFwcGxpY2F0aW9uL2pzb24ifSxib2R5OkpTT04uc3RyaW5naWZ5KHtmcm9tOlosdG86cmUsYW1vdW50Ok51bWJlcihRLnJlcGxhY2UoL1teXGRdLywiIikpfSl9KTtjYXNlIDY6aWYoKGE9ZS5zZW50KS5vayl7ZS5uZXh0PTk7YnJlYWt9dGhyb3cgbmV3IEVycm9yKGEuc3RhdHVzVGV4dCk7Y2FzZSA5Ok0oITApLGQoImNhcmRzIiksZS5uZXh0PTE3O2JyZWFrO2Nhc2UgMTM6ZS5wcmV2PTEzLGUudDA9ZS5jYXRjaCgzKSxGKCJcdTA0MWZcdTA0NDBcdTA0M2VcdTA0MzhcdTA0MzdcdTA0M2VcdTA0NDhcdTA0M2JcdTA0MzAgXHUwNDNlXHUwNDQ4XHUwNDM4XHUwNDMxXHUwNDNhXHUwNDMwIiksUyghMCk7Y2FzZSAxNzpyZXR1cm4gZS5wcmV2PTE3LGMoITEpLE0oITEpLGUuZmluaXNoKDE3KTtjYXNlIDIxOmNhc2UiZW5kIjpyZXR1cm4gZS5zdG9wKCl9fSksZSxudWxsLFtbMywxMywxNywyMV1dKX0pKSk7cmV0dXJuIGZ1bmN0aW9uKHQpe3JldHVybiBlLmFwcGx5KHRoaXMsYXJndW1lbnRzKX19KCk7cmV0dXJuImNhcmRzIj09PWI/ci5hLmNyZWF0ZUVsZW1lbnQoci5hLkZyYWdtZW50LG51bGwsci5hLmNyZWF0ZUVsZW1lbnQodS5hLG51bGwsIlx1MDQxMlx1MDQzMFx1MDQ0OFx1MDQzOCBcdTA0M2FcdTA0MzBcdTA0NDBcdTA0NDJcdTA0NGIiKSxyLmEuY3JlYXRlRWxlbWVudChHLmEse2NsYXNzTmFtZTokLmEuY2FyZEJsb2NrLGl0ZW1zOkEubWFwKChmdW5jdGlvbihlKXtyZXR1cm57a2V5OmUuaWQsdmFsdWU6ci5hLmNyZWF0ZUVsZW1lbnQoImRpdiIseyJkYXRhLXRlc3QtaWQiOmUuaWR9LGUubnVtYmVyLCIsIFx1MDQzMVx1MDQzMFx1MDQzYlx1MDQzMFx1MDQzZFx1MDQ0MTogIixlLmJhbGFuY2UsIiBcdTA0NDAuICIsci5hLmNyZWF0ZUVsZW1lbnQoQy5hLHsiZGF0YS10ZXN0LWlkIjoiYWN0aW9uLWRlcG9zaXQiLHNpemU6InMiLHZpZXc6ImV4dHJhIixvbkNsaWNrOmZ1bmN0aW9uKCl7cmV0dXJuIGZ1bmN0aW9uKGUpe2QoInRyYW5zZmVyIiksY2UoZS5pZCksc2UoZS5udW1iZXIpfShlKX19LCJcdTA0MWZcdTA0M2VcdTA0M2ZcdTA0M2VcdTA0M2JcdTA0M2RcdTA0MzhcdTA0NDJcdTA0NGMiKSl9fSkpfSksci5hLmNyZWF0ZUVsZW1lbnQoQy5hLHsiZGF0YS10ZXN0LWlkIjoiYWN0aW9uLXJlbG9hZCIsb25DbGljazpmdW5jdGlvbigpe00oITApfSxkaXNhYmxlZDphLHNpemU6InMifSxyLmEuY3JlYXRlRWxlbWVudCh6LmEse3Zpc2libGU6YSx0aGVtZToiYWxmYS1vbi1jb2xvciJ9KSwiXHhhMCIsIWEmJiJcdTA0MWVcdTA0MzFcdTA0M2RcdTA0M2VcdTA0MzJcdTA0MzhcdTA0NDJcdTA0NGMiLGEmJiJcdTA0MWVcdTA0MzFcdTA0M2RcdTA0M2VcdTA0MzJcdTA0M2JcdTA0NGZcdTA0MzVcdTA0NDJcdTA0NDFcdTA0NGYuLi4iKSxyLmEuY3JlYXRlRWxlbWVudChMLmEseyJkYXRhLXRlc3QtaWQiOiJlcnJvci1ub3RpZmljYXRpb24iLHRpdGxlOiJcdTA0MWVcdTA0NDhcdTA0MzhcdTA0MzFcdTA0M2FcdTA0MzAiLHN0YXR1czoiZXJyb3IiLHZpc2libGU6ayxpY29uOnIuYS5jcmVhdGVFbGVtZW50KFIuYSx7dGhlbWU6ImFsZmEtb24tY29sb3IiLHNpemU6Im0ifSksb25DbG9zZVRpbWVvdXQ6ZnVuY3Rpb24oKXtyZXR1cm4gUyghMSl9LG9uQ2xvc2VyQ2xpY2s6ZnVuY3Rpb24oKXtyZXR1cm4gUyghMSl9fSwiXHUwNDFlXHUwNDQ4XHUwNDM4XHUwNDMxXHUwNDNhXHUwNDMwISAiLFQpKToidHJhbnNmZXIiPT09Yj9yLmEuY3JlYXRlRWxlbWVudChyLmEuRnJhZ21lbnQsbnVsbCxyLmEuY3JlYXRlRWxlbWVudCh1LmEsbnVsbCwiXHUwNDFmXHUwNDNlXHUwNDNmXHUwNDNlXHUwNDNiXHUwNDNkXHUwNDM1XHUwNDNkXHUwNDM4XHUwNDM1IFx1MDQzYVx1MDQzMFx1MDQ0MFx1MDQ0Mlx1MDQ0YiIpLHIuYS5jcmVhdGVFbGVtZW50KGcuYSx7b25TdWJtaXQ6dWV9LGkmJnIuYS5jcmVhdGVFbGVtZW50KEosbnVsbCksci5hLmNyZWF0ZUVsZW1lbnQoImZpZWxkc2V0Iix7ZGlzYWJsZWQ6YX0sci5hLmNyZWF0ZUVsZW1lbnQoeC5hLG51bGwsci5hLmNyZWF0ZUVsZW1lbnQoWC5hLHsiZGF0YS10ZXN0LWlkIjoiYW1vdW50Iix2YWx1ZTpRLG9uQ2hhbmdlOlcsc2hvd0N1cnJlbmN5OiEwLGN1cnJlbmN5Q29kZToiUlVCIixsYWJlbDoiXHUwNDIxXHUwNDQzXHUwNDNjXHUwNDNjXHUwNDMwIn0pKSxyLmEuY3JlYXRlRWxlbWVudCh4LmEsbnVsbCxyLmEuY3JlYXRlRWxlbWVudChlZS5hLHsiZGF0YS10ZXN0LWlkIjoiZnJvbSIsdmFsdWU6WixvbkNoYW5nZTp0ZSxsYWJlbDoiXHUwNDFlXHUwNDQyXHUwNDNhXHUwNDQzXHUwNDM0XHUwNDMwIixwbGFjZWhvbGRlcjoiMDAwMCAwMDAwIDAwMDAgMDAwMCIsbWFzazoiMTExMSAxMTExIDExMTEgMTExMSIsbWF4TGVuZ3RoOjE5fSkpLHIuYS5jcmVhdGVFbGVtZW50KHguYSxudWxsLHIuYS5jcmVhdGVFbGVtZW50KF8uYSx7ImRhdGEtdGVzdC1pZCI6InRvIix2YWx1ZTppZSxkaXNhYmxlZDohMCxsYWJlbDoiXHUwNDFhXHUwNDQzXHUwNDM0XHUwNDMwIn0pKSksci5hLmNyZWF0ZUVsZW1lbnQoQy5hLHsiZGF0YS10ZXN0LWlkIjoiYWN0aW9uLXRyYW5zZmVyIixvbkNsaWNrOnVlLGRpc2FibGVkOmEsc2l6ZToicyIsdmlldzoiZXh0cmEifSxyLmEuY3JlYXRlRWxlbWVudCh6LmEse3Zpc2libGU6YSx0aGVtZToiYWxmYS1vbi1jb2xvciJ9KSwiXHhhMCIsIWEmJiJcdTA0MWZcdTA0M2VcdTA0M2ZcdTA0M2VcdTA0M2JcdTA0M2RcdTA0MzhcdTA0NDJcdTA0NGMiLGEmJiJcdTA0MWZcdTA0M2VcdTA0MzRcdTA0M2VcdTA0MzZcdTA0MzRcdTA0MzhcdTA0NDJcdTA0MzUuLi4iKSxyLmEuY3JlYXRlRWxlbWVudChDLmEseyJkYXRhLXRlc3QtaWQiOiJhY3Rpb24tY2FuY2VsIixvbkNsaWNrOmZ1bmN0aW9uKCl7cmV0dXJuIGQoImNhcmRzIil9LGRpc2FibGVkOmEsc2l6ZToicyJ9LCJcdTA0MWVcdTA0NDJcdTA0M2NcdTA0MzVcdTA0M2RcdTA0MzAiKSksci5hLmNyZWF0ZUVsZW1lbnQoTC5hLHsiZGF0YS10ZXN0LWlkIjoiZXJyb3Itbm90aWZpY2F0aW9uIix0aXRsZToiXHUwNDFlXHUwNDQ4XHUwNDM4XHUwNDMxXHUwNDNhXHUwNDMwIixzdGF0dXM6ImVycm9yIix2aXNpYmxlOmssaWNvbjpyLmEuY3JlYXRlRWxlbWVudChSLmEse3RoZW1lOiJhbGZhLW9uLWNvbG9yIixzaXplOiJtIn0pLG9uQ2xvc2VUaW1lb3V0OmZ1bmN0aW9uKCl7cmV0dXJuIFMoITEpfSxvbkNsb3NlckNsaWNrOmZ1bmN0aW9uKCl7cmV0dXJuIFMoITEpfX0sIlx1MDQxZVx1MDQ0OFx1MDQzOFx1MDQzMVx1MDQzYVx1MDQzMCEgIixUKSk6bnVsbH07dmFyIGFlPWZ1bmN0aW9uKCl7dmFyIGU9SChzZXNzaW9uU3RvcmFnZSwidG9rZW4iLCIiKSx0PU9iamVjdChoLmEpKGUsMiksYT10WzBdLG49KHRbMV0sT2JqZWN0KEYuZykoKSk7cmV0dXJuIiI9PT1hPyhuLnJlcGxhY2UoIi8iKSxudWxsKTpyLmEuY3JlYXRlRWxlbWVudChyLmEuRnJhZ21lbnQsbnVsbCxyLmEuY3JlYXRlRWxlbWVudCh1LmEse3NpemU6ImwiLCJkYXRhLXRlc3QtaWQiOiJkYXNoYm9hcmQifSxyLmEuY3JlYXRlRWxlbWVudChRLmEsbnVsbCksIlx4YTAgXHUwNDFiXHUwNDM4XHUwNDQ3XHUwNDNkXHUwNDRiXHUwNDM5IFx1MDQzYVx1MDQzMFx1MDQzMVx1MDQzOFx1MDQzZFx1MDQzNVx1MDQ0MiIpLHIuYS5jcmVhdGVFbGVtZW50KHRlLG51bGwpKX0sbmU9YSg1MykscmU9YS5uKG5lKTt2YXIgY2U9ZnVuY3Rpb24oKXt2YXIgZT1PYmplY3Qobi51c2VTdGF0ZSkoITEpLHQ9T2JqZWN0KGguYSkoZSwyKSxhPXRbMF0sYz10WzFdLGw9T2JqZWN0KG4udXNlU3RhdGUpKCExKSxvPU9iamVjdChoLmEpKGwsMiksaT1vWzBdLHM9b1sxXSx1PU9iamVjdChuLnVzZVN0YXRlKSghMSksbT1PYmplY3QoaC5hKSh1LDIpLGI9bVswXSxkPW1bMV0sZj1IKHNlc3Npb25TdG9yYWdlLCJsb2dpbiIsIiIpLHA9T2JqZWN0KGguYSkoZiwyKSxFPXBbMF0sdj0ocFsxXSxIKHNlc3Npb25TdG9yYWdlLCJ0b2tlbiIsIiIpKSxrPU9iamVjdChoLmEpKHYsMiksUz0oa1swXSxrWzFdKSx3PU9iamVjdChuLnVzZVN0YXRlKSgiIikseT1PYmplY3QoaC5hKSh3LDIpLFQ9eVswXSxOPXlbMV0sQj1PYmplY3Qobi51c2VTdGF0ZSkobnVsbCksQT1PYmplY3QoaC5hKShCLDIpLEk9QVswXSxEPUFbMV0sVT1PYmplY3Qobi51c2VTdGF0ZSkoITEpLFA9T2JqZWN0KGguYSkoVSwyKSxNPVBbMF0sVj1QWzFdLEs9T2JqZWN0KG4udXNlU3RhdGUpKG51bGwpLFE9T2JqZWN0KGguYSkoSywyKSxXPVFbMF0sRz1RWzFdLFk9T2JqZWN0KEYuZykoKTtpZihPYmplY3Qobi51c2VFZmZlY3QpKChmdW5jdGlvbigpe2ImJlkucHVzaCgiL2Rhc2hib2FyZCIpfSksW2JdKSwiIj09PUUpcmV0dXJuIFkucmVwbGFjZSgiLyIpLG51bGw7dmFyICQ9ZnVuY3Rpb24oKXt2YXIgZT1PYmplY3Qoai5hKShPLmEubWFyaygoZnVuY3Rpb24gZSh0KXt2YXIgYSxuLHIsbCxvLGk7cmV0dXJuIE8uYS53cmFwKChmdW5jdGlvbihlKXtmb3IoOzspc3dpdGNoKGUucHJldj1lLm5leHQpe2Nhc2UgMDppZih0LnByZXZlbnREZWZhdWx0KCksYT0hMSwiIj09PVQudHJpbSgpJiYoYT0hMCxEKCJcdTA0MWZcdTA0M2VcdTA0M2JcdTA0MzUgXHUwNDNlXHUwNDMxXHUwNDRmXHUwNDM3XHUwNDMwXHUwNDQyXHUwNDM1XHUwNDNiXHUwNDRjXHUwNDNkXHUwNDNlIFx1MDQzNFx1MDQzYlx1MDQ0ZiBcdTA0MzdcdTA0MzBcdTA0M2ZcdTA0M2VcdTA0M2JcdTA0M2RcdTA0MzVcdTA0M2RcdTA0MzhcdTA0NGYiKSksIWEpe2UubmV4dD01O2JyZWFrfXJldHVybiBlLmFicnVwdCgicmV0dXJuIik7Y2FzZSA1OnJldHVybiBEKG51bGwpLGMoITApLFYoITEpLGUucHJldj04LGUubmV4dD0xMSxmZXRjaCgiIi5jb25jYXQoIiIsIi9hcGkvYXV0aC92ZXJpZmljYXRpb24iKSx7bWV0aG9kOiJQT1NUIixoZWFkZXJzOnsiQ29udGVudC1UeXBlIjoiYXBwbGljYXRpb24vanNvbiJ9LGJvZHk6SlNPTi5zdHJpbmdpZnkoe2xvZ2luOkUsY29kZTpUfSl9KTtjYXNlIDExOmlmKCEobj1lLnNlbnQpLm9rKXtlLm5leHQ9MjE7YnJlYWt9cmV0dXJuIGUubmV4dD0xNSxuLmpzb24oKTtjYXNlIDE1OnJldHVybiByPWUuc2VudCxsPXIudG9rZW4sUyhsKSxzKCEwKSxkKCEwKSxlLmFicnVwdCgicmV0dXJuIik7Y2FzZSAyMTpyZXR1cm4gZS5uZXh0PTIzLG4uanNvbigpO2Nhc2UgMjM6bz1lLnNlbnQsaT1vLmNvZGUsZS50MD1pLGUubmV4dD0iQVVUSF9JTlZBTElEIj09PWUudDA/Mjg6IlRPT19NQU5ZX0FVVEhfUkVRVUVTVFMiPT09ZS50MD8zMToiVVNFUl9CTE9DS0VEIj09PWUudDA/MzU6Mzg7YnJlYWs7Y2FzZSAyODpyZXR1cm4gRygiXHUwNDFkXHUwNDM1XHUwNDMyXHUwNDM1XHUwNDQwXHUwNDNkXHUwNDNlIFx1MDQ0M1x1MDQzYVx1MDQzMFx1MDQzN1x1MDQzMFx1MDQzZCBcdTA0M2FcdTA0M2VcdTA0MzQhIFx1MDQxZlx1MDQzZVx1MDQzZlx1MDQ0MFx1MDQzZVx1MDQzMVx1MDQ0M1x1MDQzOVx1MDQ0Mlx1MDQzNSBcdTA0MzVcdTA0NDlcdTA0NTEgXHUwNDQwXHUwNDMwXHUwNDM3LiIpLFYoITApLGUuYWJydXB0KCJicmVhayIsNDEpO2Nhc2UgMzE6cmV0dXJuIEcoIlx1MDQxZlx1MDQ0MFx1MDQzNVx1MDQzMlx1MDQ0Ylx1MDQ0OFx1MDQzNVx1MDQzZFx1MDQzZSBcdTA0M2FcdTA0M2VcdTA0M2JcdTA0MzhcdTA0NDdcdTA0MzVcdTA0NDFcdTA0NDJcdTA0MzJcdTA0M2UgXHUwNDNmXHUwNDNlXHUwNDNmXHUwNDRiXHUwNDQyXHUwNDNlXHUwNDNhIFx1MDQzMlx1MDQzMlx1MDQzZVx1MDQzNFx1MDQzMCBcdTA0M2FcdTA0M2VcdTA0MzRcdTA0MzAhIiksVighMCksc2V0VGltZW91dCgoZnVuY3Rpb24oKXtZLnJlcGxhY2UoIi8iKX0pLDFlMyksZS5hYnJ1cHQoImJyZWFrIiw0MSk7Y2FzZSAzNTpyZXR1cm4gRygiXHUwNDFmXHUwNDNlXHUwNDNiXHUwNDRjXHUwNDM3XHUwNDNlXHUwNDMyXHUwNDMwXHUwNDQyXHUwNDM1XHUwNDNiXHUwNDRjIFx1MDQzN1x1MDQzMFx1MDQzMVx1MDQzYlx1MDQzZVx1MDQzYVx1MDQzOFx1MDQ0MFx1MDQzZVx1MDQzMlx1MDQzMFx1MDQzZCIpLFYoITApLGUuYWJydXB0KCJicmVhayIsNDEpO2Nhc2UgMzg6cmV0dXJuIEcoIlx1MDQxZFx1MDQzNVx1MDQzMlx1MDQzNVx1MDQ0MFx1MDQzZFx1MDQ0Ylx1MDQzOSBcdTA0MzdcdTA0MzBcdTA0M2ZcdTA0NDBcdTA0M2VcdTA0NDEiKSxWKCEwKSxlLmFicnVwdCgiYnJlYWsiLDQxKTtjYXNlIDQxOmUubmV4dD00NzticmVhaztjYXNlIDQzOmUucHJldj00MyxlLnQxPWUuY2F0Y2goOCksRygiXHUwNDFkXHUwNDM1XHUwNDM4XHUwNDM3XHUwNDMyXHUwNDM1XHUwNDQxXHUwNDQyXHUwNDNkXHUwNDMwXHUwNDRmIFx1MDQzZVx1MDQ0OFx1MDQzOFx1MDQzMVx1MDQzYVx1MDQzMCIpLFYoITApO2Nhc2UgNDc6cmV0dXJuIGUucHJldj00NyxjKCExKSxlLmZpbmlzaCg0Nyk7Y2FzZSA1MDpjYXNlImVuZCI6cmV0dXJuIGUuc3RvcCgpfX0pLGUsbnVsbCxbWzgsNDMsNDcsNTBdXSl9KSkpO3JldHVybiBmdW5jdGlvbih0KXtyZXR1cm4gZS5hcHBseSh0aGlzLGFyZ3VtZW50cyl9fSgpO3JldHVybiByLmEuY3JlYXRlRWxlbWVudChyLmEuRnJhZ21lbnQsbnVsbCxyLmEuY3JlYXRlRWxlbWVudChnLmEse29uU3VibWl0OiR9LGkmJnIuYS5jcmVhdGVFbGVtZW50KEosbnVsbCksci5hLmNyZWF0ZUVsZW1lbnQoImZpZWxkc2V0Iix7ZGlzYWJsZWQ6YX0sci5hLmNyZWF0ZUVsZW1lbnQoeC5hLG51bGwsci5hLmNyZWF0ZUVsZW1lbnQoXy5hLHsiZGF0YS10ZXN0LWlkIjoiY29kZSIsbmFtZToiY29kZSIsdHlwZToidGV4dCIsbGFiZWw6Ilx1MDQxYVx1MDQzZVx1MDQzNCBcdTA0MzhcdTA0MzcgU01TIFx1MDQzOFx1MDQzYlx1MDQzOCBQdXNoIix3aWR0aDoiYXZhaWxhYmxlIixtYXNrOiIxMTExMSIsdmFsdWU6VCxvbkNoYW5nZTpOLGVycm9yOkl9KSksci5hLmNyZWF0ZUVsZW1lbnQoeC5hLG51bGwsci5hLmNyZWF0ZUVsZW1lbnQoQy5hLHsiZGF0YS10ZXN0LWlkIjoiYWN0aW9uLXZlcmlmeSIsdmlldzoiZXh0cmEiLG9uQ2xpY2s6JCxkaXNhYmxlZDphfSxyLmEuY3JlYXRlRWxlbWVudCh6LmEse3Zpc2libGU6YSx0aGVtZToiYWxmYS1vbi1jb2xvciJ9KSwiXHhhMCIsIWEmJiJcdTA0MWZcdTA0NDBcdTA0M2VcdTA0MzRcdTA0M2VcdTA0M2JcdTA0MzZcdTA0MzhcdTA0NDJcdTA0NGMiLGEmJiJcdTA0MWZcdTA0M2VcdTA0MzRcdTA0M2VcdTA0MzZcdTA0MzRcdTA0MzhcdTA0NDJcdTA0MzUuLi4iKSkpKSxyLmEuY3JlYXRlRWxlbWVudChMLmEseyJkYXRhLXRlc3QtaWQiOiJlcnJvci1ub3RpZmljYXRpb24iLHRpdGxlOiJcdTA0MWVcdTA0NDhcdTA0MzhcdTA0MzFcdTA0M2FcdTA0MzAiLHN0YXR1czoiZXJyb3IiLHZpc2libGU6TSxpY29uOnIuYS5jcmVhdGVFbGVtZW50KFIuYSx7dGhlbWU6ImFsZmEtb24tY29sb3IiLHNpemU6Im0ifSksb25DbG9zZVRpbWVvdXQ6ZnVuY3Rpb24oKXtyZXR1cm4gVighMSl9LG9uQ2xvc2VyQ2xpY2s6ZnVuY3Rpb24oKXtyZXR1cm4gVighMSl9fSwiXHUwNDFlXHUwNDQ4XHUwNDM4XHUwNDMxXHUwNDNhXHUwNDMwISAiLFcpKX07dmFyIGxlPWZ1bmN0aW9uKGUpe3JldHVybiByLmEuY3JlYXRlRWxlbWVudChyLmEuRnJhZ21lbnQsbnVsbCxyLmEuY3JlYXRlRWxlbWVudCh1LmEse3NpemU6ImwifSwiXHUwNDE4XHUwNDNkXHUwNDQyXHUwNDM1XHUwNDQwXHUwNDNkXHUwNDM1XHUwNDQyIFx1MDQxMVx1MDQzMFx1MDQzZFx1MDQzYSIpLHIuYS5jcmVhdGVFbGVtZW50KGYuYSxudWxsLHIuYS5jcmVhdGVFbGVtZW50KEUuYSx7c2l6ZToibSIsbmFtZToiY2F0ZWdvcnktZ3VhcmQifSksIlx4YTAgXHUwNDFkXHUwNDM1XHUwNDNlXHUwNDMxXHUwNDQ1XHUwNDNlXHUwNDM0XHUwNDM4XHUwNDNjXHUwNDNlIFx1MDQzZlx1MDQzZVx1MDQzNFx1MDQ0Mlx1MDQzMlx1MDQzNVx1MDQ0MFx1MDQzNlx1MDQzNFx1MDQzNVx1MDQzZFx1MDQzOFx1MDQzNSIpLHIuYS5jcmVhdGVFbGVtZW50KCJkaXYiLHtjbGFzc05hbWU6cmUuYS52ZXJpZmljYXRpb25Gb3JtfSxyLmEuY3JlYXRlRWxlbWVudChjZSxudWxsKSkpfTt2YXIgb2U9ZnVuY3Rpb24oKXtyZXR1cm4gci5hLmNyZWF0ZUVsZW1lbnQoImRpdiIse2NsYXNzTmFtZTppLmEuYXBwQ29udGFpbmVyfSxyLmEuY3JlYXRlRWxlbWVudChWLmEsbnVsbCxyLmEuY3JlYXRlRWxlbWVudChGLmQsbnVsbCxyLmEuY3JlYXRlRWxlbWVudChGLmIse3BhdGg6Ii8iLGV4YWN0OiEwLGNvbXBvbmVudDpNfSksci5hLmNyZWF0ZUVsZW1lbnQoRi5iLHtwYXRoOiIvdmVyaWZpY2F0aW9uIixleGFjdDohMCxjb21wb25lbnQ6bGV9KSxyLmEuY3JlYXRlRWxlbWVudChGLmIse3BhdGg6Ii9kYXNoYm9hcmQiLGV4YWN0OiEwLGNvbXBvbmVudDphZX0pLHIuYS5jcmVhdGVFbGVtZW50KEYuYSx7dG86Ii8ifSkpKSl9O0Jvb2xlYW4oImxvY2FsaG9zdCI9PT13aW5kb3cubG9jYXRpb24uaG9zdG5hbWV8fCJbOjoxXSI9PT13aW5kb3cubG9jYXRpb24uaG9zdG5hbWV8fHdpbmRvdy5sb2NhdGlvbi5ob3N0bmFtZS5tYXRjaCgvXjEyNyg/OlwuKD86MjVbMC01XXwyWzAtNF1bMC05XXxbMDFdP1swLTldWzAtOV0/KSl7M30kLykpO2wuYS5yZW5kZXIoci5hLmNyZWF0ZUVsZW1lbnQob2UsbnVsbCksZG9jdW1lbnQuZ2V0RWxlbWVudEJ5SWQoInJvb3QiKSksInNlcnZpY2VXb3JrZXIiaW4gbmF2aWdhdG9yJiZuYXZpZ2F0b3Iuc2VydmljZVdvcmtlci5yZWFkeS50aGVuKChmdW5jdGlvbihlKXtlLnVucmVnaXN0ZXIoKX0pKX0sNDM6ZnVuY3Rpb24oZSx0LGEpe2UuZXhwb3J0cz17YXBwQ29udGFpbmVyOiJBcHBfYXBwQ29udGFpbmVyX18zalJ4MSJ9fSw0NDpmdW5jdGlvbihlLHQsYSl7ZS5leHBvcnRzPXtsb2dpbkZvcm06IkxvZ2luX2xvZ2luRm9ybV9fMUhnMTMifX0sNDU6ZnVuY3Rpb24oZSx0LGEpe2UuZXhwb3J0cz17c3VjY2Vzc0Jsb2NrOiJTdWNjZXNzX3N1Y2Nlc3NCbG9ja19fM3djSnYifX0sNTA6ZnVuY3Rpb24oZSx0LGEpe2UuZXhwb3J0cz17Y2FyZEJsb2NrOiJDYXJkTGlzdF9jYXJkQmxvY2tfX2dFam9hIn19LDUzOmZ1bmN0aW9uKGUsdCxhKXtlLmV4cG9ydHM9e3ZlcmlmaWNhdGlvbkZvcm06IlZlcmlmaWNhdGlvbl92ZXJpZmljYXRpb25Gb3JtX195UVNNYSJ9fSw1NDpmdW5jdGlvbihlLHQsYSl7ZS5leHBvcnRzPWEoMTI3KX0sNTk6ZnVuY3Rpb24oZSx0LGEpe319LFtbNTQsMSwyXV1dKTsKLy8jIHNvdXJjZU1hcHBpbmdVUkw9bWFpbi5hNzlkMGMzZS5jaHVuay5qcy5tYXA=","base64Encoded":true},"sessionId":"75E497A1F3AF44EE3B8FD61FD0A64788"}
авг. 23, 2023 6:56:50 PM org.openqa.selenium.devtools.Connection send
INFO: -> {
  "id": 19,
  "method": "Fetch.fulfillRequest",
  "params": {
    "requestId": "interception-job-3.0",
    "responseCode": 200,
    "responseHeaders": [
      {
        "name": "Connection",
        "value": "keep-alive"
      },
      {
        "name": "Content-Length",
        "value": "669"
      },
      {
        "name": "Content-Type",
        "value": "text\u002fcss; charset=UTF-8"
      }
    ],
    "body": "Ym9keXttYXJnaW46MDtmb250LWZhbWlseTotYXBwbGUtc3lzdGVtLEJsaW5rTWFjU3lzdGVtRm9udCxTZWdvZSBVSSxSb2JvdG8sT3h5Z2VuLFVidW50dSxDYW50YXJlbGwsRmlyYSBTYW5zLERyb2lkIFNhbnMsSGVsdmV0aWNhIE5ldWUsc2Fucy1zZXJpZjstd2Via2l0LWZvbnQtc21vb3RoaW5nOmFudGlhbGlhc2VkOy1tb3otb3N4LWZvbnQtc21vb3RoaW5nOmdyYXlzY2FsZX1jb2Rle2ZvbnQtZmFtaWx5OnNvdXJjZS1jb2RlLXBybyxNZW5sbyxNb25hY28sQ29uc29sYXMsQ291cmllciBOZXcsbW9ub3NwYWNlfS5pbnB1dF9pbnZhbGlke2NvbG9yOiNmZjVjNWMhaW1wb3J0YW50fWZpZWxkc2V0e2JvcmRlcjowfS5BcHBfYXBwQ29udGFpbmVyX18zalJ4MXttYXgtd2lkdGg6NTAwcHg7bWFyZ2luOjAgYXV0b30uTG9naW5fbG9naW5Gb3JtX18xSGcxM3ttYXJnaW4tdG9wOjM2cHh9LlN1Y2Nlc3Nfc3VjY2Vzc0Jsb2NrX18zd2NKdntib3JkZXItcmFkaXVzOjZweDtiYWNrZ3JvdW5kLWNvbG9yOiNmNWY3Zjk7cGFkZGluZzoyMXB4IDMycHggMzJweCAxNnB4O21hcmdpbi1ib3R0b206MTZweH0uVmVyaWZpY2F0aW9uX3ZlcmlmaWNhdGlvbkZvcm1fX3lRU01he21hcmdpbi10b3A6MzZweH0KLyojIHNvdXJjZU1hcHBpbmdVUkw9bWFpbi5iYWFlYmRkMC5jaHVuay5jc3MubWFwICov"
  },
  "sessionId": "75E497A1F3AF44EE3B8FD61FD0A64788"
}
авг. 23, 2023 6:56:50 PM org.openqa.selenium.devtools.Connection handle
INFO: <- {"id":17,"result":{"body":"KHdpbmRvdy53ZWJwYWNrSnNvbnBhbGZhPXdpbmRvdy53ZWJwYWNrSnNvbnBhbGZhfHxbXSkucHVzaChbWzJdLFtmdW5jdGlvbihlLHQsbil7InVzZSBzdHJpY3QiO2UuZXhwb3J0cz1uKDU1KX0sZnVuY3Rpb24oZSx0LG4peyJ1c2Ugc3RyaWN0IjtmdW5jdGlvbiByKGUsdCl7cmV0dXJuIGZ1bmN0aW9uKGUpe2lmKEFycmF5LmlzQXJyYXkoZSkpcmV0dXJuIGV9KGUpfHxmdW5jdGlvbihlLHQpe2lmKFN5bWJvbC5pdGVyYXRvciBpbiBPYmplY3QoZSl8fCJbb2JqZWN0IEFyZ3VtZW50c10iPT09T2JqZWN0LnByb3RvdHlwZS50b1N0cmluZy5jYWxsKGUpKXt2YXIgbj1bXSxyPSEwLG89ITEsaT12b2lkIDA7dHJ5e2Zvcih2YXIgYSxsPWVbU3ltYm9sLml0ZXJhdG9yXSgpOyEocj0oYT1sLm5leHQoKSkuZG9uZSkmJihuLnB1c2goYS52YWx1ZSksIXR8fG4ubGVuZ3RoIT09dCk7cj0hMCk7fWNhdGNoKHUpe289ITAsaT11fWZpbmFsbHl7dHJ5e3J8fG51bGw9PWwucmV0dXJufHxsLnJldHVybigpfWZpbmFsbHl7aWYobyl0aHJvdyBpfX1yZXR1cm4gbn19KGUsdCl8fGZ1bmN0aW9uKCl7dGhyb3cgbmV3IFR5cGVFcnJvcigiSW52YWxpZCBhdHRlbXB0IHRvIGRlc3RydWN0dXJlIG5vbi1pdGVyYWJsZSBpbnN0YW5jZSIpfSgpfW4uZCh0LCJhIiwoZnVuY3Rpb24oKXtyZXR1cm4gcn0pKX0sZnVuY3Rpb24oZSx0LG4peyJ1c2Ugc3RyaWN0IjtmdW5jdGlvbiByKCl7cmV0dXJuKHI9T2JqZWN0LmFzc2lnbnx8ZnVuY3Rpb24oZSl7Zm9yKHZhciB0PTE7dDxhcmd1bWVudHMubGVuZ3RoO3QrKyl7dmFyIG49YXJndW1lbnRzW3RdO2Zvcih2YXIgciBpbiBuKU9iamVjdC5wcm90b3R5cGUuaGFzT3duUHJvcGVydHkuY2FsbChuLHIpJiYoZVtyXT1uW3JdKX1yZXR1cm4gZX0pLmFwcGx5KHRoaXMsYXJndW1lbnRzKX1uLmQodCwiYSIsKGZ1bmN0aW9uKCl7cmV0dXJuIHJ9KSl9LGZ1bmN0aW9uKGUsdCxuKXtlLmV4cG9ydHM9big2MikoKX0sZnVuY3Rpb24oZSx0LG4peyJ1c2Ugc3RyaWN0Ijt0Ll9fZXNNb2R1bGU9ITA7dmFyIHIsbz1uKDY2KSxpPShyPW8pJiZyLl9fZXNNb2R1bGU/cjp7ZGVmYXVsdDpyfTt0LmRlZmF1bHQ9aS5kZWZhdWx0LmNyZWF0ZShbImFsZmEtb24td2hpdGUiLCJhbGZhLW9uLWNvbG9yIl0pfSxmdW5jdGlvbihlLHQsbil7InVzZSBzdHJpY3QiO3QuX19lc01vZHVsZT0hMDt2YXIgcj0iZnVuY3Rpb24iPT09dHlwZW9mIFN5bWJvbCYmInN5bWJvbCI9PT10eXBlb2YgU3ltYm9sLml0ZXJhdG9yP2Z1bmN0aW9uKGUpe3JldHVybiB0eXBlb2YgZX06ZnVuY3Rpb24oZSl7cmV0dXJuIGUmJiJmdW5jdGlvbiI9PT10eXBlb2YgU3ltYm9sJiZlLmNvbnN0cnVjdG9yPT09U3ltYm9sJiZlIT09U3ltYm9sLnByb3RvdHlwZT8ic3ltYm9sIjp0eXBlb2YgZX07dC5pc0VxdWFsPWEsdC5kZWZhdWx0PWZ1bmN0aW9uKCl7dmFyIGU9YXJndW1lbnRzLmxlbmd0aD4wJiZ2b2lkIDAhPT1hcmd1bWVudHNbMF0mJmFyZ3VtZW50c1swXTtyZXR1cm4gZnVuY3Rpb24odCl7dC5wcm90b3R5cGUuc2hvdWxkQ29tcG9uZW50VXBkYXRlPWU/dTpsfX07dmFyIG89bigwKSxpPU9iamVjdC5wcm90b3R5cGUuaGFzT3duUHJvcGVydHk7ZnVuY3Rpb24gYShlLHQpe3ZhciBuPWFyZ3VtZW50cy5sZW5ndGg+MiYmdm9pZCAwIT09YXJndW1lbnRzWzJdJiZhcmd1bWVudHNbMl07aWYoT2JqZWN0LmlzKGUsdCkpcmV0dXJuITA7aWYoIm9iamVjdCIhPT0oInVuZGVmaW5lZCI9PT10eXBlb2YgZT8idW5kZWZpbmVkIjpyKGUpKXx8bnVsbD09PWV8fCJvYmplY3QiIT09KCJ1bmRlZmluZWQiPT09dHlwZW9mIHQ/InVuZGVmaW5lZCI6cih0KSl8fG51bGw9PT10KXJldHVybiExO2lmKGUucHJvdG90eXBlIT09dC5wcm90b3R5cGUpcmV0dXJuITE7dmFyIGw9T2JqZWN0LmtleXMoZSksdT1PYmplY3Qua2V5cyh0KTtpZihsLmxlbmd0aCE9PXUubGVuZ3RoKXJldHVybiExO2Zvcih2YXIgcz1pLmJpbmQodCk7bC5sZW5ndGg+MDspe3ZhciBjPWwucG9wKCk7aWYoIXMoYykpcmV0dXJuITE7dmFyIGY9ZVtjXSxwPXRbY107aWYoIU9iamVjdC5pcyhmLHApKXtpZighbnx8Im9iamVjdCIhPT0oInVuZGVmaW5lZCI9PT10eXBlb2YgZj8idW5kZWZpbmVkIjpyKGYpKXx8Im9iamVjdCIhPT0oInVuZGVmaW5lZCI9PT10eXBlb2YgcD8idW5kZWZpbmVkIjpyKHApKXx8bnVsbD09PWZ8fG51bGw9PT1wKXJldHVybiExO2lmKCgwLG8uaXNWYWxpZEVsZW1lbnQpKGYpfHwoMCxvLmlzVmFsaWRFbGVtZW50KShwKSlyZXR1cm4hMTtpZighYShmLHAsbikpcmV0dXJuITF9fXJldHVybiEwfWZ1bmN0aW9uIGwoZSx0LG4pe3JldHVybiFhKHRoaXMucHJvcHMsZSl8fCFhKHRoaXMuc3RhdGUsdCl8fCFhKHRoaXMuY29udGV4dCxuKX1mdW5jdGlvbiB1KGUsdCxuKXtyZXR1cm4hYSh0aGlzLnByb3BzLGUsITApfHwhYSh0aGlzLnN0YXRlLHQsITApfHwhYSh0aGlzLmNvbnRleHQsbiwhMCl9fSxmdW5jdGlvbihlLHQsbil7InVzZSBzdHJpY3QiO3ZhciByPSEwLG89IkludmFyaWFudCBmYWlsZWQiO3QuYT1mdW5jdGlvbihlLHQpe2lmKCFlKXRocm93IHI/bmV3IEVycm9yKG8pOm5ldyBFcnJvcihvKyI6ICIrKHR8fCIiKSl9fSxmdW5jdGlvbihlLHQsbil7InVzZSBzdHJpY3QiO3QuX19lc01vZHVsZT0hMCx0LmRlZmF1bHQ9dm9pZCAwLG4oNzQpO3ZhciByLG89big3NSksaT0ocj1vKSYmci5fX2VzTW9kdWxlP3I6e2RlZmF1bHQ6cn07dC5kZWZhdWx0PWkuZGVmYXVsdH0sZnVuY3Rpb24oZSx0LG4peyJ1c2Ugc3RyaWN0Ijt2YXIgcj1uKDIpO2Z1bmN0aW9uIG8oZSl7cmV0dXJuIi8iPT09ZS5jaGFyQXQoMCl9ZnVuY3Rpb24gaShlLHQpe2Zvcih2YXIgbj10LHI9bisxLG89ZS5sZW5ndGg7cjxvO24rPTEscis9MSllW25dPWVbcl07ZS5wb3AoKX12YXIgYT1mdW5jdGlvbihlLHQpe3ZvaWQgMD09PXQmJih0PSIiKTt2YXIgbixyPWUmJmUuc3BsaXQoIi8iKXx8W10sYT10JiZ0LnNwbGl0KCIvIil8fFtdLGw9ZSYmbyhlKSx1PXQmJm8odCkscz1sfHx1O2lmKGUmJm8oZSk/YT1yOnIubGVuZ3RoJiYoYS5wb3AoKSxhPWEuY29uY2F0KHIpKSwhYS5sZW5ndGgpcmV0dXJuIi8iO2lmKGEubGVuZ3RoKXt2YXIgYz1hW2EubGVuZ3RoLTFdO249Ii4iPT09Y3x8Ii4uIj09PWN8fCIiPT09Y31lbHNlIG49ITE7Zm9yKHZhciBmPTAscD1hLmxlbmd0aDtwPj0wO3AtLSl7dmFyIGQ9YVtwXTsiLiI9PT1kP2koYSxwKToiLi4iPT09ZD8oaShhLHApLGYrKyk6ZiYmKGkoYSxwKSxmLS0pfWlmKCFzKWZvcig7Zi0tO2YpYS51bnNoaWZ0KCIuLiIpOyFzfHwiIj09PWFbMF18fGFbMF0mJm8oYVswXSl8fGEudW5zaGlmdCgiIik7dmFyIGg9YS5qb2luKCIvIik7cmV0dXJuIG4mJiIvIiE9PWguc3Vic3RyKC0xKSYmKGgrPSIvIiksaH07ZnVuY3Rpb24gbChlKXtyZXR1cm4gZS52YWx1ZU9mP2UudmFsdWVPZigpOk9iamVjdC5wcm90b3R5cGUudmFsdWVPZi5jYWxsKGUpfXZhciB1PWZ1bmN0aW9uIGUodCxuKXtpZih0PT09bilyZXR1cm4hMDtpZihudWxsPT10fHxudWxsPT1uKXJldHVybiExO2lmKEFycmF5LmlzQXJyYXkodCkpcmV0dXJuIEFycmF5LmlzQXJyYXkobikmJnQubGVuZ3RoPT09bi5sZW5ndGgmJnQuZXZlcnkoKGZ1bmN0aW9uKHQscil7cmV0dXJuIGUodCxuW3JdKX0pKTtpZigib2JqZWN0Ij09PXR5cGVvZiB0fHwib2JqZWN0Ij09PXR5cGVvZiBuKXt2YXIgcj1sKHQpLG89bChuKTtyZXR1cm4gciE9PXR8fG8hPT1uP2UocixvKTpPYmplY3Qua2V5cyhPYmplY3QuYXNzaWduKHt9LHQsbikpLmV2ZXJ5KChmdW5jdGlvbihyKXtyZXR1cm4gZSh0W3JdLG5bcl0pfSkpfXJldHVybiExfSxzPW4oNik7ZnVuY3Rpb24gYyhlKXtyZXR1cm4iLyI9PT1lLmNoYXJBdCgwKT9lOiIvIitlfWZ1bmN0aW9uIGYoZSl7cmV0dXJuIi8iPT09ZS5jaGFyQXQoMCk/ZS5zdWJzdHIoMSk6ZX1mdW5jdGlvbiBwKGUsdCl7cmV0dXJuIGZ1bmN0aW9uKGUsdCl7cmV0dXJuIDA9PT1lLnRvTG93ZXJDYXNlKCkuaW5kZXhPZih0LnRvTG93ZXJDYXNlKCkpJiYtMSE9PSIvPyMiLmluZGV4T2YoZS5jaGFyQXQodC5sZW5ndGgpKX0oZSx0KT9lLnN1YnN0cih0Lmxlbmd0aCk6ZX1mdW5jdGlvbiBkKGUpe3JldHVybiIvIj09PWUuY2hhckF0KGUubGVuZ3RoLTEpP2Uuc2xpY2UoMCwtMSk6ZX1mdW5jdGlvbiBoKGUpe3ZhciB0PWUucGF0aG5hbWUsbj1lLnNlYXJjaCxyPWUuaGFzaCxvPXR8fCIvIjtyZXR1cm4gbiYmIj8iIT09biYmKG8rPSI/Ij09PW4uY2hhckF0KDApP246Ij8iK24pLHImJiIjIiE9PXImJihvKz0iIyI9PT1yLmNoYXJBdCgwKT9yOiIjIityKSxvfWZ1bmN0aW9uIHkoZSx0LG4sbyl7dmFyIGk7InN0cmluZyI9PT10eXBlb2YgZT8oaT1mdW5jdGlvbihlKXt2YXIgdD1lfHwiLyIsbj0iIixyPSIiLG89dC5pbmRleE9mKCIjIik7LTEhPT1vJiYocj10LnN1YnN0cihvKSx0PXQuc3Vic3RyKDAsbykpO3ZhciBpPXQuaW5kZXhPZigiPyIpO3JldHVybi0xIT09aSYmKG49dC5zdWJzdHIoaSksdD10LnN1YnN0cigwLGkpKSx7cGF0aG5hbWU6dCxzZWFyY2g6Ij8iPT09bj8iIjpuLGhhc2g6IiMiPT09cj8iIjpyfX0oZSkpLnN0YXRlPXQ6KHZvaWQgMD09PShpPU9iamVjdChyLmEpKHt9LGUpKS5wYXRobmFtZSYmKGkucGF0aG5hbWU9IiIpLGkuc2VhcmNoPyI/IiE9PWkuc2VhcmNoLmNoYXJBdCgwKSYmKGkuc2VhcmNoPSI/IitpLnNlYXJjaCk6aS5zZWFyY2g9IiIsaS5oYXNoPyIjIiE9PWkuaGFzaC5jaGFyQXQoMCkmJihpLmhhc2g9IiMiK2kuaGFzaCk6aS5oYXNoPSIiLHZvaWQgMCE9PXQmJnZvaWQgMD09PWkuc3RhdGUmJihpLnN0YXRlPXQpKTt0cnl7aS5wYXRobmFtZT1kZWNvZGVVUkkoaS5wYXRobmFtZSl9Y2F0Y2gobCl7dGhyb3cgbCBpbnN0YW5jZW9mIFVSSUVycm9yP25ldyBVUklFcnJvcignUGF0aG5hbWUgIicraS5wYXRobmFtZSsnIiBjb3VsZCBub3QgYmUgZGVjb2RlZC4gVGhpcyBpcyBsaWtlbHkgY2F1c2VkIGJ5IGFuIGludmFsaWQgcGVyY2VudC1lbmNvZGluZy4nKTpsfXJldHVybiBuJiYoaS5rZXk9biksbz9pLnBhdGhuYW1lPyIvIiE9PWkucGF0aG5hbWUuY2hhckF0KDApJiYoaS5wYXRobmFtZT1hKGkucGF0aG5hbWUsby5wYXRobmFtZSkpOmkucGF0aG5hbWU9by5wYXRobmFtZTppLnBhdGhuYW1lfHwoaS5wYXRobmFtZT0iLyIpLGl9ZnVuY3Rpb24gbShlLHQpe3JldHVybiBlLnBhdGhuYW1lPT09dC5wYXRobmFtZSYmZS5zZWFyY2g9PT10LnNlYXJjaCYmZS5oYXNoPT09dC5oYXNoJiZlLmtleT09PXQua2V5JiZ1KGUuc3RhdGUsdC5zdGF0ZSl9ZnVuY3Rpb24gdigpe3ZhciBlPW51bGw7dmFyIHQ9W107cmV0dXJue3NldFByb21wdDpmdW5jdGlvbih0KXtyZXR1cm4gZT10LGZ1bmN0aW9uKCl7ZT09PXQmJihlPW51bGwpfX0sY29uZmlybVRyYW5zaXRpb25UbzpmdW5jdGlvbih0LG4scixvKXtpZihudWxsIT1lKXt2YXIgaT0iZnVuY3Rpb24iPT09dHlwZW9mIGU/ZSh0LG4pOmU7InN0cmluZyI9PT10eXBlb2YgaT8iZnVuY3Rpb24iPT09dHlwZW9mIHI/cihpLG8pOm8oITApOm8oITEhPT1pKX1lbHNlIG8oITApfSxhcHBlbmRMaXN0ZW5lcjpmdW5jdGlvbihlKXt2YXIgbj0hMDtmdW5jdGlvbiByKCl7biYmZS5hcHBseSh2b2lkIDAsYXJndW1lbnRzKX1yZXR1cm4gdC5wdXNoKHIpLGZ1bmN0aW9uKCl7bj0hMSx0PXQuZmlsdGVyKChmdW5jdGlvbihlKXtyZXR1cm4gZSE9PXJ9KSl9fSxub3RpZnlMaXN0ZW5lcnM6ZnVuY3Rpb24oKXtmb3IodmFyIGU9YXJndW1lbnRzLmxlbmd0aCxuPW5ldyBBcnJheShlKSxyPTA7cjxlO3IrKyluW3JdPWFyZ3VtZW50c1tyXTt0LmZvckVhY2goKGZ1bmN0aW9uKGUpe3JldHVybiBlLmFwcGx5KHZvaWQgMCxuKX0pKX19fW4uZCh0LCJhIiwoZnVuY3Rpb24oKXtyZXR1cm4gX30pKSxuLmQodCwiYiIsKGZ1bmN0aW9uKCl7cmV0dXJuIFB9KSksbi5kKHQsImQiLChmdW5jdGlvbigpe3JldHVybiBqfSkpLG4uZCh0LCJjIiwoZnVuY3Rpb24oKXtyZXR1cm4geX0pKSxuLmQodCwiZiIsKGZ1bmN0aW9uKCl7cmV0dXJuIG19KSksbi5kKHQsImUiLChmdW5jdGlvbigpe3JldHVybiBofSkpO3ZhciBiPSEoInVuZGVmaW5lZCI9PT10eXBlb2Ygd2luZG93fHwhd2luZG93LmRvY3VtZW50fHwhd2luZG93LmRvY3VtZW50LmNyZWF0ZUVsZW1lbnQpO2Z1bmN0aW9uIGcoZSx0KXt0KHdpbmRvdy5jb25maXJtKGUpKX12YXIgdz0icG9wc3RhdGUiLEU9Imhhc2hjaGFuZ2UiO2Z1bmN0aW9uIGsoKXt0cnl7cmV0dXJuIHdpbmRvdy5oaXN0b3J5LnN0YXRlfHx7fX1jYXRjaChlKXtyZXR1cm57fX19ZnVuY3Rpb24gXyhlKXt2b2lkIDA9PT1lJiYoZT17fSksYnx8T2JqZWN0KHMuYSkoITEpO3ZhciB0PXdpbmRvdy5oaXN0b3J5LG49ZnVuY3Rpb24oKXt2YXIgZT13aW5kb3cubmF2aWdhdG9yLnVzZXJBZ2VudDtyZXR1cm4oLTE9PT1lLmluZGV4T2YoIkFuZHJvaWQgMi4iKSYmLTE9PT1lLmluZGV4T2YoIkFuZHJvaWQgNC4wIil8fC0xPT09ZS5pbmRleE9mKCJNb2JpbGUgU2FmYXJpIil8fC0xIT09ZS5pbmRleE9mKCJDaHJvbWUiKXx8LTEhPT1lLmluZGV4T2YoIldpbmRvd3MgUGhvbmUiKSkmJih3aW5kb3cuaGlzdG9yeSYmInB1c2hTdGF0ZSJpbiB3aW5kb3cuaGlzdG9yeSl9KCksbz0hKC0xPT09d2luZG93Lm5hdmlnYXRvci51c2VyQWdlbnQuaW5kZXhPZigiVHJpZGVudCIpKSxpPWUsYT1pLmZvcmNlUmVmcmVzaCxsPXZvaWQgMCE9PWEmJmEsdT1pLmdldFVzZXJDb25maXJtYXRpb24sZj12b2lkIDA9PT11P2c6dSxtPWkua2V5TGVuZ3RoLF89dm9pZCAwPT09bT82Om0sTz1lLmJhc2VuYW1lP2QoYyhlLmJhc2VuYW1lKSk6IiI7ZnVuY3Rpb24gVChlKXt2YXIgdD1lfHx7fSxuPXQua2V5LHI9dC5zdGF0ZSxvPXdpbmRvdy5sb2NhdGlvbixpPW8ucGF0aG5hbWUrby5zZWFyY2grby5oYXNoO3JldHVybiBPJiYoaT1wKGksTykpLHkoaSxyLG4pfWZ1bmN0aW9uIHgoKXtyZXR1cm4gTWF0aC5yYW5kb20oKS50b1N0cmluZygzNikuc3Vic3RyKDIsXyl9dmFyIEM9digpO2Z1bmN0aW9uIFMoZSl7T2JqZWN0KHIuYSkoRixlKSxGLmxlbmd0aD10Lmxlbmd0aCxDLm5vdGlmeUxpc3RlbmVycyhGLmxvY2F0aW9uLEYuYWN0aW9uKX1mdW5jdGlvbiBQKGUpeyhmdW5jdGlvbihlKXtyZXR1cm4gdm9pZCAwPT09ZS5zdGF0ZSYmLTE9PT1uYXZpZ2F0b3IudXNlckFnZW50LmluZGV4T2YoIkNyaU9TIil9KShlKXx8TihUKGUuc3RhdGUpKX1mdW5jdGlvbiBNKCl7TihUKGsoKSkpfXZhciBqPSExO2Z1bmN0aW9uIE4oZSl7aWYoailqPSExLFMoKTtlbHNle0MuY29uZmlybVRyYW5zaXRpb25UbyhlLCJQT1AiLGYsKGZ1bmN0aW9uKHQpe3Q/Uyh7YWN0aW9uOiJQT1AiLGxvY2F0aW9uOmV9KTpmdW5jdGlvbihlKXt2YXIgdD1GLmxvY2F0aW9uLG49SS5pbmRleE9mKHQua2V5KTstMT09PW4mJihuPTApO3ZhciByPUkuaW5kZXhPZihlLmtleSk7LTE9PT1yJiYocj0wKTt2YXIgbz1uLXI7byYmKGo9ITAsRChvKSl9KGUpfSkpfX12YXIgUj1UKGsoKSksST1bUi5rZXldO2Z1bmN0aW9uIEwoZSl7cmV0dXJuIE8raChlKX1mdW5jdGlvbiBEKGUpe3QuZ28oZSl9dmFyIEE9MDtmdW5jdGlvbiB6KGUpezE9PT0oQSs9ZSkmJjE9PT1lPyh3aW5kb3cuYWRkRXZlbnRMaXN0ZW5lcih3LFApLG8mJndpbmRvdy5hZGRFdmVudExpc3RlbmVyKEUsTSkpOjA9PT1BJiYod2luZG93LnJlbW92ZUV2ZW50TGlzdGVuZXIodyxQKSxvJiZ3aW5kb3cucmVtb3ZlRXZlbnRMaXN0ZW5lcihFLE0pKX12YXIgVT0hMTt2YXIgRj17bGVuZ3RoOnQubGVuZ3RoLGFjdGlvbjoiUE9QIixsb2NhdGlvbjpSLGNyZWF0ZUhyZWY6TCxwdXNoOmZ1bmN0aW9uKGUscil7dmFyIG89eShlLHIseCgpLEYubG9jYXRpb24pO0MuY29uZmlybVRyYW5zaXRpb25UbyhvLCJQVVNIIixmLChmdW5jdGlvbihlKXtpZihlKXt2YXIgcj1MKG8pLGk9by5rZXksYT1vLnN0YXRlO2lmKG4paWYodC5wdXNoU3RhdGUoe2tleTppLHN0YXRlOmF9LG51bGwsciksbCl3aW5kb3cubG9jYXRpb24uaHJlZj1yO2Vsc2V7dmFyIHU9SS5pbmRleE9mKEYubG9jYXRpb24ua2V5KSxzPUkuc2xpY2UoMCx1KzEpO3MucHVzaChvLmtleSksST1zLFMoe2FjdGlvbjoiUFVTSCIsbG9jYXRpb246b30pfWVsc2Ugd2luZG93LmxvY2F0aW9uLmhyZWY9cn19KSl9LHJlcGxhY2U6ZnVuY3Rpb24oZSxyKXt2YXIgbz15KGUscix4KCksRi5sb2NhdGlvbik7Qy5jb25maXJtVHJhbnNpdGlvblRvKG8sIlJFUExBQ0UiLGYsKGZ1bmN0aW9uKGUpe2lmKGUpe3ZhciByPUwobyksaT1vLmtleSxhPW8uc3RhdGU7aWYobilpZih0LnJlcGxhY2VTdGF0ZSh7a2V5Omksc3RhdGU6YX0sbnVsbCxyKSxsKXdpbmRvdy5sb2NhdGlvbi5yZXBsYWNlKHIpO2Vsc2V7dmFyIHU9SS5pbmRleE9mKEYubG9jYXRpb24ua2V5KTstMSE9PXUmJihJW3VdPW8ua2V5KSxTKHthY3Rpb246IlJFUExBQ0UiLGxvY2F0aW9uOm99KX1lbHNlIHdpbmRvdy5sb2NhdGlvbi5yZXBsYWNlKHIpfX0pKX0sZ286RCxnb0JhY2s6ZnVuY3Rpb24oKXtEKC0xKX0sZ29Gb3J3YXJkOmZ1bmN0aW9uKCl7RCgxKX0sYmxvY2s6ZnVuY3Rpb24oZSl7dm9pZCAwPT09ZSYmKGU9ITEpO3ZhciB0PUMuc2V0UHJvbXB0KGUpO3JldHVybiBVfHwoeigxKSxVPSEwKSxmdW5jdGlvbigpe3JldHVybiBVJiYoVT0hMSx6KC0xKSksdCgpfX0sbGlzdGVuOmZ1bmN0aW9uKGUpe3ZhciB0PUMuYXBwZW5kTGlzdGVuZXIoZSk7cmV0dXJuIHooMSksZnVuY3Rpb24oKXt6KC0xKSx0KCl9fX07cmV0dXJuIEZ9dmFyIE89Imhhc2hjaGFuZ2UiLFQ9e2hhc2hiYW5nOntlbmNvZGVQYXRoOmZ1bmN0aW9uKGUpe3JldHVybiIhIj09PWUuY2hhckF0KDApP2U6IiEvIitmKGUpfSxkZWNvZGVQYXRoOmZ1bmN0aW9uKGUpe3JldHVybiIhIj09PWUuY2hhckF0KDApP2Uuc3Vic3RyKDEpOmV9fSxub3NsYXNoOntlbmNvZGVQYXRoOmYsZGVjb2RlUGF0aDpjfSxzbGFzaDp7ZW5jb2RlUGF0aDpjLGRlY29kZVBhdGg6Y319O2Z1bmN0aW9uIHgoZSl7dmFyIHQ9ZS5pbmRleE9mKCIjIik7cmV0dXJuLTE9PT10P2U6ZS5zbGljZSgwLHQpfWZ1bmN0aW9uIEMoKXt2YXIgZT13aW5kb3cubG9jYXRpb24uaHJlZix0PWUuaW5kZXhPZigiIyIpO3JldHVybi0xPT09dD8iIjplLnN1YnN0cmluZyh0KzEpfWZ1bmN0aW9uIFMoZSl7d2luZG93LmxvY2F0aW9uLnJlcGxhY2UoeCh3aW5kb3cubG9jYXRpb24uaHJlZikrIiMiK2UpfWZ1bmN0aW9uIFAoZSl7dm9pZCAwPT09ZSYmKGU9e30pLGJ8fE9iamVjdChzLmEpKCExKTt2YXIgdD13aW5kb3cuaGlzdG9yeSxuPSh3aW5kb3cubmF2aWdhdG9yLnVzZXJBZ2VudC5pbmRleE9mKCJGaXJlZm94IiksZSksbz1uLmdldFVzZXJDb25maXJtYXRpb24saT12b2lkIDA9PT1vP2c6byxhPW4uaGFzaFR5cGUsbD12b2lkIDA9PT1hPyJzbGFzaCI6YSx1PWUuYmFzZW5hbWU/ZChjKGUuYmFzZW5hbWUpKToiIixmPVRbbF0sbT1mLmVuY29kZVBhdGgsdz1mLmRlY29kZVBhdGg7ZnVuY3Rpb24gRSgpe3ZhciBlPXcoQygpKTtyZXR1cm4gdSYmKGU9cChlLHUpKSx5KGUpfXZhciBrPXYoKTtmdW5jdGlvbiBfKGUpe09iamVjdChyLmEpKEYsZSksRi5sZW5ndGg9dC5sZW5ndGgsay5ub3RpZnlMaXN0ZW5lcnMoRi5sb2NhdGlvbixGLmFjdGlvbil9dmFyIFA9ITEsTT1udWxsO2Z1bmN0aW9uIGooKXt2YXIgZSx0LG49QygpLHI9bShuKTtpZihuIT09cilTKHIpO2Vsc2V7dmFyIG89RSgpLGE9Ri5sb2NhdGlvbjtpZighUCYmKHQ9bywoZT1hKS5wYXRobmFtZT09PXQucGF0aG5hbWUmJmUuc2VhcmNoPT09dC5zZWFyY2gmJmUuaGFzaD09PXQuaGFzaCkpcmV0dXJuO2lmKE09PT1oKG8pKXJldHVybjtNPW51bGwsZnVuY3Rpb24oZSl7aWYoUClQPSExLF8oKTtlbHNle2suY29uZmlybVRyYW5zaXRpb25UbyhlLCJQT1AiLGksKGZ1bmN0aW9uKHQpe3Q/Xyh7YWN0aW9uOiJQT1AiLGxvY2F0aW9uOmV9KTpmdW5jdGlvbihlKXt2YXIgdD1GLmxvY2F0aW9uLG49TC5sYXN0SW5kZXhPZihoKHQpKTstMT09PW4mJihuPTApO3ZhciByPUwubGFzdEluZGV4T2YoaChlKSk7LTE9PT1yJiYocj0wKTt2YXIgbz1uLXI7byYmKFA9ITAsRChvKSl9KGUpfSkpfX0obyl9fXZhciBOPUMoKSxSPW0oTik7TiE9PVImJlMoUik7dmFyIEk9RSgpLEw9W2goSSldO2Z1bmN0aW9uIEQoZSl7dC5nbyhlKX12YXIgQT0wO2Z1bmN0aW9uIHooZSl7MT09PShBKz1lKSYmMT09PWU/d2luZG93LmFkZEV2ZW50TGlzdGVuZXIoTyxqKTowPT09QSYmd2luZG93LnJlbW92ZUV2ZW50TGlzdGVuZXIoTyxqKX12YXIgVT0hMTt2YXIgRj17bGVuZ3RoOnQubGVuZ3RoLGFjdGlvbjoiUE9QIixsb2NhdGlvbjpJLGNyZWF0ZUhyZWY6ZnVuY3Rpb24oZSl7dmFyIHQ9ZG9jdW1lbnQucXVlcnlTZWxlY3RvcigiYmFzZSIpLG49IiI7cmV0dXJuIHQmJnQuZ2V0QXR0cmlidXRlKCJocmVmIikmJihuPXgod2luZG93LmxvY2F0aW9uLmhyZWYpKSxuKyIjIittKHUraChlKSl9LHB1c2g6ZnVuY3Rpb24oZSx0KXt2YXIgbj15KGUsdm9pZCAwLHZvaWQgMCxGLmxvY2F0aW9uKTtrLmNvbmZpcm1UcmFuc2l0aW9uVG8obiwiUFVTSCIsaSwoZnVuY3Rpb24oZSl7aWYoZSl7dmFyIHQ9aChuKSxyPW0odSt0KTtpZihDKCkhPT1yKXtNPXQsZnVuY3Rpb24oZSl7d2luZG93LmxvY2F0aW9uLmhhc2g9ZX0ocik7dmFyIG89TC5sYXN0SW5kZXhPZihoKEYubG9jYXRpb24pKSxpPUwuc2xpY2UoMCxvKzEpO2kucHVzaCh0KSxMPWksXyh7YWN0aW9uOiJQVVNIIixsb2NhdGlvbjpufSl9ZWxzZSBfKCl9fSkpfSxyZXBsYWNlOmZ1bmN0aW9uKGUsdCl7dmFyIG49eShlLHZvaWQgMCx2b2lkIDAsRi5sb2NhdGlvbik7ay5jb25maXJtVHJhbnNpdGlvblRvKG4sIlJFUExBQ0UiLGksKGZ1bmN0aW9uKGUpe2lmKGUpe3ZhciB0PWgobikscj1tKHUrdCk7QygpIT09ciYmKE09dCxTKHIpKTt2YXIgbz1MLmluZGV4T2YoaChGLmxvY2F0aW9uKSk7LTEhPT1vJiYoTFtvXT10KSxfKHthY3Rpb246IlJFUExBQ0UiLGxvY2F0aW9uOm59KX19KSl9LGdvOkQsZ29CYWNrOmZ1bmN0aW9uKCl7RCgtMSl9LGdvRm9yd2FyZDpmdW5jdGlvbigpe0QoMSl9LGJsb2NrOmZ1bmN0aW9uKGUpe3ZvaWQgMD09PWUmJihlPSExKTt2YXIgdD1rLnNldFByb21wdChlKTtyZXR1cm4gVXx8KHooMSksVT0hMCksZnVuY3Rpb24oKXtyZXR1cm4gVSYmKFU9ITEseigtMSkpLHQoKX19LGxpc3RlbjpmdW5jdGlvbihlKXt2YXIgdD1rLmFwcGVuZExpc3RlbmVyKGUpO3JldHVybiB6KDEpLGZ1bmN0aW9uKCl7eigtMSksdCgpfX19O3JldHVybiBGfWZ1bmN0aW9uIE0oZSx0LG4pe3JldHVybiBNYXRoLm1pbihNYXRoLm1heChlLHQpLG4pfWZ1bmN0aW9uIGooZSl7dm9pZCAwPT09ZSYmKGU9e30pO3ZhciB0PWUsbj10LmdldFVzZXJDb25maXJtYXRpb24sbz10LmluaXRpYWxFbnRyaWVzLGk9dm9pZCAwPT09bz9bIi8iXTpvLGE9dC5pbml0aWFsSW5kZXgsbD12b2lkIDA9PT1hPzA6YSx1PXQua2V5TGVuZ3RoLHM9dm9pZCAwPT09dT82OnUsYz12KCk7ZnVuY3Rpb24gZihlKXtPYmplY3Qoci5hKSh3LGUpLHcubGVuZ3RoPXcuZW50cmllcy5sZW5ndGgsYy5ub3RpZnlMaXN0ZW5lcnMody5sb2NhdGlvbix3LmFjdGlvbil9ZnVuY3Rpb24gcCgpe3JldHVybiBNYXRoLnJhbmRvbSgpLnRvU3RyaW5nKDM2KS5zdWJzdHIoMixzKX12YXIgZD1NKGwsMCxpLmxlbmd0aC0xKSxtPWkubWFwKChmdW5jdGlvbihlKXtyZXR1cm4geShlLHZvaWQgMCwic3RyaW5nIj09PXR5cGVvZiBlP3AoKTplLmtleXx8cCgpKX0pKSxiPWg7ZnVuY3Rpb24gZyhlKXt2YXIgdD1NKHcuaW5kZXgrZSwwLHcuZW50cmllcy5sZW5ndGgtMSkscj13LmVudHJpZXNbdF07Yy5jb25maXJtVHJhbnNpdGlvblRvKHIsIlBPUCIsbiwoZnVuY3Rpb24oZSl7ZT9mKHthY3Rpb246IlBPUCIsbG9jYXRpb246cixpbmRleDp0fSk6ZigpfSkpfXZhciB3PXtsZW5ndGg6bS5sZW5ndGgsYWN0aW9uOiJQT1AiLGxvY2F0aW9uOm1bZF0saW5kZXg6ZCxlbnRyaWVzOm0sY3JlYXRlSHJlZjpiLHB1c2g6ZnVuY3Rpb24oZSx0KXt2YXIgcj15KGUsdCxwKCksdy5sb2NhdGlvbik7Yy5jb25maXJtVHJhbnNpdGlvblRvKHIsIlBVU0giLG4sKGZ1bmN0aW9uKGUpe2lmKGUpe3ZhciB0PXcuaW5kZXgrMSxuPXcuZW50cmllcy5zbGljZSgwKTtuLmxlbmd0aD50P24uc3BsaWNlKHQsbi5sZW5ndGgtdCxyKTpuLnB1c2gociksZih7YWN0aW9uOiJQVVNIIixsb2NhdGlvbjpyLGluZGV4OnQsZW50cmllczpufSl9fSkpfSxyZXBsYWNlOmZ1bmN0aW9uKGUsdCl7dmFyIHI9eShlLHQscCgpLHcubG9jYXRpb24pO2MuY29uZmlybVRyYW5zaXRpb25UbyhyLCJSRVBMQUNFIixuLChmdW5jdGlvbihlKXtlJiYody5lbnRyaWVzW3cuaW5kZXhdPXIsZih7YWN0aW9uOiJSRVBMQUNFIixsb2NhdGlvbjpyfSkpfSkpfSxnbzpnLGdvQmFjazpmdW5jdGlvbigpe2coLTEpfSxnb0ZvcndhcmQ6ZnVuY3Rpb24oKXtnKDEpfSxjYW5HbzpmdW5jdGlvbihlKXt2YXIgdD13LmluZGV4K2U7cmV0dXJuIHQ+PTAmJnQ8dy5lbnRyaWVzLmxlbmd0aH0sYmxvY2s6ZnVuY3Rpb24oZSl7cmV0dXJuIHZvaWQgMD09PWUmJihlPSExKSxjLnNldFByb21wdChlKX0sbGlzdGVuOmZ1bmN0aW9uKGUpe3JldHVybiBjLmFwcGVuZExpc3RlbmVyKGUpfX07cmV0dXJuIHd9fSxmdW5jdGlvbihlLHQsbil7ZS5leHBvcnRzPW4oNzcpfSxmdW5jdGlvbihlLHQsbil7InVzZSBzdHJpY3QiO3QuX19lc01vZHVsZT0hMCx0LmRlZmF1bHQ9dm9pZCAwLG4oODEpO3ZhciByLG89big4MiksaT0ocj1vKSYmci5fX2VzTW9kdWxlP3I6e2RlZmF1bHQ6cn07dC5kZWZhdWx0PWkuZGVmYXVsdH0sZnVuY3Rpb24oZSx0LG4peyJ1c2Ugc3RyaWN0IjtmdW5jdGlvbiByKGUsdCl7ZS5wcm90b3R5cGU9T2JqZWN0LmNyZWF0ZSh0LnByb3RvdHlwZSksZS5wcm90b3R5cGUuY29uc3RydWN0b3I9ZSxlLl9fcHJvdG9fXz10fW4uZCh0LCJhIiwoZnVuY3Rpb24oKXtyZXR1cm4gcn0pKX0sZnVuY3Rpb24oZSx0LG4peyJ1c2Ugc3RyaWN0Ijt0Ll9fZXNNb2R1bGU9ITAsdC5kZWZhdWx0PXZvaWQgMCxuKDI2KSxuKDM3KSxuKDkwKSxuKDkyKSxuKDkzKSxuKDk0KTt2YXIgcixvPW4oMzEpLGk9KHI9bykmJnIuX19lc01vZHVsZT9yOntkZWZhdWx0OnJ9O3QuZGVmYXVsdD1pLmRlZmF1bHR9LGZ1bmN0aW9uKGUsdCxuKXsidXNlIHN0cmljdCI7dC5fX2VzTW9kdWxlPSEwLHQuZGVmYXVsdD12b2lkIDAsbigxMDIpLG4oNyk7dmFyIHIsbz1uKDEwMyksaT0ocj1vKSYmci5fX2VzTW9kdWxlP3I6e2RlZmF1bHQ6cn07dC5kZWZhdWx0PWkuZGVmYXVsdH0sZnVuY3Rpb24oZSx0LG4peyJ1c2Ugc3RyaWN0Ijt0Ll9fZXNNb2R1bGU9ITAsdC5kZWZhdWx0PXZvaWQgMCxuKDYwKTt2YXIgcixvPW4oNjEpLGk9KHI9bykmJnIuX19lc01vZHVsZT9yOntkZWZhdWx0OnJ9O3QuZGVmYXVsdD1pLmRlZmF1bHR9LGZ1bmN0aW9uKGUsdCxuKXsidXNlIHN0cmljdCI7dC5fX2VzTW9kdWxlPSEwLHQuZGVmYXVsdD12b2lkIDAsbig4Myksbig4NCksbig4NSk7dmFyIHIsbz1uKDM2KSxpPShyPW8pJiZyLl9fZXNNb2R1bGU/cjp7ZGVmYXVsdDpyfTt0LmRlZmF1bHQ9aS5kZWZhdWx0fSxmdW5jdGlvbihlLHQsbil7InVzZSBzdHJpY3QiO3ZhciByPW4oMTEpLG89bigwKSxpPW4ubihvKSxhPW4oMjIpLGw9bi5uKGEpLHU9big4KSxzPW4oMzIpLGM9bi5uKHMpLGY9big0NikscD1uLm4oZiksZD0xMDczNzQxODIzO3ZhciBoPWkuYS5jcmVhdGVDb250ZXh0fHxmdW5jdGlvbihlLHQpe3ZhciBuLHIsaT0iX19jcmVhdGUtcmVhY3QtY29udGV4dC0iK3AoKSgpKyJfXyIsYT1mdW5jdGlvbihlKXtmdW5jdGlvbiBuKCl7dmFyIHQ7cmV0dXJuKHQ9ZS5hcHBseSh0aGlzLGFyZ3VtZW50cyl8fHRoaXMpLmVtaXR0ZXI9ZnVuY3Rpb24oZSl7dmFyIHQ9W107cmV0dXJue29uOmZ1bmN0aW9uKGUpe3QucHVzaChlKX0sb2ZmOmZ1bmN0aW9uKGUpe3Q9dC5maWx0ZXIoKGZ1bmN0aW9uKHQpe3JldHVybiB0IT09ZX0pKX0sZ2V0OmZ1bmN0aW9uKCl7cmV0dXJuIGV9LHNldDpmdW5jdGlvbihuLHIpe2U9bix0LmZvckVhY2goKGZ1bmN0aW9uKHQpe3JldHVybiB0KGUscil9KSl9fX0odC5wcm9wcy52YWx1ZSksdH1jKCkobixlKTt2YXIgcj1uLnByb3RvdHlwZTtyZXR1cm4gci5nZXRDaGlsZENvbnRleHQ9ZnVuY3Rpb24oKXt2YXIgZTtyZXR1cm4oZT17fSlbaV09dGhpcy5lbWl0dGVyLGV9LHIuY29tcG9uZW50V2lsbFJlY2VpdmVQcm9wcz1mdW5jdGlvbihlKXtpZih0aGlzLnByb3BzLnZhbHVlIT09ZS52YWx1ZSl7dmFyIG4scj10aGlzLnByb3BzLnZhbHVlLG89ZS52YWx1ZTsoKGk9cik9PT0oYT1vKT8wIT09aXx8MS9pPT09MS9hOmkhPT1pJiZhIT09YSk/bj0wOihuPSJmdW5jdGlvbiI9PT10eXBlb2YgdD90KHIsbyk6ZCwwIT09KG58PTApJiZ0aGlzLmVtaXR0ZXIuc2V0KGUudmFsdWUsbikpfXZhciBpLGF9LHIucmVuZGVyPWZ1bmN0aW9uKCl7cmV0dXJuIHRoaXMucHJvcHMuY2hpbGRyZW59LG59KG8uQ29tcG9uZW50KTthLmNoaWxkQ29udGV4dFR5cGVzPSgobj17fSlbaV09bC5hLm9iamVjdC5pc1JlcXVpcmVkLG4pO3ZhciB1PWZ1bmN0aW9uKHQpe2Z1bmN0aW9uIG4oKXt2YXIgZTtyZXR1cm4oZT10LmFwcGx5KHRoaXMsYXJndW1lbnRzKXx8dGhpcykuc3RhdGU9e3ZhbHVlOmUuZ2V0VmFsdWUoKX0sZS5vblVwZGF0ZT1mdW5jdGlvbih0LG4pezAhPT0oKDB8ZS5vYnNlcnZlZEJpdHMpJm4pJiZlLnNldFN0YXRlKHt2YWx1ZTplLmdldFZhbHVlKCl9KX0sZX1jKCkobix0KTt2YXIgcj1uLnByb3RvdHlwZTtyZXR1cm4gci5jb21wb25lbnRXaWxsUmVjZWl2ZVByb3BzPWZ1bmN0aW9uKGUpe3ZhciB0PWUub2JzZXJ2ZWRCaXRzO3RoaXMub2JzZXJ2ZWRCaXRzPXZvaWQgMD09PXR8fG51bGw9PT10P2Q6dH0sci5jb21wb25lbnREaWRNb3VudD1mdW5jdGlvbigpe3RoaXMuY29udGV4dFtpXSYmdGhpcy5jb250ZXh0W2ldLm9uKHRoaXMub25VcGRhdGUpO3ZhciBlPXRoaXMucHJvcHMub2JzZXJ2ZWRCaXRzO3RoaXMub2JzZXJ2ZWRCaXRzPXZvaWQgMD09PWV8fG51bGw9PT1lP2Q6ZX0sci5jb21wb25lbnRXaWxsVW5tb3VudD1mdW5jdGlvbigpe3RoaXMuY29udGV4dFtpXSYmdGhpcy5jb250ZXh0W2ldLm9mZih0aGlzLm9uVXBkYXRlKX0sci5nZXRWYWx1ZT1mdW5jdGlvbigpe3JldHVybiB0aGlzLmNvbnRleHRbaV0/dGhpcy5jb250ZXh0W2ldLmdldCgpOmV9LHIucmVuZGVyPWZ1bmN0aW9uKCl7cmV0dXJuKGU9dGhpcy5wcm9wcy5jaGlsZHJlbixBcnJheS5pc0FycmF5KGUpP2VbMF06ZSkodGhpcy5zdGF0ZS52YWx1ZSk7dmFyIGV9LG59KG8uQ29tcG9uZW50KTtyZXR1cm4gdS5jb250ZXh0VHlwZXM9KChyPXt9KVtpXT1sLmEub2JqZWN0LHIpLHtQcm92aWRlcjphLENvbnN1bWVyOnV9fSx5PW4oNiksbT1uKDIpLHY9bigzMyksYj1uLm4odiksZz0obigxMTQpLG4oMjEpKTtuKDQ3KTtuLmQodCwiYSIsKGZ1bmN0aW9uKCl7cmV0dXJuIEN9KSksbi5kKHQsImIiLChmdW5jdGlvbigpe3JldHVybiBOfSkpLG4uZCh0LCJjIiwoZnVuY3Rpb24oKXtyZXR1cm4gRX0pKSxuLmQodCwiZCIsKGZ1bmN0aW9uKCl7cmV0dXJuIHp9KSksbi5kKHQsImUiLChmdW5jdGlvbigpe3JldHVybiB3fSkpLG4uZCh0LCJmIiwoZnVuY3Rpb24oKXtyZXR1cm4gan0pKSxuLmQodCwiZyIsKGZ1bmN0aW9uKCl7cmV0dXJuIEZ9KSk7dmFyIHc9ZnVuY3Rpb24oZSl7dmFyIHQ9aCgpO3JldHVybiB0LmRpc3BsYXlOYW1lPWUsdH0oIlJvdXRlciIpLEU9ZnVuY3Rpb24oZSl7ZnVuY3Rpb24gdCh0KXt2YXIgbjtyZXR1cm4obj1lLmNhbGwodGhpcyx0KXx8dGhpcykuc3RhdGU9e2xvY2F0aW9uOnQuaGlzdG9yeS5sb2NhdGlvbn0sbi5faXNNb3VudGVkPSExLG4uX3BlbmRpbmdMb2NhdGlvbj1udWxsLHQuc3RhdGljQ29udGV4dHx8KG4udW5saXN0ZW49dC5oaXN0b3J5Lmxpc3RlbigoZnVuY3Rpb24oZSl7bi5faXNNb3VudGVkP24uc2V0U3RhdGUoe2xvY2F0aW9uOmV9KTpuLl9wZW5kaW5nTG9jYXRpb249ZX0pKSksbn1PYmplY3Qoci5hKSh0LGUpLHQuY29tcHV0ZVJvb3RNYXRjaD1mdW5jdGlvbihlKXtyZXR1cm57cGF0aDoiLyIsdXJsOiIvIixwYXJhbXM6e30saXNFeGFjdDoiLyI9PT1lfX07dmFyIG49dC5wcm90b3R5cGU7cmV0dXJuIG4uY29tcG9uZW50RGlkTW91bnQ9ZnVuY3Rpb24oKXt0aGlzLl9pc01vdW50ZWQ9ITAsdGhpcy5fcGVuZGluZ0xvY2F0aW9uJiZ0aGlzLnNldFN0YXRlKHtsb2NhdGlvbjp0aGlzLl9wZW5kaW5nTG9jYXRpb259KX0sbi5jb21wb25lbnRXaWxsVW5tb3VudD1mdW5jdGlvbigpe3RoaXMudW5saXN0ZW4mJnRoaXMudW5saXN0ZW4oKX0sbi5yZW5kZXI9ZnVuY3Rpb24oKXtyZXR1cm4gaS5hLmNyZWF0ZUVsZW1lbnQody5Qcm92aWRlcix7Y2hpbGRyZW46dGhpcy5wcm9wcy5jaGlsZHJlbnx8bnVsbCx2YWx1ZTp7aGlzdG9yeTp0aGlzLnByb3BzLmhpc3RvcnksbG9jYXRpb246dGhpcy5zdGF0ZS5sb2NhdGlvbixtYXRjaDp0LmNvbXB1dGVSb290TWF0Y2godGhpcy5zdGF0ZS5sb2NhdGlvbi5wYXRobmFtZSksc3RhdGljQ29udGV4dDp0aGlzLnByb3BzLnN0YXRpY0NvbnRleHR9fSl9LHR9KGkuYS5Db21wb25lbnQpO2kuYS5Db21wb25lbnQ7dmFyIGs9ZnVuY3Rpb24oZSl7ZnVuY3Rpb24gdCgpe3JldHVybiBlLmFwcGx5KHRoaXMsYXJndW1lbnRzKXx8dGhpc31PYmplY3Qoci5hKSh0LGUpO3ZhciBuPXQucHJvdG90eXBlO3JldHVybiBuLmNvbXBvbmVudERpZE1vdW50PWZ1bmN0aW9uKCl7dGhpcy5wcm9wcy5vbk1vdW50JiZ0aGlzLnByb3BzLm9uTW91bnQuY2FsbCh0aGlzLHRoaXMpfSxuLmNvbXBvbmVudERpZFVwZGF0ZT1mdW5jdGlvbihlKXt0aGlzLnByb3BzLm9uVXBkYXRlJiZ0aGlzLnByb3BzLm9uVXBkYXRlLmNhbGwodGhpcyx0aGlzLGUpfSxuLmNvbXBvbmVudFdpbGxVbm1vdW50PWZ1bmN0aW9uKCl7dGhpcy5wcm9wcy5vblVubW91bnQmJnRoaXMucHJvcHMub25Vbm1vdW50LmNhbGwodGhpcyx0aGlzKX0sbi5yZW5kZXI9ZnVuY3Rpb24oKXtyZXR1cm4gbnVsbH0sdH0oaS5hLkNvbXBvbmVudCk7dmFyIF89e30sTz0xZTQsVD0wO2Z1bmN0aW9uIHgoZSx0KXtyZXR1cm4gdm9pZCAwPT09ZSYmKGU9Ii8iKSx2b2lkIDA9PT10JiYodD17fSksIi8iPT09ZT9lOmZ1bmN0aW9uKGUpe2lmKF9bZV0pcmV0dXJuIF9bZV07dmFyIHQ9Yi5hLmNvbXBpbGUoZSk7cmV0dXJuIFQ8TyYmKF9bZV09dCxUKyspLHR9KGUpKHQse3ByZXR0eTohMH0pfWZ1bmN0aW9uIEMoZSl7dmFyIHQ9ZS5jb21wdXRlZE1hdGNoLG49ZS50byxyPWUucHVzaCxvPXZvaWQgMCE9PXImJnI7cmV0dXJuIGkuYS5jcmVhdGVFbGVtZW50KHcuQ29uc3VtZXIsbnVsbCwoZnVuY3Rpb24oZSl7ZXx8T2JqZWN0KHkuYSkoITEpO3ZhciByPWUuaGlzdG9yeSxhPWUuc3RhdGljQ29udGV4dCxsPW8/ci5wdXNoOnIucmVwbGFjZSxzPU9iamVjdCh1LmMpKHQ/InN0cmluZyI9PT10eXBlb2Ygbj94KG4sdC5wYXJhbXMpOk9iamVjdChtLmEpKHt9LG4se3BhdGhuYW1lOngobi5wYXRobmFtZSx0LnBhcmFtcyl9KTpuKTtyZXR1cm4gYT8obChzKSxudWxsKTppLmEuY3JlYXRlRWxlbWVudChrLHtvbk1vdW50OmZ1bmN0aW9uKCl7bChzKX0sb25VcGRhdGU6ZnVuY3Rpb24oZSx0KXt2YXIgbj1PYmplY3QodS5jKSh0LnRvKTtPYmplY3QodS5mKShuLE9iamVjdChtLmEpKHt9LHMse2tleTpuLmtleX0pKXx8bChzKX0sdG86bn0pfSkpfXZhciBTPXt9LFA9MWU0LE09MDtmdW5jdGlvbiBqKGUsdCl7dm9pZCAwPT09dCYmKHQ9e30pLCgic3RyaW5nIj09PXR5cGVvZiB0fHxBcnJheS5pc0FycmF5KHQpKSYmKHQ9e3BhdGg6dH0pO3ZhciBuPXQscj1uLnBhdGgsbz1uLmV4YWN0LGk9dm9pZCAwIT09byYmbyxhPW4uc3RyaWN0LGw9dm9pZCAwIT09YSYmYSx1PW4uc2Vuc2l0aXZlLHM9dm9pZCAwIT09dSYmdTtyZXR1cm5bXS5jb25jYXQocikucmVkdWNlKChmdW5jdGlvbih0LG4pe2lmKCFuJiYiIiE9PW4pcmV0dXJuIG51bGw7aWYodClyZXR1cm4gdDt2YXIgcj1mdW5jdGlvbihlLHQpe3ZhciBuPSIiK3QuZW5kK3Quc3RyaWN0K3Quc2Vuc2l0aXZlLHI9U1tuXXx8KFNbbl09e30pO2lmKHJbZV0pcmV0dXJuIHJbZV07dmFyIG89W10saT17cmVnZXhwOmIoKShlLG8sdCksa2V5czpvfTtyZXR1cm4gTTxQJiYocltlXT1pLE0rKyksaX0obix7ZW5kOmksc3RyaWN0Omwsc2Vuc2l0aXZlOnN9KSxvPXIucmVnZXhwLGE9ci5rZXlzLHU9by5leGVjKGUpO2lmKCF1KXJldHVybiBudWxsO3ZhciBjPXVbMF0sZj11LnNsaWNlKDEpLHA9ZT09PWM7cmV0dXJuIGkmJiFwP251bGw6e3BhdGg6bix1cmw6Ii8iPT09biYmIiI9PT1jPyIvIjpjLGlzRXhhY3Q6cCxwYXJhbXM6YS5yZWR1Y2UoKGZ1bmN0aW9uKGUsdCxuKXtyZXR1cm4gZVt0Lm5hbWVdPWZbbl0sZX0pLHt9KX19KSxudWxsKX12YXIgTj1mdW5jdGlvbihlKXtmdW5jdGlvbiB0KCl7cmV0dXJuIGUuYXBwbHkodGhpcyxhcmd1bWVudHMpfHx0aGlzfXJldHVybiBPYmplY3Qoci5hKSh0LGUpLHQucHJvdG90eXBlLnJlbmRlcj1mdW5jdGlvbigpe3ZhciBlPXRoaXM7cmV0dXJuIGkuYS5jcmVhdGVFbGVtZW50KHcuQ29uc3VtZXIsbnVsbCwoZnVuY3Rpb24odCl7dHx8T2JqZWN0KHkuYSkoITEpO3ZhciBuPWUucHJvcHMubG9jYXRpb258fHQubG9jYXRpb24scj1lLnByb3BzLmNvbXB1dGVkTWF0Y2g/ZS5wcm9wcy5jb21wdXRlZE1hdGNoOmUucHJvcHMucGF0aD9qKG4ucGF0aG5hbWUsZS5wcm9wcyk6dC5tYXRjaCxvPU9iamVjdChtLmEpKHt9LHQse2xvY2F0aW9uOm4sbWF0Y2g6cn0pLGE9ZS5wcm9wcyxsPWEuY2hpbGRyZW4sdT1hLmNvbXBvbmVudCxzPWEucmVuZGVyO3JldHVybiBBcnJheS5pc0FycmF5KGwpJiYwPT09bC5sZW5ndGgmJihsPW51bGwpLGkuYS5jcmVhdGVFbGVtZW50KHcuUHJvdmlkZXIse3ZhbHVlOm99LG8ubWF0Y2g/bD8iZnVuY3Rpb24iPT09dHlwZW9mIGw/bChvKTpsOnU/aS5hLmNyZWF0ZUVsZW1lbnQodSxvKTpzP3Mobyk6bnVsbDoiZnVuY3Rpb24iPT09dHlwZW9mIGw/bChvKTpudWxsKX0pKX0sdH0oaS5hLkNvbXBvbmVudCk7ZnVuY3Rpb24gUihlKXtyZXR1cm4iLyI9PT1lLmNoYXJBdCgwKT9lOiIvIitlfWZ1bmN0aW9uIEkoZSx0KXtpZighZSlyZXR1cm4gdDt2YXIgbj1SKGUpO3JldHVybiAwIT09dC5wYXRobmFtZS5pbmRleE9mKG4pP3Q6T2JqZWN0KG0uYSkoe30sdCx7cGF0aG5hbWU6dC5wYXRobmFtZS5zdWJzdHIobi5sZW5ndGgpfSl9ZnVuY3Rpb24gTChlKXtyZXR1cm4ic3RyaW5nIj09PXR5cGVvZiBlP2U6T2JqZWN0KHUuZSkoZSl9ZnVuY3Rpb24gRChlKXtyZXR1cm4gZnVuY3Rpb24oKXtPYmplY3QoeS5hKSghMSl9fWZ1bmN0aW9uIEEoKXt9aS5hLkNvbXBvbmVudDt2YXIgej1mdW5jdGlvbihlKXtmdW5jdGlvbiB0KCl7cmV0dXJuIGUuYXBwbHkodGhpcyxhcmd1bWVudHMpfHx0aGlzfXJldHVybiBPYmplY3Qoci5hKSh0LGUpLHQucHJvdG90eXBlLnJlbmRlcj1mdW5jdGlvbigpe3ZhciBlPXRoaXM7cmV0dXJuIGkuYS5jcmVhdGVFbGVtZW50KHcuQ29uc3VtZXIsbnVsbCwoZnVuY3Rpb24odCl7dHx8T2JqZWN0KHkuYSkoITEpO3ZhciBuLHIsbz1lLnByb3BzLmxvY2F0aW9ufHx0LmxvY2F0aW9uO3JldHVybiBpLmEuQ2hpbGRyZW4uZm9yRWFjaChlLnByb3BzLmNoaWxkcmVuLChmdW5jdGlvbihlKXtpZihudWxsPT1yJiZpLmEuaXNWYWxpZEVsZW1lbnQoZSkpe249ZTt2YXIgYT1lLnByb3BzLnBhdGh8fGUucHJvcHMuZnJvbTtyPWE/aihvLnBhdGhuYW1lLE9iamVjdChtLmEpKHt9LGUucHJvcHMse3BhdGg6YX0pKTp0Lm1hdGNofX0pKSxyP2kuYS5jbG9uZUVsZW1lbnQobix7bG9jYXRpb246byxjb21wdXRlZE1hdGNoOnJ9KTpudWxsfSkpfSx0fShpLmEuQ29tcG9uZW50KTt2YXIgVT1pLmEudXNlQ29udGV4dDtmdW5jdGlvbiBGKCl7cmV0dXJuIFUodykuaGlzdG9yeX19LGZ1bmN0aW9uKGUsdCxuKXsidXNlIHN0cmljdCI7T2JqZWN0LmRlZmluZVByb3BlcnR5KHQsIl9fZXNNb2R1bGUiLHt2YWx1ZTohMH0pLHQuZGVmYXVsdD1mdW5jdGlvbigpe2Zvcih2YXIgZT1hcmd1bWVudHMubGVuZ3RoLHQ9QXJyYXkoZSksbj0wO248ZTtuKyspdFtuXT1hcmd1bWVudHNbbl07cmV0dXJuIDA9PT10Lmxlbmd0aD9mdW5jdGlvbigpe3JldHVybiBjKGFyZ3VtZW50cyl9OmModCl9O3ZhciByPW4oMzUpO2Z1bmN0aW9uIG8oZSl7aWYoQXJyYXkuaXNBcnJheShlKSl7Zm9yKHZhciB0PTAsbj1BcnJheShlLmxlbmd0aCk7dDxlLmxlbmd0aDt0Kyspblt0XT1lW3RdO3JldHVybiBufXJldHVybiBBcnJheS5mcm9tKGUpfXZhciBpPU9iamVjdC5kZWZpbmVQcm9wZXJ0eSxhPU9iamVjdC5nZXRQcm90b3R5cGVPZixsPXZvaWQgMDtmdW5jdGlvbiB1KGUpe2Zvcih2YXIgdD0oMCxyLmdldE93blByb3BlcnR5RGVzY3JpcHRvcnMpKGUucHJvdG90eXBlKSxuPSgwLHIuZ2V0T3duS2V5cykodCksbz0wLGE9bi5sZW5ndGg7bzxhO28rKyl7dmFyIGw9bltvXSx1PXRbbF07ImZ1bmN0aW9uIj09PXR5cGVvZiB1LnZhbHVlJiYiY29uc3RydWN0b3IiIT09bCYmaShlLnByb3RvdHlwZSxsLHMoZS5wcm90b3R5cGUsbCx1KSl9fWZ1bmN0aW9uIHMoZSx0LG4pe3ZhciBvPW4udmFsdWUsdT1uLmNvbmZpZ3VyYWJsZSxzPW4uZW51bWVyYWJsZTtpZigiZnVuY3Rpb24iIT09dHlwZW9mIG8pdGhyb3cgbmV3IFN5bnRheEVycm9yKCJAYXV0b2JpbmQgY2FuIG9ubHkgYmUgdXNlZCBvbiBmdW5jdGlvbnMsIG5vdDogIitvKTt2YXIgYz1lLmNvbnN0cnVjdG9yO3JldHVybntjb25maWd1cmFibGU6dSxlbnVtZXJhYmxlOnMsZ2V0OmZ1bmN0aW9uKCl7aWYodGhpcz09PWUpcmV0dXJuIG87aWYodGhpcy5jb25zdHJ1Y3RvciE9PWMmJmEodGhpcykuY29uc3RydWN0b3I9PT1jKXJldHVybiBvO2lmKHRoaXMuY29uc3RydWN0b3IhPT1jJiZ0IGluIHRoaXMuY29uc3RydWN0b3IucHJvdG90eXBlKXJldHVybiBmdW5jdGlvbihlLHQpe2lmKCJ1bmRlZmluZWQiPT09dHlwZW9mIFdlYWtNYXApdGhyb3cgbmV3IEVycm9yKCJVc2luZyBAYXV0b2JpbmQgb24gIit0Lm5hbWUrIigpIHJlcXVpcmVzIFdlYWtNYXAgc3VwcG9ydCBkdWUgdG8gaXRzIHVzZSBvZiBzdXBlci4iK3QubmFtZSsiKClcbiAgICAgIFNlZSBodHRwczovL2dpdGh1Yi5jb20vamF5cGhlbHBzL2NvcmUtZGVjb3JhdG9ycy5qcy9pc3N1ZXMvMjAiKTtsfHwobD1uZXcgV2Vha01hcCksITE9PT1sLmhhcyhlKSYmbC5zZXQoZSxuZXcgV2Vha01hcCk7dmFyIG49bC5nZXQoZSk7cmV0dXJuITE9PT1uLmhhcyh0KSYmbi5zZXQodCwoMCxyLmJpbmQpKHQsZSkpLG4uZ2V0KHQpfSh0aGlzLG8pO3ZhciBuPSgwLHIuYmluZCkobyx0aGlzKTtyZXR1cm4gaSh0aGlzLHQse2NvbmZpZ3VyYWJsZTohMCx3cml0YWJsZTohMCxlbnVtZXJhYmxlOiExLHZhbHVlOm59KSxufSxzZXQ6KDAsci5jcmVhdGVEZWZhdWx0U2V0dGVyKSh0KX19ZnVuY3Rpb24gYyhlKXtyZXR1cm4gMT09PWUubGVuZ3RoP3UuYXBwbHkodm9pZCAwLG8oZSkpOnMuYXBwbHkodm9pZCAwLG8oZSkpfX0sZnVuY3Rpb24oZSx0LG4peyJ1c2Ugc3RyaWN0IjtmdW5jdGlvbiByKGUsdCxuLHIsbyxpLGEpe3RyeXt2YXIgbD1lW2ldKGEpLHU9bC52YWx1ZX1jYXRjaChzKXtyZXR1cm4gdm9pZCBuKHMpfWwuZG9uZT90KHUpOlByb21pc2UucmVzb2x2ZSh1KS50aGVuKHIsbyl9ZnVuY3Rpb24gbyhlKXtyZXR1cm4gZnVuY3Rpb24oKXt2YXIgdD10aGlzLG49YXJndW1lbnRzO3JldHVybiBuZXcgUHJvbWlzZSgoZnVuY3Rpb24obyxpKXt2YXIgYT1lLmFwcGx5KHQsbik7ZnVuY3Rpb24gbChlKXtyKGEsbyxpLGwsdSwibmV4dCIsZSl9ZnVuY3Rpb24gdShlKXtyKGEsbyxpLGwsdSwidGhyb3ciLGUpfWwodm9pZCAwKX0pKX19bi5kKHQsImEiLChmdW5jdGlvbigpe3JldHVybiBvfSkpfSxmdW5jdGlvbihlLHQsbil7InVzZSBzdHJpY3QiO3QuX19lc01vZHVsZT0hMCx0LmRlZmF1bHQ9dm9pZCAwLG4oOTgpO3ZhciByLG89big5OSksaT0ocj1vKSYmci5fX2VzTW9kdWxlP3I6e2RlZmF1bHQ6cn07dC5kZWZhdWx0PWkuZGVmYXVsdH0sZnVuY3Rpb24oZSx0LG4peyJ1c2Ugc3RyaWN0Ijt0Ll9fZXNNb2R1bGU9ITAsdC5kZWZhdWx0PXZvaWQgMCxuKDI2KSxuKDEzKSxuKDQxKSxuKDI3KSxuKDM3KSxuKDEwNik7dmFyIHIsbz1uKDEwNyksaT0ocj1vKSYmci5fX2VzTW9kdWxlP3I6e2RlZmF1bHQ6cn07dC5kZWZhdWx0PWkuZGVmYXVsdH0sZnVuY3Rpb24oZSx0LG4peyJ1c2Ugc3RyaWN0IjtmdW5jdGlvbiByKGUsdCl7aWYobnVsbD09ZSlyZXR1cm57fTt2YXIgbixyLG89e30saT1PYmplY3Qua2V5cyhlKTtmb3Iocj0wO3I8aS5sZW5ndGg7cisrKW49aVtyXSx0LmluZGV4T2Yobik+PTB8fChvW25dPWVbbl0pO3JldHVybiBvfW4uZCh0LCJhIiwoZnVuY3Rpb24oKXtyZXR1cm4gcn0pKX0sZnVuY3Rpb24oZSx0LG4pe2UuZXhwb3J0cz1uKDY3KSgpfSxmdW5jdGlvbihlLHQsbil7InVzZSBzdHJpY3QiO3QuX19lc01vZHVsZT0hMCx0LmRlZmF1bHQ9dm9pZCAwLG4oNzEpO3ZhciByLG89big3MiksaT0ocj1vKSYmci5fX2VzTW9kdWxlP3I6e2RlZmF1bHQ6cn07dC5kZWZhdWx0PWkuZGVmYXVsdH0sZnVuY3Rpb24oZSx0LG4peyJ1c2Ugc3RyaWN0Ijt0Ll9fZXNNb2R1bGU9ITAsdC5kZWZhdWx0PXZvaWQgMCxuKDc4KTt2YXIgcixvPW4oNzkpLGk9KHI9bykmJnIuX19lc01vZHVsZT9yOntkZWZhdWx0OnJ9O3QuZGVmYXVsdD1pLmRlZmF1bHR9LGZ1bmN0aW9uKGUsdCxuKXsidXNlIHN0cmljdCI7bi5kKHQsImEiLChmdW5jdGlvbigpe3JldHVybiBmfSkpO3ZhciByPW4oMTYpLG89bigxMSksaT1uKDApLGE9bi5uKGkpLGw9big4KSx1PShuKDIyKSxuKDIpKSxzPW4oMjEpLGM9big2KSxmPWZ1bmN0aW9uKGUpe2Z1bmN0aW9uIHQoKXtmb3IodmFyIHQsbj1hcmd1bWVudHMubGVuZ3RoLHI9bmV3IEFycmF5KG4pLG89MDtvPG47bysrKXJbb109YXJndW1lbnRzW29dO3JldHVybih0PWUuY2FsbC5hcHBseShlLFt0aGlzXS5jb25jYXQocikpfHx0aGlzKS5oaXN0b3J5PU9iamVjdChsLmEpKHQucHJvcHMpLHR9cmV0dXJuIE9iamVjdChvLmEpKHQsZSksdC5wcm90b3R5cGUucmVuZGVyPWZ1bmN0aW9uKCl7cmV0dXJuIGEuYS5jcmVhdGVFbGVtZW50KHIuYyx7aGlzdG9yeTp0aGlzLmhpc3RvcnksY2hpbGRyZW46dGhpcy5wcm9wcy5jaGlsZHJlbn0pfSx0fShhLmEuQ29tcG9uZW50KTthLmEuQ29tcG9uZW50O3ZhciBwPWZ1bmN0aW9uKGUsdCl7cmV0dXJuImZ1bmN0aW9uIj09PXR5cGVvZiBlP2UodCk6ZX0sZD1mdW5jdGlvbihlLHQpe3JldHVybiJzdHJpbmciPT09dHlwZW9mIGU/T2JqZWN0KGwuYykoZSxudWxsLG51bGwsdCk6ZX0saD1mdW5jdGlvbihlKXtyZXR1cm4gZX0seT1hLmEuZm9yd2FyZFJlZjsidW5kZWZpbmVkIj09PXR5cGVvZiB5JiYoeT1oKTt2YXIgbT15KChmdW5jdGlvbihlLHQpe3ZhciBuPWUuaW5uZXJSZWYscj1lLm5hdmlnYXRlLG89ZS5vbkNsaWNrLGk9T2JqZWN0KHMuYSkoZSxbImlubmVyUmVmIiwibmF2aWdhdGUiLCJvbkNsaWNrIl0pLGw9aS50YXJnZXQsYz1PYmplY3QodS5hKSh7fSxpLHtvbkNsaWNrOmZ1bmN0aW9uKGUpe3RyeXtvJiZvKGUpfWNhdGNoKHQpe3Rocm93IGUucHJldmVudERlZmF1bHQoKSx0fWUuZGVmYXVsdFByZXZlbnRlZHx8MCE9PWUuYnV0dG9ufHxsJiYiX3NlbGYiIT09bHx8ZnVuY3Rpb24oZSl7cmV0dXJuISEoZS5tZXRhS2V5fHxlLmFsdEtleXx8ZS5jdHJsS2V5fHxlLnNoaWZ0S2V5KX0oZSl8fChlLnByZXZlbnREZWZhdWx0KCkscigpKX19KTtyZXR1cm4gYy5yZWY9aCE9PXkmJnR8fG4sYS5hLmNyZWF0ZUVsZW1lbnQoImEiLGMpfSkpO3ZhciB2PXkoKGZ1bmN0aW9uKGUsdCl7dmFyIG49ZS5jb21wb25lbnQsbz12b2lkIDA9PT1uP206bixpPWUucmVwbGFjZSxsPWUudG8sZj1lLmlubmVyUmVmLHY9T2JqZWN0KHMuYSkoZSxbImNvbXBvbmVudCIsInJlcGxhY2UiLCJ0byIsImlubmVyUmVmIl0pO3JldHVybiBhLmEuY3JlYXRlRWxlbWVudChyLmUuQ29uc3VtZXIsbnVsbCwoZnVuY3Rpb24oZSl7ZXx8T2JqZWN0KGMuYSkoITEpO3ZhciBuPWUuaGlzdG9yeSxyPWQocChsLGUubG9jYXRpb24pLGUubG9jYXRpb24pLHM9cj9uLmNyZWF0ZUhyZWYocik6IiIsbT1PYmplY3QodS5hKSh7fSx2LHtocmVmOnMsbmF2aWdhdGU6ZnVuY3Rpb24oKXt2YXIgdD1wKGwsZS5sb2NhdGlvbik7KGk/bi5yZXBsYWNlOm4ucHVzaCkodCl9fSk7cmV0dXJuIGghPT15P20ucmVmPXR8fGY6bS5pbm5lclJlZj1mLGEuYS5jcmVhdGVFbGVtZW50KG8sbSl9KSl9KSksYj1mdW5jdGlvbihlKXtyZXR1cm4gZX0sZz1hLmEuZm9yd2FyZFJlZjsidW5kZWZpbmVkIj09PXR5cGVvZiBnJiYoZz1iKTtnKChmdW5jdGlvbihlLHQpe3ZhciBuPWVbImFyaWEtY3VycmVudCJdLG89dm9pZCAwPT09bj8icGFnZSI6bixpPWUuYWN0aXZlQ2xhc3NOYW1lLGw9dm9pZCAwPT09aT8iYWN0aXZlIjppLGY9ZS5hY3RpdmVTdHlsZSxoPWUuY2xhc3NOYW1lLHk9ZS5leGFjdCxtPWUuaXNBY3RpdmUsdz1lLmxvY2F0aW9uLEU9ZS5zdHJpY3Qsaz1lLnN0eWxlLF89ZS50byxPPWUuaW5uZXJSZWYsVD1PYmplY3Qocy5hKShlLFsiYXJpYS1jdXJyZW50IiwiYWN0aXZlQ2xhc3NOYW1lIiwiYWN0aXZlU3R5bGUiLCJjbGFzc05hbWUiLCJleGFjdCIsImlzQWN0aXZlIiwibG9jYXRpb24iLCJzdHJpY3QiLCJzdHlsZSIsInRvIiwiaW5uZXJSZWYiXSk7cmV0dXJuIGEuYS5jcmVhdGVFbGVtZW50KHIuZS5Db25zdW1lcixudWxsLChmdW5jdGlvbihlKXtlfHxPYmplY3QoYy5hKSghMSk7dmFyIG49d3x8ZS5sb2NhdGlvbixpPWQocChfLG4pLG4pLHM9aS5wYXRobmFtZSx4PXMmJnMucmVwbGFjZSgvKFsuKyo/PV4hOiR7fSgpW1xdfFwvXFxdKS9nLCJcXCQxIiksQz14P09iamVjdChyLmYpKG4ucGF0aG5hbWUse3BhdGg6eCxleGFjdDp5LHN0cmljdDpFfSk6bnVsbCxTPSEhKG0/bShDLG4pOkMpLFA9Uz9mdW5jdGlvbigpe2Zvcih2YXIgZT1hcmd1bWVudHMubGVuZ3RoLHQ9bmV3IEFycmF5KGUpLG49MDtuPGU7bisrKXRbbl09YXJndW1lbnRzW25dO3JldHVybiB0LmZpbHRlcigoZnVuY3Rpb24oZSl7cmV0dXJuIGV9KSkuam9pbigiICIpfShoLGwpOmgsTT1TP09iamVjdCh1LmEpKHt9LGsse30sZik6ayxqPU9iamVjdCh1LmEpKHsiYXJpYS1jdXJyZW50IjpTJiZvfHxudWxsLGNsYXNzTmFtZTpQLHN0eWxlOk0sdG86aX0sVCk7cmV0dXJuIGIhPT1nP2oucmVmPXR8fE86ai5pbm5lclJlZj1PLGEuYS5jcmVhdGVFbGVtZW50KHYsail9KSl9KSl9LGZ1bmN0aW9uKGUsdCxuKXsidXNlIHN0cmljdCI7dC5fX2VzTW9kdWxlPSEwLHQuZGVmYXVsdD12b2lkIDAsbig4Nyksbig3KTt2YXIgcixvPW4oODgpLGk9KHI9bykmJnIuX19lc01vZHVsZT9yOntkZWZhdWx0OnJ9O3QuZGVmYXVsdD1pLmRlZmF1bHR9LGZ1bmN0aW9uKGUsdCxuKXsidXNlIHN0cmljdCI7dC5fX2VzTW9kdWxlPSEwLHQuZGVmYXVsdD12b2lkIDAsbigxMDApLG4oNyk7dmFyIHIsbz1uKDEwMSksaT0ocj1vKSYmci5fX2VzTW9kdWxlP3I6e2RlZmF1bHQ6cn07dC5kZWZhdWx0PWkuZGVmYXVsdH0sZnVuY3Rpb24oZSx0LG4peyJ1c2Ugc3RyaWN0Ijt0Ll9fZXNNb2R1bGU9ITAsdC5kZWZhdWx0PXZvaWQgMCxuKDczKSxuKDcpO3ZhciByLG89big3NiksaT0ocj1vKSYmci5fX2VzTW9kdWxlP3I6e2RlZmF1bHQ6cn07dC5kZWZhdWx0PWkuZGVmYXVsdH0sLGZ1bmN0aW9uKGUsdCxuKXsidXNlIHN0cmljdCI7dmFyIHI7dC5fX2VzTW9kdWxlPSEwO3ZhciBvPWkobigzNikpO2Z1bmN0aW9uIGkoZSl7cmV0dXJuIGUmJmUuX19lc01vZHVsZT9lOntkZWZhdWx0OmV9fWZ1bmN0aW9uIGEoZSx0KXtpZigiZnVuY3Rpb24iIT09dHlwZW9mIHQmJm51bGwhPT10KXRocm93IG5ldyBUeXBlRXJyb3IoIlN1cGVyIGV4cHJlc3Npb24gbXVzdCBlaXRoZXIgYmUgbnVsbCBvciBhIGZ1bmN0aW9uLCBub3QgIit0eXBlb2YgdCk7ZS5wcm90b3R5cGU9T2JqZWN0LmNyZWF0ZSh0JiZ0LnByb3RvdHlwZSx7Y29uc3RydWN0b3I6e3ZhbHVlOmUsZW51bWVyYWJsZTohMSx3cml0YWJsZTohMCxjb25maWd1cmFibGU6ITB9fSksdCYmKE9iamVjdC5zZXRQcm90b3R5cGVPZj9PYmplY3Quc2V0UHJvdG90eXBlT2YoZSx0KTpmdW5jdGlvbihlLHQpe2Zvcih2YXIgbj1PYmplY3QuZ2V0T3duUHJvcGVydHlOYW1lcyh0KSxyPTA7cjxuLmxlbmd0aDtyKyspe3ZhciBvPW5bcl0saT1PYmplY3QuZ2V0T3duUHJvcGVydHlEZXNjcmlwdG9yKHQsbyk7aSYmaS5jb25maWd1cmFibGUmJnZvaWQgMD09PWVbb10mJk9iamVjdC5kZWZpbmVQcm9wZXJ0eShlLG8saSl9fShlLHQpKX12YXIgbD0oMCxpKG4oNCkpLmRlZmF1bHQpKCJpY29uLWJ1dHRvbiIpKHI9ZnVuY3Rpb24oZSl7ZnVuY3Rpb24gdCgpe3JldHVybiBmdW5jdGlvbihlLHQpe2lmKCEoZSBpbnN0YW5jZW9mIHQpKXRocm93IG5ldyBUeXBlRXJyb3IoIkNhbm5vdCBjYWxsIGEgY2xhc3MgYXMgYSBmdW5jdGlvbiIpfSh0aGlzLHQpLGZ1bmN0aW9uKGUsdCl7aWYoIWUpdGhyb3cgbmV3IFJlZmVyZW5jZUVycm9yKCJ0aGlzIGhhc24ndCBiZWVuIGluaXRpYWxpc2VkIC0gc3VwZXIoKSBoYXNuJ3QgYmVlbiBjYWxsZWQiKTtyZXR1cm4hdHx8Im9iamVjdCIhPT10eXBlb2YgdCYmImZ1bmN0aW9uIiE9PXR5cGVvZiB0P2U6dH0odGhpcyxlLmFwcGx5KHRoaXMsYXJndW1lbnRzKSl9cmV0dXJuIGEodCxlKSx0fShvLmRlZmF1bHQpKXx8cjt0LmRlZmF1bHQ9bH0sZnVuY3Rpb24oZSx0LG4peyJ1c2Ugc3RyaWN0Ijt0Ll9fZXNNb2R1bGU9ITA7dmFyIHIsbyxpLGEsbD1PYmplY3QuYXNzaWdufHxmdW5jdGlvbihlKXtmb3IodmFyIHQ9MTt0PGFyZ3VtZW50cy5sZW5ndGg7dCsrKXt2YXIgbj1hcmd1bWVudHNbdF07Zm9yKHZhciByIGluIG4pT2JqZWN0LnByb3RvdHlwZS5oYXNPd25Qcm9wZXJ0eS5jYWxsKG4scikmJihlW3JdPW5bcl0pfXJldHVybiBlfSx1PXYobigxNykpLHM9dihuKDApKSxjPSh2KG4oMykpLHYobigyNikpKSxmPXYobigzMCkpLHA9dihuKDM4KSksZD12KG4oNCkpLGg9dihuKDUpKSx5PXYobig5NSkpLG09big0MCk7ZnVuY3Rpb24gdihlKXtyZXR1cm4gZSYmZS5fX2VzTW9kdWxlP2U6e2RlZmF1bHQ6ZX19ZnVuY3Rpb24gYihlLHQpe2lmKCFlKXRocm93IG5ldyBSZWZlcmVuY2VFcnJvcigidGhpcyBoYXNuJ3QgYmVlbiBpbml0aWFsaXNlZCAtIHN1cGVyKCkgaGFzbid0IGJlZW4gY2FsbGVkIik7cmV0dXJuIXR8fCJvYmplY3QiIT09dHlwZW9mIHQmJiJmdW5jdGlvbiIhPT10eXBlb2YgdD9lOnR9ZnVuY3Rpb24gZyhlLHQpe2lmKCJmdW5jdGlvbiIhPT10eXBlb2YgdCYmbnVsbCE9PXQpdGhyb3cgbmV3IFR5cGVFcnJvcigiU3VwZXIgZXhwcmVzc2lvbiBtdXN0IGVpdGhlciBiZSBudWxsIG9yIGEgZnVuY3Rpb24sIG5vdCAiK3R5cGVvZiB0KTtlLnByb3RvdHlwZT1PYmplY3QuY3JlYXRlKHQmJnQucHJvdG90eXBlLHtjb25zdHJ1Y3Rvcjp7dmFsdWU6ZSxlbnVtZXJhYmxlOiExLHdyaXRhYmxlOiEwLGNvbmZpZ3VyYWJsZTohMH19KSx0JiYoT2JqZWN0LnNldFByb3RvdHlwZU9mP09iamVjdC5zZXRQcm90b3R5cGVPZihlLHQpOmZ1bmN0aW9uKGUsdCl7Zm9yKHZhciBuPU9iamVjdC5nZXRPd25Qcm9wZXJ0eU5hbWVzKHQpLHI9MDtyPG4ubGVuZ3RoO3IrKyl7dmFyIG89bltyXSxpPU9iamVjdC5nZXRPd25Qcm9wZXJ0eURlc2NyaXB0b3IodCxvKTtpJiZpLmNvbmZpZ3VyYWJsZSYmdm9pZCAwPT09ZVtvXSYmT2JqZWN0LmRlZmluZVByb3BlcnR5KGUsbyxpKX19KGUsdCkpfWZ1bmN0aW9uIHcoZSx0LG4scixvKXt2YXIgaT17fTtyZXR1cm4gT2JqZWN0LmtleXMocikuZm9yRWFjaCgoZnVuY3Rpb24oZSl7aVtlXT1yW2VdfSkpLGkuZW51bWVyYWJsZT0hIWkuZW51bWVyYWJsZSxpLmNvbmZpZ3VyYWJsZT0hIWkuY29uZmlndXJhYmxlLCgidmFsdWUiaW4gaXx8aS5pbml0aWFsaXplcikmJihpLndyaXRhYmxlPSEwKSxpPW4uc2xpY2UoKS5yZXZlcnNlKCkucmVkdWNlKChmdW5jdGlvbihuLHIpe3JldHVybiByKGUsdCxuKXx8bn0pLGkpLG8mJnZvaWQgMCE9PWkuaW5pdGlhbGl6ZXImJihpLnZhbHVlPWkuaW5pdGlhbGl6ZXI/aS5pbml0aWFsaXplci5jYWxsKG8pOnZvaWQgMCxpLmluaXRpYWxpemVyPXZvaWQgMCksdm9pZCAwPT09aS5pbml0aWFsaXplciYmKE9iamVjdC5kZWZpbmVQcm9wZXJ0eShlLHQsaSksaT1udWxsKSxpfXZhciBFPSgwLGQuZGVmYXVsdCkoImlucHV0IixwLmRlZmF1bHQpKHI9KDAsaC5kZWZhdWx0KSgpKChhPWk9ZnVuY3Rpb24oZSl7ZnVuY3Rpb24gdCgpe3ZhciBuLHI7IWZ1bmN0aW9uKGUsdCl7aWYoIShlIGluc3RhbmNlb2YgdCkpdGhyb3cgbmV3IFR5cGVFcnJvcigiQ2Fubm90IGNhbGwgYSBjbGFzcyBhcyBhIGZ1bmN0aW9uIil9KHRoaXMsdCk7Zm9yKHZhciBvPWFyZ3VtZW50cy5sZW5ndGgsaT1BcnJheShvKSxhPTA7YTxvO2ErKylpW2FdPWFyZ3VtZW50c1thXTtyZXR1cm4gbj1yPWIodGhpcyxlLmNhbGwuYXBwbHkoZSxbdGhpc10uY29uY2F0KGkpKSksci5zdGF0ZT17Zm9jdXNlZDohMSx2YWx1ZTpyLnByb3BzLmRlZmF1bHRWYWx1ZXx8IiJ9LGIocixuKX1yZXR1cm4gZyh0LGUpLHQucHJvdG90eXBlLnJlbmRlcj1mdW5jdGlvbihlLHQpe3ZhciBuPXRoaXMscj0hIXRoaXMucHJvcHMucmlnaHRBZGRvbnN8fCEhdGhpcy5wcm9wcy5sZWZ0QWRkb25zLG89ISF0aGlzLnByb3BzLmxlZnRBZGRvbnMsaT12b2lkIDAhPT10aGlzLnByb3BzLnZhbHVlP3RoaXMucHJvcHMudmFsdWU6dGhpcy5zdGF0ZS52YWx1ZSxhPXRoaXMuZ2V0Rm9jdXNlZCgpO3JldHVybiBzLmRlZmF1bHQuY3JlYXRlRWxlbWVudCgic3BhbiIse2NsYXNzTmFtZTplKHt0eXBlOnRoaXMucHJvcHMudHlwZSx2aWV3OnRoaXMucHJvcHMudmlldyxkaXNhYmxlZDp0aGlzLnByb3BzLmRpc2FibGVkLGZvY3VzZWQ6YSxzaXplOnRoaXMucHJvcHMuc2l6ZSx3aWR0aDp0aGlzLnByb3BzLndpZHRoLCJoYXMtYWRkb25zIjpyLCJoYXMtbGVmdC1hZGRvbnMiOm8sImhhcy1jbGVhciI6ISF0aGlzLnByb3BzLmNsZWFyLCJoYXMtaWNvbiI6ISF0aGlzLnByb3BzLmljb24sImhhcy1sYWJlbCI6ISF0aGlzLnByb3BzLmxhYmVsLCJoYXMtdmFsdWUiOiEhaSxpbnZhbGlkOiEhdGhpcy5wcm9wcy5lcnJvcn0pLHJlZjpmdW5jdGlvbihlKXtuLnJvb3Q9ZX0sImRhdGEtdGVzdC1pZCI6dGhpcy5wcm9wc1siZGF0YS10ZXN0LWlkIl19LHMuZGVmYXVsdC5jcmVhdGVFbGVtZW50KCJzcGFuIix7Y2xhc3NOYW1lOmUoImlubmVyIil9LCEhdGhpcy5wcm9wcy5sYWJlbCYmcy5kZWZhdWx0LmNyZWF0ZUVsZW1lbnQoInNwYW4iLHtjbGFzc05hbWU6ZSgidG9wIil9LHRoaXMucHJvcHMubGFiZWwpLHRoaXMucmVuZGVyQ29udGVudChlLHQpLCh0aGlzLnByb3BzLmVycm9yfHx0aGlzLnByb3BzLmhpbnQpJiZzLmRlZmF1bHQuY3JlYXRlRWxlbWVudCgic3BhbiIse2NsYXNzTmFtZTplKCJzdWIiKX0sdGhpcy5wcm9wcy5lcnJvcnx8dGhpcy5wcm9wcy5oaW50KSkpfSx0LnByb3RvdHlwZS5yZW5kZXJDb250ZW50PWZ1bmN0aW9uKGUsdCl7dmFyIG49dGhpcyxyPXZvaWQgMCE9PXRoaXMucHJvcHMubWFzayxvPXZvaWQgMCE9PXRoaXMucHJvcHMudmFsdWU/dGhpcy5wcm9wcy52YWx1ZTp0aGlzLnN0YXRlLnZhbHVlLGk9e2NsYXNzTmFtZTplKCJjb250cm9sIiksdHlwZTp0aGlzLnByb3BzLnR5cGUsdmlldzp0aGlzLnByb3BzLnZpZXcsZm9ybU5vVmFsaWRhdGU6dGhpcy5wcm9wcy5mb3JtTm9WYWxpZGF0ZSxhdXRvQ29tcGxldGU6dGhpcy5nZXRBdXRvQ29tcGxldGVWYWx1ZSgpLGRpc2FibGVkOnRoaXMucHJvcHMuZGlzYWJsZWR8fHRoaXMucHJvcHMuZGlzYWJsZWRBdHRyLG1heExlbmd0aDp0aGlzLnByb3BzLm1heExlbmd0aCxpZDp0aGlzLnByb3BzLmlkLG5hbWU6dGhpcy5wcm9wcy5uYW1lLHZhbHVlOm8sdGFiSW5kZXg6dGhpcy5wcm9wcy50YWJJbmRleCxwbGFjZWhvbGRlcjp0aGlzLnByb3BzLnBsYWNlaG9sZGVyLHBhdHRlcm46dGhpcy5wcm9wcy5wYXR0ZXJuLHJlZjpmdW5jdGlvbihlKXtuLmNvbnRyb2w9ZX0sdGl0bGU6dGhpcy5wcm9wcy50aXRsZSxvbkNoYW5nZTp0aGlzLmhhbmRsZUNoYW5nZSxvbkZvY3VzOnRoaXMuaGFuZGxlRm9jdXMsb25DbGljazp0aGlzLmhhbmRsZUNsaWNrLG9uQmx1cjp0aGlzLmhhbmRsZUJsdXIsb25LZXlEb3duOnRoaXMuaGFuZGxlS2V5RG93bixvbktleVVwOnRoaXMuaGFuZGxlS2V5VXAsb25QYXN0ZTp0aGlzLmhhbmRsZVBhc3RlLG9uVG91Y2hTdGFydDp0aGlzLmhhbmRsZVRvdWNoU3RhcnQsb25Ub3VjaEVuZDp0aGlzLmhhbmRsZVRvdWNoRW5kLG9uVG91Y2hNb3ZlOnRoaXMuaGFuZGxlVG91Y2hNb3ZlLG9uVG91Y2hDYW5jZWw6dGhpcy5oYW5kbGVUb3VjaENhbmNlbH07cmV0dXJuIHMuZGVmYXVsdC5jcmVhdGVFbGVtZW50KCJzcGFuIix7Y2xhc3NOYW1lOmUoImJveCIpLGtleToiaW5wdXQtd3JhcHBlciIscmVmOmZ1bmN0aW9uKGUpe24uYm94PWV9fSx0aGlzLnByb3BzLmxlZnRBZGRvbnMmJnMuZGVmYXVsdC5jcmVhdGVFbGVtZW50KCJzcGFuIix7Y2xhc3NOYW1lOmUoImFkZG9ucyIse2xlZnQ6ITB9KSxrZXk6ImxlZnQtYWRkb25zIn0sdGhpcy5wcm9wcy5sZWZ0QWRkb25zKSxyP3MuZGVmYXVsdC5jcmVhdGVFbGVtZW50KHQsbCh7fSxpLHttYXNrOnRoaXMucHJvcHMubWFzayxmb3JtYXRDaGFyYWN0ZXJzOnRoaXMucHJvcHMubWFza0Zvcm1hdENoYXJhY3RlcnMsb25Qcm9jZXNzSW5wdXRFdmVudDp0aGlzLnByb3BzLm9uUHJvY2Vzc01hc2tJbnB1dEV2ZW50LHVzZVdoaXRlc3BhY2VzOnRoaXMucHJvcHMudXNlV2hpdGVzcGFjZXNJbk1hc2t9KSk6cy5kZWZhdWx0LmNyZWF0ZUVsZW1lbnQoImlucHV0IixpKSx0aGlzLnByb3BzLmNsZWFyJiZvJiZzLmRlZmF1bHQuY3JlYXRlRWxlbWVudChmLmRlZmF1bHQse2NsYXNzTmFtZTplKCJjbGVhciIpLHNpemU6dGhpcy5wcm9wcy5zaXplLHRhYkluZGV4Oi0xLG9uQ2xpY2s6dGhpcy5oYW5kbGVDbGVhckNsaWNrfSxzLmRlZmF1bHQuY3JlYXRlRWxlbWVudChjLmRlZmF1bHQse3NpemU6dGhpcy5wcm9wcy5zaXplfSkpLHRoaXMucHJvcHMuaWNvbiYmcy5kZWZhdWx0LmNyZWF0ZUVsZW1lbnQoInNwYW4iLHtjbGFzc05hbWU6ZSgiaWNvbiIpfSx0aGlzLnByb3BzLmljb24pLHRoaXMucHJvcHMucmlnaHRBZGRvbnMmJnMuZGVmYXVsdC5jcmVhdGVFbGVtZW50KCJzcGFuIix7Y2xhc3NOYW1lOmUoImFkZG9ucyIse3JpZ2h0OiEwfSksa2V5OiJyaWdodC1hZGRvbnMifSx0aGlzLnByb3BzLnJpZ2h0QWRkb25zKSl9LHQucHJvdG90eXBlLmhhbmRsZUZvY3VzPWZ1bmN0aW9uKGUpe3RoaXMuc2V0U3RhdGUoe2ZvY3VzZWQ6ITB9KSx0aGlzLmVuYWJsZU1vdXNlV2hlZWwoKSx0aGlzLnByb3BzLm9uRm9jdXMmJnRoaXMucHJvcHMub25Gb2N1cyhlKX0sdC5wcm90b3R5cGUuaGFuZGxlQ2xpY2s9ZnVuY3Rpb24oZSl7dGhpcy5wcm9wcy5vbkNsaWNrJiZ0aGlzLnByb3BzLm9uQ2xpY2soZSl9LHQucHJvdG90eXBlLmhhbmRsZUJsdXI9ZnVuY3Rpb24oZSl7dGhpcy5zZXRTdGF0ZSh7Zm9jdXNlZDohMX0pLHRoaXMuZGlzYWJsZU1vdXNlV2hlZWwoKSx0aGlzLnByb3BzLm9uQmx1ciYmdGhpcy5wcm9wcy5vbkJsdXIoZSl9LHQucHJvdG90eXBlLmhhbmRsZUNoYW5nZT1mdW5jdGlvbihlKXt0aGlzLmNoYW5nZVZhbHVlKGUudGFyZ2V0LnZhbHVlKX0sdC5wcm90b3R5cGUuaGFuZGxlQ2xlYXJDbGljaz1mdW5jdGlvbihlKXt0aGlzLmNoYW5nZVZhbHVlKCIiKSx0aGlzLnByb3BzLm9uQ2xlYXJDbGljayYmdGhpcy5wcm9wcy5vbkNsZWFyQ2xpY2soZSksdGhpcy5mb2N1cygpfSx0LnByb3RvdHlwZS5oYW5kbGVLZXlEb3duPWZ1bmN0aW9uKGUpe3RoaXMucHJvcHMub25LZXlEb3duJiZ0aGlzLnByb3BzLm9uS2V5RG93bihlKX0sdC5wcm90b3R5cGUuaGFuZGxlS2V5VXA9ZnVuY3Rpb24oZSl7dGhpcy5wcm9wcy5vbktleVVwJiZ0aGlzLnByb3BzLm9uS2V5VXAoZSl9LHQucHJvdG90eXBlLmhhbmRsZVBhc3RlPWZ1bmN0aW9uKGUpe3RoaXMucHJvcHMub25QYXN0ZSYmdGhpcy5wcm9wcy5vblBhc3RlKGUpfSx0LnByb3RvdHlwZS5oYW5kbGVUb3VjaFN0YXJ0PWZ1bmN0aW9uKGUpe3RoaXMucHJvcHMub25Ub3VjaFN0YXJ0JiZ0aGlzLnByb3BzLm9uVG91Y2hTdGFydChlKX0sdC5wcm90b3R5cGUuaGFuZGxlVG91Y2hFbmQ9ZnVuY3Rpb24oZSl7dGhpcy5wcm9wcy5vblRvdWNoRW5kJiZ0aGlzLnByb3BzLm9uVG91Y2hFbmQoZSl9LHQucHJvdG90eXBlLmhhbmRsZVRvdWNoTW92ZT1mdW5jdGlvbihlKXt0aGlzLnByb3BzLm9uVG91Y2hNb3ZlJiZ0aGlzLnByb3BzLm9uVG91Y2hNb3ZlKGUpfSx0LnByb3RvdHlwZS5oYW5kbGVUb3VjaENhbmNlbD1mdW5jdGlvbihlKXt0aGlzLnByb3BzLm9uVG91Y2hDYW5jZWwmJnRoaXMucHJvcHMub25Ub3VjaENhbmNlbChlKX0sdC5wcm90b3R5cGUuZ2V0QXV0b0NvbXBsZXRlVmFsdWU9ZnVuY3Rpb24oKXtyZXR1cm4ic3RyaW5nIj09PXR5cGVvZiB0aGlzLnByb3BzLmF1dG9jb21wbGV0ZT90aGlzLnByb3BzLmF1dG9jb21wbGV0ZTohMT09PXRoaXMucHJvcHMuYXV0b2NvbXBsZXRlPyJvZmYiOiJvbiJ9LHQucHJvdG90eXBlLmVuYWJsZU1vdXNlV2hlZWw9ZnVuY3Rpb24oKXt2YXIgZT10aGlzLmNvbnRyb2wgaW5zdGFuY2VvZiBwLmRlZmF1bHQ/dGhpcy5jb250cm9sLmlucHV0OnRoaXMuY29udHJvbDtlJiYoZS5vbndoZWVsPWZ1bmN0aW9uKCl7cmV0dXJuITB9KX0sdC5wcm90b3R5cGUuZGlzYWJsZU1vdXNlV2hlZWw9ZnVuY3Rpb24oKXt2YXIgZT10aGlzLmNvbnRyb2wgaW5zdGFuY2VvZiBwLmRlZmF1bHQ/dGhpcy5jb250cm9sLmdldENvbnRyb2woKTp0aGlzLmNvbnRyb2w7ZSYmKGUub253aGVlbD1mdW5jdGlvbigpe3JldHVybiExfSl9LHQucHJvdG90eXBlLmdldE5vZGU9ZnVuY3Rpb24oKXtyZXR1cm4gdGhpcy5yb290fSx0LnByb3RvdHlwZS5nZXRCb3hOb2RlPWZ1bmN0aW9uKCl7cmV0dXJuIHRoaXMuYm94fSx0LnByb3RvdHlwZS5nZXRDb250cm9sPWZ1bmN0aW9uKCl7cmV0dXJuIHZvaWQgMCE9PXRoaXMucHJvcHMubWFzaz90aGlzLmNvbnRyb2wuZ2V0Q29udHJvbCgpOnRoaXMuY29udHJvbH0sdC5wcm90b3R5cGUuZ2V0TWFza2VkSW5wdXRJbnN0YW5jZT1mdW5jdGlvbigpe3JldHVybiB2b2lkIDAhPT10aGlzLnByb3BzLm1hc2s/dGhpcy5jb250cm9sOm51bGx9LHQucHJvdG90eXBlLmZvY3VzPWZ1bmN0aW9uKCl7dGhpcy5jb250cm9sLmZvY3VzKCksdGhpcy5zZXRTZWxlY3Rpb25SYW5nZSh0aGlzLmdldENvbnRyb2woKS52YWx1ZS5sZW5ndGgpfSx0LnByb3RvdHlwZS5ibHVyPWZ1bmN0aW9uKCl7ZG9jdW1lbnQuYWN0aXZlRWxlbWVudCYmZG9jdW1lbnQuYWN0aXZlRWxlbWVudC5ibHVyKCl9LHQucHJvdG90eXBlLnNjcm9sbFRvPWZ1bmN0aW9uKCl7KDAseS5kZWZhdWx0KSh7dGFyZ2V0WTp0aGlzLnJvb3QuZ2V0Qm91bmRpbmdDbGllbnRSZWN0KCkudG9wK3dpbmRvdy5wYWdlWU9mZnNldC1tLlNDUk9MTF9UT19DT1JSRUNUSU9OfSl9LHQucHJvdG90eXBlLnNldFNlbGVjdGlvblJhbmdlPWZ1bmN0aW9uKCl7dmFyIGU9YXJndW1lbnRzLmxlbmd0aD4wJiZ2b2lkIDAhPT1hcmd1bWVudHNbMF0/YXJndW1lbnRzWzBdOjAsdD1hcmd1bWVudHMubGVuZ3RoPjEmJnZvaWQgMCE9PWFyZ3VtZW50c1sxXT9hcmd1bWVudHNbMV06dGhpcy5nZXRDb250cm9sKCkudmFsdWUubGVuZ3RoOyJlbWFpbCIhPT10aGlzLnByb3BzLnR5cGUmJnRoaXMuZ2V0Q29udHJvbCgpLnNldFNlbGVjdGlvblJhbmdlKGUsdCl9LHQucHJvdG90eXBlLmNoYW5nZVZhbHVlPWZ1bmN0aW9uKGUpe3ZvaWQgMD09PXRoaXMucHJvcHMudmFsdWUmJnRoaXMuc2V0U3RhdGUoe3ZhbHVlOmV9KSx0aGlzLnByb3BzLm9uQ2hhbmdlJiZ0aGlzLnByb3BzLm9uQ2hhbmdlKGUpfSx0LnByb3RvdHlwZS5nZXRGb2N1c2VkPWZ1bmN0aW9uKCl7cmV0dXJuIHZvaWQgMCE9PXRoaXMucHJvcHMuZm9jdXNlZD90aGlzLnByb3BzLmZvY3VzZWQ6dGhpcy5zdGF0ZS5mb2N1c2VkfSx0fShzLmRlZmF1bHQuQ29tcG9uZW50KSxpLmRlZmF1bHRQcm9wcz17Zm9ybU5vVmFsaWRhdGU6ITEsc2l6ZToibSIsdHlwZToidGV4dCIsdmlldzoiZGVmYXVsdCJ9LHcoKG89YSkucHJvdG90eXBlLCJoYW5kbGVGb2N1cyIsW3UuZGVmYXVsdF0sT2JqZWN0LmdldE93blByb3BlcnR5RGVzY3JpcHRvcihvLnByb3RvdHlwZSwiaGFuZGxlRm9jdXMiKSxvLnByb3RvdHlwZSksdyhvLnByb3RvdHlwZSwiaGFuZGxlQ2xpY2siLFt1LmRlZmF1bHRdLE9iamVjdC5nZXRPd25Qcm9wZXJ0eURlc2NyaXB0b3Ioby5wcm90b3R5cGUsImhhbmRsZUNsaWNrIiksby5wcm90b3R5cGUpLHcoby5wcm90b3R5cGUsImhhbmRsZUJsdXIiLFt1LmRlZmF1bHRdLE9iamVjdC5nZXRPd25Qcm9wZXJ0eURlc2NyaXB0b3Ioby5wcm90b3R5cGUsImhhbmRsZUJsdXIiKSxvLnByb3RvdHlwZSksdyhvLnByb3RvdHlwZSwiaGFuZGxlQ2hhbmdlIixbdS5kZWZhdWx0XSxPYmplY3QuZ2V0T3duUHJvcGVydHlEZXNjcmlwdG9yKG8ucHJvdG90eXBlLCJoYW5kbGVDaGFuZ2UiKSxvLnByb3RvdHlwZSksdyhvLnByb3RvdHlwZSwiaGFuZGxlQ2xlYXJDbGljayIsW3UuZGVmYXVsdF0sT2JqZWN0LmdldE93blByb3BlcnR5RGVzY3JpcHRvcihvLnByb3RvdHlwZSwiaGFuZGxlQ2xlYXJDbGljayIpLG8ucHJvdG90eXBlKSx3KG8ucHJvdG90eXBlLCJoYW5kbGVLZXlEb3duIixbdS5kZWZhdWx0XSxPYmplY3QuZ2V0T3duUHJvcGVydHlEZXNjcmlwdG9yKG8ucHJvdG90eXBlLCJoYW5kbGVLZXlEb3duIiksby5wcm90b3R5cGUpLHcoby5wcm90b3R5cGUsImhhbmRsZUtleVVwIixbdS5kZWZhdWx0XSxPYmplY3QuZ2V0T3duUHJvcGVydHlEZXNjcmlwdG9yKG8ucHJvdG90eXBlLCJoYW5kbGVLZXlVcCIpLG8ucHJvdG90eXBlKSx3KG8ucHJvdG90eXBlLCJoYW5kbGVQYXN0ZSIsW3UuZGVmYXVsdF0sT2JqZWN0LmdldE93blByb3BlcnR5RGVzY3JpcHRvcihvLnByb3RvdHlwZSwiaGFuZGxlUGFzdGUiKSxvLnByb3RvdHlwZSksdyhvLnByb3RvdHlwZSwiaGFuZGxlVG91Y2hTdGFydCIsW3UuZGVmYXVsdF0sT2JqZWN0LmdldE93blByb3BlcnR5RGVzY3JpcHRvcihvLnByb3RvdHlwZSwiaGFuZGxlVG91Y2hTdGFydCIpLG8ucHJvdG90eXBlKSx3KG8ucHJvdG90eXBlLCJoYW5kbGVUb3VjaEVuZCIsW3UuZGVmYXVsdF0sT2JqZWN0LmdldE93blByb3BlcnR5RGVzY3JpcHRvcihvLnByb3RvdHlwZSwiaGFuZGxlVG91Y2hFbmQiKSxvLnByb3RvdHlwZSksdyhvLnByb3RvdHlwZSwiaGFuZGxlVG91Y2hNb3ZlIixbdS5kZWZhdWx0XSxPYmplY3QuZ2V0T3duUHJvcGVydHlEZXNjcmlwdG9yKG8ucHJvdG90eXBlLCJoYW5kbGVUb3VjaE1vdmUiKSxvLnByb3RvdHlwZSksdyhvLnByb3RvdHlwZSwiaGFuZGxlVG91Y2hDYW5jZWwiLFt1LmRlZmF1bHRdLE9iamVjdC5nZXRPd25Qcm9wZXJ0eURlc2NyaXB0b3Ioby5wcm90b3R5cGUsImhhbmRsZVRvdWNoQ2FuY2VsIiksby5wcm90b3R5cGUpLHI9bykpfHxyKXx8cjtFLnByb3BUeXBlcz17fSx0LmRlZmF1bHQ9RX0sZnVuY3Rpb24oZSx0KXtlLmV4cG9ydHM9ZnVuY3Rpb24oZSx0KXtlLnByb3RvdHlwZT1PYmplY3QuY3JlYXRlKHQucHJvdG90eXBlKSxlLnByb3RvdHlwZS5jb25zdHJ1Y3Rvcj1lLGUuX19wcm90b19fPXR9fSxmdW5jdGlvbihlLHQsbil7dmFyIHI9bigxMTMpO2UuZXhwb3J0cz1kLGUuZXhwb3J0cy5wYXJzZT1pLGUuZXhwb3J0cy5jb21waWxlPWZ1bmN0aW9uKGUsdCl7cmV0dXJuIGwoaShlLHQpKX0sZS5leHBvcnRzLnRva2Vuc1RvRnVuY3Rpb249bCxlLmV4cG9ydHMudG9rZW5zVG9SZWdFeHA9cDt2YXIgbz1uZXcgUmVnRXhwKFsiKFxcXFwuKSIsIihbXFwvLl0pPyg/Oig/OlxcOihcXHcrKSg/OlxcKCgoPzpcXFxcLnxbXlxcXFwoKV0pKylcXCkpP3xcXCgoKD86XFxcXC58W15cXFxcKCldKSspXFwpKShbKyo/XSk/fChcXCopKSJdLmpvaW4oInwiKSwiZyIpO2Z1bmN0aW9uIGkoZSx0KXtmb3IodmFyIG4scj1bXSxpPTAsYT0wLGw9IiIsYz10JiZ0LmRlbGltaXRlcnx8Ii8iO251bGwhPShuPW8uZXhlYyhlKSk7KXt2YXIgZj1uWzBdLHA9blsxXSxkPW4uaW5kZXg7aWYobCs9ZS5zbGljZShhLGQpLGE9ZCtmLmxlbmd0aCxwKWwrPXBbMV07ZWxzZXt2YXIgaD1lW2FdLHk9blsyXSxtPW5bM10sdj1uWzRdLGI9bls1XSxnPW5bNl0sdz1uWzddO2wmJihyLnB1c2gobCksbD0iIik7dmFyIEU9bnVsbCE9eSYmbnVsbCE9aCYmaCE9PXksaz0iKyI9PT1nfHwiKiI9PT1nLF89Ij8iPT09Z3x8IioiPT09ZyxPPW5bMl18fGMsVD12fHxiO3IucHVzaCh7bmFtZTptfHxpKysscHJlZml4Onl8fCIiLGRlbGltaXRlcjpPLG9wdGlvbmFsOl8scmVwZWF0OmsscGFydGlhbDpFLGFzdGVyaXNrOiEhdyxwYXR0ZXJuOlQ/cyhUKTp3PyIuKiI6IlteIit1KE8pKyJdKz8ifSl9fXJldHVybiBhPGUubGVuZ3RoJiYobCs9ZS5zdWJzdHIoYSkpLGwmJnIucHVzaChsKSxyfWZ1bmN0aW9uIGEoZSl7cmV0dXJuIGVuY29kZVVSSShlKS5yZXBsYWNlKC9bXC8/I10vZywoZnVuY3Rpb24oZSl7cmV0dXJuIiUiK2UuY2hhckNvZGVBdCgwKS50b1N0cmluZygxNikudG9VcHBlckNhc2UoKX0pKX1mdW5jdGlvbiBsKGUpe2Zvcih2YXIgdD1uZXcgQXJyYXkoZS5sZW5ndGgpLG49MDtuPGUubGVuZ3RoO24rKykib2JqZWN0Ij09PXR5cGVvZiBlW25dJiYodFtuXT1uZXcgUmVnRXhwKCJeKD86IitlW25dLnBhdHRlcm4rIikkIikpO3JldHVybiBmdW5jdGlvbihuLG8pe2Zvcih2YXIgaT0iIixsPW58fHt9LHU9KG98fHt9KS5wcmV0dHk/YTplbmNvZGVVUklDb21wb25lbnQscz0wO3M8ZS5sZW5ndGg7cysrKXt2YXIgYz1lW3NdO2lmKCJzdHJpbmciIT09dHlwZW9mIGMpe3ZhciBmLHA9bFtjLm5hbWVdO2lmKG51bGw9PXApe2lmKGMub3B0aW9uYWwpe2MucGFydGlhbCYmKGkrPWMucHJlZml4KTtjb250aW51ZX10aHJvdyBuZXcgVHlwZUVycm9yKCdFeHBlY3RlZCAiJytjLm5hbWUrJyIgdG8gYmUgZGVmaW5lZCcpfWlmKHIocCkpe2lmKCFjLnJlcGVhdCl0aHJvdyBuZXcgVHlwZUVycm9yKCdFeHBlY3RlZCAiJytjLm5hbWUrJyIgdG8gbm90IHJlcGVhdCwgYnV0IHJlY2VpdmVkIGAnK0pTT04uc3RyaW5naWZ5KHApKyJgIik7aWYoMD09PXAubGVuZ3RoKXtpZihjLm9wdGlvbmFsKWNvbnRpbnVlO3Rocm93IG5ldyBUeXBlRXJyb3IoJ0V4cGVjdGVkICInK2MubmFtZSsnIiB0byBub3QgYmUgZW1wdHknKX1mb3IodmFyIGQ9MDtkPHAubGVuZ3RoO2QrKyl7aWYoZj11KHBbZF0pLCF0W3NdLnRlc3QoZikpdGhyb3cgbmV3IFR5cGVFcnJvcignRXhwZWN0ZWQgYWxsICInK2MubmFtZSsnIiB0byBtYXRjaCAiJytjLnBhdHRlcm4rJyIsIGJ1dCByZWNlaXZlZCBgJytKU09OLnN0cmluZ2lmeShmKSsiYCIpO2krPSgwPT09ZD9jLnByZWZpeDpjLmRlbGltaXRlcikrZn19ZWxzZXtpZihmPWMuYXN0ZXJpc2s/ZW5jb2RlVVJJKHApLnJlcGxhY2UoL1s/I10vZywoZnVuY3Rpb24oZSl7cmV0dXJuIiUiK2UuY2hhckNvZGVBdCgwKS50b1N0cmluZygxNikudG9VcHBlckNhc2UoKX0pKTp1KHApLCF0W3NdLnRlc3QoZikpdGhyb3cgbmV3IFR5cGVFcnJvcignRXhwZWN0ZWQgIicrYy5uYW1lKyciIHRvIG1hdGNoICInK2MucGF0dGVybisnIiwgYnV0IHJlY2VpdmVkICInK2YrJyInKTtpKz1jLnByZWZpeCtmfX1lbHNlIGkrPWN9cmV0dXJuIGl9fWZ1bmN0aW9uIHUoZSl7cmV0dXJuIGUucmVwbGFjZSgvKFsuKyo/PV4hOiR7fSgpW1xdfFwvXFxdKS9nLCJcXCQxIil9ZnVuY3Rpb24gcyhlKXtyZXR1cm4gZS5yZXBsYWNlKC8oWz0hOiRcLygpXSkvZywiXFwkMSIpfWZ1bmN0aW9uIGMoZSx0KXtyZXR1cm4gZS5rZXlzPXQsZX1mdW5jdGlvbiBmKGUpe3JldHVybiBlLnNlbnNpdGl2ZT8iIjoiaSJ9ZnVuY3Rpb24gcChlLHQsbil7cih0KXx8KG49dHx8bix0PVtdKTtmb3IodmFyIG89KG49bnx8e30pLnN0cmljdCxpPSExIT09bi5lbmQsYT0iIixsPTA7bDxlLmxlbmd0aDtsKyspe3ZhciBzPWVbbF07aWYoInN0cmluZyI9PT10eXBlb2YgcylhKz11KHMpO2Vsc2V7dmFyIHA9dShzLnByZWZpeCksZD0iKD86IitzLnBhdHRlcm4rIikiO3QucHVzaChzKSxzLnJlcGVhdCYmKGQrPSIoPzoiK3ArZCsiKSoiKSxhKz1kPXMub3B0aW9uYWw/cy5wYXJ0aWFsP3ArIigiK2QrIik/IjoiKD86IitwKyIoIitkKyIpKT8iOnArIigiK2QrIikifX12YXIgaD11KG4uZGVsaW1pdGVyfHwiLyIpLHk9YS5zbGljZSgtaC5sZW5ndGgpPT09aDtyZXR1cm4gb3x8KGE9KHk/YS5zbGljZSgwLC1oLmxlbmd0aCk6YSkrIig/OiIraCsiKD89JCkpPyIpLGErPWk/IiQiOm8mJnk/IiI6Iig/PSIraCsifCQpIixjKG5ldyBSZWdFeHAoIl4iK2EsZihuKSksdCl9ZnVuY3Rpb24gZChlLHQsbil7cmV0dXJuIHIodCl8fChuPXR8fG4sdD1bXSksbj1ufHx7fSxlIGluc3RhbmNlb2YgUmVnRXhwP2Z1bmN0aW9uKGUsdCl7dmFyIG49ZS5zb3VyY2UubWF0Y2goL1woKD8hXD8pL2cpO2lmKG4pZm9yKHZhciByPTA7cjxuLmxlbmd0aDtyKyspdC5wdXNoKHtuYW1lOnIscHJlZml4Om51bGwsZGVsaW1pdGVyOm51bGwsb3B0aW9uYWw6ITEscmVwZWF0OiExLHBhcnRpYWw6ITEsYXN0ZXJpc2s6ITEscGF0dGVybjpudWxsfSk7cmV0dXJuIGMoZSx0KX0oZSx0KTpyKGUpP2Z1bmN0aW9uKGUsdCxuKXtmb3IodmFyIHI9W10sbz0wO288ZS5sZW5ndGg7bysrKXIucHVzaChkKGVbb10sdCxuKS5zb3VyY2UpO3JldHVybiBjKG5ldyBSZWdFeHAoIig/OiIrci5qb2luKCJ8IikrIikiLGYobikpLHQpfShlLHQsbik6ZnVuY3Rpb24oZSx0LG4pe3JldHVybiBwKGkoZSxuKSx0LG4pfShlLHQsbil9fSxmdW5jdGlvbihlLHQsbil7InVzZSBzdHJpY3QiO3ZhciByPU9iamVjdC5nZXRPd25Qcm9wZXJ0eVN5bWJvbHMsbz1PYmplY3QucHJvdG90eXBlLmhhc093blByb3BlcnR5LGk9T2JqZWN0LnByb3RvdHlwZS5wcm9wZXJ0eUlzRW51bWVyYWJsZTtmdW5jdGlvbiBhKGUpe2lmKG51bGw9PT1lfHx2b2lkIDA9PT1lKXRocm93IG5ldyBUeXBlRXJyb3IoIk9iamVjdC5hc3NpZ24gY2Fubm90IGJlIGNhbGxlZCB3aXRoIG51bGwgb3IgdW5kZWZpbmVkIik7cmV0dXJuIE9iamVjdChlKX1lLmV4cG9ydHM9ZnVuY3Rpb24oKXt0cnl7aWYoIU9iamVjdC5hc3NpZ24pcmV0dXJuITE7dmFyIGU9bmV3IFN0cmluZygiYWJjIik7aWYoZVs1XT0iZGUiLCI1Ij09PU9iamVjdC5nZXRPd25Qcm9wZXJ0eU5hbWVzKGUpWzBdKXJldHVybiExO2Zvcih2YXIgdD17fSxuPTA7bjwxMDtuKyspdFsiXyIrU3RyaW5nLmZyb21DaGFyQ29kZShuKV09bjtpZigiMDEyMzQ1Njc4OSIhPT1PYmplY3QuZ2V0T3duUHJvcGVydHlOYW1lcyh0KS5tYXAoKGZ1bmN0aW9uKGUpe3JldHVybiB0W2VdfSkpLmpvaW4oIiIpKXJldHVybiExO3ZhciByPXt9O3JldHVybiJhYmNkZWZnaGlqa2xtbm9wcXJzdCIuc3BsaXQoIiIpLmZvckVhY2goKGZ1bmN0aW9uKGUpe3JbZV09ZX0pKSwiYWJjZGVmZ2hpamtsbW5vcHFyc3QiPT09T2JqZWN0LmtleXMoT2JqZWN0LmFzc2lnbih7fSxyKSkuam9pbigiIil9Y2F0Y2gobyl7cmV0dXJuITF9fSgpP09iamVjdC5hc3NpZ246ZnVuY3Rpb24oZSx0KXtmb3IodmFyIG4sbCx1PWEoZSkscz0xO3M8YXJndW1lbnRzLmxlbmd0aDtzKyspe2Zvcih2YXIgYyBpbiBuPU9iamVjdChhcmd1bWVudHNbc10pKW8uY2FsbChuLGMpJiYodVtjXT1uW2NdKTtpZihyKXtsPXIobik7Zm9yKHZhciBmPTA7ZjxsLmxlbmd0aDtmKyspaS5jYWxsKG4sbFtmXSkmJih1W2xbZl1dPW5bbFtmXV0pfX1yZXR1cm4gdX19LGZ1bmN0aW9uKGUsdCxuKXsidXNlIHN0cmljdCI7T2JqZWN0LmRlZmluZVByb3BlcnR5KHQsIl9fZXNNb2R1bGUiLHt2YWx1ZTohMH0pLHQud2Fybj10LmdldE93bktleXM9dm9pZCAwO3ZhciByLG8saSxhLGwsdSxzPSJmdW5jdGlvbiI9PT10eXBlb2YgU3ltYm9sJiYic3ltYm9sIj09PXR5cGVvZiBTeW1ib2wuaXRlcmF0b3I/ZnVuY3Rpb24oZSl7cmV0dXJuIHR5cGVvZiBlfTpmdW5jdGlvbihlKXtyZXR1cm4gZSYmImZ1bmN0aW9uIj09PXR5cGVvZiBTeW1ib2wmJmUuY29uc3RydWN0b3I9PT1TeW1ib2wmJmUhPT1TeW1ib2wucHJvdG90eXBlPyJzeW1ib2wiOnR5cGVvZiBlfTt0LmlzRGVzY3JpcHRvcj13LHQuZGVjb3JhdGU9ZnVuY3Rpb24oZSx0KXtyZXR1cm4gdyh0W3QubGVuZ3RoLTFdKT9lLmFwcGx5KHZvaWQgMCx5KHQpLmNvbmNhdChbW11dKSk6ZnVuY3Rpb24oKXtyZXR1cm4gZS5hcHBseSh2b2lkIDAseShBcnJheS5wcm90b3R5cGUuc2xpY2UuY2FsbChhcmd1bWVudHMpKS5jb25jYXQoW3RdKSl9fSx0Lm1ldGFGb3I9ZnVuY3Rpb24oZSl7ITE9PT1lLmhhc093blByb3BlcnR5KGspJiZtKGUsayx7dmFsdWU6bmV3IEV9KTtyZXR1cm4gZVtrXX0sdC5nZXRPd25Qcm9wZXJ0eURlc2NyaXB0b3JzPWZ1bmN0aW9uKGUpe3ZhciB0PXt9O3JldHVybiBfKGUpLmZvckVhY2goKGZ1bmN0aW9uKG4pe3JldHVybiB0W25dPXYoZSxuKX0pKSx0fSx0LmNyZWF0ZURlZmF1bHRTZXR0ZXI9ZnVuY3Rpb24oZSl7cmV0dXJuIGZ1bmN0aW9uKHQpe3JldHVybiBPYmplY3QuZGVmaW5lUHJvcGVydHkodGhpcyxlLHtjb25maWd1cmFibGU6ITAsd3JpdGFibGU6ITAsZW51bWVyYWJsZTohMCx2YWx1ZTp0fSksdH19LHQuYmluZD1PLHQuaW50ZXJuYWxEZXByZWNhdGlvbj1mdW5jdGlvbihlKXshMCE9PXhbZV0mJih4W2VdPSEwLFQoIkRFUFJFQ0FUSU9OOiAiK2UpKX07dmFyIGMsZj1uKDgwKSxwPShjPWYpJiZjLl9fZXNNb2R1bGU/Yzp7ZGVmYXVsdDpjfTtmdW5jdGlvbiBkKGUsdCxuLHIpe24mJk9iamVjdC5kZWZpbmVQcm9wZXJ0eShlLHQse2VudW1lcmFibGU6bi5lbnVtZXJhYmxlLGNvbmZpZ3VyYWJsZTpuLmNvbmZpZ3VyYWJsZSx3cml0YWJsZTpuLndyaXRhYmxlLHZhbHVlOm4uaW5pdGlhbGl6ZXI/bi5pbml0aWFsaXplci5jYWxsKHIpOnZvaWQgMH0pfWZ1bmN0aW9uIGgoZSx0LG4scixvKXt2YXIgaT17fTtyZXR1cm4gT2JqZWN0LmtleXMocikuZm9yRWFjaCgoZnVuY3Rpb24oZSl7aVtlXT1yW2VdfSkpLGkuZW51bWVyYWJsZT0hIWkuZW51bWVyYWJsZSxpLmNvbmZpZ3VyYWJsZT0hIWkuY29uZmlndXJhYmxlLCgidmFsdWUiaW4gaXx8aS5pbml0aWFsaXplcikmJihpLndyaXRhYmxlPSEwKSxpPW4uc2xpY2UoKS5yZXZlcnNlKCkucmVkdWNlKChmdW5jdGlvbihuLHIpe3JldHVybiByKGUsdCxuKXx8bn0pLGkpLG8mJnZvaWQgMCE9PWkuaW5pdGlhbGl6ZXImJihpLnZhbHVlPWkuaW5pdGlhbGl6ZXI/aS5pbml0aWFsaXplci5jYWxsKG8pOnZvaWQgMCxpLmluaXRpYWxpemVyPXZvaWQgMCksdm9pZCAwPT09aS5pbml0aWFsaXplciYmKE9iamVjdC5kZWZpbmVQcm9wZXJ0eShlLHQsaSksaT1udWxsKSxpfWZ1bmN0aW9uIHkoZSl7aWYoQXJyYXkuaXNBcnJheShlKSl7Zm9yKHZhciB0PTAsbj1BcnJheShlLmxlbmd0aCk7dDxlLmxlbmd0aDt0Kyspblt0XT1lW3RdO3JldHVybiBufXJldHVybiBBcnJheS5mcm9tKGUpfXZhciBtPU9iamVjdC5kZWZpbmVQcm9wZXJ0eSx2PU9iamVjdC5nZXRPd25Qcm9wZXJ0eURlc2NyaXB0b3IsYj1PYmplY3QuZ2V0T3duUHJvcGVydHlOYW1lcyxnPU9iamVjdC5nZXRPd25Qcm9wZXJ0eVN5bWJvbHM7ZnVuY3Rpb24gdyhlKXtpZighZXx8IWUuaGFzT3duUHJvcGVydHkpcmV0dXJuITE7Zm9yKHZhciB0PVsidmFsdWUiLCJpbml0aWFsaXplciIsImdldCIsInNldCJdLG49MCxyPXQubGVuZ3RoO248cjtuKyspaWYoZS5oYXNPd25Qcm9wZXJ0eSh0W25dKSlyZXR1cm4hMDtyZXR1cm4hMX12YXIgRT0obz1oKChyPWZ1bmN0aW9uIGUoKXshZnVuY3Rpb24oZSx0KXtpZighKGUgaW5zdGFuY2VvZiB0KSl0aHJvdyBuZXcgVHlwZUVycm9yKCJDYW5ub3QgY2FsbCBhIGNsYXNzIGFzIGEgZnVuY3Rpb24iKX0odGhpcyxlKSxkKHRoaXMsImRlYm91bmNlVGltZW91dElkcyIsbyx0aGlzKSxkKHRoaXMsInRocm90dGxlVGltZW91dElkcyIsaSx0aGlzKSxkKHRoaXMsInRocm90dGxlUHJldmlvdXNUaW1lc3RhbXBzIixhLHRoaXMpLGQodGhpcywidGhyb3R0bGVUcmFpbGluZ0FyZ3MiLGwsdGhpcyksZCh0aGlzLCJwcm9maWxlTGFzdFJhbiIsdSx0aGlzKX0pLnByb3RvdHlwZSwiZGVib3VuY2VUaW1lb3V0SWRzIixbcC5kZWZhdWx0XSx7ZW51bWVyYWJsZTohMCxpbml0aWFsaXplcjpmdW5jdGlvbigpe3JldHVybnt9fX0pLGk9aChyLnByb3RvdHlwZSwidGhyb3R0bGVUaW1lb3V0SWRzIixbcC5kZWZhdWx0XSx7ZW51bWVyYWJsZTohMCxpbml0aWFsaXplcjpmdW5jdGlvbigpe3JldHVybnt9fX0pLGE9aChyLnByb3RvdHlwZSwidGhyb3R0bGVQcmV2aW91c1RpbWVzdGFtcHMiLFtwLmRlZmF1bHRdLHtlbnVtZXJhYmxlOiEwLGluaXRpYWxpemVyOmZ1bmN0aW9uKCl7cmV0dXJue319fSksbD1oKHIucHJvdG90eXBlLCJ0aHJvdHRsZVRyYWlsaW5nQXJncyIsW3AuZGVmYXVsdF0se2VudW1lcmFibGU6ITAsaW5pdGlhbGl6ZXI6ZnVuY3Rpb24oKXtyZXR1cm4gbnVsbH19KSx1PWgoci5wcm90b3R5cGUsInByb2ZpbGVMYXN0UmFuIixbcC5kZWZhdWx0XSx7ZW51bWVyYWJsZTohMCxpbml0aWFsaXplcjpmdW5jdGlvbigpe3JldHVybiBudWxsfX0pLHIpLGs9ImZ1bmN0aW9uIj09PXR5cGVvZiBTeW1ib2w/U3ltYm9sKCJfX2NvcmVfZGVjb3JhdG9yc19fIik6Il9fY29yZV9kZWNvcmF0b3JzX18iO3ZhciBfPXQuZ2V0T3duS2V5cz1nP2Z1bmN0aW9uKGUpe3JldHVybiBiKGUpLmNvbmNhdChnKGUpKX06YjtmdW5jdGlvbiBPKGUsdCl7cmV0dXJuIGUuYmluZD9lLmJpbmQodCk6ZnVuY3Rpb24oKXtyZXR1cm4gZS5hcHBseSh0LGFyZ3VtZW50cyl9fXZhciBUPXQud2Fybj0ib2JqZWN0Ij09PSgidW5kZWZpbmVkIj09PXR5cGVvZiBjb25zb2xlPyJ1bmRlZmluZWQiOnMoY29uc29sZSkpJiZjb25zb2xlJiYiZnVuY3Rpb24iPT09dHlwZW9mIGNvbnNvbGUud2Fybj9PKGNvbnNvbGUud2Fybixjb25zb2xlKTpmdW5jdGlvbigpe30seD17fX0sZnVuY3Rpb24oZSx0LG4peyJ1c2Ugc3RyaWN0Ijt2YXIgcixvLGksYTt0Ll9fZXNNb2R1bGU9ITA7dmFyIGw9cChuKDE3KSksdT1wKG4oMCkpLHM9KHAobigzKSkscChuKDQpKSksYz1wKG4oODYpKSxmPXAobig1KSk7ZnVuY3Rpb24gcChlKXtyZXR1cm4gZSYmZS5fX2VzTW9kdWxlP2U6e2RlZmF1bHQ6ZX19ZnVuY3Rpb24gZChlLHQpe2lmKCFlKXRocm93IG5ldyBSZWZlcmVuY2VFcnJvcigidGhpcyBoYXNuJ3QgYmVlbiBpbml0aWFsaXNlZCAtIHN1cGVyKCkgaGFzbid0IGJlZW4gY2FsbGVkIik7cmV0dXJuIXR8fCJvYmplY3QiIT09dHlwZW9mIHQmJiJmdW5jdGlvbiIhPT10eXBlb2YgdD9lOnR9ZnVuY3Rpb24gaChlLHQpe2lmKCJmdW5jdGlvbiIhPT10eXBlb2YgdCYmbnVsbCE9PXQpdGhyb3cgbmV3IFR5cGVFcnJvcigiU3VwZXIgZXhwcmVzc2lvbiBtdXN0IGVpdGhlciBiZSBudWxsIG9yIGEgZnVuY3Rpb24sIG5vdCAiK3R5cGVvZiB0KTtlLnByb3RvdHlwZT1PYmplY3QuY3JlYXRlKHQmJnQucHJvdG90eXBlLHtjb25zdHJ1Y3Rvcjp7dmFsdWU6ZSxlbnVtZXJhYmxlOiExLHdyaXRhYmxlOiEwLGNvbmZpZ3VyYWJsZTohMH19KSx0JiYoT2JqZWN0LnNldFByb3RvdHlwZU9mP09iamVjdC5zZXRQcm90b3R5cGVPZihlLHQpOmZ1bmN0aW9uKGUsdCl7Zm9yKHZhciBuPU9iamVjdC5nZXRPd25Qcm9wZXJ0eU5hbWVzKHQpLHI9MDtyPG4ubGVuZ3RoO3IrKyl7dmFyIG89bltyXSxpPU9iamVjdC5nZXRPd25Qcm9wZXJ0eURlc2NyaXB0b3IodCxvKTtpJiZpLmNvbmZpZ3VyYWJsZSYmdm9pZCAwPT09ZVtvXSYmT2JqZWN0LmRlZmluZVByb3BlcnR5KGUsbyxpKX19KGUsdCkpfWZ1bmN0aW9uIHkoZSx0LG4scixvKXt2YXIgaT17fTtyZXR1cm4gT2JqZWN0LmtleXMocikuZm9yRWFjaCgoZnVuY3Rpb24oZSl7aVtlXT1yW2VdfSkpLGkuZW51bWVyYWJsZT0hIWkuZW51bWVyYWJsZSxpLmNvbmZpZ3VyYWJsZT0hIWkuY29uZmlndXJhYmxlLCgidmFsdWUiaW4gaXx8aS5pbml0aWFsaXplcikmJihpLndyaXRhYmxlPSEwKSxpPW4uc2xpY2UoKS5yZXZlcnNlKCkucmVkdWNlKChmdW5jdGlvbihuLHIpe3JldHVybiByKGUsdCxuKXx8bn0pLGkpLG8mJnZvaWQgMCE9PWkuaW5pdGlhbGl6ZXImJihpLnZhbHVlPWkuaW5pdGlhbGl6ZXI/aS5pbml0aWFsaXplci5jYWxsKG8pOnZvaWQgMCxpLmluaXRpYWxpemVyPXZvaWQgMCksdm9pZCAwPT09aS5pbml0aWFsaXplciYmKE9iamVjdC5kZWZpbmVQcm9wZXJ0eShlLHQsaSksaT1udWxsKSxpfXZhciBtPSgwLHMuZGVmYXVsdCkoImJ1dHRvbiIpKHI9KDAsZi5kZWZhdWx0KSgpKChhPWk9ZnVuY3Rpb24oZSl7ZnVuY3Rpb24gdCgpe3ZhciBuLHI7IWZ1bmN0aW9uKGUsdCl7aWYoIShlIGluc3RhbmNlb2YgdCkpdGhyb3cgbmV3IFR5cGVFcnJvcigiQ2Fubm90IGNhbGwgYSBjbGFzcyBhcyBhIGZ1bmN0aW9uIil9KHRoaXMsdCk7Zm9yKHZhciBvPWFyZ3VtZW50cy5sZW5ndGgsaT1BcnJheShvKSxhPTA7YTxvO2ErKylpW2FdPWFyZ3VtZW50c1thXTtyZXR1cm4gbj1yPWQodGhpcyxlLmNhbGwuYXBwbHkoZSxbdGhpc10uY29uY2F0KGkpKSksci5zdGF0ZT17Zm9jdXNlZDohMSxob3ZlcmVkOiExLHByZXNzZWQ6ITF9LGQocixuKX1yZXR1cm4gaCh0LGUpLHQucHJvdG90eXBlLmNvbXBvbmVudFdpbGxSZWNlaXZlUHJvcHM9ZnVuY3Rpb24oZSl7ZS5kaXNhYmxlZCYmdGhpcy5zZXRTdGF0ZSh7aG92ZXJlZDohMSxmb2N1c2VkOiExfSl9LHQucHJvdG90eXBlLnJlbmRlcj1mdW5jdGlvbihlKXt2YXIgdD10aGlzLG49InNwYW4iIT09dGhpcy5wcm9wcy50YWcscj17cmVmOmZ1bmN0aW9uKGUpe3QuY29udHJvbD1lfSxyb2xlOiJidXR0b24iLGlkOnRoaXMucHJvcHMuaWQsbmFtZTp0aGlzLnByb3BzLm5hbWUsdHlwZTp0aGlzLnByb3BzLnR5cGUsdGl0bGU6dGhpcy5wcm9wcy50aXRsZSx0YWJJbmRleDp0aGlzLnByb3BzLmRpc2FibGVkPyItMSI6dGhpcy5wcm9wcy50YWJJbmRleCxkaXNhYmxlZDp0aGlzLnByb3BzLmRpc2FibGVkLGZvcm1Ob1ZhbGlkYXRlOm4/dGhpcy5wcm9wcy5mb3JtTm9WYWxpZGF0ZTpudWxsLGNsYXNzTmFtZTplKHtkaXNhYmxlZDp0aGlzLnByb3BzLmRpc2FibGVkLHBzZXVkbzp0aGlzLnByb3BzLnBzZXVkbyx2aWV3OnRoaXMucHJvcHMudmlldyxzaXplOnRoaXMucHJvcHMuc2l6ZSx3aWR0aDp0aGlzLnByb3BzLndpZHRoLGZvY3VzZWQ6dm9pZCAwIT09dGhpcy5wcm9wcy5mb2N1c2VkP3RoaXMucHJvcHMuZm9jdXNlZDp0aGlzLnN0YXRlLmZvY3VzZWQsaG92ZXJlZDp0aGlzLnN0YXRlLmhvdmVyZWQscHJlc3NlZDp0aGlzLnN0YXRlLnByZXNzZWQsdG9nZ2xhYmxlOnRoaXMucHJvcHMudG9nZ2xhYmxlLGNoZWNrZWQ6dGhpcy5wcm9wcy5jaGVja2VkfSksb25DbGljazp0aGlzLmhhbmRsZUNsaWNrLG9uRm9jdXM6dGhpcy5oYW5kbGVGb2N1cyxvbkJsdXI6dGhpcy5oYW5kbGVCbHVyLG9uTW91c2VFbnRlcjp0aGlzLmhhbmRsZU1vdXNlRW50ZXIsb25Nb3VzZUxlYXZlOnRoaXMuaGFuZGxlTW91c2VMZWF2ZSxvbk1vdXNlRG93bjp0aGlzLmhhbmRsZU1vdXNlRG93bixvbk1vdXNlVXA6dGhpcy5oYW5kbGVNb3VzZVVwLG9uTW91c2VPdXQ6dGhpcy5oYW5kbGVNb3VzZU91dCxvbktleURvd246dGhpcy5oYW5kbGVLZXlEb3duLG9uS2V5VXA6dGhpcy5oYW5kbGVLZXlVcCwiZGF0YS10ZXN0LWlkIjp0aGlzLnByb3BzWyJkYXRhLXRlc3QtaWQiXX0sbz1bdGhpcy5wcm9wcy5sZWZ0QWRkb25zJiZ1LmRlZmF1bHQuY3JlYXRlRWxlbWVudCgic3BhbiIse2tleToibGVmdC1hZGRvbnMiLGNsYXNzTmFtZTplKCJhZGRvbiIpfSx0aGlzLnByb3BzLmxlZnRBZGRvbnMpLCh0aGlzLnByb3BzLmNoaWxkcmVufHx0aGlzLnByb3BzLnRleHR8fHRoaXMucHJvcHMuaWNvbikmJnUuZGVmYXVsdC5jcmVhdGVFbGVtZW50KCJzcGFuIix7a2V5OiJjb250ZW50IixjbGFzc05hbWU6ZSgiY29udGVudCIpfSx0aGlzLnByb3BzLmljb24mJnUuZGVmYXVsdC5jcmVhdGVFbGVtZW50KCJzcGFuIix7a2V5OiJpY29uIixjbGFzc05hbWU6ZSgiaWNvbiIpfSx0aGlzLnByb3BzLmljb24pLCh0aGlzLnByb3BzLmNoaWxkcmVufHx0aGlzLnByb3BzLnRleHQpJiZ1LmRlZmF1bHQuY3JlYXRlRWxlbWVudCgic3BhbiIse2tleToidGV4dCIsY2xhc3NOYW1lOmUoInRleHQiKX0sdGhpcy5wcm9wcy5jaGlsZHJlbnx8dGhpcy5wcm9wcy50ZXh0KSksdGhpcy5wcm9wcy5yaWdodEFkZG9ucyYmdS5kZWZhdWx0LmNyZWF0ZUVsZW1lbnQoInNwYW4iLHtrZXk6InJpZ2h0LWFkZG9ucyIsY2xhc3NOYW1lOmUoImFkZG9uIil9LHRoaXMucHJvcHMucmlnaHRBZGRvbnMpXTtyZXR1cm4gbj91LmRlZmF1bHQuY3JlYXRlRWxlbWVudCgiYnV0dG9uIixyLG8pOnUuZGVmYXVsdC5jcmVhdGVFbGVtZW50KCJzcGFuIixyLG8pfSx0LnByb3RvdHlwZS5oYW5kbGVDbGljaz1mdW5jdGlvbihlKXt0aGlzLnByb3BzLm9uQ2xpY2smJnRoaXMucHJvcHMub25DbGljayhlKX0sdC5wcm90b3R5cGUuaGFuZGxlRm9jdXM9ZnVuY3Rpb24oZSl7dGhpcy5zdGF0ZS5wcmVzc2VkfHwodGhpcy5zZXRTdGF0ZSh7Zm9jdXNlZDohMH0pLHRoaXMucHJvcHMub25Gb2N1cyYmdGhpcy5wcm9wcy5vbkZvY3VzKGUpKX0sdC5wcm90b3R5cGUuaGFuZGxlQmx1cj1mdW5jdGlvbihlKXt0aGlzLnNldFN0YXRlKHtmb2N1c2VkOiExfSksdGhpcy5wcm9wcy5vbkJsdXImJnRoaXMucHJvcHMub25CbHVyKGUpfSx0LnByb3RvdHlwZS5oYW5kbGVNb3VzZUVudGVyPWZ1bmN0aW9uKGUpe3RoaXMucHJvcHMuZGlzYWJsZWR8fHRoaXMuc2V0U3RhdGUoe2hvdmVyZWQ6ITB9KSx0aGlzLnByb3BzLm9uTW91c2VFbnRlciYmdGhpcy5wcm9wcy5vbk1vdXNlRW50ZXIoZSl9LHQucHJvdG90eXBlLmhhbmRsZU1vdXNlTGVhdmU9ZnVuY3Rpb24oZSl7dGhpcy5wcm9wcy5kaXNhYmxlZHx8dGhpcy5zZXRTdGF0ZSh7aG92ZXJlZDohMX0pLHRoaXMucHJvcHMub25Nb3VzZUxlYXZlJiZ0aGlzLnByb3BzLm9uTW91c2VMZWF2ZShlKX0sdC5wcm90b3R5cGUuaGFuZGxlTW91c2VEb3duPWZ1bmN0aW9uKGUpe3RoaXMucHJvcHMuZGlzYWJsZWR8fHRoaXMuc2V0U3RhdGUoe3ByZXNzZWQ6ITB9KSx0aGlzLnByb3BzLm9uTW91c2VEb3duJiZ0aGlzLnByb3BzLm9uTW91c2VEb3duKGUpfSx0LnByb3RvdHlwZS5oYW5kbGVNb3VzZVVwPWZ1bmN0aW9uKGUpe3RoaXMucHJvcHMuZGlzYWJsZWR8fHRoaXMuc2V0U3RhdGUoe3ByZXNzZWQ6ITF9KSx0aGlzLnByb3BzLm9uTW91c2VVcCYmdGhpcy5wcm9wcy5vbk1vdXNlVXAoZSl9LHQucHJvdG90eXBlLmhhbmRsZU1vdXNlT3V0PWZ1bmN0aW9uKGUpe3RoaXMucHJvcHMuZGlzYWJsZWR8fHRoaXMuc2V0U3RhdGUoe3ByZXNzZWQ6ITF9KSx0aGlzLnByb3BzLm9uTW91c2VPdXQmJnRoaXMucHJvcHMub25Nb3VzZU91dChlKX0sdC5wcm90b3R5cGUuaGFuZGxlS2V5RG93bj1mdW5jdGlvbihlKXtlLndoaWNoIT09Yy5kZWZhdWx0LkVOVEVSJiZlLndoaWNoIT09Yy5kZWZhdWx0LlNQQUNFfHx0aGlzLnByb3BzLmRpc2FibGVkfHx0aGlzLnNldFN0YXRlKHtwcmVzc2VkOiEwfSksdGhpcy5wcm9wcy5vbktleURvd24mJnRoaXMucHJvcHMub25LZXlEb3duKGUpfSx0LnByb3RvdHlwZS5oYW5kbGVLZXlVcD1mdW5jdGlvbihlKXtlLndoaWNoIT09Yy5kZWZhdWx0LkVOVEVSJiZlLndoaWNoIT09Yy5kZWZhdWx0LlNQQUNFfHx0aGlzLnByb3BzLmRpc2FibGVkfHx0aGlzLnNldFN0YXRlKHtwcmVzc2VkOiExfSksdGhpcy5wcm9wcy5vbktleVVwJiZ0aGlzLnByb3BzLm9uS2V5VXAoZSl9LHQucHJvdG90eXBlLmdldE5vZGU9ZnVuY3Rpb24oKXtyZXR1cm4gdGhpcy5jb250cm9sfSx0LnByb3RvdHlwZS5mb2N1cz1mdW5jdGlvbigpe3RoaXMuY29udHJvbC5mb2N1cygpfSx0LnByb3RvdHlwZS5ibHVyPWZ1bmN0aW9uKCl7ZG9jdW1lbnQuYWN0aXZlRWxlbWVudCYmZG9jdW1lbnQuYWN0aXZlRWxlbWVudC5ibHVyKCl9LHR9KHUuZGVmYXVsdC5Db21wb25lbnQpLGkuZGVmYXVsdFByb3BzPXt0eXBlOiJidXR0b24iLHRhZzoiYnV0dG9uIixzaXplOiJtIixmb3JtTm9WYWxpZGF0ZTohMX0seSgobz1hKS5wcm90b3R5cGUsImhhbmRsZUNsaWNrIixbbC5kZWZhdWx0XSxPYmplY3QuZ2V0T3duUHJvcGVydHlEZXNjcmlwdG9yKG8ucHJvdG90eXBlLCJoYW5kbGVDbGljayIpLG8ucHJvdG90eXBlKSx5KG8ucHJvdG90eXBlLCJoYW5kbGVGb2N1cyIsW2wuZGVmYXVsdF0sT2JqZWN0LmdldE93blByb3BlcnR5RGVzY3JpcHRvcihvLnByb3RvdHlwZSwiaGFuZGxlRm9jdXMiKSxvLnByb3RvdHlwZSkseShvLnByb3RvdHlwZSwiaGFuZGxlQmx1ciIsW2wuZGVmYXVsdF0sT2JqZWN0LmdldE93blByb3BlcnR5RGVzY3JpcHRvcihvLnByb3RvdHlwZSwiaGFuZGxlQmx1ciIpLG8ucHJvdG90eXBlKSx5KG8ucHJvdG90eXBlLCJoYW5kbGVNb3VzZUVudGVyIixbbC5kZWZhdWx0XSxPYmplY3QuZ2V0T3duUHJvcGVydHlEZXNjcmlwdG9yKG8ucHJvdG90eXBlLCJoYW5kbGVNb3VzZUVudGVyIiksby5wcm90b3R5cGUpLHkoby5wcm90b3R5cGUsImhhbmRsZU1vdXNlTGVhdmUiLFtsLmRlZmF1bHRdLE9iamVjdC5nZXRPd25Qcm9wZXJ0eURlc2NyaXB0b3Ioby5wcm90b3R5cGUsImhhbmRsZU1vdXNlTGVhdmUiKSxvLnByb3RvdHlwZSkseShvLnByb3RvdHlwZSwiaGFuZGxlTW91c2VEb3duIixbbC5kZWZhdWx0XSxPYmplY3QuZ2V0T3duUHJvcGVydHlEZXNjcmlwdG9yKG8ucHJvdG90eXBlLCJoYW5kbGVNb3VzZURvd24iKSxvLnByb3RvdHlwZSkseShvLnByb3RvdHlwZSwiaGFuZGxlTW91c2VVcCIsW2wuZGVmYXVsdF0sT2JqZWN0LmdldE93blByb3BlcnR5RGVzY3JpcHRvcihvLnByb3RvdHlwZSwiaGFuZGxlTW91c2VVcCIpLG8ucHJvdG90eXBlKSx5KG8ucHJvdG90eXBlLCJoYW5kbGVNb3VzZU91dCIsW2wuZGVmYXVsdF0sT2JqZWN0LmdldE93blByb3BlcnR5RGVzY3JpcHRvcihvLnByb3RvdHlwZSwiaGFuZGxlTW91c2VPdXQiKSxvLnByb3RvdHlwZSkseShvLnByb3RvdHlwZSwiaGFuZGxlS2V5RG93biIsW2wuZGVmYXVsdF0sT2JqZWN0LmdldE93blByb3BlcnR5RGVzY3JpcHRvcihvLnByb3RvdHlwZSwiaGFuZGxlS2V5RG93biIpLG8ucHJvdG90eXBlKSx5KG8ucHJvdG90eXBlLCJoYW5kbGVLZXlVcCIsW2wuZGVmYXVsdF0sT2JqZWN0LmdldE93blByb3BlcnR5RGVzY3JpcHRvcihvLnByb3RvdHlwZSwiaGFuZGxlS2V5VXAiKSxvLnByb3RvdHlwZSkscj1vKSl8fHIpfHxyO20ucHJvcFR5cGVzPXt9LHQuZGVmYXVsdD1tfSxmdW5jdGlvbihlLHQsbil7InVzZSBzdHJpY3QiO3QuX19lc01vZHVsZT0hMCx0LmRlZmF1bHQ9dm9pZCAwLG4oODkpO3ZhciByLG89bigzMCksaT0ocj1vKSYmci5fX2VzTW9kdWxlP3I6e2RlZmF1bHQ6cn07dC5kZWZhdWx0PWkuZGVmYXVsdH0sZnVuY3Rpb24oZSx0LG4peyJ1c2Ugc3RyaWN0Ijt0Ll9fZXNNb2R1bGU9ITA7dmFyIHIsbz1PYmplY3QuYXNzaWdufHxmdW5jdGlvbihlKXtmb3IodmFyIHQ9MTt0PGFyZ3VtZW50cy5sZW5ndGg7dCsrKXt2YXIgbj1hcmd1bWVudHNbdF07Zm9yKHZhciByIGluIG4pT2JqZWN0LnByb3RvdHlwZS5oYXNPd25Qcm9wZXJ0eS5jYWxsKG4scikmJihlW3JdPW5bcl0pfXJldHVybiBlfTt0LmdldEFuZHJvaWRWZXJzaW9uPWg7dmFyIGk9dShuKDE3KSksYT11KG4oMCkpLGw9KHUobigzKSksdShuKDM5KSkpO2Z1bmN0aW9uIHUoZSl7cmV0dXJuIGUmJmUuX19lc01vZHVsZT9lOntkZWZhdWx0OmV9fWZ1bmN0aW9uIHMoZSx0KXtpZighZSl0aHJvdyBuZXcgUmVmZXJlbmNlRXJyb3IoInRoaXMgaGFzbid0IGJlZW4gaW5pdGlhbGlzZWQgLSBzdXBlcigpIGhhc24ndCBiZWVuIGNhbGxlZCIpO3JldHVybiF0fHwib2JqZWN0IiE9PXR5cGVvZiB0JiYiZnVuY3Rpb24iIT09dHlwZW9mIHQ/ZTp0fWZ1bmN0aW9uIGMoZSx0KXtpZigiZnVuY3Rpb24iIT09dHlwZW9mIHQmJm51bGwhPT10KXRocm93IG5ldyBUeXBlRXJyb3IoIlN1cGVyIGV4cHJlc3Npb24gbXVzdCBlaXRoZXIgYmUgbnVsbCBvciBhIGZ1bmN0aW9uLCBub3QgIit0eXBlb2YgdCk7ZS5wcm90b3R5cGU9T2JqZWN0LmNyZWF0ZSh0JiZ0LnByb3RvdHlwZSx7Y29uc3RydWN0b3I6e3ZhbHVlOmUsZW51bWVyYWJsZTohMSx3cml0YWJsZTohMCxjb25maWd1cmFibGU6ITB9fSksdCYmKE9iamVjdC5zZXRQcm90b3R5cGVPZj9PYmplY3Quc2V0UHJvdG90eXBlT2YoZSx0KTpmdW5jdGlvbihlLHQpe2Zvcih2YXIgbj1PYmplY3QuZ2V0T3duUHJvcGVydHlOYW1lcyh0KSxyPTA7cjxuLmxlbmd0aDtyKyspe3ZhciBvPW5bcl0saT1PYmplY3QuZ2V0T3duUHJvcGVydHlEZXNjcmlwdG9yKHQsbyk7aSYmaS5jb25maWd1cmFibGUmJnZvaWQgMD09PWVbb10mJk9iamVjdC5kZWZpbmVQcm9wZXJ0eShlLG8saSl9fShlLHQpKX1mdW5jdGlvbiBmKGUsdCxuLHIsbyl7dmFyIGk9e307cmV0dXJuIE9iamVjdC5rZXlzKHIpLmZvckVhY2goKGZ1bmN0aW9uKGUpe2lbZV09cltlXX0pKSxpLmVudW1lcmFibGU9ISFpLmVudW1lcmFibGUsaS5jb25maWd1cmFibGU9ISFpLmNvbmZpZ3VyYWJsZSwoInZhbHVlImluIGl8fGkuaW5pdGlhbGl6ZXIpJiYoaS53cml0YWJsZT0hMCksaT1uLnNsaWNlKCkucmV2ZXJzZSgpLnJlZHVjZSgoZnVuY3Rpb24obixyKXtyZXR1cm4gcihlLHQsbil8fG59KSxpKSxvJiZ2b2lkIDAhPT1pLmluaXRpYWxpemVyJiYoaS52YWx1ZT1pLmluaXRpYWxpemVyP2kuaW5pdGlhbGl6ZXIuY2FsbChvKTp2b2lkIDAsaS5pbml0aWFsaXplcj12b2lkIDApLHZvaWQgMD09PWkuaW5pdGlhbGl6ZXImJihPYmplY3QuZGVmaW5lUHJvcGVydHkoZSx0LGkpLGk9bnVsbCksaX12YXIgcD0idW5kZWZpbmVkIiE9PXR5cGVvZiB3aW5kb3cmJiEhd2luZG93LkFjdGl2ZVhPYmplY3QsZD0idW5kZWZpbmVkIiE9PXR5cGVvZiB3aW5kb3cmJi8oYW5kcm9pZCkvaS50ZXN0KHdpbmRvdy5uYXZpZ2F0b3IudXNlckFnZW50KTtmdW5jdGlvbiBoKCl7aWYoIS9hbmRyb2lkLy50ZXN0KG5hdmlnYXRvci51c2VyQWdlbnQudG9Mb3dlckNhc2UoKSkpcmV0dXJuITE7dmFyIGU9bmF2aWdhdG9yLnVzZXJBZ2VudC50b0xvd2VyQ2FzZSgpLm1hdGNoKC9hbmRyb2lkXHMoW1xkLl0qKS8pO3JldHVybiEhZSYmZVsxXX12YXIgeT0idW5kZWZpbmVkIiE9PXR5cGVvZiB3aW5kb3cmJk9iamVjdC5oYXNPd25Qcm9wZXJ0eS5jYWxsKHdpbmRvdywiQWN0aXZlWE9iamVjdCIpJiYhd2luZG93LkFjdGl2ZVhPYmplY3QsbT0wLHY9MSxiPTIsZz1mdW5jdGlvbihlLHQpe3JldHVybiBlLnNwbGl0KCIiKS5yZWR1Y2UoKGZ1bmN0aW9uKGUsbixyKXtyZXR1cm4gdC5pc0VkaXRhYmxlSW5kZXgocik/ZTplKzF9KSwwKX0sdz0oZigocj1mdW5jdGlvbihlKXtmdW5jdGlvbiB0KCl7dmFyIG4scjshZnVuY3Rpb24oZSx0KXtpZighKGUgaW5zdGFuY2VvZiB0KSl0aHJvdyBuZXcgVHlwZUVycm9yKCJDYW5ub3QgY2FsbCBhIGNsYXNzIGFzIGEgZnVuY3Rpb24iKX0odGhpcyx0KTtmb3IodmFyIG89YXJndW1lbnRzLmxlbmd0aCxpPUFycmF5KG8pLGE9MDthPG87YSsrKWlbYV09YXJndW1lbnRzW2FdO3JldHVybiBuPXI9cyh0aGlzLGUuY2FsbC5hcHBseShlLFt0aGlzXS5jb25jYXQoaSkpKSxyLnZhbHVlPSIiLHIuYmVmb3JlSW5wdXRTZWxlY3Rpb249e3N0YXJ0OjAsZW5kOjB9LHMocixuKX1yZXR1cm4gYyh0LGUpLHQucHJvdG90eXBlLmNvbXBvbmVudFdpbGxNb3VudD1mdW5jdGlvbigpe3RoaXMuc2V0TWFzayh0aGlzLnByb3BzLm1hc2ssdGhpcy5wcm9wcy5mb3JtYXRDaGFyYWN0ZXJzLHRoaXMucHJvcHMudXNlV2hpdGVzcGFjZXMpLHRoaXMuYmVmb3JlQ2hhbmdlTWFzaz10aGlzLm1hc2ssdGhpcy52YWx1ZT10aGlzLm1hc2suZm9ybWF0KHRoaXMucHJvcHMudmFsdWV8fCIiKX0sdC5wcm90b3R5cGUuY29tcG9uZW50V2lsbFJlY2VpdmVQcm9wcz1mdW5jdGlvbihlKXt2YXIgdD0hMTt0aGlzLmJlZm9yZUNoYW5nZU1hc2s9dGhpcy5tYXNrLHRoaXMucHJvcHMubWFzaz09PWUubWFzayYmdGhpcy5wcm9wcy5mb3JtYXRDaGFyYWN0ZXJzPT09ZS5mb3JtYXRDaGFyYWN0ZXJzfHwodGhpcy5zZXRNYXNrKGUubWFzayxlLmZvcm1hdENoYXJhY3RlcnMpLHQ9ITApLCh0fHx0aGlzLnByb3BzLnZhbHVlIT09ZS52YWx1ZSkmJih0aGlzLnZhbHVlPXRoaXMubWFzay5mb3JtYXQoZS52YWx1ZXx8IiIpKX0sdC5wcm90b3R5cGUuY29tcG9uZW50V2lsbFVubW91bnQ9ZnVuY3Rpb24oKXt0aGlzLmNhcmV0Rml4VGltZW91dCYmKGNsZWFyVGltZW91dCh0aGlzLmNhcmV0Rml4VGltZW91dCksdGhpcy5jYXJldEZpeFRpbWVvdXQ9bnVsbCl9LHQucHJvdG90eXBlLnJlbmRlcj1mdW5jdGlvbigpe3ZhciBlPXRoaXMsdD1PYmplY3QuYXNzaWduKHt9LHRoaXMucHJvcHMpLG49dm9pZCAwIT09dC5tYXhMZW5ndGg/dC5tYXhMZW5ndGg6dGhpcy5tYXNrLmxlbmd0aDtyZXR1cm4gZGVsZXRlIHQubWFzayxkZWxldGUgdC5mb3JtYXRDaGFyYWN0ZXJzLGRlbGV0ZSB0Lm9uUHJvY2Vzc0lucHV0RXZlbnQsZGVsZXRlIHQudXNlV2hpdGVzcGFjZXMsYS5kZWZhdWx0LmNyZWF0ZUVsZW1lbnQoImlucHV0IixvKHt9LHQse3JlZjpmdW5jdGlvbih0KXtlLmlucHV0PXR9LG1heExlbmd0aDpuLHZhbHVlOnRoaXMudmFsdWUsb25CZWZvcmVJbnB1dDp0aGlzLmhhbmRsZUJlZm9yZUlucHV0LG9uSW5wdXQ6dGhpcy5oYW5kbGVJbnB1dCxvbkNoYW5nZTp0aGlzLmhhbmRsZUNoYW5nZX0pKX0sdC5wcm90b3R5cGUuaGFuZGxlQmVmb3JlSW5wdXQ9ZnVuY3Rpb24oZSl7dGhpcy5iZWZvcmVJbnB1dFNlbGVjdGlvbj17c3RhcnQ6dGhpcy5pbnB1dC5zZWxlY3Rpb25TdGFydCxlbmQ6dGhpcy5pbnB1dC5zZWxlY3Rpb25FbmR9LHRoaXMucHJvcHMub25CZWZvcmVJbnB1dCYmdGhpcy5wcm9wcy5vbkJlZm9yZUlucHV0KGUpfSx0LnByb3RvdHlwZS5oYW5kbGVJbnB1dD1mdW5jdGlvbihlKXt2YXIgdD1wP2U6dGhpcy5wcm9jZXNzSW5wdXRFdmVudChlKTt0aGlzLnByb3BzLm9uSW5wdXQmJnRoaXMucHJvcHMub25JbnB1dCh0KSx5JiZ0aGlzLnByb3BzLm9uQ2hhbmdlJiZ0aGlzLnByb3BzLm9uQ2hhbmdlKHQpfSx0LnByb3RvdHlwZS5oYW5kbGVDaGFuZ2U9ZnVuY3Rpb24oZSl7aWYoIXkmJnRoaXMucHJvcHMub25DaGFuZ2Upe3ZhciB0PXA/dGhpcy5wcm9jZXNzSW5wdXRFdmVudChlKTplO3RoaXMucHJvcHMub25DaGFuZ2UmJnRoaXMucHJvcHMub25DaGFuZ2UodCl9fSx0LnByb3RvdHlwZS5mb2N1cz1mdW5jdGlvbigpe3RoaXMuaW5wdXQuZm9jdXMoKX0sdC5wcm90b3R5cGUuYmx1cj1mdW5jdGlvbigpe3RoaXMuaW5wdXQuYmx1cigpfSx0LnByb3RvdHlwZS5nZXRDb250cm9sPWZ1bmN0aW9uKCl7cmV0dXJuIHRoaXMuaW5wdXR9LHQucHJvdG90eXBlLnNldE1hc2s9ZnVuY3Rpb24oZSx0LG4pe3RoaXMubWFza1BhdHRlcm49PT1lJiZ0aGlzLmZvcm1hdENoYXJhY3RlcnM9PT10fHwodGhpcy5tYXNrPW5ldyBsLmRlZmF1bHQoZSx0LG4pLHRoaXMubWFza1BhdHRlcm49ZSx0aGlzLmZvcm1hdENoYXJhY3RlcnM9dCl9LHQucHJvdG90eXBlLnByb2Nlc3NJbnB1dEV2ZW50PWZ1bmN0aW9uKGUpe3RoaXMucHJvcHMub25Qcm9jZXNzSW5wdXRFdmVudCYmdGhpcy5wcm9wcy5vblByb2Nlc3NJbnB1dEV2ZW50KGUpO3ZhciB0PXRoaXMuaW5wdXQuc2VsZWN0aW9uU3RhcnQsbj1lLnRhcmdldC52YWx1ZSxyPXRoaXMudmFsdWUsbz10aGlzLm1hc2suZm9ybWF0KG4pO2lmKHRoaXMudmFsdWU9byxlLnRhcmdldC52YWx1ZT1vLHQ8PXIubGVuZ3RoKXt2YXIgaT10LGE9bi5sZW5ndGg+PXIubGVuZ3RoP206dixsPXRoaXMuYmVmb3JlSW5wdXRTZWxlY3Rpb24uZW5kLXRoaXMuYmVmb3JlSW5wdXRTZWxlY3Rpb24uc3RhcnQ7bD49MSYmbi5sZW5ndGghPT1yLmxlbmd0aC1sJiYoYT1iKTt2YXIgdT1nKHIuc2xpY2UoMCx0KSx0aGlzLmJlZm9yZUNoYW5nZU1hc2spLHM9ZyhvLnNsaWNlKDAsaSksdGhpcy5tYXNrKSxjPXU8cyYmKGE9PT1tfHxhPT09YikmJnRoaXMuYmVmb3JlQ2hhbmdlTWFzay5pc0VkaXRhYmxlSW5kZXgodGhpcy5iZWZvcmVJbnB1dFNlbGVjdGlvbi5zdGFydCkmJnRoaXMubWFzay5pc0VkaXRhYmxlSW5kZXgoaSk7aWYoKHU+cyYmYT09PXYmJnRoaXMubWFzay5pc0VkaXRhYmxlSW5kZXgoaS0xKSYmaT4wfHxjKSYmKGkrPXMtdSksYT09PW18fGE9PT1iKXtmb3IodmFyIGY9dGhpcy5iZWZvcmVJbnB1dFNlbGVjdGlvbi5zdGFydDshdGhpcy5iZWZvcmVDaGFuZ2VNYXNrLmlzRWRpdGFibGVJbmRleChmKSYmZjxvLmxlbmd0aDspZis9MTtpKz1mLXRoaXMuYmVmb3JlSW5wdXRTZWxlY3Rpb24uc3RhcnR9aWYoYT09PW18fGE9PT1iKWZvcig7IXRoaXMubWFzay5pc0VkaXRhYmxlSW5kZXgoaSkmJmk8by5sZW5ndGg7KWkrPTE7ZWxzZSBpZihhPT09dilmb3IoOyF0aGlzLm1hc2suaXNFZGl0YWJsZUluZGV4KGktMSkmJmk+MDspaS09MTt2YXIgcD10aGlzLmNsYW1wU2VsZWN0aW9uKGkpLHk9YT09PW0mJmQmJnBhcnNlRmxvYXQoaCgpLDEwKTw0LjQ/MTowO3RoaXMuc2V0SW5wdXRTZWxlY3Rpb24ocCt5KX1lbHNlIGQmJnRoaXMuc2V0SW5wdXRTZWxlY3Rpb25CeVRpbWVvdXQoZS50YXJnZXQuc2VsZWN0aW9uU3RhcnQpO3JldHVybiBlfSx0LnByb3RvdHlwZS5jbGFtcFNlbGVjdGlvbj1mdW5jdGlvbihlKXtyZXR1cm4gZTx0aGlzLm1hc2suZmlyc3RFZGl0YWJsZUluZGV4P3RoaXMubWFzay5maXJzdEVkaXRhYmxlSW5kZXg6ZT50aGlzLm1hc2subGFzdEVkaXRhYmxlSW5kZXgrMT90aGlzLm1hc2subGFzdEVkaXRhYmxlSW5kZXgrMTplfSx0LnByb3RvdHlwZS5zZXRJbnB1dFNlbGVjdGlvbj1mdW5jdGlvbihlKXt0aGlzLmlucHV0LnNlbGVjdGlvblN0YXJ0PWUsdGhpcy5pbnB1dC5zZWxlY3Rpb25FbmQ9ZSwocHx8ZCkmJnRoaXMuc2V0SW5wdXRTZWxlY3Rpb25CeVRpbWVvdXQoZSl9LHQucHJvdG90eXBlLnNldElucHV0U2VsZWN0aW9uQnlUaW1lb3V0PWZ1bmN0aW9uKGUpe3ZhciB0PXRoaXM7dGhpcy5jYXJldEZpeFRpbWVvdXQmJihjbGVhclRpbWVvdXQodGhpcy5jYXJldEZpeFRpbWVvdXQpLHRoaXMuY2FyZXRGaXhUaW1lb3V0PW51bGwpLHRoaXMuY2FyZXRGaXhUaW1lb3V0PXNldFRpbWVvdXQoKGZ1bmN0aW9uKCl7dC5jYXJldEZpeFRpbWVvdXQ9bnVsbCx0LmlucHV0LnNlbGVjdGlvblN0YXJ0PWUsdC5pbnB1dC5zZWxlY3Rpb25FbmQ9ZX0pLDApfSx0fShhLmRlZmF1bHQuQ29tcG9uZW50KSkucHJvdG90eXBlLCJoYW5kbGVCZWZvcmVJbnB1dCIsW2kuZGVmYXVsdF0sT2JqZWN0LmdldE93blByb3BlcnR5RGVzY3JpcHRvcihyLnByb3RvdHlwZSwiaGFuZGxlQmVmb3JlSW5wdXQiKSxyLnByb3RvdHlwZSksZihyLnByb3RvdHlwZSwiaGFuZGxlSW5wdXQiLFtpLmRlZmF1bHRdLE9iamVjdC5nZXRPd25Qcm9wZXJ0eURlc2NyaXB0b3Ioci5wcm90b3R5cGUsImhhbmRsZUlucHV0Iiksci5wcm90b3R5cGUpLGYoci5wcm90b3R5cGUsImhhbmRsZUNoYW5nZSIsW2kuZGVmYXVsdF0sT2JqZWN0LmdldE93blByb3BlcnR5RGVzY3JpcHRvcihyLnByb3RvdHlwZSwiaGFuZGxlQ2hhbmdlIiksci5wcm90b3R5cGUpLHIpO3cucHJvcFR5cGVzPXt9LHQuZGVmYXVsdD13fSxmdW5jdGlvbihlLHQsbil7InVzZSBzdHJpY3QiO3QuX19lc01vZHVsZT0hMDt2YXIgcixvPW4oOTEpLGk9KHI9bykmJnIuX19lc01vZHVsZT9yOntkZWZhdWx0OnJ9O3ZhciBhPSJcdTIwMDciLGw9L15cZCQvLHU9L15bQS1aYS16XSQvLHM9L15bXGRBLVphLXpdJC8sYz17IioiOnt2YWxpZGF0ZTpmdW5jdGlvbihlKXtyZXR1cm4gcy50ZXN0KGUpfX0sMTp7dmFsaWRhdGU6ZnVuY3Rpb24oZSl7cmV0dXJuIGwudGVzdChlKX19LGE6e3ZhbGlkYXRlOmZ1bmN0aW9uKGUpe3JldHVybiB1LnRlc3QoZSl9fSxBOnt2YWxpZGF0ZTpmdW5jdGlvbihlKXtyZXR1cm4gdS50ZXN0KGUpfSx0cmFuc2Zvcm06ZnVuY3Rpb24oZSl7cmV0dXJuIGUudG9VcHBlckNhc2UoKX19LCIjIjp7dmFsaWRhdGU6ZnVuY3Rpb24oZSl7cmV0dXJuIHMudGVzdChlKX0sdHJhbnNmb3JtOmZ1bmN0aW9uKGUpe3JldHVybiBlLnRvVXBwZXJDYXNlKCl9fX0sZj1mdW5jdGlvbigpe2Z1bmN0aW9uIGUodCxuLHIpeyFmdW5jdGlvbihlLHQpe2lmKCEoZSBpbnN0YW5jZW9mIHQpKXRocm93IG5ldyBUeXBlRXJyb3IoIkNhbm5vdCBjYWxsIGEgY2xhc3MgYXMgYSBmdW5jdGlvbiIpfSh0aGlzLGUpLHRoaXMucGF0dGVybj1uZXcgaS5kZWZhdWx0LlBhdHRlcm4odCxPYmplY3QuYXNzaWduKHt9LGMsbiksYSksdGhpcy5sZW5ndGg9dGhpcy5wYXR0ZXJuLmxlbmd0aCx0aGlzLmZpcnN0RWRpdGFibGVJbmRleD10aGlzLnBhdHRlcm4uZmlyc3RFZGl0YWJsZUluZGV4LHRoaXMubGFzdEVkaXRhYmxlSW5kZXg9dGhpcy5wYXR0ZXJuLmxhc3RFZGl0YWJsZUluZGV4LHRoaXMudXNlV2hpdGVzcGFjZXM9cnx8ITF9cmV0dXJuIGUucHJvdG90eXBlLmlzRWRpdGFibGVJbmRleD1mdW5jdGlvbihlKXtyZXR1cm4gdGhpcy5wYXR0ZXJuLmlzRWRpdGFibGVJbmRleChlKX0sZS5wcm90b3R5cGUuZm9ybWF0PWZ1bmN0aW9uKGUpe2Zvcih2YXIgdD0iIixuPXRoaXMudXNlV2hpdGVzcGFjZXM/ZTplLnJlcGxhY2UoL1xzKy9nLCIiKSxyPW4ubGVuZ3RoLG89MCxpPXZvaWQgMCxhPTAsbD12b2lkIDAsdT10aGlzLnBhdHRlcm4ubGVuZ3RoO2E8dSYmbzxyOylpZih0aGlzLnBhdHRlcm4uaXNFZGl0YWJsZUluZGV4KGEpKWZvcig7IiIhPT0oaT1uLmNoYXJBdChvKSk7KXtpZih0aGlzLnBhdHRlcm4uaXNWYWxpZEF0SW5kZXgoaSxhKSl7dCs9dGhpcy5wYXR0ZXJuLnRyYW5zZm9ybShpLGEpLGErPTEsbys9MTticmVha31vKz0xfWVsc2UgdCs9bD10aGlzLnBhdHRlcm4ucGF0dGVyblthXSxhKz0xLG4uY2hhckF0KG8pPT09bCYmKG8rPTEpO3JldHVybiB0fSxlfSgpO3QuZGVmYXVsdD1mfSxmdW5jdGlvbihlLHQsbil7InVzZSBzdHJpY3QiO3QuX19lc01vZHVsZT0hMDt0LlNDUk9MTF9UT19DT1JSRUNUSU9OPTE2LHQuU0NST0xMX1RPX0RFRkFVTFRfRFVSQVRJT049MCx0LlNDUk9MTF9UT19OT1JNQUxfRFVSQVRJT049MjUwLHQuU0NST0xMX1RPX0VBU0lORz0iZWFzZUluT3V0U2luZSIsdC5QT1BVUF9NQUlOX09GRlNFVD0xMix0LkxPUkVNX0lQU1VNPVsiTG9yZW0gaXBzdW0gZG9sb3Igc2l0IGFtZXQsIGNvbnNlY3RldHVyIGFkaXBpc2NpbmcgZWxpdCwgc2VkIGRvIGVpdXNtb2QgdGVtcG9yIGluY2lkaWR1bnQgdXQgbGFib3JlIGV0IGRvbG9yZSBtYWduYSBhbGlxdWEuIFV0IGVuaW0gYWQgbWluaW0gdmVuaWFtLCBxdWlzIG5vc3RydWQgZXhlcmNpdGF0aW9uIHVsbGFtY28gbGFib3JpcyBuaXNpIHV0IGFsaXF1aXAgZXggZWEgY29tbW9kbyBjb25zZXF1YXQuICIsIkR1aXMgYXV0ZSBpcnVyZSBkb2xvciBpbiByZXByZWhlbmRlcml0IGluIHZvbHVwdGF0ZSB2ZWxpdCBlc3NlIGNpbGx1bSBkb2xvcmUgZXUgZnVnaWF0IG51bGxhIHBhcmlhdHVyLiBFeGNlcHRldXIgc2ludCBvY2NhZWNhdCBjdXBpZGF0YXQgbm9uIHByb2lkZW50LCBzdW50IGluIGN1bHBhIHF1aSBvZmZpY2lhIGRlc2VydW50IG1vbGxpdCBhbmltIGlkIGVzdCBsYWJvcnVtLiAiLCJEb25lYyBuZWMganVzdG8gZWdldCBmZWxpcyBmYWNpbGlzaXMgZmVybWVudHVtLiBBbGlxdWFtIHBvcnR0aXRvciBtYXVyaXMgc2l0IGFtZXQgb3JjaS4gQWVuZWFuIGRpZ25pc3NpbSBwZWxsZW50ZXNxdWUgZmVsaXMuICIsIk1vcmJpIGluIHNlbSBxdWlzIGR1aSBwbGFjZXJhdCBvcm5hcmUuIFBlbGxlbnRlc3F1ZSBvZGlvIG5pc2ksIGV1aXNtb2QgaW4sIHBoYXJldHJhIGEsIHVsdHJpY2llcyBpbiwgZGlhbS4gU2VkIGFyY3UuIENyYXMgY29uc2VxdWF0LiAiLCJQcmFlc2VudCBkYXBpYnVzLCBuZXF1ZSBpZCBjdXJzdXMgZmF1Y2lidXMsIHRvcnRvciBuZXF1ZSBlZ2VzdGFzIGF1Z3VlLCBldSB2dWxwdXRhdGUgbWFnbmEgZXJvcyBldSBlcmF0LiBBbGlxdWFtIGVyYXQgdm9sdXRwYXQuIE5hbSBkdWkgbWksIHRpbmNpZHVudCBxdWlzLCBhY2N1bXNhbiBwb3J0dGl0b3IsIGZhY2lsaXNpcyBsdWN0dXMsIG1ldHVzLiAiLCJTZWQgYWRpcGlzY2luZyBvcm5hcmUgcmlzdXMuIE1vcmJpIGVzdCBlc3QsIGJsYW5kaXQgc2l0IGFtZXQsIHNhZ2l0dGlzIHZlbCwgZXVpc21vZCB2ZWwsIHZlbGl0LiBQZWxsZW50ZXNxdWUgZWdlc3RhcyBzZW0uIFN1c3BlbmRpc3NlIGNvbW1vZG8gdWxsYW1jb3JwZXIgbWFnbmEuICIsIkV0aWFtIG1heGltdXMgdmVsaXQgcXVpcyBtYXNzYSBsYWNpbmlhIGxhb3JlZXQuIEN1cmFiaXR1ciBlZ2VzdGFzLCBtYXNzYSB2ZWwgdWxsYW1jb3JwZXIgY3Vyc3VzLCBzZW0gYXVndWUgZmF1Y2lidXMgb3JjaSwgZXUgbWF0dGlzIGVyYXQgbWkgYXQgYXJjdS4gSW4gYXQgbGlndWxhIHN1c2NpcGl0LCBiaWJlbmR1bSBuaXNsIHZlbCwgaGVuZHJlcml0IGV4LiAiLCJRdWlzcXVlIHNhZ2l0dGlzIHZlaGljdWxhIGF1Z3VlIGEgdHJpc3RpcXVlLiBTdXNwZW5kaXNzZSBxdWlzIGFjY3Vtc2FuIHF1YW0sIHBsYWNlcmF0IG9ybmFyZSBzYXBpZW4uIFBoYXNlbGx1cyBjb25zZWN0ZXR1ciBuaWJoIG5vbiBlc3QgbW9sZXN0aWUgbWFsZXN1YWRhLiAiLCJOdWxsYW0gdG9ydG9yIGV4LCBjb21tb2RvIGlkIHRyaXN0aXF1ZSBub24sIGF1Y3RvciBhIG1pLiBEb25lYyBhdCBmZXVnaWF0IGR1aSwgaW4gZWZmaWNpdHVyIGV4LiBGdXNjZSBtb2xlc3RpZSB0b3J0b3IgcXVpcyBsZW8gbWF0dGlzIGxvYm9ydGlzLiBNYWVjZW5hcyBsdWN0dXMgcmlzdXMgbG9yZW0sIGlkIGFsaXF1ZXQgZXJvcyBjb21tb2RvIGF0LiAiLCJGdXNjZSBsYWN1cyBzYXBpZW4sIGV1aXNtb2QgZ3JhdmlkYSBwdXJ1cyBub24sIGRpZ25pc3NpbSBzb2xsaWNpdHVkaW4gYXJjdS4gVXQgZmFjaWxpc2lzIG1hc3NhIGVyb3MsIHZlbCBoZW5kcmVyaXQgZXJvcyBsdWN0dXMgYXQuIFNlZCBkaWN0dW0gbGlndWxhIGV4LCBldCB2aXZlcnJhIG1hdXJpcyB2YXJpdXMgbm9uLiAiLCJTZWQgcmhvbmN1cyBjb25kaW1lbnR1bSB2ZWxpdCBhdCBmcmluZ2lsbGEuIE1hdXJpcyBkaWduaXNzaW0gcG9zdWVyZSB2ZXN0aWJ1bHVtLiBOdWxsYSBzZWQgdmVsaXQgdmVsIGxpZ3VsYSBzZW1wZXIgdmFyaXVzLiBRdWlzcXVlIGdyYXZpZGEgbmVjIG1hc3NhIGV1IGZyaW5naWxsYS4gIiwiRHVpcyByaXN1cyBsaWd1bGEsIGlhY3VsaXMgdmVsIHJ1dHJ1bSBlZ2V0LCB2YXJpdXMgdml0YWUgbWFzc2EuIFByb2luIG5vbiBhY2N1bXNhbiBwdXJ1cy4gRnVzY2Ugbm9uIGF1Z3VlIGluIGVuaW0gdWxsYW1jb3JwZXIgYWxpcXVldCBhIHF1aXMgcXVhbS4gIl19LGZ1bmN0aW9uKGUsdCxuKXsidXNlIHN0cmljdCI7dC5fX2VzTW9kdWxlPSEwLHQuZGVmYXVsdD12b2lkIDAsbigxMDQpLG4oNyk7dmFyIHIsbz1uKDEwNSksaT0ocj1vKSYmci5fX2VzTW9kdWxlP3I6e2RlZmF1bHQ6cn07dC5kZWZhdWx0PWkuZGVmYXVsdH0sZnVuY3Rpb24oZSx0LG4peyJ1c2Ugc3RyaWN0IjshZnVuY3Rpb24gZSgpe2lmKCJ1bmRlZmluZWQiIT09dHlwZW9mIF9fUkVBQ1RfREVWVE9PTFNfR0xPQkFMX0hPT0tfXyYmImZ1bmN0aW9uIj09PXR5cGVvZiBfX1JFQUNUX0RFVlRPT0xTX0dMT0JBTF9IT09LX18uY2hlY2tEQ0UpezA7dHJ5e19fUkVBQ1RfREVWVE9PTFNfR0xPQkFMX0hPT0tfXy5jaGVja0RDRShlKX1jYXRjaCh0KXtjb25zb2xlLmVycm9yKHQpfX19KCksZS5leHBvcnRzPW4oNTYpfSwsLCxmdW5jdGlvbihlLHQsbil7InVzZSBzdHJpY3QiOyhmdW5jdGlvbih0KXt2YXIgbj0iX19nbG9iYWxfdW5pcXVlX2lkX18iO2UuZXhwb3J0cz1mdW5jdGlvbigpe3JldHVybiB0W25dPSh0W25dfHwwKSsxfX0pLmNhbGwodGhpcyxuKDExMikpfSxmdW5jdGlvbihlLHQsbil7InVzZSBzdHJpY3QiO3ZhciByPW4oMTE2KSxvPXtjaGlsZENvbnRleHRUeXBlczohMCxjb250ZXh0VHlwZTohMCxjb250ZXh0VHlwZXM6ITAsZGVmYXVsdFByb3BzOiEwLGRpc3BsYXlOYW1lOiEwLGdldERlZmF1bHRQcm9wczohMCxnZXREZXJpdmVkU3RhdGVGcm9tRXJyb3I6ITAsZ2V0RGVyaXZlZFN0YXRlRnJvbVByb3BzOiEwLG1peGluczohMCxwcm9wVHlwZXM6ITAsdHlwZTohMH0saT17bmFtZTohMCxsZW5ndGg6ITAscHJvdG90eXBlOiEwLGNhbGxlcjohMCxjYWxsZWU6ITAsYXJndW1lbnRzOiEwLGFyaXR5OiEwfSxhPXskJHR5cGVvZjohMCxjb21wYXJlOiEwLGRlZmF1bHRQcm9wczohMCxkaXNwbGF5TmFtZTohMCxwcm9wVHlwZXM6ITAsdHlwZTohMH0sbD17fTtmdW5jdGlvbiB1KGUpe3JldHVybiByLmlzTWVtbyhlKT9hOmxbZS4kJHR5cGVvZl18fG99bFtyLkZvcndhcmRSZWZdPXskJHR5cGVvZjohMCxyZW5kZXI6ITAsZGVmYXVsdFByb3BzOiEwLGRpc3BsYXlOYW1lOiEwLHByb3BUeXBlczohMH07dmFyIHM9T2JqZWN0LmRlZmluZVByb3BlcnR5LGM9T2JqZWN0LmdldE93blByb3BlcnR5TmFtZXMsZj1PYmplY3QuZ2V0T3duUHJvcGVydHlTeW1ib2xzLHA9T2JqZWN0LmdldE93blByb3BlcnR5RGVzY3JpcHRvcixkPU9iamVjdC5nZXRQcm90b3R5cGVPZixoPU9iamVjdC5wcm90b3R5cGU7ZS5leHBvcnRzPWZ1bmN0aW9uIGUodCxuLHIpe2lmKCJzdHJpbmciIT09dHlwZW9mIG4pe2lmKGgpe3ZhciBvPWQobik7byYmbyE9PWgmJmUodCxvLHIpfXZhciBhPWMobik7ZiYmKGE9YS5jb25jYXQoZihuKSkpO2Zvcih2YXIgbD11KHQpLHk9dShuKSxtPTA7bTxhLmxlbmd0aDsrK20pe3ZhciB2PWFbbV07aWYoIWlbdl0mJighcnx8IXJbdl0pJiYoIXl8fCF5W3ZdKSYmKCFsfHwhbFt2XSkpe3ZhciBiPXAobix2KTt0cnl7cyh0LHYsYil9Y2F0Y2goZyl7fX19cmV0dXJuIHR9cmV0dXJuIHR9fSxmdW5jdGlvbihlLHQsbil7InVzZSBzdHJpY3QiO3QuX19lc01vZHVsZT0hMCx0LmRlZmF1bHQ9dm9pZCAwLG4oMTE5KSxuKDcpO3ZhciByLG89bigxMjApLGk9KHI9bykmJnIuX19lc01vZHVsZT9yOntkZWZhdWx0OnJ9O3QuZGVmYXVsdD1pLmRlZmF1bHR9LGZ1bmN0aW9uKGUsdCxuKXsidXNlIHN0cmljdCI7dC5fX2VzTW9kdWxlPSEwLHQuZGVmYXVsdD12b2lkIDAsbigxMjEpO3ZhciByLG89bigxMjIpLGk9KHI9bykmJnIuX19lc01vZHVsZT9yOntkZWZhdWx0OnJ9O3QuZGVmYXVsdD1pLmRlZmF1bHR9LCxmdW5jdGlvbihlLHQsbil7InVzZSBzdHJpY3QiO3QuX19lc01vZHVsZT0hMCx0LmRlZmF1bHQ9dm9pZCAwLG4oMTIpLG4oMTIzKTt2YXIgcixvPW4oMTI0KSxpPShyPW8pJiZyLl9fZXNNb2R1bGU/cjp7ZGVmYXVsdDpyfTt0LmRlZmF1bHQ9aS5kZWZhdWx0fSxmdW5jdGlvbihlLHQsbil7InVzZSBzdHJpY3QiO3QuX19lc01vZHVsZT0hMCx0LmRlZmF1bHQ9dm9pZCAwLG4oMTIpO3ZhciByLG89bigxMjYpLGk9KHI9bykmJnIuX19lc01vZHVsZT9yOntkZWZhdWx0OnJ9O3QuZGVmYXVsdD1pLmRlZmF1bHR9LCwsZnVuY3Rpb24oZSx0LG4peyJ1c2Ugc3RyaWN0Ijt2YXIgcj1uKDM0KSxvPSJmdW5jdGlvbiI9PT10eXBlb2YgU3ltYm9sJiZTeW1ib2wuZm9yLGk9bz9TeW1ib2wuZm9yKCJyZWFjdC5lbGVtZW50Iik6NjAxMDMsYT1vP1N5bWJvbC5mb3IoInJlYWN0LnBvcnRhbCIpOjYwMTA2LGw9bz9TeW1ib2wuZm9yKCJyZWFjdC5mcmFnbWVudCIpOjYwMTA3LHU9bz9TeW1ib2wuZm9yKCJyZWFjdC5zdHJpY3RfbW9kZSIpOjYwMTA4LHM9bz9TeW1ib2wuZm9yKCJyZWFjdC5wcm9maWxlciIpOjYwMTE0LGM9bz9TeW1ib2wuZm9yKCJyZWFjdC5wcm92aWRlciIpOjYwMTA5LGY9bz9TeW1ib2wuZm9yKCJyZWFjdC5jb250ZXh0Iik6NjAxMTAscD1vP1N5bWJvbC5mb3IoInJlYWN0LmZvcndhcmRfcmVmIik6NjAxMTIsZD1vP1N5bWJvbC5mb3IoInJlYWN0LnN1c3BlbnNlIik6NjAxMTMsaD1vP1N5bWJvbC5mb3IoInJlYWN0LnN1c3BlbnNlX2xpc3QiKTo2MDEyMCx5PW8/U3ltYm9sLmZvcigicmVhY3QubWVtbyIpOjYwMTE1LG09bz9TeW1ib2wuZm9yKCJyZWFjdC5sYXp5Iik6NjAxMTY7byYmU3ltYm9sLmZvcigicmVhY3QuZnVuZGFtZW50YWwiKSxvJiZTeW1ib2wuZm9yKCJyZWFjdC5yZXNwb25kZXIiKSxvJiZTeW1ib2wuZm9yKCJyZWFjdC5zY29wZSIpO3ZhciB2PSJmdW5jdGlvbiI9PT10eXBlb2YgU3ltYm9sJiZTeW1ib2wuaXRlcmF0b3I7ZnVuY3Rpb24gYihlKXtmb3IodmFyIHQ9ZS5tZXNzYWdlLG49Imh0dHBzOi8vcmVhY3Rqcy5vcmcvZG9jcy9lcnJvci1kZWNvZGVyLmh0bWw/aW52YXJpYW50PSIrdCxyPTE7cjxhcmd1bWVudHMubGVuZ3RoO3IrKyluKz0iJmFyZ3NbXT0iK2VuY29kZVVSSUNvbXBvbmVudChhcmd1bWVudHNbcl0pO3JldHVybiBlLm1lc3NhZ2U9Ik1pbmlmaWVkIFJlYWN0IGVycm9yICMiK3QrIjsgdmlzaXQgIituKyIgZm9yIHRoZSBmdWxsIG1lc3NhZ2Ugb3IgdXNlIHRoZSBub24tbWluaWZpZWQgZGV2IGVudmlyb25tZW50IGZvciBmdWxsIGVycm9ycyBhbmQgYWRkaXRpb25hbCBoZWxwZnVsIHdhcm5pbmdzLiAiLGV9dmFyIGc9e2lzTW91bnRlZDpmdW5jdGlvbigpe3JldHVybiExfSxlbnF1ZXVlRm9yY2VVcGRhdGU6ZnVuY3Rpb24oKXt9LGVucXVldWVSZXBsYWNlU3RhdGU6ZnVuY3Rpb24oKXt9LGVucXVldWVTZXRTdGF0ZTpmdW5jdGlvbigpe319LHc9e307ZnVuY3Rpb24gRShlLHQsbil7dGhpcy5wcm9wcz1lLHRoaXMuY29udGV4dD10LHRoaXMucmVmcz13LHRoaXMudXBkYXRlcj1ufHxnfWZ1bmN0aW9uIGsoKXt9ZnVuY3Rpb24gXyhlLHQsbil7dGhpcy5wcm9wcz1lLHRoaXMuY29udGV4dD10LHRoaXMucmVmcz13LHRoaXMudXBkYXRlcj1ufHxnfUUucHJvdG90eXBlLmlzUmVhY3RDb21wb25lbnQ9e30sRS5wcm90b3R5cGUuc2V0U3RhdGU9ZnVuY3Rpb24oZSx0KXtpZigib2JqZWN0IiE9PXR5cGVvZiBlJiYiZnVuY3Rpb24iIT09dHlwZW9mIGUmJm51bGwhPWUpdGhyb3cgYihFcnJvcig4NSkpO3RoaXMudXBkYXRlci5lbnF1ZXVlU2V0U3RhdGUodGhpcyxlLHQsInNldFN0YXRlIil9LEUucHJvdG90eXBlLmZvcmNlVXBkYXRlPWZ1bmN0aW9uKGUpe3RoaXMudXBkYXRlci5lbnF1ZXVlRm9yY2VVcGRhdGUodGhpcyxlLCJmb3JjZVVwZGF0ZSIpfSxrLnByb3RvdHlwZT1FLnByb3RvdHlwZTt2YXIgTz1fLnByb3RvdHlwZT1uZXcgaztPLmNvbnN0cnVjdG9yPV8scihPLEUucHJvdG90eXBlKSxPLmlzUHVyZVJlYWN0Q29tcG9uZW50PSEwO3ZhciBUPXtjdXJyZW50Om51bGx9LHg9e3N1c3BlbnNlOm51bGx9LEM9e2N1cnJlbnQ6bnVsbH0sUz1PYmplY3QucHJvdG90eXBlLmhhc093blByb3BlcnR5LFA9e2tleTohMCxyZWY6ITAsX19zZWxmOiEwLF9fc291cmNlOiEwfTtmdW5jdGlvbiBNKGUsdCxuKXt2YXIgcixvPXt9LGE9bnVsbCxsPW51bGw7aWYobnVsbCE9dClmb3IociBpbiB2b2lkIDAhPT10LnJlZiYmKGw9dC5yZWYpLHZvaWQgMCE9PXQua2V5JiYoYT0iIit0LmtleSksdClTLmNhbGwodCxyKSYmIVAuaGFzT3duUHJvcGVydHkocikmJihvW3JdPXRbcl0pO3ZhciB1PWFyZ3VtZW50cy5sZW5ndGgtMjtpZigxPT09dSlvLmNoaWxkcmVuPW47ZWxzZSBpZigxPHUpe2Zvcih2YXIgcz1BcnJheSh1KSxjPTA7Yzx1O2MrKylzW2NdPWFyZ3VtZW50c1tjKzJdO28uY2hpbGRyZW49c31pZihlJiZlLmRlZmF1bHRQcm9wcylmb3IociBpbiB1PWUuZGVmYXVsdFByb3BzKXZvaWQgMD09PW9bcl0mJihvW3JdPXVbcl0pO3JldHVybnskJHR5cGVvZjppLHR5cGU6ZSxrZXk6YSxyZWY6bCxwcm9wczpvLF9vd25lcjpDLmN1cnJlbnR9fWZ1bmN0aW9uIGooZSl7cmV0dXJuIm9iamVjdCI9PT10eXBlb2YgZSYmbnVsbCE9PWUmJmUuJCR0eXBlb2Y9PT1pfXZhciBOPS9cLysvZyxSPVtdO2Z1bmN0aW9uIEkoZSx0LG4scil7aWYoUi5sZW5ndGgpe3ZhciBvPVIucG9wKCk7cmV0dXJuIG8ucmVzdWx0PWUsby5rZXlQcmVmaXg9dCxvLmZ1bmM9bixvLmNvbnRleHQ9cixvLmNvdW50PTAsb31yZXR1cm57cmVzdWx0OmUsa2V5UHJlZml4OnQsZnVuYzpuLGNvbnRleHQ6cixjb3VudDowfX1mdW5jdGlvbiBMKGUpe2UucmVzdWx0PW51bGwsZS5rZXlQcmVmaXg9bnVsbCxlLmZ1bmM9bnVsbCxlLmNvbnRleHQ9bnVsbCxlLmNvdW50PTAsMTA+Ui5sZW5ndGgmJlIucHVzaChlKX1mdW5jdGlvbiBEKGUsdCxuKXtyZXR1cm4gbnVsbD09ZT8wOmZ1bmN0aW9uIGUodCxuLHIsbyl7dmFyIGw9dHlwZW9mIHQ7InVuZGVmaW5lZCIhPT1sJiYiYm9vbGVhbiIhPT1sfHwodD1udWxsKTt2YXIgdT0hMTtpZihudWxsPT09dCl1PSEwO2Vsc2Ugc3dpdGNoKGwpe2Nhc2Uic3RyaW5nIjpjYXNlIm51bWJlciI6dT0hMDticmVhaztjYXNlIm9iamVjdCI6c3dpdGNoKHQuJCR0eXBlb2Ype2Nhc2UgaTpjYXNlIGE6dT0hMH19aWYodSlyZXR1cm4gcihvLHQsIiI9PT1uPyIuIitBKHQsMCk6biksMTtpZih1PTAsbj0iIj09PW4/Ii4iOm4rIjoiLEFycmF5LmlzQXJyYXkodCkpZm9yKHZhciBzPTA7czx0Lmxlbmd0aDtzKyspe3ZhciBjPW4rQShsPXRbc10scyk7dSs9ZShsLGMscixvKX1lbHNlIGlmKG51bGw9PT10fHwib2JqZWN0IiE9PXR5cGVvZiB0P2M9bnVsbDpjPSJmdW5jdGlvbiI9PT10eXBlb2YoYz12JiZ0W3ZdfHx0WyJAQGl0ZXJhdG9yIl0pP2M6bnVsbCwiZnVuY3Rpb24iPT09dHlwZW9mIGMpZm9yKHQ9Yy5jYWxsKHQpLHM9MDshKGw9dC5uZXh0KCkpLmRvbmU7KXUrPWUobD1sLnZhbHVlLGM9bitBKGwscysrKSxyLG8pO2Vsc2UgaWYoIm9iamVjdCI9PT1sKXRocm93IHI9IiIrdCxiKEVycm9yKDMxKSwiW29iamVjdCBPYmplY3RdIj09PXI/Im9iamVjdCB3aXRoIGtleXMgeyIrT2JqZWN0LmtleXModCkuam9pbigiLCAiKSsifSI6ciwiIik7cmV0dXJuIHV9KGUsIiIsdCxuKX1mdW5jdGlvbiBBKGUsdCl7cmV0dXJuIm9iamVjdCI9PT10eXBlb2YgZSYmbnVsbCE9PWUmJm51bGwhPWUua2V5P2Z1bmN0aW9uKGUpe3ZhciB0PXsiPSI6Ij0wIiwiOiI6Ij0yIn07cmV0dXJuIiQiKygiIitlKS5yZXBsYWNlKC9bPTpdL2csKGZ1bmN0aW9uKGUpe3JldHVybiB0W2VdfSkpfShlLmtleSk6dC50b1N0cmluZygzNil9ZnVuY3Rpb24geihlLHQpe2UuZnVuYy5jYWxsKGUuY29udGV4dCx0LGUuY291bnQrKyl9ZnVuY3Rpb24gVShlLHQsbil7dmFyIHI9ZS5yZXN1bHQsbz1lLmtleVByZWZpeDtlPWUuZnVuYy5jYWxsKGUuY29udGV4dCx0LGUuY291bnQrKyksQXJyYXkuaXNBcnJheShlKT9GKGUscixuLChmdW5jdGlvbihlKXtyZXR1cm4gZX0pKTpudWxsIT1lJiYoaihlKSYmKGU9ZnVuY3Rpb24oZSx0KXtyZXR1cm57JCR0eXBlb2Y6aSx0eXBlOmUudHlwZSxrZXk6dCxyZWY6ZS5yZWYscHJvcHM6ZS5wcm9wcyxfb3duZXI6ZS5fb3duZXJ9fShlLG8rKCFlLmtleXx8dCYmdC5rZXk9PT1lLmtleT8iIjooIiIrZS5rZXkpLnJlcGxhY2UoTiwiJCYvIikrIi8iKStuKSksci5wdXNoKGUpKX1mdW5jdGlvbiBGKGUsdCxuLHIsbyl7dmFyIGk9IiI7bnVsbCE9biYmKGk9KCIiK24pLnJlcGxhY2UoTiwiJCYvIikrIi8iKSxEKGUsVSx0PUkodCxpLHIsbykpLEwodCl9ZnVuY3Rpb24gQigpe3ZhciBlPVQuY3VycmVudDtpZihudWxsPT09ZSl0aHJvdyBiKEVycm9yKDMyMSkpO3JldHVybiBlfXZhciAkPXtDaGlsZHJlbjp7bWFwOmZ1bmN0aW9uKGUsdCxuKXtpZihudWxsPT1lKXJldHVybiBlO3ZhciByPVtdO3JldHVybiBGKGUscixudWxsLHQsbikscn0sZm9yRWFjaDpmdW5jdGlvbihlLHQsbil7aWYobnVsbD09ZSlyZXR1cm4gZTtEKGUseix0PUkobnVsbCxudWxsLHQsbikpLEwodCl9LGNvdW50OmZ1bmN0aW9uKGUpe3JldHVybiBEKGUsKGZ1bmN0aW9uKCl7cmV0dXJuIG51bGx9KSxudWxsKX0sdG9BcnJheTpmdW5jdGlvbihlKXt2YXIgdD1bXTtyZXR1cm4gRihlLHQsbnVsbCwoZnVuY3Rpb24oZSl7cmV0dXJuIGV9KSksdH0sb25seTpmdW5jdGlvbihlKXtpZighaihlKSl0aHJvdyBiKEVycm9yKDE0MykpO3JldHVybiBlfX0sY3JlYXRlUmVmOmZ1bmN0aW9uKCl7cmV0dXJue2N1cnJlbnQ6bnVsbH19LENvbXBvbmVudDpFLFB1cmVDb21wb25lbnQ6XyxjcmVhdGVDb250ZXh0OmZ1bmN0aW9uKGUsdCl7cmV0dXJuIHZvaWQgMD09PXQmJih0PW51bGwpLChlPXskJHR5cGVvZjpmLF9jYWxjdWxhdGVDaGFuZ2VkQml0czp0LF9jdXJyZW50VmFsdWU6ZSxfY3VycmVudFZhbHVlMjplLF90aHJlYWRDb3VudDowLFByb3ZpZGVyOm51bGwsQ29uc3VtZXI6bnVsbH0pLlByb3ZpZGVyPXskJHR5cGVvZjpjLF9jb250ZXh0OmV9LGUuQ29uc3VtZXI9ZX0sZm9yd2FyZFJlZjpmdW5jdGlvbihlKXtyZXR1cm57JCR0eXBlb2Y6cCxyZW5kZXI6ZX19LGxhenk6ZnVuY3Rpb24oZSl7cmV0dXJueyQkdHlwZW9mOm0sX2N0b3I6ZSxfc3RhdHVzOi0xLF9yZXN1bHQ6bnVsbH19LG1lbW86ZnVuY3Rpb24oZSx0KXtyZXR1cm57JCR0eXBlb2Y6eSx0eXBlOmUsY29tcGFyZTp2b2lkIDA9PT10P251bGw6dH19LHVzZUNhbGxiYWNrOmZ1bmN0aW9uKGUsdCl7cmV0dXJuIEIoKS51c2VDYWxsYmFjayhlLHQpfSx1c2VDb250ZXh0OmZ1bmN0aW9uKGUsdCl7cmV0dXJuIEIoKS51c2VDb250ZXh0KGUsdCl9LHVzZUVmZmVjdDpmdW5jdGlvbihlLHQpe3JldHVybiBCKCkudXNlRWZmZWN0KGUsdCl9LHVzZUltcGVyYXRpdmVIYW5kbGU6ZnVuY3Rpb24oZSx0LG4pe3JldHVybiBCKCkudXNlSW1wZXJhdGl2ZUhhbmRsZShlLHQsbil9LHVzZURlYnVnVmFsdWU6ZnVuY3Rpb24oKXt9LHVzZUxheW91dEVmZmVjdDpmdW5jdGlvbihlLHQpe3JldHVybiBCKCkudXNlTGF5b3V0RWZmZWN0KGUsdCl9LHVzZU1lbW86ZnVuY3Rpb24oZSx0KXtyZXR1cm4gQigpLnVzZU1lbW8oZSx0KX0sdXNlUmVkdWNlcjpmdW5jdGlvbihlLHQsbil7cmV0dXJuIEIoKS51c2VSZWR1Y2VyKGUsdCxuKX0sdXNlUmVmOmZ1bmN0aW9uKGUpe3JldHVybiBCKCkudXNlUmVmKGUpfSx1c2VTdGF0ZTpmdW5jdGlvbihlKXtyZXR1cm4gQigpLnVzZVN0YXRlKGUpfSxGcmFnbWVudDpsLFByb2ZpbGVyOnMsU3RyaWN0TW9kZTp1LFN1c3BlbnNlOmQsdW5zdGFibGVfU3VzcGVuc2VMaXN0OmgsY3JlYXRlRWxlbWVudDpNLGNsb25lRWxlbWVudDpmdW5jdGlvbihlLHQsbil7aWYobnVsbD09PWV8fHZvaWQgMD09PWUpdGhyb3cgYihFcnJvcigyNjcpLGUpO3ZhciBvPXIoe30sZS5wcm9wcyksYT1lLmtleSxsPWUucmVmLHU9ZS5fb3duZXI7aWYobnVsbCE9dCl7aWYodm9pZCAwIT09dC5yZWYmJihsPXQucmVmLHU9Qy5jdXJyZW50KSx2b2lkIDAhPT10LmtleSYmKGE9IiIrdC5rZXkpLGUudHlwZSYmZS50eXBlLmRlZmF1bHRQcm9wcyl2YXIgcz1lLnR5cGUuZGVmYXVsdFByb3BzO2ZvcihjIGluIHQpUy5jYWxsKHQsYykmJiFQLmhhc093blByb3BlcnR5KGMpJiYob1tjXT12b2lkIDA9PT10W2NdJiZ2b2lkIDAhPT1zP3NbY106dFtjXSl9dmFyIGM9YXJndW1lbnRzLmxlbmd0aC0yO2lmKDE9PT1jKW8uY2hpbGRyZW49bjtlbHNlIGlmKDE8Yyl7cz1BcnJheShjKTtmb3IodmFyIGY9MDtmPGM7ZisrKXNbZl09YXJndW1lbnRzW2YrMl07by5jaGlsZHJlbj1zfXJldHVybnskJHR5cGVvZjppLHR5cGU6ZS50eXBlLGtleTphLHJlZjpsLHByb3BzOm8sX293bmVyOnV9fSxjcmVhdGVGYWN0b3J5OmZ1bmN0aW9uKGUpe3ZhciB0PU0uYmluZChudWxsLGUpO3JldHVybiB0LnR5cGU9ZSx0fSxpc1ZhbGlkRWxlbWVudDpqLHZlcnNpb246IjE2LjEwLjEiLHVuc3RhYmxlX3dpdGhTdXNwZW5zZUNvbmZpZzpmdW5jdGlvbihlLHQpe3ZhciBuPXguc3VzcGVuc2U7eC5zdXNwZW5zZT12b2lkIDA9PT10P251bGw6dDt0cnl7ZSgpfWZpbmFsbHl7eC5zdXNwZW5zZT1ufX0sX19TRUNSRVRfSU5URVJOQUxTX0RPX05PVF9VU0VfT1JfWU9VX1dJTExfQkVfRklSRUQ6e1JlYWN0Q3VycmVudERpc3BhdGNoZXI6VCxSZWFjdEN1cnJlbnRCYXRjaENvbmZpZzp4LFJlYWN0Q3VycmVudE93bmVyOkMsSXNTb21lUmVuZGVyZXJBY3Rpbmc6e2N1cnJlbnQ6ITF9LGFzc2lnbjpyfX0sVz17ZGVmYXVsdDokfSxWPVcmJiR8fFc7ZS5leHBvcnRzPVYuZGVmYXVsdHx8Vn0sZnVuY3Rpb24oZSx0LG4peyJ1c2Ugc3RyaWN0Ijt2YXIgcj1uKDApLG89bigzNCksaT1uKDU3KTtmdW5jdGlvbiBhKGUpe2Zvcih2YXIgdD1lLm1lc3NhZ2Usbj0iaHR0cHM6Ly9yZWFjdGpzLm9yZy9kb2NzL2Vycm9yLWRlY29kZXIuaHRtbD9pbnZhcmlhbnQ9Iit0LHI9MTtyPGFyZ3VtZW50cy5sZW5ndGg7cisrKW4rPSImYXJnc1tdPSIrZW5jb2RlVVJJQ29tcG9uZW50KGFyZ3VtZW50c1tyXSk7cmV0dXJuIGUubWVzc2FnZT0iTWluaWZpZWQgUmVhY3QgZXJyb3IgIyIrdCsiOyB2aXNpdCAiK24rIiBmb3IgdGhlIGZ1bGwgbWVzc2FnZSBvciB1c2UgdGhlIG5vbi1taW5pZmllZCBkZXYgZW52aXJvbm1lbnQgZm9yIGZ1bGwgZXJyb3JzIGFuZCBhZGRpdGlvbmFsIGhlbHBmdWwgd2FybmluZ3MuICIsZX1pZighcil0aHJvdyBhKEVycm9yKDIyNykpO3ZhciBsPW51bGwsdT17fTtmdW5jdGlvbiBzKCl7aWYobClmb3IodmFyIGUgaW4gdSl7dmFyIHQ9dVtlXSxuPWwuaW5kZXhPZihlKTtpZighKC0xPG4pKXRocm93IGEoRXJyb3IoOTYpLGUpO2lmKCFmW25dKXtpZighdC5leHRyYWN0RXZlbnRzKXRocm93IGEoRXJyb3IoOTcpLGUpO2Zvcih2YXIgciBpbiBmW25dPXQsbj10LmV2ZW50VHlwZXMpe3ZhciBvPXZvaWQgMCxpPW5bcl0scz10LGQ9cjtpZihwLmhhc093blByb3BlcnR5KGQpKXRocm93IGEoRXJyb3IoOTkpLGQpO3BbZF09aTt2YXIgaD1pLnBoYXNlZFJlZ2lzdHJhdGlvbk5hbWVzO2lmKGgpe2ZvcihvIGluIGgpaC5oYXNPd25Qcm9wZXJ0eShvKSYmYyhoW29dLHMsZCk7bz0hMH1lbHNlIGkucmVnaXN0cmF0aW9uTmFtZT8oYyhpLnJlZ2lzdHJhdGlvbk5hbWUscyxkKSxvPSEwKTpvPSExO2lmKCFvKXRocm93IGEoRXJyb3IoOTgpLHIsZSl9fX19ZnVuY3Rpb24gYyhlLHQsbil7aWYoZFtlXSl0aHJvdyBhKEVycm9yKDEwMCksZSk7ZFtlXT10LGhbZV09dC5ldmVudFR5cGVzW25dLmRlcGVuZGVuY2llc312YXIgZj1bXSxwPXt9LGQ9e30saD17fTtmdW5jdGlvbiB5KGUsdCxuLHIsbyxpLGEsbCx1KXt2YXIgcz1BcnJheS5wcm90b3R5cGUuc2xpY2UuY2FsbChhcmd1bWVudHMsMyk7dHJ5e3QuYXBwbHkobixzKX1jYXRjaChjKXt0aGlzLm9uRXJyb3IoYyl9fXZhciBtPSExLHY9bnVsbCxiPSExLGc9bnVsbCx3PXtvbkVycm9yOmZ1bmN0aW9uKGUpe209ITAsdj1lfX07ZnVuY3Rpb24gRShlLHQsbixyLG8saSxhLGwsdSl7bT0hMSx2PW51bGwseS5hcHBseSh3LGFyZ3VtZW50cyl9dmFyIGs9bnVsbCxfPW51bGwsTz1udWxsO2Z1bmN0aW9uIFQoZSx0LG4pe3ZhciByPWUudHlwZXx8InVua25vd24tZXZlbnQiO2UuY3VycmVudFRhcmdldD1PKG4pLGZ1bmN0aW9uKGUsdCxuLHIsbyxpLGwsdSxzKXtpZihFLmFwcGx5KHRoaXMsYXJndW1lbnRzKSxtKXtpZighbSl0aHJvdyBhKEVycm9yKDE5OCkpO3ZhciBjPXY7bT0hMSx2PW51bGwsYnx8KGI9ITAsZz1jKX19KHIsdCx2b2lkIDAsZSksZS5jdXJyZW50VGFyZ2V0PW51bGx9ZnVuY3Rpb24geChlLHQpe2lmKG51bGw9PXQpdGhyb3cgYShFcnJvcigzMCkpO3JldHVybiBudWxsPT1lP3Q6QXJyYXkuaXNBcnJheShlKT9BcnJheS5pc0FycmF5KHQpPyhlLnB1c2guYXBwbHkoZSx0KSxlKTooZS5wdXNoKHQpLGUpOkFycmF5LmlzQXJyYXkodCk/W2VdLmNvbmNhdCh0KTpbZSx0XX1mdW5jdGlvbiBDKGUsdCxuKXtBcnJheS5pc0FycmF5KGUpP2UuZm9yRWFjaCh0LG4pOmUmJnQuY2FsbChuLGUpfXZhciBTPW51bGw7ZnVuY3Rpb24gUChlKXtpZihlKXt2YXIgdD1lLl9kaXNwYXRjaExpc3RlbmVycyxuPWUuX2Rpc3BhdGNoSW5zdGFuY2VzO2lmKEFycmF5LmlzQXJyYXkodCkpZm9yKHZhciByPTA7cjx0Lmxlbmd0aCYmIWUuaXNQcm9wYWdhdGlvblN0b3BwZWQoKTtyKyspVChlLHRbcl0sbltyXSk7ZWxzZSB0JiZUKGUsdCxuKTtlLl9kaXNwYXRjaExpc3RlbmVycz1udWxsLGUuX2Rpc3BhdGNoSW5zdGFuY2VzPW51bGwsZS5pc1BlcnNpc3RlbnQoKXx8ZS5jb25zdHJ1Y3Rvci5yZWxlYXNlKGUpfX1mdW5jdGlvbiBNKGUpe2lmKG51bGwhPT1lJiYoUz14KFMsZSkpLGU9UyxTPW51bGwsZSl7aWYoQyhlLFApLFMpdGhyb3cgYShFcnJvcig5NSkpO2lmKGIpdGhyb3cgZT1nLGI9ITEsZz1udWxsLGV9fXZhciBqPXtpbmplY3RFdmVudFBsdWdpbk9yZGVyOmZ1bmN0aW9uKGUpe2lmKGwpdGhyb3cgYShFcnJvcigxMDEpKTtsPUFycmF5LnByb3RvdHlwZS5zbGljZS5jYWxsKGUpLHMoKX0saW5qZWN0RXZlbnRQbHVnaW5zQnlOYW1lOmZ1bmN0aW9uKGUpe3ZhciB0LG49ITE7Zm9yKHQgaW4gZSlpZihlLmhhc093blByb3BlcnR5KHQpKXt2YXIgcj1lW3RdO2lmKCF1Lmhhc093blByb3BlcnR5KHQpfHx1W3RdIT09cil7aWYodVt0XSl0aHJvdyBhKEVycm9yKDEwMiksdCk7dVt0XT1yLG49ITB9fW4mJnMoKX19O2Z1bmN0aW9uIE4oZSx0KXt2YXIgbj1lLnN0YXRlTm9kZTtpZighbilyZXR1cm4gbnVsbDt2YXIgcj1rKG4pO2lmKCFyKXJldHVybiBudWxsO249clt0XTtlOnN3aXRjaCh0KXtjYXNlIm9uQ2xpY2siOmNhc2Uib25DbGlja0NhcHR1cmUiOmNhc2Uib25Eb3VibGVDbGljayI6Y2FzZSJvbkRvdWJsZUNsaWNrQ2FwdHVyZSI6Y2FzZSJvbk1vdXNlRG93biI6Y2FzZSJvbk1vdXNlRG93bkNhcHR1cmUiOmNhc2Uib25Nb3VzZU1vdmUiOmNhc2Uib25Nb3VzZU1vdmVDYXB0dXJlIjpjYXNlIm9uTW91c2VVcCI6Y2FzZSJvbk1vdXNlVXBDYXB0dXJlIjoocj0hci5kaXNhYmxlZCl8fChyPSEoImJ1dHRvbiI9PT0oZT1lLnR5cGUpfHwiaW5wdXQiPT09ZXx8InNlbGVjdCI9PT1lfHwidGV4dGFyZWEiPT09ZSkpLGU9IXI7YnJlYWsgZTtkZWZhdWx0OmU9ITF9aWYoZSlyZXR1cm4gbnVsbDtpZihuJiYiZnVuY3Rpb24iIT09dHlwZW9mIG4pdGhyb3cgYShFcnJvcigyMzEpLHQsdHlwZW9mIG4pO3JldHVybiBufXZhciBSPXIuX19TRUNSRVRfSU5URVJOQUxTX0RPX05PVF9VU0VfT1JfWU9VX1dJTExfQkVfRklSRUQ7Ui5oYXNPd25Qcm9wZXJ0eSgiUmVhY3RDdXJyZW50RGlzcGF0Y2hlciIpfHwoUi5SZWFjdEN1cnJlbnREaXNwYXRjaGVyPXtjdXJyZW50Om51bGx9KSxSLmhhc093blByb3BlcnR5KCJSZWFjdEN1cnJlbnRCYXRjaENvbmZpZyIpfHwoUi5SZWFjdEN1cnJlbnRCYXRjaENvbmZpZz17c3VzcGVuc2U6bnVsbH0pO3ZhciBJPS9eKC4qKVtcXFwvXS8sTD0iZnVuY3Rpb24iPT09dHlwZW9mIFN5bWJvbCYmU3ltYm9sLmZvcixEPUw/U3ltYm9sLmZvcigicmVhY3QuZWxlbWVudCIpOjYwMTAzLEE9TD9TeW1ib2wuZm9yKCJyZWFjdC5wb3J0YWwiKTo2MDEwNix6PUw/U3ltYm9sLmZvcigicmVhY3QuZnJhZ21lbnQiKTo2MDEwNyxVPUw/U3ltYm9sLmZvcigicmVhY3Quc3RyaWN0X21vZGUiKTo2MDEwOCxGPUw/U3ltYm9sLmZvcigicmVhY3QucHJvZmlsZXIiKTo2MDExNCxCPUw/U3ltYm9sLmZvcigicmVhY3QucHJvdmlkZXIiKTo2MDEwOSwkPUw/U3ltYm9sLmZvcigicmVhY3QuY29udGV4dCIpOjYwMTEwLFc9TD9TeW1ib2wuZm9yKCJyZWFjdC5jb25jdXJyZW50X21vZGUiKTo2MDExMSxWPUw/U3ltYm9sLmZvcigicmVhY3QuZm9yd2FyZF9yZWYiKTo2MDExMixLPUw/U3ltYm9sLmZvcigicmVhY3Quc3VzcGVuc2UiKTo2MDExMyxIPUw/U3ltYm9sLmZvcigicmVhY3Quc3VzcGVuc2VfbGlzdCIpOjYwMTIwLFE9TD9TeW1ib2wuZm9yKCJyZWFjdC5tZW1vIik6NjAxMTUsWT1MP1N5bWJvbC5mb3IoInJlYWN0LmxhenkiKTo2MDExNjtMJiZTeW1ib2wuZm9yKCJyZWFjdC5mdW5kYW1lbnRhbCIpLEwmJlN5bWJvbC5mb3IoInJlYWN0LnJlc3BvbmRlciIpLEwmJlN5bWJvbC5mb3IoInJlYWN0LnNjb3BlIik7dmFyIHE9ImZ1bmN0aW9uIj09PXR5cGVvZiBTeW1ib2wmJlN5bWJvbC5pdGVyYXRvcjtmdW5jdGlvbiBHKGUpe3JldHVybiBudWxsPT09ZXx8Im9iamVjdCIhPT10eXBlb2YgZT9udWxsOiJmdW5jdGlvbiI9PT10eXBlb2YoZT1xJiZlW3FdfHxlWyJAQGl0ZXJhdG9yIl0pP2U6bnVsbH1mdW5jdGlvbiBYKGUpe2lmKG51bGw9PWUpcmV0dXJuIG51bGw7aWYoImZ1bmN0aW9uIj09PXR5cGVvZiBlKXJldHVybiBlLmRpc3BsYXlOYW1lfHxlLm5hbWV8fG51bGw7aWYoInN0cmluZyI9PT10eXBlb2YgZSlyZXR1cm4gZTtzd2l0Y2goZSl7Y2FzZSB6OnJldHVybiJGcmFnbWVudCI7Y2FzZSBBOnJldHVybiJQb3J0YWwiO2Nhc2UgRjpyZXR1cm4iUHJvZmlsZXIiO2Nhc2UgVTpyZXR1cm4iU3RyaWN0TW9kZSI7Y2FzZSBLOnJldHVybiJTdXNwZW5zZSI7Y2FzZSBIOnJldHVybiJTdXNwZW5zZUxpc3QifWlmKCJvYmplY3QiPT09dHlwZW9mIGUpc3dpdGNoKGUuJCR0eXBlb2Ype2Nhc2UgJDpyZXR1cm4iQ29udGV4dC5Db25zdW1lciI7Y2FzZSBCOnJldHVybiJDb250ZXh0LlByb3ZpZGVyIjtjYXNlIFY6dmFyIHQ9ZS5yZW5kZXI7cmV0dXJuIHQ9dC5kaXNwbGF5TmFtZXx8dC5uYW1lfHwiIixlLmRpc3BsYXlOYW1lfHwoIiIhPT10PyJGb3J3YXJkUmVmKCIrdCsiKSI6IkZvcndhcmRSZWYiKTtjYXNlIFE6cmV0dXJuIFgoZS50eXBlKTtjYXNlIFk6aWYoZT0xPT09ZS5fc3RhdHVzP2UuX3Jlc3VsdDpudWxsKXJldHVybiBYKGUpfXJldHVybiBudWxsfWZ1bmN0aW9uIFooZSl7dmFyIHQ9IiI7ZG97ZTpzd2l0Y2goZS50YWcpe2Nhc2UgMzpjYXNlIDQ6Y2FzZSA2OmNhc2UgNzpjYXNlIDEwOmNhc2UgOTp2YXIgbj0iIjticmVhayBlO2RlZmF1bHQ6dmFyIHI9ZS5fZGVidWdPd25lcixvPWUuX2RlYnVnU291cmNlLGk9WChlLnR5cGUpO249bnVsbCxyJiYobj1YKHIudHlwZSkpLHI9aSxpPSIiLG8/aT0iIChhdCAiK28uZmlsZU5hbWUucmVwbGFjZShJLCIiKSsiOiIrby5saW5lTnVtYmVyKyIpIjpuJiYoaT0iIChjcmVhdGVkIGJ5ICIrbisiKSIpLG49IlxuICAgIGluICIrKHJ8fCJVbmtub3duIikraX10Kz1uLGU9ZS5yZXR1cm59d2hpbGUoZSk7cmV0dXJuIHR9dmFyIEo9ISgidW5kZWZpbmVkIj09PXR5cGVvZiB3aW5kb3d8fCJ1bmRlZmluZWQiPT09dHlwZW9mIHdpbmRvdy5kb2N1bWVudHx8InVuZGVmaW5lZCI9PT10eXBlb2Ygd2luZG93LmRvY3VtZW50LmNyZWF0ZUVsZW1lbnQpLGVlPW51bGwsdGU9bnVsbCxuZT1udWxsO2Z1bmN0aW9uIHJlKGUpe2lmKGU9XyhlKSl7aWYoImZ1bmN0aW9uIiE9PXR5cGVvZiBlZSl0aHJvdyBhKEVycm9yKDI4MCkpO3ZhciB0PWsoZS5zdGF0ZU5vZGUpO2VlKGUuc3RhdGVOb2RlLGUudHlwZSx0KX19ZnVuY3Rpb24gb2UoZSl7dGU/bmU/bmUucHVzaChlKTpuZT1bZV06dGU9ZX1mdW5jdGlvbiBpZSgpe2lmKHRlKXt2YXIgZT10ZSx0PW5lO2lmKG5lPXRlPW51bGwscmUoZSksdClmb3IoZT0wO2U8dC5sZW5ndGg7ZSsrKXJlKHRbZV0pfX1mdW5jdGlvbiBhZShlLHQpe3JldHVybiBlKHQpfWZ1bmN0aW9uIGxlKGUsdCxuLHIpe3JldHVybiBlKHQsbixyKX1mdW5jdGlvbiB1ZSgpe312YXIgc2U9YWUsY2U9ITEsZmU9ITE7ZnVuY3Rpb24gcGUoKXtudWxsPT09dGUmJm51bGw9PT1uZXx8KHVlKCksaWUoKSl9bmV3IE1hcCxuZXcgTWFwLG5ldyBNYXA7dmFyIGRlPS9eWzpBLVpfYS16XHUwMEMwLVx1MDBENlx1MDBEOC1cdTAwRjZcdTAwRjgtXHUwMkZGXHUwMzcwLVx1MDM3RFx1MDM3Ri1cdTFGRkZcdTIwMEMtXHUyMDBEXHUyMDcwLVx1MjE4Rlx1MkMwMC1cdTJGRUZcdTMwMDEtXHVEN0ZGXHVGOTAwLVx1RkRDRlx1RkRGMC1cdUZGRkRdWzpBLVpfYS16XHUwMEMwLVx1MDBENlx1MDBEOC1cdTAwRjZcdTAwRjgtXHUwMkZGXHUwMzcwLVx1MDM3RFx1MDM3Ri1cdTFGRkZcdTIwMEMtXHUyMDBEXHUyMDcwLVx1MjE4Rlx1MkMwMC1cdTJGRUZcdTMwMDEtXHVEN0ZGXHVGOTAwLVx1RkRDRlx1RkRGMC1cdUZGRkRcLS4wLTlcdTAwQjdcdTAzMDAtXHUwMzZGXHUyMDNGLVx1MjA0MF0qJC8saGU9T2JqZWN0LnByb3RvdHlwZS5oYXNPd25Qcm9wZXJ0eSx5ZT17fSxtZT17fTtmdW5jdGlvbiB2ZShlLHQsbixyLG8saSl7dGhpcy5hY2NlcHRzQm9vbGVhbnM9Mj09PXR8fDM9PT10fHw0PT09dCx0aGlzLmF0dHJpYnV0ZU5hbWU9cix0aGlzLmF0dHJpYnV0ZU5hbWVzcGFjZT1vLHRoaXMubXVzdFVzZVByb3BlcnR5PW4sdGhpcy5wcm9wZXJ0eU5hbWU9ZSx0aGlzLnR5cGU9dCx0aGlzLnNhbml0aXplVVJMPWl9dmFyIGJlPXt9OyJjaGlsZHJlbiBkYW5nZXJvdXNseVNldElubmVySFRNTCBkZWZhdWx0VmFsdWUgZGVmYXVsdENoZWNrZWQgaW5uZXJIVE1MIHN1cHByZXNzQ29udGVudEVkaXRhYmxlV2FybmluZyBzdXBwcmVzc0h5ZHJhdGlvbldhcm5pbmcgc3R5bGUiLnNwbGl0KCIgIikuZm9yRWFjaCgoZnVuY3Rpb24oZSl7YmVbZV09bmV3IHZlKGUsMCwhMSxlLG51bGwsITEpfSkpLFtbImFjY2VwdENoYXJzZXQiLCJhY2NlcHQtY2hhcnNldCJdLFsiY2xhc3NOYW1lIiwiY2xhc3MiXSxbImh0bWxGb3IiLCJmb3IiXSxbImh0dHBFcXVpdiIsImh0dHAtZXF1aXYiXV0uZm9yRWFjaCgoZnVuY3Rpb24oZSl7dmFyIHQ9ZVswXTtiZVt0XT1uZXcgdmUodCwxLCExLGVbMV0sbnVsbCwhMSl9KSksWyJjb250ZW50RWRpdGFibGUiLCJkcmFnZ2FibGUiLCJzcGVsbENoZWNrIiwidmFsdWUiXS5mb3JFYWNoKChmdW5jdGlvbihlKXtiZVtlXT1uZXcgdmUoZSwyLCExLGUudG9Mb3dlckNhc2UoKSxudWxsLCExKX0pKSxbImF1dG9SZXZlcnNlIiwiZXh0ZXJuYWxSZXNvdXJjZXNSZXF1aXJlZCIsImZvY3VzYWJsZSIsInByZXNlcnZlQWxwaGEiXS5mb3JFYWNoKChmdW5jdGlvbihlKXtiZVtlXT1uZXcgdmUoZSwyLCExLGUsbnVsbCwhMSl9KSksImFsbG93RnVsbFNjcmVlbiBhc3luYyBhdXRvRm9jdXMgYXV0b1BsYXkgY29udHJvbHMgZGVmYXVsdCBkZWZlciBkaXNhYmxlZCBkaXNhYmxlUGljdHVyZUluUGljdHVyZSBmb3JtTm9WYWxpZGF0ZSBoaWRkZW4gbG9vcCBub01vZHVsZSBub1ZhbGlkYXRlIG9wZW4gcGxheXNJbmxpbmUgcmVhZE9ubHkgcmVxdWlyZWQgcmV2ZXJzZWQgc2NvcGVkIHNlYW1sZXNzIGl0ZW1TY29wZSIuc3BsaXQoIiAiKS5mb3JFYWNoKChmdW5jdGlvbihlKXtiZVtlXT1uZXcgdmUoZSwzLCExLGUudG9Mb3dlckNhc2UoKSxudWxsLCExKX0pKSxbImNoZWNrZWQiLCJtdWx0aXBsZSIsIm11dGVkIiwic2VsZWN0ZWQiXS5mb3JFYWNoKChmdW5jdGlvbihlKXtiZVtlXT1uZXcgdmUoZSwzLCEwLGUsbnVsbCwhMSl9KSksWyJjYXB0dXJlIiwiZG93bmxvYWQiXS5mb3JFYWNoKChmdW5jdGlvbihlKXtiZVtlXT1uZXcgdmUoZSw0LCExLGUsbnVsbCwhMSl9KSksWyJjb2xzIiwicm93cyIsInNpemUiLCJzcGFuIl0uZm9yRWFjaCgoZnVuY3Rpb24oZSl7YmVbZV09bmV3IHZlKGUsNiwhMSxlLG51bGwsITEpfSkpLFsicm93U3BhbiIsInN0YXJ0Il0uZm9yRWFjaCgoZnVuY3Rpb24oZSl7YmVbZV09bmV3IHZlKGUsNSwhMSxlLnRvTG93ZXJDYXNlKCksbnVsbCwhMSl9KSk7dmFyIGdlPS9bXC06XShbYS16XSkvZztmdW5jdGlvbiB3ZShlKXtyZXR1cm4gZVsxXS50b1VwcGVyQ2FzZSgpfWZ1bmN0aW9uIEVlKGUpe3N3aXRjaCh0eXBlb2YgZSl7Y2FzZSJib29sZWFuIjpjYXNlIm51bWJlciI6Y2FzZSJvYmplY3QiOmNhc2Uic3RyaW5nIjpjYXNlInVuZGVmaW5lZCI6cmV0dXJuIGU7ZGVmYXVsdDpyZXR1cm4iIn19ZnVuY3Rpb24ga2UoZSx0LG4scil7dmFyIG89YmUuaGFzT3duUHJvcGVydHkodCk/YmVbdF06bnVsbDsobnVsbCE9PW8/MD09PW8udHlwZTohciYmKDI8dC5sZW5ndGgmJigibyI9PT10WzBdfHwiTyI9PT10WzBdKSYmKCJuIj09PXRbMV18fCJOIj09PXRbMV0pKSl8fChmdW5jdGlvbihlLHQsbixyKXtpZihudWxsPT09dHx8InVuZGVmaW5lZCI9PT10eXBlb2YgdHx8ZnVuY3Rpb24oZSx0LG4scil7aWYobnVsbCE9PW4mJjA9PT1uLnR5cGUpcmV0dXJuITE7c3dpdGNoKHR5cGVvZiB0KXtjYXNlImZ1bmN0aW9uIjpjYXNlInN5bWJvbCI6cmV0dXJuITA7Y2FzZSJib29sZWFuIjpyZXR1cm4hciYmKG51bGwhPT1uPyFuLmFjY2VwdHNCb29sZWFuczoiZGF0YS0iIT09KGU9ZS50b0xvd2VyQ2FzZSgpLnNsaWNlKDAsNSkpJiYiYXJpYS0iIT09ZSk7ZGVmYXVsdDpyZXR1cm4hMX19KGUsdCxuLHIpKXJldHVybiEwO2lmKHIpcmV0dXJuITE7aWYobnVsbCE9PW4pc3dpdGNoKG4udHlwZSl7Y2FzZSAzOnJldHVybiF0O2Nhc2UgNDpyZXR1cm4hMT09PXQ7Y2FzZSA1OnJldHVybiBpc05hTih0KTtjYXNlIDY6cmV0dXJuIGlzTmFOKHQpfHwxPnR9cmV0dXJuITF9KHQsbixvLHIpJiYobj1udWxsKSxyfHxudWxsPT09bz9mdW5jdGlvbihlKXtyZXR1cm4hIWhlLmNhbGwobWUsZSl8fCFoZS5jYWxsKHllLGUpJiYoZGUudGVzdChlKT9tZVtlXT0hMDooeWVbZV09ITAsITEpKX0odCkmJihudWxsPT09bj9lLnJlbW92ZUF0dHJpYnV0ZSh0KTplLnNldEF0dHJpYnV0ZSh0LCIiK24pKTpvLm11c3RVc2VQcm9wZXJ0eT9lW28ucHJvcGVydHlOYW1lXT1udWxsPT09bj8zIT09by50eXBlJiYiIjpuOih0PW8uYXR0cmlidXRlTmFtZSxyPW8uYXR0cmlidXRlTmFtZXNwYWNlLG51bGw9PT1uP2UucmVtb3ZlQXR0cmlidXRlKHQpOihuPTM9PT0obz1vLnR5cGUpfHw0PT09byYmITA9PT1uPyIiOiIiK24scj9lLnNldEF0dHJpYnV0ZU5TKHIsdCxuKTplLnNldEF0dHJpYnV0ZSh0LG4pKSkpfWZ1bmN0aW9uIF9lKGUpe3ZhciB0PWUudHlwZTtyZXR1cm4oZT1lLm5vZGVOYW1lKSYmImlucHV0Ij09PWUudG9Mb3dlckNhc2UoKSYmKCJjaGVja2JveCI9PT10fHwicmFkaW8iPT09dCl9ZnVuY3Rpb24gT2UoZSl7ZS5fdmFsdWVUcmFja2VyfHwoZS5fdmFsdWVUcmFja2VyPWZ1bmN0aW9uKGUpe3ZhciB0PV9lKGUpPyJjaGVja2VkIjoidmFsdWUiLG49T2JqZWN0LmdldE93blByb3BlcnR5RGVzY3JpcHRvcihlLmNvbnN0cnVjdG9yLnByb3RvdHlwZSx0KSxyPSIiK2VbdF07aWYoIWUuaGFzT3duUHJvcGVydHkodCkmJiJ1bmRlZmluZWQiIT09dHlwZW9mIG4mJiJmdW5jdGlvbiI9PT10eXBlb2Ygbi5nZXQmJiJmdW5jdGlvbiI9PT10eXBlb2Ygbi5zZXQpe3ZhciBvPW4uZ2V0LGk9bi5zZXQ7cmV0dXJuIE9iamVjdC5kZWZpbmVQcm9wZXJ0eShlLHQse2NvbmZpZ3VyYWJsZTohMCxnZXQ6ZnVuY3Rpb24oKXtyZXR1cm4gby5jYWxsKHRoaXMpfSxzZXQ6ZnVuY3Rpb24oZSl7cj0iIitlLGkuY2FsbCh0aGlzLGUpfX0pLE9iamVjdC5kZWZpbmVQcm9wZXJ0eShlLHQse2VudW1lcmFibGU6bi5lbnVtZXJhYmxlfSkse2dldFZhbHVlOmZ1bmN0aW9uKCl7cmV0dXJuIHJ9LHNldFZhbHVlOmZ1bmN0aW9uKGUpe3I9IiIrZX0sc3RvcFRyYWNraW5nOmZ1bmN0aW9uKCl7ZS5fdmFsdWVUcmFja2VyPW51bGwsZGVsZXRlIGVbdF19fX19KGUpKX1mdW5jdGlvbiBUZShlKXtpZighZSlyZXR1cm4hMTt2YXIgdD1lLl92YWx1ZVRyYWNrZXI7aWYoIXQpcmV0dXJuITA7dmFyIG49dC5nZXRWYWx1ZSgpLHI9IiI7cmV0dXJuIGUmJihyPV9lKGUpP2UuY2hlY2tlZD8idHJ1ZSI6ImZhbHNlIjplLnZhbHVlKSwoZT1yKSE9PW4mJih0LnNldFZhbHVlKGUpLCEwKX1mdW5jdGlvbiB4ZShlLHQpe3ZhciBuPXQuY2hlY2tlZDtyZXR1cm4gbyh7fSx0LHtkZWZhdWx0Q2hlY2tlZDp2b2lkIDAsZGVmYXVsdFZhbHVlOnZvaWQgMCx2YWx1ZTp2b2lkIDAsY2hlY2tlZDpudWxsIT1uP246ZS5fd3JhcHBlclN0YXRlLmluaXRpYWxDaGVja2VkfSl9ZnVuY3Rpb24gQ2UoZSx0KXt2YXIgbj1udWxsPT10LmRlZmF1bHRWYWx1ZT8iIjp0LmRlZmF1bHRWYWx1ZSxyPW51bGwhPXQuY2hlY2tlZD90LmNoZWNrZWQ6dC5kZWZhdWx0Q2hlY2tlZDtuPUVlKG51bGwhPXQudmFsdWU/dC52YWx1ZTpuKSxlLl93cmFwcGVyU3RhdGU9e2luaXRpYWxDaGVja2VkOnIsaW5pdGlhbFZhbHVlOm4sY29udHJvbGxlZDoiY2hlY2tib3giPT09dC50eXBlfHwicmFkaW8iPT09dC50eXBlP251bGwhPXQuY2hlY2tlZDpudWxsIT10LnZhbHVlfX1mdW5jdGlvbiBTZShlLHQpe251bGwhPSh0PXQuY2hlY2tlZCkmJmtlKGUsImNoZWNrZWQiLHQsITEpfWZ1bmN0aW9uIFBlKGUsdCl7U2UoZSx0KTt2YXIgbj1FZSh0LnZhbHVlKSxyPXQudHlwZTtpZihudWxsIT1uKSJudW1iZXIiPT09cj8oMD09PW4mJiIiPT09ZS52YWx1ZXx8ZS52YWx1ZSE9bikmJihlLnZhbHVlPSIiK24pOmUudmFsdWUhPT0iIituJiYoZS52YWx1ZT0iIituKTtlbHNlIGlmKCJzdWJtaXQiPT09cnx8InJlc2V0Ij09PXIpcmV0dXJuIHZvaWQgZS5yZW1vdmVBdHRyaWJ1dGUoInZhbHVlIik7dC5oYXNPd25Qcm9wZXJ0eSgidmFsdWUiKT9qZShlLHQudHlwZSxuKTp0Lmhhc093blByb3BlcnR5KCJkZWZhdWx0VmFsdWUiKSYmamUoZSx0LnR5cGUsRWUodC5kZWZhdWx0VmFsdWUpKSxudWxsPT10LmNoZWNrZWQmJm51bGwhPXQuZGVmYXVsdENoZWNrZWQmJihlLmRlZmF1bHRDaGVja2VkPSEhdC5kZWZhdWx0Q2hlY2tlZCl9ZnVuY3Rpb24gTWUoZSx0LG4pe2lmKHQuaGFzT3duUHJvcGVydHkoInZhbHVlIil8fHQuaGFzT3duUHJvcGVydHkoImRlZmF1bHRWYWx1ZSIpKXt2YXIgcj10LnR5cGU7aWYoISgic3VibWl0IiE9PXImJiJyZXNldCIhPT1yfHx2b2lkIDAhPT10LnZhbHVlJiZudWxsIT09dC52YWx1ZSkpcmV0dXJuO3Q9IiIrZS5fd3JhcHBlclN0YXRlLmluaXRpYWxWYWx1ZSxufHx0PT09ZS52YWx1ZXx8KGUudmFsdWU9dCksZS5kZWZhdWx0VmFsdWU9dH0iIiE9PShuPWUubmFtZSkmJihlLm5hbWU9IiIpLGUuZGVmYXVsdENoZWNrZWQ9IWUuZGVmYXVsdENoZWNrZWQsZS5kZWZhdWx0Q2hlY2tlZD0hIWUuX3dyYXBwZXJTdGF0ZS5pbml0aWFsQ2hlY2tlZCwiIiE9PW4mJihlLm5hbWU9bil9ZnVuY3Rpb24gamUoZSx0LG4peyJudW1iZXIiPT09dCYmZS5vd25lckRvY3VtZW50LmFjdGl2ZUVsZW1lbnQ9PT1lfHwobnVsbD09bj9lLmRlZmF1bHRWYWx1ZT0iIitlLl93cmFwcGVyU3RhdGUuaW5pdGlhbFZhbHVlOmUuZGVmYXVsdFZhbHVlIT09IiIrbiYmKGUuZGVmYXVsdFZhbHVlPSIiK24pKX1mdW5jdGlvbiBOZShlLHQpe3JldHVybiBlPW8oe2NoaWxkcmVuOnZvaWQgMH0sdCksKHQ9ZnVuY3Rpb24oZSl7dmFyIHQ9IiI7cmV0dXJuIHIuQ2hpbGRyZW4uZm9yRWFjaChlLChmdW5jdGlvbihlKXtudWxsIT1lJiYodCs9ZSl9KSksdH0odC5jaGlsZHJlbikpJiYoZS5jaGlsZHJlbj10KSxlfWZ1bmN0aW9uIFJlKGUsdCxuLHIpe2lmKGU9ZS5vcHRpb25zLHQpe3Q9e307Zm9yKHZhciBvPTA7bzxuLmxlbmd0aDtvKyspdFsiJCIrbltvXV09ITA7Zm9yKG49MDtuPGUubGVuZ3RoO24rKylvPXQuaGFzT3duUHJvcGVydHkoIiQiK2Vbbl0udmFsdWUpLGVbbl0uc2VsZWN0ZWQhPT1vJiYoZVtuXS5zZWxlY3RlZD1vKSxvJiZyJiYoZVtuXS5kZWZhdWx0U2VsZWN0ZWQ9ITApfWVsc2V7Zm9yKG49IiIrRWUobiksdD1udWxsLG89MDtvPGUubGVuZ3RoO28rKyl7aWYoZVtvXS52YWx1ZT09PW4pcmV0dXJuIGVbb10uc2VsZWN0ZWQ9ITAsdm9pZChyJiYoZVtvXS5kZWZhdWx0U2VsZWN0ZWQ9ITApKTtudWxsIT09dHx8ZVtvXS5kaXNhYmxlZHx8KHQ9ZVtvXSl9bnVsbCE9PXQmJih0LnNlbGVjdGVkPSEwKX19ZnVuY3Rpb24gSWUoZSx0KXtpZihudWxsIT10LmRhbmdlcm91c2x5U2V0SW5uZXJIVE1MKXRocm93IGEoRXJyb3IoOTEpKTtyZXR1cm4gbyh7fSx0LHt2YWx1ZTp2b2lkIDAsZGVmYXVsdFZhbHVlOnZvaWQgMCxjaGlsZHJlbjoiIitlLl93cmFwcGVyU3RhdGUuaW5pdGlhbFZhbHVlfSl9ZnVuY3Rpb24gTGUoZSx0KXt2YXIgbj10LnZhbHVlO2lmKG51bGw9PW4pe2lmKG49dC5kZWZhdWx0VmFsdWUsbnVsbCE9KHQ9dC5jaGlsZHJlbikpe2lmKG51bGwhPW4pdGhyb3cgYShFcnJvcig5MikpO2lmKEFycmF5LmlzQXJyYXkodCkpe2lmKCEoMT49dC5sZW5ndGgpKXRocm93IGEoRXJyb3IoOTMpKTt0PXRbMF19bj10fW51bGw9PW4mJihuPSIiKX1lLl93cmFwcGVyU3RhdGU9e2luaXRpYWxWYWx1ZTpFZShuKX19ZnVuY3Rpb24gRGUoZSx0KXt2YXIgbj1FZSh0LnZhbHVlKSxyPUVlKHQuZGVmYXVsdFZhbHVlKTtudWxsIT1uJiYoKG49IiIrbikhPT1lLnZhbHVlJiYoZS52YWx1ZT1uKSxudWxsPT10LmRlZmF1bHRWYWx1ZSYmZS5kZWZhdWx0VmFsdWUhPT1uJiYoZS5kZWZhdWx0VmFsdWU9bikpLG51bGwhPXImJihlLmRlZmF1bHRWYWx1ZT0iIityKX1mdW5jdGlvbiBBZShlKXt2YXIgdD1lLnRleHRDb250ZW50O3Q9PT1lLl93cmFwcGVyU3RhdGUuaW5pdGlhbFZhbHVlJiYiIiE9PXQmJm51bGwhPT10JiYoZS52YWx1ZT10KX0iYWNjZW50LWhlaWdodCBhbGlnbm1lbnQtYmFzZWxpbmUgYXJhYmljLWZvcm0gYmFzZWxpbmUtc2hpZnQgY2FwLWhlaWdodCBjbGlwLXBhdGggY2xpcC1ydWxlIGNvbG9yLWludGVycG9sYXRpb24gY29sb3ItaW50ZXJwb2xhdGlvbi1maWx0ZXJzIGNvbG9yLXByb2ZpbGUgY29sb3ItcmVuZGVyaW5nIGRvbWluYW50LWJhc2VsaW5lIGVuYWJsZS1iYWNrZ3JvdW5kIGZpbGwtb3BhY2l0eSBmaWxsLXJ1bGUgZmxvb2QtY29sb3IgZmxvb2Qtb3BhY2l0eSBmb250LWZhbWlseSBmb250LXNpemUgZm9udC1zaXplLWFkanVzdCBmb250LXN0cmV0Y2ggZm9udC1zdHlsZSBmb250LXZhcmlhbnQgZm9udC13ZWlnaHQgZ2x5cGgtbmFtZSBnbHlwaC1vcmllbnRhdGlvbi1ob3Jpem9udGFsIGdseXBoLW9yaWVudGF0aW9uLXZlcnRpY2FsIGhvcml6LWFkdi14IGhvcml6LW9yaWdpbi14IGltYWdlLXJlbmRlcmluZyBsZXR0ZXItc3BhY2luZyBsaWdodGluZy1jb2xvciBtYXJrZXItZW5kIG1hcmtlci1taWQgbWFya2VyLXN0YXJ0IG92ZXJsaW5lLXBvc2l0aW9uIG92ZXJsaW5lLXRoaWNrbmVzcyBwYWludC1vcmRlciBwYW5vc2UtMSBwb2ludGVyLWV2ZW50cyByZW5kZXJpbmctaW50ZW50IHNoYXBlLXJlbmRlcmluZyBzdG9wLWNvbG9yIHN0b3Atb3BhY2l0eSBzdHJpa2V0aHJvdWdoLXBvc2l0aW9uIHN0cmlrZXRocm91Z2gtdGhpY2tuZXNzIHN0cm9rZS1kYXNoYXJyYXkgc3Ryb2tlLWRhc2hvZmZzZXQgc3Ryb2tlLWxpbmVjYXAgc3Ryb2tlLWxpbmVqb2luIHN0cm9rZS1taXRlcmxpbWl0IHN0cm9rZS1vcGFjaXR5IHN0cm9rZS13aWR0aCB0ZXh0LWFuY2hvciB0ZXh0LWRlY29yYXRpb24gdGV4dC1yZW5kZXJpbmcgdW5kZXJsaW5lLXBvc2l0aW9uIHVuZGVybGluZS10aGlja25lc3MgdW5pY29kZS1iaWRpIHVuaWNvZGUtcmFuZ2UgdW5pdHMtcGVyLWVtIHYtYWxwaGFiZXRpYyB2LWhhbmdpbmcgdi1pZGVvZ3JhcGhpYyB2LW1hdGhlbWF0aWNhbCB2ZWN0b3ItZWZmZWN0IHZlcnQtYWR2LXkgdmVydC1vcmlnaW4teCB2ZXJ0LW9yaWdpbi15IHdvcmQtc3BhY2luZyB3cml0aW5nLW1vZGUgeG1sbnM6eGxpbmsgeC1oZWlnaHQiLnNwbGl0KCIgIikuZm9yRWFjaCgoZnVuY3Rpb24oZSl7dmFyIHQ9ZS5yZXBsYWNlKGdlLHdlKTtiZVt0XT1uZXcgdmUodCwxLCExLGUsbnVsbCwhMSl9KSksInhsaW5rOmFjdHVhdGUgeGxpbms6YXJjcm9sZSB4bGluazpyb2xlIHhsaW5rOnNob3cgeGxpbms6dGl0bGUgeGxpbms6dHlwZSIuc3BsaXQoIiAiKS5mb3JFYWNoKChmdW5jdGlvbihlKXt2YXIgdD1lLnJlcGxhY2UoZ2Usd2UpO2JlW3RdPW5ldyB2ZSh0LDEsITEsZSwiaHR0cDovL3d3dy53My5vcmcvMTk5OS94bGluayIsITEpfSkpLFsieG1sOmJhc2UiLCJ4bWw6bGFuZyIsInhtbDpzcGFjZSJdLmZvckVhY2goKGZ1bmN0aW9uKGUpe3ZhciB0PWUucmVwbGFjZShnZSx3ZSk7YmVbdF09bmV3IHZlKHQsMSwhMSxlLCJodHRwOi8vd3d3LnczLm9yZy9YTUwvMTk5OC9uYW1lc3BhY2UiLCExKX0pKSxbInRhYkluZGV4IiwiY3Jvc3NPcmlnaW4iXS5mb3JFYWNoKChmdW5jdGlvbihlKXtiZVtlXT1uZXcgdmUoZSwxLCExLGUudG9Mb3dlckNhc2UoKSxudWxsLCExKX0pKSxiZS54bGlua0hyZWY9bmV3IHZlKCJ4bGlua0hyZWYiLDEsITEsInhsaW5rOmhyZWYiLCJodHRwOi8vd3d3LnczLm9yZy8xOTk5L3hsaW5rIiwhMCksWyJzcmMiLCJocmVmIiwiYWN0aW9uIiwiZm9ybUFjdGlvbiJdLmZvckVhY2goKGZ1bmN0aW9uKGUpe2JlW2VdPW5ldyB2ZShlLDEsITEsZS50b0xvd2VyQ2FzZSgpLG51bGwsITApfSkpO3ZhciB6ZT17aHRtbDoiaHR0cDovL3d3dy53My5vcmcvMTk5OS94aHRtbCIsbWF0aG1sOiJodHRwOi8vd3d3LnczLm9yZy8xOTk4L01hdGgvTWF0aE1MIixzdmc6Imh0dHA6Ly93d3cudzMub3JnLzIwMDAvc3ZnIn07ZnVuY3Rpb24gVWUoZSl7c3dpdGNoKGUpe2Nhc2Uic3ZnIjpyZXR1cm4iaHR0cDovL3d3dy53My5vcmcvMjAwMC9zdmciO2Nhc2UibWF0aCI6cmV0dXJuImh0dHA6Ly93d3cudzMub3JnLzE5OTgvTWF0aC9NYXRoTUwiO2RlZmF1bHQ6cmV0dXJuImh0dHA6Ly93d3cudzMub3JnLzE5OTkveGh0bWwifX1mdW5jdGlvbiBGZShlLHQpe3JldHVybiBudWxsPT1lfHwiaHR0cDovL3d3dy53My5vcmcvMTk5OS94aHRtbCI9PT1lP1VlKHQpOiJodHRwOi8vd3d3LnczLm9yZy8yMDAwL3N2ZyI9PT1lJiYiZm9yZWlnbk9iamVjdCI9PT10PyJodHRwOi8vd3d3LnczLm9yZy8xOTk5L3hodG1sIjplfXZhciBCZSwkZT1mdW5jdGlvbihlKXtyZXR1cm4idW5kZWZpbmVkIiE9PXR5cGVvZiBNU0FwcCYmTVNBcHAuZXhlY1Vuc2FmZUxvY2FsRnVuY3Rpb24/ZnVuY3Rpb24odCxuLHIsbyl7TVNBcHAuZXhlY1Vuc2FmZUxvY2FsRnVuY3Rpb24oKGZ1bmN0aW9uKCl7cmV0dXJuIGUodCxuKX0pKX06ZX0oKGZ1bmN0aW9uKGUsdCl7aWYoZS5uYW1lc3BhY2VVUkkhPT16ZS5zdmd8fCJpbm5lckhUTUwiaW4gZSllLmlubmVySFRNTD10O2Vsc2V7Zm9yKChCZT1CZXx8ZG9jdW1lbnQuY3JlYXRlRWxlbWVudCgiZGl2IikpLmlubmVySFRNTD0iPHN2Zz4iK3QudmFsdWVPZigpLnRvU3RyaW5nKCkrIjwvc3ZnPiIsdD1CZS5maXJzdENoaWxkO2UuZmlyc3RDaGlsZDspZS5yZW1vdmVDaGlsZChlLmZpcnN0Q2hpbGQpO2Zvcig7dC5maXJzdENoaWxkOyllLmFwcGVuZENoaWxkKHQuZmlyc3RDaGlsZCl9fSkpO2Z1bmN0aW9uIFdlKGUsdCl7aWYodCl7dmFyIG49ZS5maXJzdENoaWxkO2lmKG4mJm49PT1lLmxhc3RDaGlsZCYmMz09PW4ubm9kZVR5cGUpcmV0dXJuIHZvaWQobi5ub2RlVmFsdWU9dCl9ZS50ZXh0Q29udGVudD10fWZ1bmN0aW9uIFZlKGUsdCl7dmFyIG49e307cmV0dXJuIG5bZS50b0xvd2VyQ2FzZSgpXT10LnRvTG93ZXJDYXNlKCksblsiV2Via2l0IitlXT0id2Via2l0Iit0LG5bIk1veiIrZV09Im1veiIrdCxufXZhciBLZT17YW5pbWF0aW9uZW5kOlZlKCJBbmltYXRpb24iLCJBbmltYXRpb25FbmQiKSxhbmltYXRpb25pdGVyYXRpb246VmUoIkFuaW1hdGlvbiIsIkFuaW1hdGlvbkl0ZXJhdGlvbiIpLGFuaW1hdGlvbnN0YXJ0OlZlKCJBbmltYXRpb24iLCJBbmltYXRpb25TdGFydCIpLHRyYW5zaXRpb25lbmQ6VmUoIlRyYW5zaXRpb24iLCJUcmFuc2l0aW9uRW5kIil9LEhlPXt9LFFlPXt9O2Z1bmN0aW9uIFllKGUpe2lmKEhlW2VdKXJldHVybiBIZVtlXTtpZighS2VbZV0pcmV0dXJuIGU7dmFyIHQsbj1LZVtlXTtmb3IodCBpbiBuKWlmKG4uaGFzT3duUHJvcGVydHkodCkmJnQgaW4gUWUpcmV0dXJuIEhlW2VdPW5bdF07cmV0dXJuIGV9SiYmKFFlPWRvY3VtZW50LmNyZWF0ZUVsZW1lbnQoImRpdiIpLnN0eWxlLCJBbmltYXRpb25FdmVudCJpbiB3aW5kb3d8fChkZWxldGUgS2UuYW5pbWF0aW9uZW5kLmFuaW1hdGlvbixkZWxldGUgS2UuYW5pbWF0aW9uaXRlcmF0aW9uLmFuaW1hdGlvbixkZWxldGUgS2UuYW5pbWF0aW9uc3RhcnQuYW5pbWF0aW9uKSwiVHJhbnNpdGlvbkV2ZW50ImluIHdpbmRvd3x8ZGVsZXRlIEtlLnRyYW5zaXRpb25lbmQudHJhbnNpdGlvbik7dmFyIHFlPVllKCJhbmltYXRpb25lbmQiKSxHZT1ZZSgiYW5pbWF0aW9uaXRlcmF0aW9uIiksWGU9WWUoImFuaW1hdGlvbnN0YXJ0IiksWmU9WWUoInRyYW5zaXRpb25lbmQiKSxKZT0iYWJvcnQgY2FucGxheSBjYW5wbGF5dGhyb3VnaCBkdXJhdGlvbmNoYW5nZSBlbXB0aWVkIGVuY3J5cHRlZCBlbmRlZCBlcnJvciBsb2FkZWRkYXRhIGxvYWRlZG1ldGFkYXRhIGxvYWRzdGFydCBwYXVzZSBwbGF5IHBsYXlpbmcgcHJvZ3Jlc3MgcmF0ZWNoYW5nZSBzZWVrZWQgc2Vla2luZyBzdGFsbGVkIHN1c3BlbmQgdGltZXVwZGF0ZSB2b2x1bWVjaGFuZ2Ugd2FpdGluZyIuc3BsaXQoIiAiKSxldD0hMSx0dD1bXSxudD1udWxsLHJ0PW51bGwsb3Q9bnVsbCxpdD1uZXcgTWFwLGF0PW5ldyBNYXAsbHQ9Im1vdXNlZG93biBtb3VzZXVwIHRvdWNoY2FuY2VsIHRvdWNoZW5kIHRvdWNoc3RhcnQgYXV4Y2xpY2sgZGJsY2xpY2sgcG9pbnRlcmNhbmNlbCBwb2ludGVyZG93biBwb2ludGVydXAgZHJhZ2VuZCBkcmFnc3RhcnQgZHJvcCBjb21wb3NpdGlvbmVuZCBjb21wb3NpdGlvbnN0YXJ0IGtleWRvd24ga2V5cHJlc3Mga2V5dXAgaW5wdXQgdGV4dElucHV0IGNsb3NlIGNhbmNlbCBjb3B5IGN1dCBwYXN0ZSBjbGljayBjaGFuZ2UgY29udGV4dG1lbnUgcmVzZXQgc3VibWl0Ii5zcGxpdCgiICIpLHV0PSJmb2N1cyBibHVyIGRyYWdlbnRlciBkcmFnbGVhdmUgbW91c2VvdmVyIG1vdXNlb3V0IHBvaW50ZXJvdmVyIHBvaW50ZXJvdXQgZ290cG9pbnRlcmNhcHR1cmUgbG9zdHBvaW50ZXJjYXB0dXJlIi5zcGxpdCgiICIpO2Z1bmN0aW9uIHN0KGUsdCxuLHIpe3JldHVybntibG9ja2VkT246ZSx0b3BMZXZlbFR5cGU6dCxldmVudFN5c3RlbUZsYWdzOjMyfG4sbmF0aXZlRXZlbnQ6cn19ZnVuY3Rpb24gY3QoZSx0KXtzd2l0Y2goZSl7Y2FzZSJmb2N1cyI6Y2FzZSJibHVyIjpudD1udWxsO2JyZWFrO2Nhc2UiZHJhZ2VudGVyIjpjYXNlImRyYWdsZWF2ZSI6cnQ9bnVsbDticmVhaztjYXNlIm1vdXNlb3ZlciI6Y2FzZSJtb3VzZW91dCI6b3Q9bnVsbDticmVhaztjYXNlInBvaW50ZXJvdmVyIjpjYXNlInBvaW50ZXJvdXQiOml0LmRlbGV0ZSh0LnBvaW50ZXJJZCk7YnJlYWs7Y2FzZSJnb3Rwb2ludGVyY2FwdHVyZSI6Y2FzZSJsb3N0cG9pbnRlcmNhcHR1cmUiOmF0LmRlbGV0ZSh0LnBvaW50ZXJJZCl9fWZ1bmN0aW9uIGZ0KGUsdCxuLHIsbyl7cmV0dXJuIG51bGw9PT1lfHxlLm5hdGl2ZUV2ZW50IT09bz9zdCh0LG4scixvKTooZS5ldmVudFN5c3RlbUZsYWdzfD1yLGUpfWZ1bmN0aW9uIHB0KGUpe2lmKG51bGwhPT1lLmJsb2NrZWRPbilyZXR1cm4hMTt2YXIgdD14bihlLnRvcExldmVsVHlwZSxlLmV2ZW50U3lzdGVtRmxhZ3MsZS5uYXRpdmVFdmVudCk7cmV0dXJuIG51bGw9PT10fHwoZS5ibG9ja2VkT249dCwhMSl9ZnVuY3Rpb24gZHQoZSx0LG4pe3B0KGUpJiZuLmRlbGV0ZSh0KX1mdW5jdGlvbiBodCgpe2ZvcihldD0hMTswPHR0Lmxlbmd0aDspe3ZhciBlPXR0WzBdO2lmKG51bGwhPT1lLmJsb2NrZWRPbilicmVhazt2YXIgdD14bihlLnRvcExldmVsVHlwZSxlLmV2ZW50U3lzdGVtRmxhZ3MsZS5uYXRpdmVFdmVudCk7bnVsbCE9PXQ/ZS5ibG9ja2VkT249dDp0dC5zaGlmdCgpfW51bGwhPT1udCYmcHQobnQpJiYobnQ9bnVsbCksbnVsbCE9PXJ0JiZwdChydCkmJihydD1udWxsKSxudWxsIT09b3QmJnB0KG90KSYmKG90PW51bGwpLGl0LmZvckVhY2goZHQpLGF0LmZvckVhY2goZHQpfWZ1bmN0aW9uIHl0KGUsdCl7ZS5ibG9ja2VkT249PT10JiYoZS5ibG9ja2VkT249bnVsbCxldHx8KGV0PSEwLGkudW5zdGFibGVfc2NoZWR1bGVDYWxsYmFjayhpLnVuc3RhYmxlX05vcm1hbFByaW9yaXR5LGh0KSkpfWZ1bmN0aW9uIG10KGUpe2Z1bmN0aW9uIHQodCl7cmV0dXJuIHl0KHQsZSl9aWYoMDx0dC5sZW5ndGgpe3l0KHR0WzBdLGUpO2Zvcih2YXIgbj0xO248dHQubGVuZ3RoO24rKyl7dmFyIHI9dHRbbl07ci5ibG9ja2VkT249PT1lJiYoci5ibG9ja2VkT249bnVsbCl9fW51bGwhPT1udCYmeXQobnQsZSksbnVsbCE9PXJ0JiZ5dChydCxlKSxudWxsIT09b3QmJnl0KG90LGUpLGl0LmZvckVhY2godCksYXQuZm9yRWFjaCh0KX12YXIgdnQ9MCxidD0yLGd0PTEwMjQ7ZnVuY3Rpb24gd3QoZSl7dmFyIHQ9ZSxuPWU7aWYoZS5hbHRlcm5hdGUpZm9yKDt0LnJldHVybjspdD10LnJldHVybjtlbHNle2U9dDtkb3soKHQ9ZSkuZWZmZWN0VGFnJihidHxndCkpIT09dnQmJihuPXQucmV0dXJuKSxlPXQucmV0dXJufXdoaWxlKGUpfXJldHVybiAzPT09dC50YWc/bjpudWxsfWZ1bmN0aW9uIEV0KGUpe2lmKHd0KGUpIT09ZSl0aHJvdyBhKEVycm9yKDE4OCkpfWZ1bmN0aW9uIGt0KGUpe2lmKCEoZT1mdW5jdGlvbihlKXt2YXIgdD1lLmFsdGVybmF0ZTtpZighdCl7aWYobnVsbD09PSh0PXd0KGUpKSl0aHJvdyBhKEVycm9yKDE4OCkpO3JldHVybiB0IT09ZT9udWxsOmV9Zm9yKHZhciBuPWUscj10Ozspe3ZhciBvPW4ucmV0dXJuO2lmKG51bGw9PT1vKWJyZWFrO3ZhciBpPW8uYWx0ZXJuYXRlO2lmKG51bGw9PT1pKXtpZihudWxsIT09KHI9by5yZXR1cm4pKXtuPXI7Y29udGludWV9YnJlYWt9aWYoby5jaGlsZD09PWkuY2hpbGQpe2ZvcihpPW8uY2hpbGQ7aTspe2lmKGk9PT1uKXJldHVybiBFdChvKSxlO2lmKGk9PT1yKXJldHVybiBFdChvKSx0O2k9aS5zaWJsaW5nfXRocm93IGEoRXJyb3IoMTg4KSl9aWYobi5yZXR1cm4hPT1yLnJldHVybiluPW8scj1pO2Vsc2V7Zm9yKHZhciBsPSExLHU9by5jaGlsZDt1Oyl7aWYodT09PW4pe2w9ITAsbj1vLHI9aTticmVha31pZih1PT09cil7bD0hMCxyPW8sbj1pO2JyZWFrfXU9dS5zaWJsaW5nfWlmKCFsKXtmb3IodT1pLmNoaWxkO3U7KXtpZih1PT09bil7bD0hMCxuPWkscj1vO2JyZWFrfWlmKHU9PT1yKXtsPSEwLHI9aSxuPW87YnJlYWt9dT11LnNpYmxpbmd9aWYoIWwpdGhyb3cgYShFcnJvcigxODkpKX19aWYobi5hbHRlcm5hdGUhPT1yKXRocm93IGEoRXJyb3IoMTkwKSl9aWYoMyE9PW4udGFnKXRocm93IGEoRXJyb3IoMTg4KSk7cmV0dXJuIG4uc3RhdGVOb2RlLmN1cnJlbnQ9PT1uP2U6dH0oZSkpKXJldHVybiBudWxsO2Zvcih2YXIgdD1lOzspe2lmKDU9PT10LnRhZ3x8Nj09PXQudGFnKXJldHVybiB0O2lmKHQuY2hpbGQpdC5jaGlsZC5yZXR1cm49dCx0PXQuY2hpbGQ7ZWxzZXtpZih0PT09ZSlicmVhaztmb3IoOyF0LnNpYmxpbmc7KXtpZighdC5yZXR1cm58fHQucmV0dXJuPT09ZSlyZXR1cm4gbnVsbDt0PXQucmV0dXJufXQuc2libGluZy5yZXR1cm49dC5yZXR1cm4sdD10LnNpYmxpbmd9fXJldHVybiBudWxsfWZ1bmN0aW9uIF90KGUpe3JldHVybihlPWUudGFyZ2V0fHxlLnNyY0VsZW1lbnR8fHdpbmRvdykuY29ycmVzcG9uZGluZ1VzZUVsZW1lbnQmJihlPWUuY29ycmVzcG9uZGluZ1VzZUVsZW1lbnQpLDM9PT1lLm5vZGVUeXBlP2UucGFyZW50Tm9kZTplfWZ1bmN0aW9uIE90KGUpe2Rve2U9ZS5yZXR1cm59d2hpbGUoZSYmNSE9PWUudGFnKTtyZXR1cm4gZXx8bnVsbH1mdW5jdGlvbiBUdChlLHQsbil7KHQ9TihlLG4uZGlzcGF0Y2hDb25maWcucGhhc2VkUmVnaXN0cmF0aW9uTmFtZXNbdF0pKSYmKG4uX2Rpc3BhdGNoTGlzdGVuZXJzPXgobi5fZGlzcGF0Y2hMaXN0ZW5lcnMsdCksbi5fZGlzcGF0Y2hJbnN0YW5jZXM9eChuLl9kaXNwYXRjaEluc3RhbmNlcyxlKSl9ZnVuY3Rpb24geHQoZSl7aWYoZSYmZS5kaXNwYXRjaENvbmZpZy5waGFzZWRSZWdpc3RyYXRpb25OYW1lcyl7Zm9yKHZhciB0PWUuX3RhcmdldEluc3Qsbj1bXTt0OyluLnB1c2godCksdD1PdCh0KTtmb3IodD1uLmxlbmd0aDswPHQtLTspVHQoblt0XSwiY2FwdHVyZWQiLGUpO2Zvcih0PTA7dDxuLmxlbmd0aDt0KyspVHQoblt0XSwiYnViYmxlZCIsZSl9fWZ1bmN0aW9uIEN0KGUsdCxuKXtlJiZuJiZuLmRpc3BhdGNoQ29uZmlnLnJlZ2lzdHJhdGlvbk5hbWUmJih0PU4oZSxuLmRpc3BhdGNoQ29uZmlnLnJlZ2lzdHJhdGlvbk5hbWUpKSYmKG4uX2Rpc3BhdGNoTGlzdGVuZXJzPXgobi5fZGlzcGF0Y2hMaXN0ZW5lcnMsdCksbi5fZGlzcGF0Y2hJbnN0YW5jZXM9eChuLl9kaXNwYXRjaEluc3RhbmNlcyxlKSl9ZnVuY3Rpb24gU3QoZSl7ZSYmZS5kaXNwYXRjaENvbmZpZy5yZWdpc3RyYXRpb25OYW1lJiZDdChlLl90YXJnZXRJbnN0LG51bGwsZSl9ZnVuY3Rpb24gUHQoZSl7QyhlLHh0KX1mdW5jdGlvbiBNdCgpe3JldHVybiEwfWZ1bmN0aW9uIGp0KCl7cmV0dXJuITF9ZnVuY3Rpb24gTnQoZSx0LG4scil7Zm9yKHZhciBvIGluIHRoaXMuZGlzcGF0Y2hDb25maWc9ZSx0aGlzLl90YXJnZXRJbnN0PXQsdGhpcy5uYXRpdmVFdmVudD1uLGU9dGhpcy5jb25zdHJ1Y3Rvci5JbnRlcmZhY2UpZS5oYXNPd25Qcm9wZXJ0eShvKSYmKCh0PWVbb10pP3RoaXNbb109dChuKToidGFyZ2V0Ij09PW8/dGhpcy50YXJnZXQ9cjp0aGlzW29dPW5bb10pO3JldHVybiB0aGlzLmlzRGVmYXVsdFByZXZlbnRlZD0obnVsbCE9bi5kZWZhdWx0UHJldmVudGVkP24uZGVmYXVsdFByZXZlbnRlZDohMT09PW4ucmV0dXJuVmFsdWUpP010Omp0LHRoaXMuaXNQcm9wYWdhdGlvblN0b3BwZWQ9anQsdGhpc31mdW5jdGlvbiBSdChlLHQsbixyKXtpZih0aGlzLmV2ZW50UG9vbC5sZW5ndGgpe3ZhciBvPXRoaXMuZXZlbnRQb29sLnBvcCgpO3JldHVybiB0aGlzLmNhbGwobyxlLHQsbixyKSxvfXJldHVybiBuZXcgdGhpcyhlLHQsbixyKX1mdW5jdGlvbiBJdChlKXtpZighKGUgaW5zdGFuY2VvZiB0aGlzKSl0aHJvdyBhKEVycm9yKDI3OSkpO2UuZGVzdHJ1Y3RvcigpLDEwPnRoaXMuZXZlbnRQb29sLmxlbmd0aCYmdGhpcy5ldmVudFBvb2wucHVzaChlKX1mdW5jdGlvbiBMdChlKXtlLmV2ZW50UG9vbD1bXSxlLmdldFBvb2xlZD1SdCxlLnJlbGVhc2U9SXR9byhOdC5wcm90b3R5cGUse3ByZXZlbnREZWZhdWx0OmZ1bmN0aW9uKCl7dGhpcy5kZWZhdWx0UHJldmVudGVkPSEwO3ZhciBlPXRoaXMubmF0aXZlRXZlbnQ7ZSYmKGUucHJldmVudERlZmF1bHQ/ZS5wcmV2ZW50RGVmYXVsdCgpOiJ1bmtub3duIiE9PXR5cGVvZiBlLnJldHVyblZhbHVlJiYoZS5yZXR1cm5WYWx1ZT0hMSksdGhpcy5pc0RlZmF1bHRQcmV2ZW50ZWQ9TXQpfSxzdG9wUHJvcGFnYXRpb246ZnVuY3Rpb24oKXt2YXIgZT10aGlzLm5hdGl2ZUV2ZW50O2UmJihlLnN0b3BQcm9wYWdhdGlvbj9lLnN0b3BQcm9wYWdhdGlvbigpOiJ1bmtub3duIiE9PXR5cGVvZiBlLmNhbmNlbEJ1YmJsZSYmKGUuY2FuY2VsQnViYmxlPSEwKSx0aGlzLmlzUHJvcGFnYXRpb25TdG9wcGVkPU10KX0scGVyc2lzdDpmdW5jdGlvbigpe3RoaXMuaXNQZXJzaXN0ZW50PU10fSxpc1BlcnNpc3RlbnQ6anQsZGVzdHJ1Y3RvcjpmdW5jdGlvbigpe3ZhciBlLHQ9dGhpcy5jb25zdHJ1Y3Rvci5JbnRlcmZhY2U7Zm9yKGUgaW4gdCl0aGlzW2VdPW51bGw7dGhpcy5uYXRpdmVFdmVudD10aGlzLl90YXJnZXRJbnN0PXRoaXMuZGlzcGF0Y2hDb25maWc9bnVsbCx0aGlzLmlzUHJvcGFnYXRpb25TdG9wcGVkPXRoaXMuaXNEZWZhdWx0UHJldmVudGVkPWp0LHRoaXMuX2Rpc3BhdGNoSW5zdGFuY2VzPXRoaXMuX2Rpc3BhdGNoTGlzdGVuZXJzPW51bGx9fSksTnQuSW50ZXJmYWNlPXt0eXBlOm51bGwsdGFyZ2V0Om51bGwsY3VycmVudFRhcmdldDpmdW5jdGlvbigpe3JldHVybiBudWxsfSxldmVudFBoYXNlOm51bGwsYnViYmxlczpudWxsLGNhbmNlbGFibGU6bnVsbCx0aW1lU3RhbXA6ZnVuY3Rpb24oZSl7cmV0dXJuIGUudGltZVN0YW1wfHxEYXRlLm5vdygpfSxkZWZhdWx0UHJldmVudGVkOm51bGwsaXNUcnVzdGVkOm51bGx9LE50LmV4dGVuZD1mdW5jdGlvbihlKXtmdW5jdGlvbiB0KCl7fWZ1bmN0aW9uIG4oKXtyZXR1cm4gci5hcHBseSh0aGlzLGFyZ3VtZW50cyl9dmFyIHI9dGhpczt0LnByb3RvdHlwZT1yLnByb3RvdHlwZTt2YXIgaT1uZXcgdDtyZXR1cm4gbyhpLG4ucHJvdG90eXBlKSxuLnByb3RvdHlwZT1pLG4ucHJvdG90eXBlLmNvbnN0cnVjdG9yPW4sbi5JbnRlcmZhY2U9byh7fSxyLkludGVyZmFjZSxlKSxuLmV4dGVuZD1yLmV4dGVuZCxMdChuKSxufSxMdChOdCk7dmFyIER0PU50LmV4dGVuZCh7YW5pbWF0aW9uTmFtZTpudWxsLGVsYXBzZWRUaW1lOm51bGwscHNldWRvRWxlbWVudDpudWxsfSksQXQ9TnQuZXh0ZW5kKHtjbGlwYm9hcmREYXRhOmZ1bmN0aW9uKGUpe3JldHVybiJjbGlwYm9hcmREYXRhImluIGU/ZS5jbGlwYm9hcmREYXRhOndpbmRvdy5jbGlwYm9hcmREYXRhfX0pLHp0PU50LmV4dGVuZCh7dmlldzpudWxsLGRldGFpbDpudWxsfSksVXQ9enQuZXh0ZW5kKHtyZWxhdGVkVGFyZ2V0Om51bGx9KTtmdW5jdGlvbiBGdChlKXt2YXIgdD1lLmtleUNvZGU7cmV0dXJuImNoYXJDb2RlImluIGU/MD09PShlPWUuY2hhckNvZGUpJiYxMz09PXQmJihlPTEzKTplPXQsMTA9PT1lJiYoZT0xMyksMzI8PWV8fDEzPT09ZT9lOjB9dmFyIEJ0PXtFc2M6IkVzY2FwZSIsU3BhY2ViYXI6IiAiLExlZnQ6IkFycm93TGVmdCIsVXA6IkFycm93VXAiLFJpZ2h0OiJBcnJvd1JpZ2h0IixEb3duOiJBcnJvd0Rvd24iLERlbDoiRGVsZXRlIixXaW46Ik9TIixNZW51OiJDb250ZXh0TWVudSIsQXBwczoiQ29udGV4dE1lbnUiLFNjcm9sbDoiU2Nyb2xsTG9jayIsTW96UHJpbnRhYmxlS2V5OiJVbmlkZW50aWZpZWQifSwkdD17ODoiQmFja3NwYWNlIiw5OiJUYWIiLDEyOiJDbGVhciIsMTM6IkVudGVyIiwxNjoiU2hpZnQiLDE3OiJDb250cm9sIiwxODoiQWx0IiwxOToiUGF1c2UiLDIwOiJDYXBzTG9jayIsMjc6IkVzY2FwZSIsMzI6IiAiLDMzOiJQYWdlVXAiLDM0OiJQYWdlRG93biIsMzU6IkVuZCIsMzY6IkhvbWUiLDM3OiJBcnJvd0xlZnQiLDM4OiJBcnJvd1VwIiwzOToiQXJyb3dSaWdodCIsNDA6IkFycm93RG93biIsNDU6Ikluc2VydCIsNDY6IkRlbGV0ZSIsMTEyOiJGMSIsMTEzOiJGMiIsMTE0OiJGMyIsMTE1OiJGNCIsMTE2OiJGNSIsMTE3OiJGNiIsMTE4OiJGNyIsMTE5OiJGOCIsMTIwOiJGOSIsMTIxOiJGMTAiLDEyMjoiRjExIiwxMjM6IkYxMiIsMTQ0OiJOdW1Mb2NrIiwxNDU6IlNjcm9sbExvY2siLDIyNDoiTWV0YSJ9LFd0PXtBbHQ6ImFsdEtleSIsQ29udHJvbDoiY3RybEtleSIsTWV0YToibWV0YUtleSIsU2hpZnQ6InNoaWZ0S2V5In07ZnVuY3Rpb24gVnQoZSl7dmFyIHQ9dGhpcy5uYXRpdmVFdmVudDtyZXR1cm4gdC5nZXRNb2RpZmllclN0YXRlP3QuZ2V0TW9kaWZpZXJTdGF0ZShlKTohIShlPVd0W2VdKSYmISF0W2VdfWZ1bmN0aW9uIEt0KCl7cmV0dXJuIFZ0fWZvcih2YXIgSHQ9enQuZXh0ZW5kKHtrZXk6ZnVuY3Rpb24oZSl7aWYoZS5rZXkpe3ZhciB0PUJ0W2Uua2V5XXx8ZS5rZXk7aWYoIlVuaWRlbnRpZmllZCIhPT10KXJldHVybiB0fXJldHVybiJrZXlwcmVzcyI9PT1lLnR5cGU/MTM9PT0oZT1GdChlKSk/IkVudGVyIjpTdHJpbmcuZnJvbUNoYXJDb2RlKGUpOiJrZXlkb3duIj09PWUudHlwZXx8ImtleXVwIj09PWUudHlwZT8kdFtlLmtleUNvZGVdfHwiVW5pZGVudGlmaWVkIjoiIn0sbG9jYXRpb246bnVsbCxjdHJsS2V5Om51bGwsc2hpZnRLZXk6bnVsbCxhbHRLZXk6bnVsbCxtZXRhS2V5Om51bGwscmVwZWF0Om51bGwsbG9jYWxlOm51bGwsZ2V0TW9kaWZpZXJTdGF0ZTpLdCxjaGFyQ29kZTpmdW5jdGlvbihlKXtyZXR1cm4ia2V5cHJlc3MiPT09ZS50eXBlP0Z0KGUpOjB9LGtleUNvZGU6ZnVuY3Rpb24oZSl7cmV0dXJuImtleWRvd24iPT09ZS50eXBlfHwia2V5dXAiPT09ZS50eXBlP2Uua2V5Q29kZTowfSx3aGljaDpmdW5jdGlvbihlKXtyZXR1cm4ia2V5cHJlc3MiPT09ZS50eXBlP0Z0KGUpOiJrZXlkb3duIj09PWUudHlwZXx8ImtleXVwIj09PWUudHlwZT9lLmtleUNvZGU6MH19KSxRdD0wLFl0PTAscXQ9ITEsR3Q9ITEsWHQ9enQuZXh0ZW5kKHtzY3JlZW5YOm51bGwsc2NyZWVuWTpudWxsLGNsaWVudFg6bnVsbCxjbGllbnRZOm51bGwscGFnZVg6bnVsbCxwYWdlWTpudWxsLGN0cmxLZXk6bnVsbCxzaGlmdEtleTpudWxsLGFsdEtleTpudWxsLG1ldGFLZXk6bnVsbCxnZXRNb2RpZmllclN0YXRlOkt0LGJ1dHRvbjpudWxsLGJ1dHRvbnM6bnVsbCxyZWxhdGVkVGFyZ2V0OmZ1bmN0aW9uKGUpe3JldHVybiBlLnJlbGF0ZWRUYXJnZXR8fChlLmZyb21FbGVtZW50PT09ZS5zcmNFbGVtZW50P2UudG9FbGVtZW50OmUuZnJvbUVsZW1lbnQpfSxtb3ZlbWVudFg6ZnVuY3Rpb24oZSl7aWYoIm1vdmVtZW50WCJpbiBlKXJldHVybiBlLm1vdmVtZW50WDt2YXIgdD1RdDtyZXR1cm4gUXQ9ZS5zY3JlZW5YLHF0PyJtb3VzZW1vdmUiPT09ZS50eXBlP2Uuc2NyZWVuWC10OjA6KHF0PSEwLDApfSxtb3ZlbWVudFk6ZnVuY3Rpb24oZSl7aWYoIm1vdmVtZW50WSJpbiBlKXJldHVybiBlLm1vdmVtZW50WTt2YXIgdD1ZdDtyZXR1cm4gWXQ9ZS5zY3JlZW5ZLEd0PyJtb3VzZW1vdmUiPT09ZS50eXBlP2Uuc2NyZWVuWS10OjA6KEd0PSEwLDApfX0pLFp0PVh0LmV4dGVuZCh7cG9pbnRlcklkOm51bGwsd2lkdGg6bnVsbCxoZWlnaHQ6bnVsbCxwcmVzc3VyZTpudWxsLHRhbmdlbnRpYWxQcmVzc3VyZTpudWxsLHRpbHRYOm51bGwsdGlsdFk6bnVsbCx0d2lzdDpudWxsLHBvaW50ZXJUeXBlOm51bGwsaXNQcmltYXJ5Om51bGx9KSxKdD1YdC5leHRlbmQoe2RhdGFUcmFuc2ZlcjpudWxsfSksZW49enQuZXh0ZW5kKHt0b3VjaGVzOm51bGwsdGFyZ2V0VG91Y2hlczpudWxsLGNoYW5nZWRUb3VjaGVzOm51bGwsYWx0S2V5Om51bGwsbWV0YUtleTpudWxsLGN0cmxLZXk6bnVsbCxzaGlmdEtleTpudWxsLGdldE1vZGlmaWVyU3RhdGU6S3R9KSx0bj1OdC5leHRlbmQoe3Byb3BlcnR5TmFtZTpudWxsLGVsYXBzZWRUaW1lOm51bGwscHNldWRvRWxlbWVudDpudWxsfSksbm49WHQuZXh0ZW5kKHtkZWx0YVg6ZnVuY3Rpb24oZSl7cmV0dXJuImRlbHRhWCJpbiBlP2UuZGVsdGFYOiJ3aGVlbERlbHRhWCJpbiBlPy1lLndoZWVsRGVsdGFYOjB9LGRlbHRhWTpmdW5jdGlvbihlKXtyZXR1cm4iZGVsdGFZImluIGU/ZS5kZWx0YVk6IndoZWVsRGVsdGFZImluIGU/LWUud2hlZWxEZWx0YVk6IndoZWVsRGVsdGEiaW4gZT8tZS53aGVlbERlbHRhOjB9LGRlbHRhWjpudWxsLGRlbHRhTW9kZTpudWxsfSkscm49W1siYmx1ciIsImJsdXIiLDBdLFsiY2FuY2VsIiwiY2FuY2VsIiwwXSxbImNsaWNrIiwiY2xpY2siLDBdLFsiY2xvc2UiLCJjbG9zZSIsMF0sWyJjb250ZXh0bWVudSIsImNvbnRleHRNZW51IiwwXSxbImNvcHkiLCJjb3B5IiwwXSxbImN1dCIsImN1dCIsMF0sWyJhdXhjbGljayIsImF1eENsaWNrIiwwXSxbImRibGNsaWNrIiwiZG91YmxlQ2xpY2siLDBdLFsiZHJhZ2VuZCIsImRyYWdFbmQiLDBdLFsiZHJhZ3N0YXJ0IiwiZHJhZ1N0YXJ0IiwwXSxbImRyb3AiLCJkcm9wIiwwXSxbImZvY3VzIiwiZm9jdXMiLDBdLFsiaW5wdXQiLCJpbnB1dCIsMF0sWyJpbnZhbGlkIiwiaW52YWxpZCIsMF0sWyJrZXlkb3duIiwia2V5RG93biIsMF0sWyJrZXlwcmVzcyIsImtleVByZXNzIiwwXSxbImtleXVwIiwia2V5VXAiLDBdLFsibW91c2Vkb3duIiwibW91c2VEb3duIiwwXSxbIm1vdXNldXAiLCJtb3VzZVVwIiwwXSxbInBhc3RlIiwicGFzdGUiLDBdLFsicGF1c2UiLCJwYXVzZSIsMF0sWyJwbGF5IiwicGxheSIsMF0sWyJwb2ludGVyY2FuY2VsIiwicG9pbnRlckNhbmNlbCIsMF0sWyJwb2ludGVyZG93biIsInBvaW50ZXJEb3duIiwwXSxbInBvaW50ZXJ1cCIsInBvaW50ZXJVcCIsMF0sWyJyYXRlY2hhbmdlIiwicmF0ZUNoYW5nZSIsMF0sWyJyZXNldCIsInJlc2V0IiwwXSxbInNlZWtlZCIsInNlZWtlZCIsMF0sWyJzdWJtaXQiLCJzdWJtaXQiLDBdLFsidG91Y2hjYW5jZWwiLCJ0b3VjaENhbmNlbCIsMF0sWyJ0b3VjaGVuZCIsInRvdWNoRW5kIiwwXSxbInRvdWNoc3RhcnQiLCJ0b3VjaFN0YXJ0IiwwXSxbInZvbHVtZWNoYW5nZSIsInZvbHVtZUNoYW5nZSIsMF0sWyJkcmFnIiwiZHJhZyIsMV0sWyJkcmFnZW50ZXIiLCJkcmFnRW50ZXIiLDFdLFsiZHJhZ2V4aXQiLCJkcmFnRXhpdCIsMV0sWyJkcmFnbGVhdmUiLCJkcmFnTGVhdmUiLDFdLFsiZHJhZ292ZXIiLCJkcmFnT3ZlciIsMV0sWyJtb3VzZW1vdmUiLCJtb3VzZU1vdmUiLDFdLFsibW91c2VvdXQiLCJtb3VzZU91dCIsMV0sWyJtb3VzZW92ZXIiLCJtb3VzZU92ZXIiLDFdLFsicG9pbnRlcm1vdmUiLCJwb2ludGVyTW92ZSIsMV0sWyJwb2ludGVyb3V0IiwicG9pbnRlck91dCIsMV0sWyJwb2ludGVyb3ZlciIsInBvaW50ZXJPdmVyIiwxXSxbInNjcm9sbCIsInNjcm9sbCIsMV0sWyJ0b2dnbGUiLCJ0b2dnbGUiLDFdLFsidG91Y2htb3ZlIiwidG91Y2hNb3ZlIiwxXSxbIndoZWVsIiwid2hlZWwiLDFdLFsiYWJvcnQiLCJhYm9ydCIsMl0sW3FlLCJhbmltYXRpb25FbmQiLDJdLFtHZSwiYW5pbWF0aW9uSXRlcmF0aW9uIiwyXSxbWGUsImFuaW1hdGlvblN0YXJ0IiwyXSxbImNhbnBsYXkiLCJjYW5QbGF5IiwyXSxbImNhbnBsYXl0aHJvdWdoIiwiY2FuUGxheVRocm91Z2giLDJdLFsiZHVyYXRpb25jaGFuZ2UiLCJkdXJhdGlvbkNoYW5nZSIsMl0sWyJlbXB0aWVkIiwiZW1wdGllZCIsMl0sWyJlbmNyeXB0ZWQiLCJlbmNyeXB0ZWQiLDJdLFsiZW5kZWQiLCJlbmRlZCIsMl0sWyJlcnJvciIsImVycm9yIiwyXSxbImdvdHBvaW50ZXJjYXB0dXJlIiwiZ290UG9pbnRlckNhcHR1cmUiLDJdLFsibG9hZCIsImxvYWQiLDJdLFsibG9hZGVkZGF0YSIsImxvYWRlZERhdGEiLDJdLFsibG9hZGVkbWV0YWRhdGEiLCJsb2FkZWRNZXRhZGF0YSIsMl0sWyJsb2Fkc3RhcnQiLCJsb2FkU3RhcnQiLDJdLFsibG9zdHBvaW50ZXJjYXB0dXJlIiwibG9zdFBvaW50ZXJDYXB0dXJlIiwyXSxbInBsYXlpbmciLCJwbGF5aW5nIiwyXSxbInByb2dyZXNzIiwicHJvZ3Jlc3MiLDJdLFsic2Vla2luZyIsInNlZWtpbmciLDJdLFsic3RhbGxlZCIsInN0YWxsZWQiLDJdLFsic3VzcGVuZCIsInN1c3BlbmQiLDJdLFsidGltZXVwZGF0ZSIsInRpbWVVcGRhdGUiLDJdLFtaZSwidHJhbnNpdGlvbkVuZCIsMl0sWyJ3YWl0aW5nIiwid2FpdGluZyIsMl1dLG9uPXt9LGFuPXt9LGxuPTA7bG48cm4ubGVuZ3RoO2xuKyspe3ZhciB1bj1ybltsbl0sc249dW5bMF0sY249dW5bMV0sZm49dW5bMl0scG49Im9uIisoY25bMF0udG9VcHBlckNhc2UoKStjbi5zbGljZSgxKSksZG49e3BoYXNlZFJlZ2lzdHJhdGlvbk5hbWVzOntidWJibGVkOnBuLGNhcHR1cmVkOnBuKyJDYXB0dXJlIn0sZGVwZW5kZW5jaWVzOltzbl0sZXZlbnRQcmlvcml0eTpmbn07b25bY25dPWRuLGFuW3NuXT1kbn12YXIgaG49e2V2ZW50VHlwZXM6b24sZ2V0RXZlbnRQcmlvcml0eTpmdW5jdGlvbihlKXtyZXR1cm4gdm9pZCAwIT09KGU9YW5bZV0pP2UuZXZlbnRQcmlvcml0eToyfSxleHRyYWN0RXZlbnRzOmZ1bmN0aW9uKGUsdCxuLHIsbyl7aWYoISh0PWFuW2VdKSlyZXR1cm4gbnVsbDtzd2l0Y2goZSl7Y2FzZSJrZXlwcmVzcyI6aWYoMD09PUZ0KHIpKXJldHVybiBudWxsO2Nhc2Uia2V5ZG93biI6Y2FzZSJrZXl1cCI6ZT1IdDticmVhaztjYXNlImJsdXIiOmNhc2UiZm9jdXMiOmU9VXQ7YnJlYWs7Y2FzZSJjbGljayI6aWYoMj09PXIuYnV0dG9uKXJldHVybiBudWxsO2Nhc2UiYXV4Y2xpY2siOmNhc2UiZGJsY2xpY2siOmNhc2UibW91c2Vkb3duIjpjYXNlIm1vdXNlbW92ZSI6Y2FzZSJtb3VzZXVwIjpjYXNlIm1vdXNlb3V0IjpjYXNlIm1vdXNlb3ZlciI6Y2FzZSJjb250ZXh0bWVudSI6ZT1YdDticmVhaztjYXNlImRyYWciOmNhc2UiZHJhZ2VuZCI6Y2FzZSJkcmFnZW50ZXIiOmNhc2UiZHJhZ2V4aXQiOmNhc2UiZHJhZ2xlYXZlIjpjYXNlImRyYWdvdmVyIjpjYXNlImRyYWdzdGFydCI6Y2FzZSJkcm9wIjplPUp0O2JyZWFrO2Nhc2UidG91Y2hjYW5jZWwiOmNhc2UidG91Y2hlbmQiOmNhc2UidG91Y2htb3ZlIjpjYXNlInRvdWNoc3RhcnQiOmU9ZW47YnJlYWs7Y2FzZSBxZTpjYXNlIEdlOmNhc2UgWGU6ZT1EdDticmVhaztjYXNlIFplOmU9dG47YnJlYWs7Y2FzZSJzY3JvbGwiOmU9enQ7YnJlYWs7Y2FzZSJ3aGVlbCI6ZT1ubjticmVhaztjYXNlImNvcHkiOmNhc2UiY3V0IjpjYXNlInBhc3RlIjplPUF0O2JyZWFrO2Nhc2UiZ290cG9pbnRlcmNhcHR1cmUiOmNhc2UibG9zdHBvaW50ZXJjYXB0dXJlIjpjYXNlInBvaW50ZXJjYW5jZWwiOmNhc2UicG9pbnRlcmRvd24iOmNhc2UicG9pbnRlcm1vdmUiOmNhc2UicG9pbnRlcm91dCI6Y2FzZSJwb2ludGVyb3ZlciI6Y2FzZSJwb2ludGVydXAiOmU9WnQ7YnJlYWs7ZGVmYXVsdDplPU50fXJldHVybiBQdChuPWUuZ2V0UG9vbGVkKHQsbixyLG8pKSxufX0seW49aG4uZ2V0RXZlbnRQcmlvcml0eSxtbj0xMCx2bj1bXTtmdW5jdGlvbiBibihlKXt2YXIgdD1lLnRhcmdldEluc3Qsbj10O2Rve2lmKCFuKXtlLmFuY2VzdG9ycy5wdXNoKG4pO2JyZWFrfXZhciByPW47aWYoMz09PXIudGFnKXI9ci5zdGF0ZU5vZGUuY29udGFpbmVySW5mbztlbHNle2Zvcig7ci5yZXR1cm47KXI9ci5yZXR1cm47cj0zIT09ci50YWc/bnVsbDpyLnN0YXRlTm9kZS5jb250YWluZXJJbmZvfWlmKCFyKWJyZWFrO3ZhciBvPW4udGFnOzUhPT1vJiY2IT09b3x8ZS5hbmNlc3RvcnMucHVzaChuKSxuPWxyKHIpfXdoaWxlKG4pO2ZvcihuPTA7bjxlLmFuY2VzdG9ycy5sZW5ndGg7bisrKXt0PWUuYW5jZXN0b3JzW25dO3ZhciBpPV90KGUubmF0aXZlRXZlbnQpO3I9ZS50b3BMZXZlbFR5cGUsbz1lLmV2ZW50U3lzdGVtRmxhZ3M7Zm9yKHZhciBhPWUubmF0aXZlRXZlbnQsbD1udWxsLHU9MDt1PGYubGVuZ3RoO3UrKyl7dmFyIHM9Zlt1XTtzJiYocz1zLmV4dHJhY3RFdmVudHMocixvLHQsYSxpKSkmJihsPXgobCxzKSl9TShsKX19dmFyIGduPSEwO2Z1bmN0aW9uIHduKGUsdCl7RW4odCxlLCExKX1mdW5jdGlvbiBFbihlLHQsbil7c3dpdGNoKHluKHQpKXtjYXNlIDA6dmFyIHI9a24uYmluZChudWxsLHQsMSk7YnJlYWs7Y2FzZSAxOnI9X24uYmluZChudWxsLHQsMSk7YnJlYWs7ZGVmYXVsdDpyPVRuLmJpbmQobnVsbCx0LDEpfW4/ZS5hZGRFdmVudExpc3RlbmVyKHQsciwhMCk6ZS5hZGRFdmVudExpc3RlbmVyKHQsciwhMSl9ZnVuY3Rpb24ga24oZSx0LG4pe2NlfHx1ZSgpO3ZhciByPVRuLG89Y2U7Y2U9ITA7dHJ5e2xlKHIsZSx0LG4pfWZpbmFsbHl7KGNlPW8pfHxwZSgpfX1mdW5jdGlvbiBfbihlLHQsbil7VG4oZSx0LG4pfWZ1bmN0aW9uIE9uKGUsdCxuLHIpe2lmKHZuLmxlbmd0aCl7dmFyIG89dm4ucG9wKCk7by50b3BMZXZlbFR5cGU9ZSxvLmV2ZW50U3lzdGVtRmxhZ3M9dCxvLm5hdGl2ZUV2ZW50PW4sby50YXJnZXRJbnN0PXIsZT1vfWVsc2UgZT17dG9wTGV2ZWxUeXBlOmUsZXZlbnRTeXN0ZW1GbGFnczp0LG5hdGl2ZUV2ZW50Om4sdGFyZ2V0SW5zdDpyLGFuY2VzdG9yczpbXX07dHJ5e2lmKHQ9Ym4sbj1lLGZlKXQobix2b2lkIDApO2Vsc2V7ZmU9ITA7dHJ5e3NlKHQsbix2b2lkIDApfWZpbmFsbHl7ZmU9ITEscGUoKX19fWZpbmFsbHl7ZS50b3BMZXZlbFR5cGU9bnVsbCxlLm5hdGl2ZUV2ZW50PW51bGwsZS50YXJnZXRJbnN0PW51bGwsZS5hbmNlc3RvcnMubGVuZ3RoPTAsdm4ubGVuZ3RoPG1uJiZ2bi5wdXNoKGUpfX1mdW5jdGlvbiBUbihlLHQsbil7aWYoZ24paWYoMDx0dC5sZW5ndGgmJi0xPGx0LmluZGV4T2YoZSkpZT1zdChudWxsLGUsdCxuKSx0dC5wdXNoKGUpO2Vsc2V7dmFyIHI9eG4oZSx0LG4pO251bGw9PT1yP2N0KGUsbik6LTE8bHQuaW5kZXhPZihlKT8oZT1zdChyLGUsdCxuKSx0dC5wdXNoKGUpKTpmdW5jdGlvbihlLHQsbixyKXtzd2l0Y2godCl7Y2FzZSJmb2N1cyI6cmV0dXJuIG50PWZ0KG50LGUsdCxuLHIpLCEwO2Nhc2UiZHJhZ2VudGVyIjpyZXR1cm4gcnQ9ZnQocnQsZSx0LG4sciksITA7Y2FzZSJtb3VzZW92ZXIiOnJldHVybiBvdD1mdChvdCxlLHQsbixyKSwhMDtjYXNlInBvaW50ZXJvdmVyIjp2YXIgbz1yLnBvaW50ZXJJZDtyZXR1cm4gaXQuc2V0KG8sZnQoaXQuZ2V0KG8pfHxudWxsLGUsdCxuLHIpKSwhMDtjYXNlImdvdHBvaW50ZXJjYXB0dXJlIjpyZXR1cm4gbz1yLnBvaW50ZXJJZCxhdC5zZXQobyxmdChhdC5nZXQobyl8fG51bGwsZSx0LG4scikpLCEwfXJldHVybiExfShyLGUsdCxuKXx8KGN0KGUsbiksT24oZSx0LG4sbnVsbCkpfX1mdW5jdGlvbiB4bihlLHQsbil7dmFyIHI9X3Qobiksbz1scihyKTtpZihudWxsIT09bylpZihudWxsPT09KHI9d3QobykpKW89bnVsbDtlbHNle3ZhciBpPXIudGFnO2lmKDEzPT09aSl7aWYobnVsbCE9PShyPTEzIT09ci50YWd8fChudWxsPT09KG89ci5tZW1vaXplZFN0YXRlKSYmKG51bGwhPT0ocj1yLmFsdGVybmF0ZSkmJihvPXIubWVtb2l6ZWRTdGF0ZSkpLG51bGw9PT1vKT9udWxsOm8uZGVoeWRyYXRlZCkpcmV0dXJuIHI7bz1udWxsfWVsc2UgaWYoMz09PWkpe2lmKHIuc3RhdGVOb2RlLmh5ZHJhdGUpcmV0dXJuIDM9PT1yLnRhZz9yLnN0YXRlTm9kZS5jb250YWluZXJJbmZvOm51bGw7bz1udWxsfWVsc2UgciE9PW8mJihvPW51bGwpfXJldHVybiBPbihlLHQsbixvKSxudWxsfWZ1bmN0aW9uIENuKGUpe2lmKCFKKXJldHVybiExO3ZhciB0PShlPSJvbiIrZSlpbiBkb2N1bWVudDtyZXR1cm4gdHx8KCh0PWRvY3VtZW50LmNyZWF0ZUVsZW1lbnQoImRpdiIpKS5zZXRBdHRyaWJ1dGUoZSwicmV0dXJuOyIpLHQ9ImZ1bmN0aW9uIj09PXR5cGVvZiB0W2VdKSx0fXZhciBTbj1uZXcoImZ1bmN0aW9uIj09PXR5cGVvZiBXZWFrTWFwP1dlYWtNYXA6TWFwKTtmdW5jdGlvbiBQbihlKXt2YXIgdD1Tbi5nZXQoZSk7cmV0dXJuIHZvaWQgMD09PXQmJih0PW5ldyBTZXQsU24uc2V0KGUsdCkpLHR9ZnVuY3Rpb24gTW4oZSx0LG4pe2lmKCFuLmhhcyhlKSl7c3dpdGNoKGUpe2Nhc2Uic2Nyb2xsIjpFbih0LCJzY3JvbGwiLCEwKTticmVhaztjYXNlImZvY3VzIjpjYXNlImJsdXIiOkVuKHQsImZvY3VzIiwhMCksRW4odCwiYmx1ciIsITApLG4uYWRkKCJibHVyIiksbi5hZGQoImZvY3VzIik7YnJlYWs7Y2FzZSJjYW5jZWwiOmNhc2UiY2xvc2UiOkNuKGUpJiZFbih0LGUsITApO2JyZWFrO2Nhc2UiaW52YWxpZCI6Y2FzZSJzdWJtaXQiOmNhc2UicmVzZXQiOmJyZWFrO2RlZmF1bHQ6LTE9PT1KZS5pbmRleE9mKGUpJiZ3bihlLHQpfW4uYWRkKGUpfX12YXIgam49e2FuaW1hdGlvbkl0ZXJhdGlvbkNvdW50OiEwLGJvcmRlckltYWdlT3V0c2V0OiEwLGJvcmRlckltYWdlU2xpY2U6ITAsYm9yZGVySW1hZ2VXaWR0aDohMCxib3hGbGV4OiEwLGJveEZsZXhHcm91cDohMCxib3hPcmRpbmFsR3JvdXA6ITAsY29sdW1uQ291bnQ6ITAsY29sdW1uczohMCxmbGV4OiEwLGZsZXhHcm93OiEwLGZsZXhQb3NpdGl2ZTohMCxmbGV4U2hyaW5rOiEwLGZsZXhOZWdhdGl2ZTohMCxmbGV4T3JkZXI6ITAsZ3JpZEFyZWE6ITAsZ3JpZFJvdzohMCxncmlkUm93RW5kOiEwLGdyaWRSb3dTcGFuOiEwLGdyaWRSb3dTdGFydDohMCxncmlkQ29sdW1uOiEwLGdyaWRDb2x1bW5FbmQ6ITAsZ3JpZENvbHVtblNwYW46ITAsZ3JpZENvbHVtblN0YXJ0OiEwLGZvbnRXZWlnaHQ6ITAsbGluZUNsYW1wOiEwLGxpbmVIZWlnaHQ6ITAsb3BhY2l0eTohMCxvcmRlcjohMCxvcnBoYW5zOiEwLHRhYlNpemU6ITAsd2lkb3dzOiEwLHpJbmRleDohMCx6b29tOiEwLGZpbGxPcGFjaXR5OiEwLGZsb29kT3BhY2l0eTohMCxzdG9wT3BhY2l0eTohMCxzdHJva2VEYXNoYXJyYXk6ITAsc3Ryb2tlRGFzaG9mZnNldDohMCxzdHJva2VNaXRlcmxpbWl0OiEwLHN0cm9rZU9wYWNpdHk6ITAsc3Ryb2tlV2lkdGg6ITB9LE5uPVsiV2Via2l0IiwibXMiLCJNb3oiLCJPIl07ZnVuY3Rpb24gUm4oZSx0LG4pe3JldHVybiBudWxsPT10fHwiYm9vbGVhbiI9PT10eXBlb2YgdHx8IiI9PT10PyIiOm58fCJudW1iZXIiIT09dHlwZW9mIHR8fDA9PT10fHxqbi5oYXNPd25Qcm9wZXJ0eShlKSYmam5bZV0/KCIiK3QpLnRyaW0oKTp0KyJweCJ9ZnVuY3Rpb24gSW4oZSx0KXtmb3IodmFyIG4gaW4gZT1lLnN0eWxlLHQpaWYodC5oYXNPd25Qcm9wZXJ0eShuKSl7dmFyIHI9MD09PW4uaW5kZXhPZigiLS0iKSxvPVJuKG4sdFtuXSxyKTsiZmxvYXQiPT09biYmKG49ImNzc0Zsb2F0Iikscj9lLnNldFByb3BlcnR5KG4sbyk6ZVtuXT1vfX1PYmplY3Qua2V5cyhqbikuZm9yRWFjaCgoZnVuY3Rpb24oZSl7Tm4uZm9yRWFjaCgoZnVuY3Rpb24odCl7dD10K2UuY2hhckF0KDApLnRvVXBwZXJDYXNlKCkrZS5zdWJzdHJpbmcoMSksam5bdF09am5bZV19KSl9KSk7dmFyIExuPW8oe21lbnVpdGVtOiEwfSx7YXJlYTohMCxiYXNlOiEwLGJyOiEwLGNvbDohMCxlbWJlZDohMCxocjohMCxpbWc6ITAsaW5wdXQ6ITAsa2V5Z2VuOiEwLGxpbms6ITAsbWV0YTohMCxwYXJhbTohMCxzb3VyY2U6ITAsdHJhY2s6ITAsd2JyOiEwfSk7ZnVuY3Rpb24gRG4oZSx0KXtpZih0KXtpZihMbltlXSYmKG51bGwhPXQuY2hpbGRyZW58fG51bGwhPXQuZGFuZ2Vyb3VzbHlTZXRJbm5lckhUTUwpKXRocm93IGEoRXJyb3IoMTM3KSxlLCIiKTtpZihudWxsIT10LmRhbmdlcm91c2x5U2V0SW5uZXJIVE1MKXtpZihudWxsIT10LmNoaWxkcmVuKXRocm93IGEoRXJyb3IoNjApKTtpZighKCJvYmplY3QiPT09dHlwZW9mIHQuZGFuZ2Vyb3VzbHlTZXRJbm5lckhUTUwmJiJfX2h0bWwiaW4gdC5kYW5nZXJvdXNseVNldElubmVySFRNTCkpdGhyb3cgYShFcnJvcig2MSkpfWlmKG51bGwhPXQuc3R5bGUmJiJvYmplY3QiIT09dHlwZW9mIHQuc3R5bGUpdGhyb3cgYShFcnJvcig2MiksIiIpfX1mdW5jdGlvbiBBbihlLHQpe2lmKC0xPT09ZS5pbmRleE9mKCItIikpcmV0dXJuInN0cmluZyI9PT10eXBlb2YgdC5pcztzd2l0Y2goZSl7Y2FzZSJhbm5vdGF0aW9uLXhtbCI6Y2FzZSJjb2xvci1wcm9maWxlIjpjYXNlImZvbnQtZmFjZSI6Y2FzZSJmb250LWZhY2Utc3JjIjpjYXNlImZvbnQtZmFjZS11cmkiOmNhc2UiZm9udC1mYWNlLWZvcm1hdCI6Y2FzZSJmb250LWZhY2UtbmFtZSI6Y2FzZSJtaXNzaW5nLWdseXBoIjpyZXR1cm4hMTtkZWZhdWx0OnJldHVybiEwfX1mdW5jdGlvbiB6bihlLHQpe3ZhciBuPVBuKGU9OT09PWUubm9kZVR5cGV8fDExPT09ZS5ub2RlVHlwZT9lOmUub3duZXJEb2N1bWVudCk7dD1oW3RdO2Zvcih2YXIgcj0wO3I8dC5sZW5ndGg7cisrKU1uKHRbcl0sZSxuKX1mdW5jdGlvbiBVbigpe31mdW5jdGlvbiBGbihlKXtpZigidW5kZWZpbmVkIj09PXR5cGVvZihlPWV8fCgidW5kZWZpbmVkIiE9PXR5cGVvZiBkb2N1bWVudD9kb2N1bWVudDp2b2lkIDApKSlyZXR1cm4gbnVsbDt0cnl7cmV0dXJuIGUuYWN0aXZlRWxlbWVudHx8ZS5ib2R5fWNhdGNoKHQpe3JldHVybiBlLmJvZHl9fWZ1bmN0aW9uIEJuKGUpe2Zvcig7ZSYmZS5maXJzdENoaWxkOyllPWUuZmlyc3RDaGlsZDtyZXR1cm4gZX1mdW5jdGlvbiAkbihlLHQpe3ZhciBuLHI9Qm4oZSk7Zm9yKGU9MDtyOyl7aWYoMz09PXIubm9kZVR5cGUpe2lmKG49ZStyLnRleHRDb250ZW50Lmxlbmd0aCxlPD10JiZuPj10KXJldHVybntub2RlOnIsb2Zmc2V0OnQtZX07ZT1ufWU6e2Zvcig7cjspe2lmKHIubmV4dFNpYmxpbmcpe3I9ci5uZXh0U2libGluZzticmVhayBlfXI9ci5wYXJlbnROb2RlfXI9dm9pZCAwfXI9Qm4ocil9fWZ1bmN0aW9uIFduKCl7Zm9yKHZhciBlPXdpbmRvdyx0PUZuKCk7dCBpbnN0YW5jZW9mIGUuSFRNTElGcmFtZUVsZW1lbnQ7KXt0cnl7dmFyIG49InN0cmluZyI9PT10eXBlb2YgdC5jb250ZW50V2luZG93LmxvY2F0aW9uLmhyZWZ9Y2F0Y2gocil7bj0hMX1pZighbilicmVhazt0PUZuKChlPXQuY29udGVudFdpbmRvdykuZG9jdW1lbnQpfXJldHVybiB0fWZ1bmN0aW9uIFZuKGUpe3ZhciB0PWUmJmUubm9kZU5hbWUmJmUubm9kZU5hbWUudG9Mb3dlckNhc2UoKTtyZXR1cm4gdCYmKCJpbnB1dCI9PT10JiYoInRleHQiPT09ZS50eXBlfHwic2VhcmNoIj09PWUudHlwZXx8InRlbCI9PT1lLnR5cGV8fCJ1cmwiPT09ZS50eXBlfHwicGFzc3dvcmQiPT09ZS50eXBlKXx8InRleHRhcmVhIj09PXR8fCJ0cnVlIj09PWUuY29udGVudEVkaXRhYmxlKX12YXIgS249IiQiLEhuPSIvJCIsUW49IiQ/IixZbj0iJCEiLHFuPW51bGwsR249bnVsbDtmdW5jdGlvbiBYbihlLHQpe3N3aXRjaChlKXtjYXNlImJ1dHRvbiI6Y2FzZSJpbnB1dCI6Y2FzZSJzZWxlY3QiOmNhc2UidGV4dGFyZWEiOnJldHVybiEhdC5hdXRvRm9jdXN9cmV0dXJuITF9ZnVuY3Rpb24gWm4oZSx0KXtyZXR1cm4idGV4dGFyZWEiPT09ZXx8Im9wdGlvbiI9PT1lfHwibm9zY3JpcHQiPT09ZXx8InN0cmluZyI9PT10eXBlb2YgdC5jaGlsZHJlbnx8Im51bWJlciI9PT10eXBlb2YgdC5jaGlsZHJlbnx8Im9iamVjdCI9PT10eXBlb2YgdC5kYW5nZXJvdXNseVNldElubmVySFRNTCYmbnVsbCE9PXQuZGFuZ2Vyb3VzbHlTZXRJbm5lckhUTUwmJm51bGwhPXQuZGFuZ2Vyb3VzbHlTZXRJbm5lckhUTUwuX19odG1sfXZhciBKbj0iZnVuY3Rpb24iPT09dHlwZW9mIHNldFRpbWVvdXQ/c2V0VGltZW91dDp2b2lkIDAsZXI9ImZ1bmN0aW9uIj09PXR5cGVvZiBjbGVhclRpbWVvdXQ/Y2xlYXJUaW1lb3V0OnZvaWQgMDtmdW5jdGlvbiB0cihlKXtmb3IoO251bGwhPWU7ZT1lLm5leHRTaWJsaW5nKXt2YXIgdD1lLm5vZGVUeXBlO2lmKDE9PT10fHwzPT09dClicmVha31yZXR1cm4gZX1mdW5jdGlvbiBucihlKXtlPWUucHJldmlvdXNTaWJsaW5nO2Zvcih2YXIgdD0wO2U7KXtpZig4PT09ZS5ub2RlVHlwZSl7dmFyIG49ZS5kYXRhO2lmKG49PT1Lbnx8bj09PVlufHxuPT09UW4pe2lmKDA9PT10KXJldHVybiBlO3QtLX1lbHNlIG49PT1IbiYmdCsrfWU9ZS5wcmV2aW91c1NpYmxpbmd9cmV0dXJuIG51bGx9dmFyIHJyPU1hdGgucmFuZG9tKCkudG9TdHJpbmcoMzYpLnNsaWNlKDIpLG9yPSJfX3JlYWN0SW50ZXJuYWxJbnN0YW5jZSQiK3JyLGlyPSJfX3JlYWN0RXZlbnRIYW5kbGVycyQiK3JyLGFyPSJfX3JlYWN0Q29udGFpbmVyZSQiK3JyO2Z1bmN0aW9uIGxyKGUpe3ZhciB0PWVbb3JdO2lmKHQpcmV0dXJuIHQ7Zm9yKHZhciBuPWUucGFyZW50Tm9kZTtuOyl7aWYodD1uW2FyXXx8bltvcl0pe2lmKG49dC5hbHRlcm5hdGUsbnVsbCE9PXQuY2hpbGR8fG51bGwhPT1uJiZudWxsIT09bi5jaGlsZClmb3IoZT1ucihlKTtudWxsIT09ZTspe2lmKG49ZVtvcl0pcmV0dXJuIG47ZT1ucihlKX1yZXR1cm4gdH1uPShlPW4pLnBhcmVudE5vZGV9cmV0dXJuIG51bGx9ZnVuY3Rpb24gdXIoZSl7cmV0dXJuIShlPWVbb3JdfHxlW2FyXSl8fDUhPT1lLnRhZyYmNiE9PWUudGFnJiYxMyE9PWUudGFnJiYzIT09ZS50YWc/bnVsbDplfWZ1bmN0aW9uIHNyKGUpe2lmKDU9PT1lLnRhZ3x8Nj09PWUudGFnKXJldHVybiBlLnN0YXRlTm9kZTt0aHJvdyBhKEVycm9yKDMzKSl9ZnVuY3Rpb24gY3IoZSl7cmV0dXJuIGVbaXJdfHxudWxsfXZhciBmcj1udWxsLHByPW51bGwsZHI9bnVsbDtmdW5jdGlvbiBocigpe2lmKGRyKXJldHVybiBkcjt2YXIgZSx0LG49cHIscj1uLmxlbmd0aCxvPSJ2YWx1ZSJpbiBmcj9mci52YWx1ZTpmci50ZXh0Q29udGVudCxpPW8ubGVuZ3RoO2ZvcihlPTA7ZTxyJiZuW2VdPT09b1tlXTtlKyspO3ZhciBhPXItZTtmb3IodD0xO3Q8PWEmJm5bci10XT09PW9baS10XTt0KyspO3JldHVybiBkcj1vLnNsaWNlKGUsMTx0PzEtdDp2b2lkIDApfXZhciB5cj1OdC5leHRlbmQoe2RhdGE6bnVsbH0pLG1yPU50LmV4dGVuZCh7ZGF0YTpudWxsfSksdnI9WzksMTMsMjcsMzJdLGJyPUomJiJDb21wb3NpdGlvbkV2ZW50ImluIHdpbmRvdyxncj1udWxsO0omJiJkb2N1bWVudE1vZGUiaW4gZG9jdW1lbnQmJihncj1kb2N1bWVudC5kb2N1bWVudE1vZGUpO3ZhciB3cj1KJiYiVGV4dEV2ZW50ImluIHdpbmRvdyYmIWdyLEVyPUomJighYnJ8fGdyJiY4PGdyJiYxMT49Z3IpLGtyPVN0cmluZy5mcm9tQ2hhckNvZGUoMzIpLF9yPXtiZWZvcmVJbnB1dDp7cGhhc2VkUmVnaXN0cmF0aW9uTmFtZXM6e2J1YmJsZWQ6Im9uQmVmb3JlSW5wdXQiLGNhcHR1cmVkOiJvbkJlZm9yZUlucHV0Q2FwdHVyZSJ9LGRlcGVuZGVuY2llczpbImNvbXBvc2l0aW9uZW5kIiwia2V5cHJlc3MiLCJ0ZXh0SW5wdXQiLCJwYXN0ZSJdfSxjb21wb3NpdGlvbkVuZDp7cGhhc2VkUmVnaXN0cmF0aW9uTmFtZXM6e2J1YmJsZWQ6Im9uQ29tcG9zaXRpb25FbmQiLGNhcHR1cmVkOiJvbkNvbXBvc2l0aW9uRW5kQ2FwdHVyZSJ9LGRlcGVuZGVuY2llczoiYmx1ciBjb21wb3NpdGlvbmVuZCBrZXlkb3duIGtleXByZXNzIGtleXVwIG1vdXNlZG93biIuc3BsaXQoIiAiKX0sY29tcG9zaXRpb25TdGFydDp7cGhhc2VkUmVnaXN0cmF0aW9uTmFtZXM6e2J1YmJsZWQ6Im9uQ29tcG9zaXRpb25TdGFydCIsY2FwdHVyZWQ6Im9uQ29tcG9zaXRpb25TdGFydENhcHR1cmUifSxkZXBlbmRlbmNpZXM6ImJsdXIgY29tcG9zaXRpb25zdGFydCBrZXlkb3duIGtleXByZXNzIGtleXVwIG1vdXNlZG93biIuc3BsaXQoIiAiKX0sY29tcG9zaXRpb25VcGRhdGU6e3BoYXNlZFJlZ2lzdHJhdGlvbk5hbWVzOntidWJibGVkOiJvbkNvbXBvc2l0aW9uVXBkYXRlIixjYXB0dXJlZDoib25Db21wb3NpdGlvblVwZGF0ZUNhcHR1cmUifSxkZXBlbmRlbmNpZXM6ImJsdXIgY29tcG9zaXRpb251cGRhdGUga2V5ZG93biBrZXlwcmVzcyBrZXl1cCBtb3VzZWRvd24iLnNwbGl0KCIgIil9fSxPcj0hMTtmdW5jdGlvbiBUcihlLHQpe3N3aXRjaChlKXtjYXNlImtleXVwIjpyZXR1cm4tMSE9PXZyLmluZGV4T2YodC5rZXlDb2RlKTtjYXNlImtleWRvd24iOnJldHVybiAyMjkhPT10LmtleUNvZGU7Y2FzZSJrZXlwcmVzcyI6Y2FzZSJtb3VzZWRvd24iOmNhc2UiYmx1ciI6cmV0dXJuITA7ZGVmYXVsdDpyZXR1cm4hMX19ZnVuY3Rpb24geHIoZSl7cmV0dXJuIm9iamVjdCI9PT10eXBlb2YoZT1lLmRldGFpbCkmJiJkYXRhImluIGU/ZS5kYXRhOm51bGx9dmFyIENyPSExO3ZhciBTcj17ZXZlbnRUeXBlczpfcixleHRyYWN0RXZlbnRzOmZ1bmN0aW9uKGUsdCxuLHIsbyl7dmFyIGk7aWYoYnIpZTp7c3dpdGNoKGUpe2Nhc2UiY29tcG9zaXRpb25zdGFydCI6dmFyIGE9X3IuY29tcG9zaXRpb25TdGFydDticmVhayBlO2Nhc2UiY29tcG9zaXRpb25lbmQiOmE9X3IuY29tcG9zaXRpb25FbmQ7YnJlYWsgZTtjYXNlImNvbXBvc2l0aW9udXBkYXRlIjphPV9yLmNvbXBvc2l0aW9uVXBkYXRlO2JyZWFrIGV9YT12b2lkIDB9ZWxzZSBDcj9UcihlLHIpJiYoYT1fci5jb21wb3NpdGlvbkVuZCk6ImtleWRvd24iPT09ZSYmMjI5PT09ci5rZXlDb2RlJiYoYT1fci5jb21wb3NpdGlvblN0YXJ0KTtyZXR1cm4gYT8oRXImJiJrbyIhPT1yLmxvY2FsZSYmKENyfHxhIT09X3IuY29tcG9zaXRpb25TdGFydD9hPT09X3IuY29tcG9zaXRpb25FbmQmJkNyJiYoaT1ocigpKToocHI9InZhbHVlImluKGZyPW8pP2ZyLnZhbHVlOmZyLnRleHRDb250ZW50LENyPSEwKSksdD15ci5nZXRQb29sZWQoYSxuLHIsbyksaT90LmRhdGE9aTpudWxsIT09KGk9eHIocikpJiYodC5kYXRhPWkpLFB0KHQpLGk9dCk6aT1udWxsLChlPXdyP2Z1bmN0aW9uKGUsdCl7c3dpdGNoKGUpe2Nhc2UiY29tcG9zaXRpb25lbmQiOnJldHVybiB4cih0KTtjYXNlImtleXByZXNzIjpyZXR1cm4gMzIhPT10LndoaWNoP251bGw6KE9yPSEwLGtyKTtjYXNlInRleHRJbnB1dCI6cmV0dXJuKGU9dC5kYXRhKT09PWtyJiZPcj9udWxsOmU7ZGVmYXVsdDpyZXR1cm4gbnVsbH19KGUscik6ZnVuY3Rpb24oZSx0KXtpZihDcilyZXR1cm4iY29tcG9zaXRpb25lbmQiPT09ZXx8IWJyJiZUcihlLHQpPyhlPWhyKCksZHI9cHI9ZnI9bnVsbCxDcj0hMSxlKTpudWxsO3N3aXRjaChlKXtjYXNlInBhc3RlIjpyZXR1cm4gbnVsbDtjYXNlImtleXByZXNzIjppZighKHQuY3RybEtleXx8dC5hbHRLZXl8fHQubWV0YUtleSl8fHQuY3RybEtleSYmdC5hbHRLZXkpe2lmKHQuY2hhciYmMTx0LmNoYXIubGVuZ3RoKXJldHVybiB0LmNoYXI7aWYodC53aGljaClyZXR1cm4gU3RyaW5nLmZyb21DaGFyQ29kZSh0LndoaWNoKX1yZXR1cm4gbnVsbDtjYXNlImNvbXBvc2l0aW9uZW5kIjpyZXR1cm4gRXImJiJrbyIhPT10LmxvY2FsZT9udWxsOnQuZGF0YTtkZWZhdWx0OnJldHVybiBudWxsfX0oZSxyKSk/KChuPW1yLmdldFBvb2xlZChfci5iZWZvcmVJbnB1dCxuLHIsbykpLmRhdGE9ZSxQdChuKSk6bj1udWxsLG51bGw9PT1pP246bnVsbD09PW4/aTpbaSxuXX19LFByPXtjb2xvcjohMCxkYXRlOiEwLGRhdGV0aW1lOiEwLCJkYXRldGltZS1sb2NhbCI6ITAsZW1haWw6ITAsbW9udGg6ITAsbnVtYmVyOiEwLHBhc3N3b3JkOiEwLHJhbmdlOiEwLHNlYXJjaDohMCx0ZWw6ITAsdGV4dDohMCx0aW1lOiEwLHVybDohMCx3ZWVrOiEwfTtmdW5jdGlvbiBNcihlKXt2YXIgdD1lJiZlLm5vZGVOYW1lJiZlLm5vZGVOYW1lLnRvTG93ZXJDYXNlKCk7cmV0dXJuImlucHV0Ij09PXQ/ISFQcltlLnR5cGVdOiJ0ZXh0YXJlYSI9PT10fXZhciBqcj17Y2hhbmdlOntwaGFzZWRSZWdpc3RyYXRpb25OYW1lczp7YnViYmxlZDoib25DaGFuZ2UiLGNhcHR1cmVkOiJvbkNoYW5nZUNhcHR1cmUifSxkZXBlbmRlbmNpZXM6ImJsdXIgY2hhbmdlIGNsaWNrIGZvY3VzIGlucHV0IGtleWRvd24ga2V5dXAgc2VsZWN0aW9uY2hhbmdlIi5zcGxpdCgiICIpfX07ZnVuY3Rpb24gTnIoZSx0LG4pe3JldHVybihlPU50LmdldFBvb2xlZChqci5jaGFuZ2UsZSx0LG4pKS50eXBlPSJjaGFuZ2UiLG9lKG4pLFB0KGUpLGV9dmFyIFJyPW51bGwsSXI9bnVsbDtmdW5jdGlvbiBMcihlKXtNKGUpfWZ1bmN0aW9uIERyKGUpe2lmKFRlKHNyKGUpKSlyZXR1cm4gZX1mdW5jdGlvbiBBcihlLHQpe2lmKCJjaGFuZ2UiPT09ZSlyZXR1cm4gdH12YXIgenI9ITE7ZnVuY3Rpb24gVXIoKXtSciYmKFJyLmRldGFjaEV2ZW50KCJvbnByb3BlcnR5Y2hhbmdlIixGciksSXI9UnI9bnVsbCl9ZnVuY3Rpb24gRnIoZSl7aWYoInZhbHVlIj09PWUucHJvcGVydHlOYW1lJiZEcihJcikpaWYoZT1OcihJcixlLF90KGUpKSxjZSlNKGUpO2Vsc2V7Y2U9ITA7dHJ5e2FlKExyLGUpfWZpbmFsbHl7Y2U9ITEscGUoKX19fWZ1bmN0aW9uIEJyKGUsdCxuKXsiZm9jdXMiPT09ZT8oVXIoKSxJcj1uLChScj10KS5hdHRhY2hFdmVudCgib25wcm9wZXJ0eWNoYW5nZSIsRnIpKToiYmx1ciI9PT1lJiZVcigpfWZ1bmN0aW9uICRyKGUpe2lmKCJzZWxlY3Rpb25jaGFuZ2UiPT09ZXx8ImtleXVwIj09PWV8fCJrZXlkb3duIj09PWUpcmV0dXJuIERyKElyKX1mdW5jdGlvbiBXcihlLHQpe2lmKCJjbGljayI9PT1lKXJldHVybiBEcih0KX1mdW5jdGlvbiBWcihlLHQpe2lmKCJpbnB1dCI9PT1lfHwiY2hhbmdlIj09PWUpcmV0dXJuIERyKHQpfUomJih6cj1DbigiaW5wdXQiKSYmKCFkb2N1bWVudC5kb2N1bWVudE1vZGV8fDk8ZG9jdW1lbnQuZG9jdW1lbnRNb2RlKSk7dmFyIEtyPXtldmVudFR5cGVzOmpyLF9pc0lucHV0RXZlbnRTdXBwb3J0ZWQ6enIsZXh0cmFjdEV2ZW50czpmdW5jdGlvbihlLHQsbixyLG8pe3ZhciBpPSh0PW4/c3Iobik6d2luZG93KS5ub2RlTmFtZSYmdC5ub2RlTmFtZS50b0xvd2VyQ2FzZSgpO2lmKCJzZWxlY3QiPT09aXx8ImlucHV0Ij09PWkmJiJmaWxlIj09PXQudHlwZSl2YXIgYT1BcjtlbHNlIGlmKE1yKHQpKWlmKHpyKWE9VnI7ZWxzZXthPSRyO3ZhciBsPUJyfWVsc2UoaT10Lm5vZGVOYW1lKSYmImlucHV0Ij09PWkudG9Mb3dlckNhc2UoKSYmKCJjaGVja2JveCI9PT10LnR5cGV8fCJyYWRpbyI9PT10LnR5cGUpJiYoYT1Xcik7aWYoYSYmKGE9YShlLG4pKSlyZXR1cm4gTnIoYSxyLG8pO2wmJmwoZSx0LG4pLCJibHVyIj09PWUmJihlPXQuX3dyYXBwZXJTdGF0ZSkmJmUuY29udHJvbGxlZCYmIm51bWJlciI9PT10LnR5cGUmJmplKHQsIm51bWJlciIsdC52YWx1ZSl9fSxIcj17bW91c2VFbnRlcjp7cmVnaXN0cmF0aW9uTmFtZToib25Nb3VzZUVudGVyIixkZXBlbmRlbmNpZXM6WyJtb3VzZW91dCIsIm1vdXNlb3ZlciJdfSxtb3VzZUxlYXZlOntyZWdpc3RyYXRpb25OYW1lOiJvbk1vdXNlTGVhdmUiLGRlcGVuZGVuY2llczpbIm1vdXNlb3V0IiwibW91c2VvdmVyIl19LHBvaW50ZXJFbnRlcjp7cmVnaXN0cmF0aW9uTmFtZToib25Qb2ludGVyRW50ZXIiLGRlcGVuZGVuY2llczpbInBvaW50ZXJvdXQiLCJwb2ludGVyb3ZlciJdfSxwb2ludGVyTGVhdmU6e3JlZ2lzdHJhdGlvbk5hbWU6Im9uUG9pbnRlckxlYXZlIixkZXBlbmRlbmNpZXM6WyJwb2ludGVyb3V0IiwicG9pbnRlcm92ZXIiXX19LFFyPXtldmVudFR5cGVzOkhyLGV4dHJhY3RFdmVudHM6ZnVuY3Rpb24oZSx0LG4scixvKXt2YXIgaT0ibW91c2VvdmVyIj09PWV8fCJwb2ludGVyb3ZlciI9PT1lLGE9Im1vdXNlb3V0Ij09PWV8fCJwb2ludGVyb3V0Ij09PWU7aWYoaSYmMD09PSgzMiZ0KSYmKHIucmVsYXRlZFRhcmdldHx8ci5mcm9tRWxlbWVudCl8fCFhJiYhaSlyZXR1cm4gbnVsbDtpZih0PW8ud2luZG93PT09bz9vOih0PW8ub3duZXJEb2N1bWVudCk/dC5kZWZhdWx0Vmlld3x8dC5wYXJlbnRXaW5kb3c6d2luZG93LGE/KGE9bixudWxsIT09KG49KG49ci5yZWxhdGVkVGFyZ2V0fHxyLnRvRWxlbWVudCk/bHIobik6bnVsbCkmJihuIT09KGk9d3QobikpfHw1IT09bi50YWcmJjYhPT1uLnRhZykmJihuPW51bGwpKTphPW51bGwsYT09PW4pcmV0dXJuIG51bGw7aWYoIm1vdXNlb3V0Ij09PWV8fCJtb3VzZW92ZXIiPT09ZSl2YXIgbD1YdCx1PUhyLm1vdXNlTGVhdmUscz1Ici5tb3VzZUVudGVyLGM9Im1vdXNlIjtlbHNlInBvaW50ZXJvdXQiIT09ZSYmInBvaW50ZXJvdmVyIiE9PWV8fChsPVp0LHU9SHIucG9pbnRlckxlYXZlLHM9SHIucG9pbnRlckVudGVyLGM9InBvaW50ZXIiKTtpZihlPW51bGw9PWE/dDpzcihhKSx0PW51bGw9PW4/dDpzcihuKSwodT1sLmdldFBvb2xlZCh1LGEscixvKSkudHlwZT1jKyJsZWF2ZSIsdS50YXJnZXQ9ZSx1LnJlbGF0ZWRUYXJnZXQ9dCwocj1sLmdldFBvb2xlZChzLG4scixvKSkudHlwZT1jKyJlbnRlciIsci50YXJnZXQ9dCxyLnJlbGF0ZWRUYXJnZXQ9ZSxjPW4sKG89YSkmJmMpZTp7Zm9yKHM9YyxlPTAsYT1sPW87YTthPU90KGEpKWUrKztmb3IoYT0wLG49cztuO249T3QobikpYSsrO2Zvcig7MDxlLWE7KWw9T3QobCksZS0tO2Zvcig7MDxhLWU7KXM9T3QocyksYS0tO2Zvcig7ZS0tOyl7aWYobD09PXN8fGw9PT1zLmFsdGVybmF0ZSlicmVhayBlO2w9T3QobCkscz1PdChzKX1sPW51bGx9ZWxzZSBsPW51bGw7Zm9yKHM9bCxsPVtdO28mJm8hPT1zJiYobnVsbD09PShlPW8uYWx0ZXJuYXRlKXx8ZSE9PXMpOylsLnB1c2gobyksbz1PdChvKTtmb3Iobz1bXTtjJiZjIT09cyYmKG51bGw9PT0oZT1jLmFsdGVybmF0ZSl8fGUhPT1zKTspby5wdXNoKGMpLGM9T3QoYyk7Zm9yKGM9MDtjPGwubGVuZ3RoO2MrKylDdChsW2NdLCJidWJibGVkIix1KTtmb3IoYz1vLmxlbmd0aDswPGMtLTspQ3Qob1tjXSwiY2FwdHVyZWQiLHIpO3JldHVyblt1LHJdfX07dmFyIFlyPSJmdW5jdGlvbiI9PT10eXBlb2YgT2JqZWN0LmlzP09iamVjdC5pczpmdW5jdGlvbihlLHQpe3JldHVybiBlPT09dCYmKDAhPT1lfHwxL2U9PT0xL3QpfHxlIT09ZSYmdCE9PXR9LHFyPU9iamVjdC5wcm90b3R5cGUuaGFzT3duUHJvcGVydHk7ZnVuY3Rpb24gR3IoZSx0KXtpZihZcihlLHQpKXJldHVybiEwO2lmKCJvYmplY3QiIT09dHlwZW9mIGV8fG51bGw9PT1lfHwib2JqZWN0IiE9PXR5cGVvZiB0fHxudWxsPT09dClyZXR1cm4hMTt2YXIgbj1PYmplY3Qua2V5cyhlKSxyPU9iamVjdC5rZXlzKHQpO2lmKG4ubGVuZ3RoIT09ci5sZW5ndGgpcmV0dXJuITE7Zm9yKHI9MDtyPG4ubGVuZ3RoO3IrKylpZighcXIuY2FsbCh0LG5bcl0pfHwhWXIoZVtuW3JdXSx0W25bcl1dKSlyZXR1cm4hMTtyZXR1cm4hMH12YXIgWHI9SiYmImRvY3VtZW50TW9kZSJpbiBkb2N1bWVudCYmMTE+PWRvY3VtZW50LmRvY3VtZW50TW9kZSxacj17c2VsZWN0OntwaGFzZWRSZWdpc3RyYXRpb25OYW1lczp7YnViYmxlZDoib25TZWxlY3QiLGNhcHR1cmVkOiJvblNlbGVjdENhcHR1cmUifSxkZXBlbmRlbmNpZXM6ImJsdXIgY29udGV4dG1lbnUgZHJhZ2VuZCBmb2N1cyBrZXlkb3duIGtleXVwIG1vdXNlZG93biBtb3VzZXVwIHNlbGVjdGlvbmNoYW5nZSIuc3BsaXQoIiAiKX19LEpyPW51bGwsZW89bnVsbCx0bz1udWxsLG5vPSExO2Z1bmN0aW9uIHJvKGUsdCl7dmFyIG49dC53aW5kb3c9PT10P3QuZG9jdW1lbnQ6OT09PXQubm9kZVR5cGU/dDp0Lm93bmVyRG9jdW1lbnQ7cmV0dXJuIG5vfHxudWxsPT1Kcnx8SnIhPT1GbihuKT9udWxsOigic2VsZWN0aW9uU3RhcnQiaW4obj1KcikmJlZuKG4pP249e3N0YXJ0Om4uc2VsZWN0aW9uU3RhcnQsZW5kOm4uc2VsZWN0aW9uRW5kfTpuPXthbmNob3JOb2RlOihuPShuLm93bmVyRG9jdW1lbnQmJm4ub3duZXJEb2N1bWVudC5kZWZhdWx0Vmlld3x8d2luZG93KS5nZXRTZWxlY3Rpb24oKSkuYW5jaG9yTm9kZSxhbmNob3JPZmZzZXQ6bi5hbmNob3JPZmZzZXQsZm9jdXNOb2RlOm4uZm9jdXNOb2RlLGZvY3VzT2Zmc2V0Om4uZm9jdXNPZmZzZXR9LHRvJiZHcih0byxuKT9udWxsOih0bz1uLChlPU50LmdldFBvb2xlZChaci5zZWxlY3QsZW8sZSx0KSkudHlwZT0ic2VsZWN0IixlLnRhcmdldD1KcixQdChlKSxlKSl9dmFyIG9vPXtldmVudFR5cGVzOlpyLGV4dHJhY3RFdmVudHM6ZnVuY3Rpb24oZSx0LG4scixvKXt2YXIgaTtpZighKGk9ISh0PW8ud2luZG93PT09bz9vLmRvY3VtZW50Ojk9PT1vLm5vZGVUeXBlP286by5vd25lckRvY3VtZW50KSkpe2U6e3Q9UG4odCksaT1oLm9uU2VsZWN0O2Zvcih2YXIgYT0wO2E8aS5sZW5ndGg7YSsrKWlmKCF0LmhhcyhpW2FdKSl7dD0hMTticmVhayBlfXQ9ITB9aT0hdH1pZihpKXJldHVybiBudWxsO3N3aXRjaCh0PW4/c3Iobik6d2luZG93LGUpe2Nhc2UiZm9jdXMiOihNcih0KXx8InRydWUiPT09dC5jb250ZW50RWRpdGFibGUpJiYoSnI9dCxlbz1uLHRvPW51bGwpO2JyZWFrO2Nhc2UiYmx1ciI6dG89ZW89SnI9bnVsbDticmVhaztjYXNlIm1vdXNlZG93biI6bm89ITA7YnJlYWs7Y2FzZSJjb250ZXh0bWVudSI6Y2FzZSJtb3VzZXVwIjpjYXNlImRyYWdlbmQiOnJldHVybiBubz0hMSxybyhyLG8pO2Nhc2Uic2VsZWN0aW9uY2hhbmdlIjppZihYcilicmVhaztjYXNlImtleWRvd24iOmNhc2Uia2V5dXAiOnJldHVybiBybyhyLG8pfXJldHVybiBudWxsfX07ai5pbmplY3RFdmVudFBsdWdpbk9yZGVyKCJSZXNwb25kZXJFdmVudFBsdWdpbiBTaW1wbGVFdmVudFBsdWdpbiBFbnRlckxlYXZlRXZlbnRQbHVnaW4gQ2hhbmdlRXZlbnRQbHVnaW4gU2VsZWN0RXZlbnRQbHVnaW4gQmVmb3JlSW5wdXRFdmVudFBsdWdpbiIuc3BsaXQoIiAiKSksaz1jcixfPXVyLE89c3Isai5pbmplY3RFdmVudFBsdWdpbnNCeU5hbWUoe1NpbXBsZUV2ZW50UGx1Z2luOmhuLEVudGVyTGVhdmVFdmVudFBsdWdpbjpRcixDaGFuZ2VFdmVudFBsdWdpbjpLcixTZWxlY3RFdmVudFBsdWdpbjpvbyxCZWZvcmVJbnB1dEV2ZW50UGx1Z2luOlNyfSksbmV3IFNldDt2YXIgaW89W10sYW89LTE7ZnVuY3Rpb24gbG8oZSl7MD5hb3x8KGUuY3VycmVudD1pb1thb10saW9bYW9dPW51bGwsYW8tLSl9ZnVuY3Rpb24gdW8oZSx0KXtpb1srK2FvXT1lLmN1cnJlbnQsZS5jdXJyZW50PXR9dmFyIHNvPXt9LGNvPXtjdXJyZW50OnNvfSxmbz17Y3VycmVudDohMX0scG89c287ZnVuY3Rpb24gaG8oZSx0KXt2YXIgbj1lLnR5cGUuY29udGV4dFR5cGVzO2lmKCFuKXJldHVybiBzbzt2YXIgcj1lLnN0YXRlTm9kZTtpZihyJiZyLl9fcmVhY3RJbnRlcm5hbE1lbW9pemVkVW5tYXNrZWRDaGlsZENvbnRleHQ9PT10KXJldHVybiByLl9fcmVhY3RJbnRlcm5hbE1lbW9pemVkTWFza2VkQ2hpbGRDb250ZXh0O3ZhciBvLGk9e307Zm9yKG8gaW4gbilpW29dPXRbb107cmV0dXJuIHImJigoZT1lLnN0YXRlTm9kZSkuX19yZWFjdEludGVybmFsTWVtb2l6ZWRVbm1hc2tlZENoaWxkQ29udGV4dD10LGUuX19yZWFjdEludGVybmFsTWVtb2l6ZWRNYXNrZWRDaGlsZENvbnRleHQ9aSksaX1mdW5jdGlvbiB5byhlKXtyZXR1cm4gbnVsbCE9PShlPWUuY2hpbGRDb250ZXh0VHlwZXMpJiZ2b2lkIDAhPT1lfWZ1bmN0aW9uIG1vKGUpe2xvKGZvKSxsbyhjbyl9ZnVuY3Rpb24gdm8oZSl7bG8oZm8pLGxvKGNvKX1mdW5jdGlvbiBibyhlLHQsbil7aWYoY28uY3VycmVudCE9PXNvKXRocm93IGEoRXJyb3IoMTY4KSk7dW8oY28sdCksdW8oZm8sbil9ZnVuY3Rpb24gZ28oZSx0LG4pe3ZhciByPWUuc3RhdGVOb2RlO2lmKGU9dC5jaGlsZENvbnRleHRUeXBlcywiZnVuY3Rpb24iIT09dHlwZW9mIHIuZ2V0Q2hpbGRDb250ZXh0KXJldHVybiBuO2Zvcih2YXIgaSBpbiByPXIuZ2V0Q2hpbGRDb250ZXh0KCkpaWYoIShpIGluIGUpKXRocm93IGEoRXJyb3IoMTA4KSxYKHQpfHwiVW5rbm93biIsaSk7cmV0dXJuIG8oe30sbix7fSxyKX1mdW5jdGlvbiB3byhlKXt2YXIgdD1lLnN0YXRlTm9kZTtyZXR1cm4gdD10JiZ0Ll9fcmVhY3RJbnRlcm5hbE1lbW9pemVkTWVyZ2VkQ2hpbGRDb250ZXh0fHxzbyxwbz1jby5jdXJyZW50LHVvKGNvLHQpLHVvKGZvLGZvLmN1cnJlbnQpLCEwfWZ1bmN0aW9uIEVvKGUsdCxuKXt2YXIgcj1lLnN0YXRlTm9kZTtpZighcil0aHJvdyBhKEVycm9yKDE2OSkpO24/KHQ9Z28oZSx0LHBvKSxyLl9fcmVhY3RJbnRlcm5hbE1lbW9pemVkTWVyZ2VkQ2hpbGRDb250ZXh0PXQsbG8oZm8pLGxvKGNvKSx1byhjbyx0KSk6bG8oZm8pLHVvKGZvLG4pfXZhciBrbz1pLnVuc3RhYmxlX3J1bldpdGhQcmlvcml0eSxfbz1pLnVuc3RhYmxlX3NjaGVkdWxlQ2FsbGJhY2ssT289aS51bnN0YWJsZV9jYW5jZWxDYWxsYmFjayxUbz1pLnVuc3RhYmxlX3Nob3VsZFlpZWxkLHhvPWkudW5zdGFibGVfcmVxdWVzdFBhaW50LENvPWkudW5zdGFibGVfbm93LFNvPWkudW5zdGFibGVfZ2V0Q3VycmVudFByaW9yaXR5TGV2ZWwsUG89aS51bnN0YWJsZV9JbW1lZGlhdGVQcmlvcml0eSxNbz1pLnVuc3RhYmxlX1VzZXJCbG9ja2luZ1ByaW9yaXR5LGpvPWkudW5zdGFibGVfTm9ybWFsUHJpb3JpdHksTm89aS51bnN0YWJsZV9Mb3dQcmlvcml0eSxSbz1pLnVuc3RhYmxlX0lkbGVQcmlvcml0eSxJbz17fSxMbz12b2lkIDAhPT14bz94bzpmdW5jdGlvbigpe30sRG89bnVsbCxBbz1udWxsLHpvPSExLFVvPUNvKCksRm89MWU0PlVvP0NvOmZ1bmN0aW9uKCl7cmV0dXJuIENvKCktVW99O2Z1bmN0aW9uIEJvKCl7c3dpdGNoKFNvKCkpe2Nhc2UgUG86cmV0dXJuIDk5O2Nhc2UgTW86cmV0dXJuIDk4O2Nhc2Ugam86cmV0dXJuIDk3O2Nhc2UgTm86cmV0dXJuIDk2O2Nhc2UgUm86cmV0dXJuIDk1O2RlZmF1bHQ6dGhyb3cgYShFcnJvcigzMzIpKX19ZnVuY3Rpb24gJG8oZSl7c3dpdGNoKGUpe2Nhc2UgOTk6cmV0dXJuIFBvO2Nhc2UgOTg6cmV0dXJuIE1vO2Nhc2UgOTc6cmV0dXJuIGpvO2Nhc2UgOTY6cmV0dXJuIE5vO2Nhc2UgOTU6cmV0dXJuIFJvO2RlZmF1bHQ6dGhyb3cgYShFcnJvcigzMzIpKX19ZnVuY3Rpb24gV28oZSx0KXtyZXR1cm4gZT0kbyhlKSxrbyhlLHQpfWZ1bmN0aW9uIFZvKGUsdCxuKXtyZXR1cm4gZT0kbyhlKSxfbyhlLHQsbil9ZnVuY3Rpb24gS28oZSl7cmV0dXJuIG51bGw9PT1Ebz8oRG89W2VdLEFvPV9vKFBvLFFvKSk6RG8ucHVzaChlKSxJb31mdW5jdGlvbiBIbygpe2lmKG51bGwhPT1Bbyl7dmFyIGU9QW87QW89bnVsbCxPbyhlKX1RbygpfWZ1bmN0aW9uIFFvKCl7aWYoIXpvJiZudWxsIT09RG8pe3pvPSEwO3ZhciBlPTA7dHJ5e3ZhciB0PURvO1dvKDk5LChmdW5jdGlvbigpe2Zvcig7ZTx0Lmxlbmd0aDtlKyspe3ZhciBuPXRbZV07ZG97bj1uKCEwKX13aGlsZShudWxsIT09bil9fSkpLERvPW51bGx9Y2F0Y2gobil7dGhyb3cgbnVsbCE9PURvJiYoRG89RG8uc2xpY2UoZSsxKSksX28oUG8sSG8pLG59ZmluYWxseXt6bz0hMX19fWZ1bmN0aW9uIFlvKGUsdCl7aWYoZSYmZS5kZWZhdWx0UHJvcHMpZm9yKHZhciBuIGluIHQ9byh7fSx0KSxlPWUuZGVmYXVsdFByb3BzKXZvaWQgMD09PXRbbl0mJih0W25dPWVbbl0pO3JldHVybiB0fXZhciBxbz17Y3VycmVudDpudWxsfSxHbz1udWxsLFhvPW51bGwsWm89bnVsbDtmdW5jdGlvbiBKbygpe1pvPVhvPUdvPW51bGx9ZnVuY3Rpb24gZWkoZSx0KXt2YXIgbj1lLnR5cGUuX2NvbnRleHQ7dW8ocW8sbi5fY3VycmVudFZhbHVlKSxuLl9jdXJyZW50VmFsdWU9dH1mdW5jdGlvbiB0aShlKXt2YXIgdD1xby5jdXJyZW50O2xvKHFvKSxlLnR5cGUuX2NvbnRleHQuX2N1cnJlbnRWYWx1ZT10fWZ1bmN0aW9uIG5pKGUsdCl7Zm9yKDtudWxsIT09ZTspe3ZhciBuPWUuYWx0ZXJuYXRlO2lmKGUuY2hpbGRFeHBpcmF0aW9uVGltZTx0KWUuY2hpbGRFeHBpcmF0aW9uVGltZT10LG51bGwhPT1uJiZuLmNoaWxkRXhwaXJhdGlvblRpbWU8dCYmKG4uY2hpbGRFeHBpcmF0aW9uVGltZT10KTtlbHNle2lmKCEobnVsbCE9PW4mJm4uY2hpbGRFeHBpcmF0aW9uVGltZTx0KSlicmVhaztuLmNoaWxkRXhwaXJhdGlvblRpbWU9dH1lPWUucmV0dXJufX1mdW5jdGlvbiByaShlLHQpe0dvPWUsWm89WG89bnVsbCxudWxsIT09KGU9ZS5kZXBlbmRlbmNpZXMpJiZudWxsIT09ZS5maXJzdENvbnRleHQmJihlLmV4cGlyYXRpb25UaW1lPj10JiYoTWE9ITApLGUuZmlyc3RDb250ZXh0PW51bGwpfWZ1bmN0aW9uIG9pKGUsdCl7aWYoWm8hPT1lJiYhMSE9PXQmJjAhPT10KWlmKCJudW1iZXIiPT09dHlwZW9mIHQmJjEwNzM3NDE4MjMhPT10fHwoWm89ZSx0PTEwNzM3NDE4MjMpLHQ9e2NvbnRleHQ6ZSxvYnNlcnZlZEJpdHM6dCxuZXh0Om51bGx9LG51bGw9PT1Ybyl7aWYobnVsbD09PUdvKXRocm93IGEoRXJyb3IoMzA4KSk7WG89dCxHby5kZXBlbmRlbmNpZXM9e2V4cGlyYXRpb25UaW1lOjAsZmlyc3RDb250ZXh0OnQscmVzcG9uZGVyczpudWxsfX1lbHNlIFhvPVhvLm5leHQ9dDtyZXR1cm4gZS5fY3VycmVudFZhbHVlfXZhciBpaT0hMTtmdW5jdGlvbiBhaShlKXtyZXR1cm57YmFzZVN0YXRlOmUsZmlyc3RVcGRhdGU6bnVsbCxsYXN0VXBkYXRlOm51bGwsZmlyc3RDYXB0dXJlZFVwZGF0ZTpudWxsLGxhc3RDYXB0dXJlZFVwZGF0ZTpudWxsLGZpcnN0RWZmZWN0Om51bGwsbGFzdEVmZmVjdDpudWxsLGZpcnN0Q2FwdHVyZWRFZmZlY3Q6bnVsbCxsYXN0Q2FwdHVyZWRFZmZlY3Q6bnVsbH19ZnVuY3Rpb24gbGkoZSl7cmV0dXJue2Jhc2VTdGF0ZTplLmJhc2VTdGF0ZSxmaXJzdFVwZGF0ZTplLmZpcnN0VXBkYXRlLGxhc3RVcGRhdGU6ZS5sYXN0VXBkYXRlLGZpcnN0Q2FwdHVyZWRVcGRhdGU6bnVsbCxsYXN0Q2FwdHVyZWRVcGRhdGU6bnVsbCxmaXJzdEVmZmVjdDpudWxsLGxhc3RFZmZlY3Q6bnVsbCxmaXJzdENhcHR1cmVkRWZmZWN0Om51bGwsbGFzdENhcHR1cmVkRWZmZWN0Om51bGx9fWZ1bmN0aW9uIHVpKGUsdCl7cmV0dXJue2V4cGlyYXRpb25UaW1lOmUsc3VzcGVuc2VDb25maWc6dCx0YWc6MCxwYXlsb2FkOm51bGwsY2FsbGJhY2s6bnVsbCxuZXh0Om51bGwsbmV4dEVmZmVjdDpudWxsfX1mdW5jdGlvbiBzaShlLHQpe251bGw9PT1lLmxhc3RVcGRhdGU/ZS5maXJzdFVwZGF0ZT1lLmxhc3RVcGRhdGU9dDooZS5sYXN0VXBkYXRlLm5leHQ9dCxlLmxhc3RVcGRhdGU9dCl9ZnVuY3Rpb24gY2koZSx0KXt2YXIgbj1lLmFsdGVybmF0ZTtpZihudWxsPT09bil7dmFyIHI9ZS51cGRhdGVRdWV1ZSxvPW51bGw7bnVsbD09PXImJihyPWUudXBkYXRlUXVldWU9YWkoZS5tZW1vaXplZFN0YXRlKSl9ZWxzZSByPWUudXBkYXRlUXVldWUsbz1uLnVwZGF0ZVF1ZXVlLG51bGw9PT1yP251bGw9PT1vPyhyPWUudXBkYXRlUXVldWU9YWkoZS5tZW1vaXplZFN0YXRlKSxvPW4udXBkYXRlUXVldWU9YWkobi5tZW1vaXplZFN0YXRlKSk6cj1lLnVwZGF0ZVF1ZXVlPWxpKG8pOm51bGw9PT1vJiYobz1uLnVwZGF0ZVF1ZXVlPWxpKHIpKTtudWxsPT09b3x8cj09PW8/c2kocix0KTpudWxsPT09ci5sYXN0VXBkYXRlfHxudWxsPT09by5sYXN0VXBkYXRlPyhzaShyLHQpLHNpKG8sdCkpOihzaShyLHQpLG8ubGFzdFVwZGF0ZT10KX1mdW5jdGlvbiBmaShlLHQpe3ZhciBuPWUudXBkYXRlUXVldWU7bnVsbD09PShuPW51bGw9PT1uP2UudXBkYXRlUXVldWU9YWkoZS5tZW1vaXplZFN0YXRlKTpwaShlLG4pKS5sYXN0Q2FwdHVyZWRVcGRhdGU/bi5maXJzdENhcHR1cmVkVXBkYXRlPW4ubGFzdENhcHR1cmVkVXBkYXRlPXQ6KG4ubGFzdENhcHR1cmVkVXBkYXRlLm5leHQ9dCxuLmxhc3RDYXB0dXJlZFVwZGF0ZT10KX1mdW5jdGlvbiBwaShlLHQpe3ZhciBuPWUuYWx0ZXJuYXRlO3JldHVybiBudWxsIT09biYmdD09PW4udXBkYXRlUXVldWUmJih0PWUudXBkYXRlUXVldWU9bGkodCkpLHR9ZnVuY3Rpb24gZGkoZSx0LG4scixpLGEpe3N3aXRjaChuLnRhZyl7Y2FzZSAxOnJldHVybiJmdW5jdGlvbiI9PT10eXBlb2YoZT1uLnBheWxvYWQpP2UuY2FsbChhLHIsaSk6ZTtjYXNlIDM6ZS5lZmZlY3RUYWc9LTQwOTcmZS5lZmZlY3RUYWd8NjQ7Y2FzZSAwOmlmKG51bGw9PT0oaT0iZnVuY3Rpb24iPT09dHlwZW9mKGU9bi5wYXlsb2FkKT9lLmNhbGwoYSxyLGkpOmUpfHx2b2lkIDA9PT1pKWJyZWFrO3JldHVybiBvKHt9LHIsaSk7Y2FzZSAyOmlpPSEwfXJldHVybiByfWZ1bmN0aW9uIGhpKGUsdCxuLHIsbyl7aWk9ITE7Zm9yKHZhciBpPSh0PXBpKGUsdCkpLmJhc2VTdGF0ZSxhPW51bGwsbD0wLHU9dC5maXJzdFVwZGF0ZSxzPWk7bnVsbCE9PXU7KXt2YXIgYz11LmV4cGlyYXRpb25UaW1lO2M8bz8obnVsbD09PWEmJihhPXUsaT1zKSxsPGMmJihsPWMpKToobXUoYyx1LnN1c3BlbnNlQ29uZmlnKSxzPWRpKGUsMCx1LHMsbixyKSxudWxsIT09dS5jYWxsYmFjayYmKGUuZWZmZWN0VGFnfD0zMix1Lm5leHRFZmZlY3Q9bnVsbCxudWxsPT09dC5sYXN0RWZmZWN0P3QuZmlyc3RFZmZlY3Q9dC5sYXN0RWZmZWN0PXU6KHQubGFzdEVmZmVjdC5uZXh0RWZmZWN0PXUsdC5sYXN0RWZmZWN0PXUpKSksdT11Lm5leHR9Zm9yKGM9bnVsbCx1PXQuZmlyc3RDYXB0dXJlZFVwZGF0ZTtudWxsIT09dTspe3ZhciBmPXUuZXhwaXJhdGlvblRpbWU7ZjxvPyhudWxsPT09YyYmKGM9dSxudWxsPT09YSYmKGk9cykpLGw8ZiYmKGw9ZikpOihzPWRpKGUsMCx1LHMsbixyKSxudWxsIT09dS5jYWxsYmFjayYmKGUuZWZmZWN0VGFnfD0zMix1Lm5leHRFZmZlY3Q9bnVsbCxudWxsPT09dC5sYXN0Q2FwdHVyZWRFZmZlY3Q/dC5maXJzdENhcHR1cmVkRWZmZWN0PXQubGFzdENhcHR1cmVkRWZmZWN0PXU6KHQubGFzdENhcHR1cmVkRWZmZWN0Lm5leHRFZmZlY3Q9dSx0Lmxhc3RDYXB0dXJlZEVmZmVjdD11KSkpLHU9dS5uZXh0fW51bGw9PT1hJiYodC5sYXN0VXBkYXRlPW51bGwpLG51bGw9PT1jP3QubGFzdENhcHR1cmVkVXBkYXRlPW51bGw6ZS5lZmZlY3RUYWd8PTMyLG51bGw9PT1hJiZudWxsPT09YyYmKGk9cyksdC5iYXNlU3RhdGU9aSx0LmZpcnN0VXBkYXRlPWEsdC5maXJzdENhcHR1cmVkVXBkYXRlPWMsdnUobCksZS5leHBpcmF0aW9uVGltZT1sLGUubWVtb2l6ZWRTdGF0ZT1zfWZ1bmN0aW9uIHlpKGUsdCxuKXtudWxsIT09dC5maXJzdENhcHR1cmVkVXBkYXRlJiYobnVsbCE9PXQubGFzdFVwZGF0ZSYmKHQubGFzdFVwZGF0ZS5uZXh0PXQuZmlyc3RDYXB0dXJlZFVwZGF0ZSx0Lmxhc3RVcGRhdGU9dC5sYXN0Q2FwdHVyZWRVcGRhdGUpLHQuZmlyc3RDYXB0dXJlZFVwZGF0ZT10Lmxhc3RDYXB0dXJlZFVwZGF0ZT1udWxsKSxtaSh0LmZpcnN0RWZmZWN0LG4pLHQuZmlyc3RFZmZlY3Q9dC5sYXN0RWZmZWN0PW51bGwsbWkodC5maXJzdENhcHR1cmVkRWZmZWN0LG4pLHQuZmlyc3RDYXB0dXJlZEVmZmVjdD10Lmxhc3RDYXB0dXJlZEVmZmVjdD1udWxsfWZ1bmN0aW9uIG1pKGUsdCl7Zm9yKDtudWxsIT09ZTspe3ZhciBuPWUuY2FsbGJhY2s7aWYobnVsbCE9PW4pe2UuY2FsbGJhY2s9bnVsbDt2YXIgcj10O2lmKCJmdW5jdGlvbiIhPT10eXBlb2Ygbil0aHJvdyBhKEVycm9yKDE5MSksbik7bi5jYWxsKHIpfWU9ZS5uZXh0RWZmZWN0fX12YXIgdmk9Ui5SZWFjdEN1cnJlbnRCYXRjaENvbmZpZyxiaT0obmV3IHIuQ29tcG9uZW50KS5yZWZzO2Z1bmN0aW9uIGdpKGUsdCxuLHIpe249bnVsbD09PShuPW4ocix0PWUubWVtb2l6ZWRTdGF0ZSkpfHx2b2lkIDA9PT1uP3Q6byh7fSx0LG4pLGUubWVtb2l6ZWRTdGF0ZT1uLG51bGwhPT0ocj1lLnVwZGF0ZVF1ZXVlKSYmMD09PWUuZXhwaXJhdGlvblRpbWUmJihyLmJhc2VTdGF0ZT1uKX12YXIgd2k9e2lzTW91bnRlZDpmdW5jdGlvbihlKXtyZXR1cm4hIShlPWUuX3JlYWN0SW50ZXJuYWxGaWJlcikmJnd0KGUpPT09ZX0sZW5xdWV1ZVNldFN0YXRlOmZ1bmN0aW9uKGUsdCxuKXtlPWUuX3JlYWN0SW50ZXJuYWxGaWJlcjt2YXIgcj1abCgpLG89dmkuc3VzcGVuc2U7KG89dWkocj1KbChyLGUsbyksbykpLnBheWxvYWQ9dCx2b2lkIDAhPT1uJiZudWxsIT09biYmKG8uY2FsbGJhY2s9biksY2koZSxvKSxudShlLHIpfSxlbnF1ZXVlUmVwbGFjZVN0YXRlOmZ1bmN0aW9uKGUsdCxuKXtlPWUuX3JlYWN0SW50ZXJuYWxGaWJlcjt2YXIgcj1abCgpLG89dmkuc3VzcGVuc2U7KG89dWkocj1KbChyLGUsbyksbykpLnRhZz0xLG8ucGF5bG9hZD10LHZvaWQgMCE9PW4mJm51bGwhPT1uJiYoby5jYWxsYmFjaz1uKSxjaShlLG8pLG51KGUscil9LGVucXVldWVGb3JjZVVwZGF0ZTpmdW5jdGlvbihlLHQpe2U9ZS5fcmVhY3RJbnRlcm5hbEZpYmVyO3ZhciBuPVpsKCkscj12aS5zdXNwZW5zZTsocj11aShuPUpsKG4sZSxyKSxyKSkudGFnPTIsdm9pZCAwIT09dCYmbnVsbCE9PXQmJihyLmNhbGxiYWNrPXQpLGNpKGUsciksbnUoZSxuKX19O2Z1bmN0aW9uIEVpKGUsdCxuLHIsbyxpLGEpe3JldHVybiJmdW5jdGlvbiI9PT10eXBlb2YoZT1lLnN0YXRlTm9kZSkuc2hvdWxkQ29tcG9uZW50VXBkYXRlP2Uuc2hvdWxkQ29tcG9uZW50VXBkYXRlKHIsaSxhKTohdC5wcm90b3R5cGV8fCF0LnByb3RvdHlwZS5pc1B1cmVSZWFjdENvbXBvbmVudHx8KCFHcihuLHIpfHwhR3IobyxpKSl9ZnVuY3Rpb24ga2koZSx0LG4pe3ZhciByPSExLG89c28saT10LmNvbnRleHRUeXBlO3JldHVybiJvYmplY3QiPT09dHlwZW9mIGkmJm51bGwhPT1pP2k9b2koaSk6KG89eW8odCk/cG86Y28uY3VycmVudCxpPShyPW51bGwhPT0ocj10LmNvbnRleHRUeXBlcykmJnZvaWQgMCE9PXIpP2hvKGUsbyk6c28pLHQ9bmV3IHQobixpKSxlLm1lbW9pemVkU3RhdGU9bnVsbCE9PXQuc3RhdGUmJnZvaWQgMCE9PXQuc3RhdGU/dC5zdGF0ZTpudWxsLHQudXBkYXRlcj13aSxlLnN0YXRlTm9kZT10LHQuX3JlYWN0SW50ZXJuYWxGaWJlcj1lLHImJigoZT1lLnN0YXRlTm9kZSkuX19yZWFjdEludGVybmFsTWVtb2l6ZWRVbm1hc2tlZENoaWxkQ29udGV4dD1vLGUuX19yZWFjdEludGVybmFsTWVtb2l6ZWRNYXNrZWRDaGlsZENvbnRleHQ9aSksdH1mdW5jdGlvbiBfaShlLHQsbixyKXtlPXQuc3RhdGUsImZ1bmN0aW9uIj09PXR5cGVvZiB0LmNvbXBvbmVudFdpbGxSZWNlaXZlUHJvcHMmJnQuY29tcG9uZW50V2lsbFJlY2VpdmVQcm9wcyhuLHIpLCJmdW5jdGlvbiI9PT10eXBlb2YgdC5VTlNBRkVfY29tcG9uZW50V2lsbFJlY2VpdmVQcm9wcyYmdC5VTlNBRkVfY29tcG9uZW50V2lsbFJlY2VpdmVQcm9wcyhuLHIpLHQuc3RhdGUhPT1lJiZ3aS5lbnF1ZXVlUmVwbGFjZVN0YXRlKHQsdC5zdGF0ZSxudWxsKX1mdW5jdGlvbiBPaShlLHQsbixyKXt2YXIgbz1lLnN0YXRlTm9kZTtvLnByb3BzPW4sby5zdGF0ZT1lLm1lbW9pemVkU3RhdGUsby5yZWZzPWJpO3ZhciBpPXQuY29udGV4dFR5cGU7Im9iamVjdCI9PT10eXBlb2YgaSYmbnVsbCE9PWk/by5jb250ZXh0PW9pKGkpOihpPXlvKHQpP3BvOmNvLmN1cnJlbnQsby5jb250ZXh0PWhvKGUsaSkpLG51bGwhPT0oaT1lLnVwZGF0ZVF1ZXVlKSYmKGhpKGUsaSxuLG8sciksby5zdGF0ZT1lLm1lbW9pemVkU3RhdGUpLCJmdW5jdGlvbiI9PT10eXBlb2YoaT10LmdldERlcml2ZWRTdGF0ZUZyb21Qcm9wcykmJihnaShlLHQsaSxuKSxvLnN0YXRlPWUubWVtb2l6ZWRTdGF0ZSksImZ1bmN0aW9uIj09PXR5cGVvZiB0LmdldERlcml2ZWRTdGF0ZUZyb21Qcm9wc3x8ImZ1bmN0aW9uIj09PXR5cGVvZiBvLmdldFNuYXBzaG90QmVmb3JlVXBkYXRlfHwiZnVuY3Rpb24iIT09dHlwZW9mIG8uVU5TQUZFX2NvbXBvbmVudFdpbGxNb3VudCYmImZ1bmN0aW9uIiE9PXR5cGVvZiBvLmNvbXBvbmVudFdpbGxNb3VudHx8KHQ9by5zdGF0ZSwiZnVuY3Rpb24iPT09dHlwZW9mIG8uY29tcG9uZW50V2lsbE1vdW50JiZvLmNvbXBvbmVudFdpbGxNb3VudCgpLCJmdW5jdGlvbiI9PT10eXBlb2Ygby5VTlNBRkVfY29tcG9uZW50V2lsbE1vdW50JiZvLlVOU0FGRV9jb21wb25lbnRXaWxsTW91bnQoKSx0IT09by5zdGF0ZSYmd2kuZW5xdWV1ZVJlcGxhY2VTdGF0ZShvLG8uc3RhdGUsbnVsbCksbnVsbCE9PShpPWUudXBkYXRlUXVldWUpJiYoaGkoZSxpLG4sbyxyKSxvLnN0YXRlPWUubWVtb2l6ZWRTdGF0ZSkpLCJmdW5jdGlvbiI9PT10eXBlb2Ygby5jb21wb25lbnREaWRNb3VudCYmKGUuZWZmZWN0VGFnfD00KX12YXIgVGk9QXJyYXkuaXNBcnJheTtmdW5jdGlvbiB4aShlLHQsbil7aWYobnVsbCE9PShlPW4ucmVmKSYmImZ1bmN0aW9uIiE9PXR5cGVvZiBlJiYib2JqZWN0IiE9PXR5cGVvZiBlKXtpZihuLl9vd25lcil7aWYobj1uLl9vd25lcil7aWYoMSE9PW4udGFnKXRocm93IGEoRXJyb3IoMzA5KSk7dmFyIHI9bi5zdGF0ZU5vZGV9aWYoIXIpdGhyb3cgYShFcnJvcigxNDcpLGUpO3ZhciBvPSIiK2U7cmV0dXJuIG51bGwhPT10JiZudWxsIT09dC5yZWYmJiJmdW5jdGlvbiI9PT10eXBlb2YgdC5yZWYmJnQucmVmLl9zdHJpbmdSZWY9PT1vP3QucmVmOigodD1mdW5jdGlvbihlKXt2YXIgdD1yLnJlZnM7dD09PWJpJiYodD1yLnJlZnM9e30pLG51bGw9PT1lP2RlbGV0ZSB0W29dOnRbb109ZX0pLl9zdHJpbmdSZWY9byx0KX1pZigic3RyaW5nIiE9PXR5cGVvZiBlKXRocm93IGEoRXJyb3IoMjg0KSk7aWYoIW4uX293bmVyKXRocm93IGEoRXJyb3IoMjkwKSxlKX1yZXR1cm4gZX1mdW5jdGlvbiBDaShlLHQpe2lmKCJ0ZXh0YXJlYSIhPT1lLnR5cGUpdGhyb3cgYShFcnJvcigzMSksIltvYmplY3QgT2JqZWN0XSI9PT1PYmplY3QucHJvdG90eXBlLnRvU3RyaW5nLmNhbGwodCk/Im9iamVjdCB3aXRoIGtleXMgeyIrT2JqZWN0LmtleXModCkuam9pbigiLCAiKSsifSI6dCwiIil9ZnVuY3Rpb24gU2koZSl7ZnVuY3Rpb24gdCh0LG4pe2lmKGUpe3ZhciByPXQubGFzdEVmZmVjdDtudWxsIT09cj8oci5uZXh0RWZmZWN0PW4sdC5sYXN0RWZmZWN0PW4pOnQuZmlyc3RFZmZlY3Q9dC5sYXN0RWZmZWN0PW4sbi5uZXh0RWZmZWN0PW51bGwsbi5lZmZlY3RUYWc9OH19ZnVuY3Rpb24gbihuLHIpe2lmKCFlKXJldHVybiBudWxsO2Zvcig7bnVsbCE9PXI7KXQobixyKSxyPXIuc2libGluZztyZXR1cm4gbnVsbH1mdW5jdGlvbiByKGUsdCl7Zm9yKGU9bmV3IE1hcDtudWxsIT09dDspbnVsbCE9PXQua2V5P2Uuc2V0KHQua2V5LHQpOmUuc2V0KHQuaW5kZXgsdCksdD10LnNpYmxpbmc7cmV0dXJuIGV9ZnVuY3Rpb24gbyhlLHQsbil7cmV0dXJuKGU9QXUoZSx0KSkuaW5kZXg9MCxlLnNpYmxpbmc9bnVsbCxlfWZ1bmN0aW9uIGkodCxuLHIpe3JldHVybiB0LmluZGV4PXIsZT9udWxsIT09KHI9dC5hbHRlcm5hdGUpPyhyPXIuaW5kZXgpPG4/KHQuZWZmZWN0VGFnPWJ0LG4pOnI6KHQuZWZmZWN0VGFnPWJ0LG4pOm59ZnVuY3Rpb24gbCh0KXtyZXR1cm4gZSYmbnVsbD09PXQuYWx0ZXJuYXRlJiYodC5lZmZlY3RUYWc9YnQpLHR9ZnVuY3Rpb24gdShlLHQsbixyKXtyZXR1cm4gbnVsbD09PXR8fDYhPT10LnRhZz8oKHQ9RnUobixlLm1vZGUscikpLnJldHVybj1lLHQpOigodD1vKHQsbikpLnJldHVybj1lLHQpfWZ1bmN0aW9uIHMoZSx0LG4scil7cmV0dXJuIG51bGwhPT10JiZ0LmVsZW1lbnRUeXBlPT09bi50eXBlPygocj1vKHQsbi5wcm9wcykpLnJlZj14aShlLHQsbiksci5yZXR1cm49ZSxyKTooKHI9enUobi50eXBlLG4ua2V5LG4ucHJvcHMsbnVsbCxlLm1vZGUscikpLnJlZj14aShlLHQsbiksci5yZXR1cm49ZSxyKX1mdW5jdGlvbiBjKGUsdCxuLHIpe3JldHVybiBudWxsPT09dHx8NCE9PXQudGFnfHx0LnN0YXRlTm9kZS5jb250YWluZXJJbmZvIT09bi5jb250YWluZXJJbmZvfHx0LnN0YXRlTm9kZS5pbXBsZW1lbnRhdGlvbiE9PW4uaW1wbGVtZW50YXRpb24/KCh0PUJ1KG4sZS5tb2RlLHIpKS5yZXR1cm49ZSx0KTooKHQ9byh0LG4uY2hpbGRyZW58fFtdKSkucmV0dXJuPWUsdCl9ZnVuY3Rpb24gZihlLHQsbixyLGkpe3JldHVybiBudWxsPT09dHx8NyE9PXQudGFnPygodD1VdShuLGUubW9kZSxyLGkpKS5yZXR1cm49ZSx0KTooKHQ9byh0LG4pKS5yZXR1cm49ZSx0KX1mdW5jdGlvbiBwKGUsdCxuKXtpZigic3RyaW5nIj09PXR5cGVvZiB0fHwibnVtYmVyIj09PXR5cGVvZiB0KXJldHVybih0PUZ1KCIiK3QsZS5tb2RlLG4pKS5yZXR1cm49ZSx0O2lmKCJvYmplY3QiPT09dHlwZW9mIHQmJm51bGwhPT10KXtzd2l0Y2godC4kJHR5cGVvZil7Y2FzZSBEOnJldHVybihuPXp1KHQudHlwZSx0LmtleSx0LnByb3BzLG51bGwsZS5tb2RlLG4pKS5yZWY9eGkoZSxudWxsLHQpLG4ucmV0dXJuPWUsbjtjYXNlIEE6cmV0dXJuKHQ9QnUodCxlLm1vZGUsbikpLnJldHVybj1lLHR9aWYoVGkodCl8fEcodCkpcmV0dXJuKHQ9VXUodCxlLm1vZGUsbixudWxsKSkucmV0dXJuPWUsdDtDaShlLHQpfXJldHVybiBudWxsfWZ1bmN0aW9uIGQoZSx0LG4scil7dmFyIG89bnVsbCE9PXQ/dC5rZXk6bnVsbDtpZigic3RyaW5nIj09PXR5cGVvZiBufHwibnVtYmVyIj09PXR5cGVvZiBuKXJldHVybiBudWxsIT09bz9udWxsOnUoZSx0LCIiK24scik7aWYoIm9iamVjdCI9PT10eXBlb2YgbiYmbnVsbCE9PW4pe3N3aXRjaChuLiQkdHlwZW9mKXtjYXNlIEQ6cmV0dXJuIG4ua2V5PT09bz9uLnR5cGU9PT16P2YoZSx0LG4ucHJvcHMuY2hpbGRyZW4scixvKTpzKGUsdCxuLHIpOm51bGw7Y2FzZSBBOnJldHVybiBuLmtleT09PW8/YyhlLHQsbixyKTpudWxsfWlmKFRpKG4pfHxHKG4pKXJldHVybiBudWxsIT09bz9udWxsOmYoZSx0LG4scixudWxsKTtDaShlLG4pfXJldHVybiBudWxsfWZ1bmN0aW9uIGgoZSx0LG4scixvKXtpZigic3RyaW5nIj09PXR5cGVvZiByfHwibnVtYmVyIj09PXR5cGVvZiByKXJldHVybiB1KHQsZT1lLmdldChuKXx8bnVsbCwiIityLG8pO2lmKCJvYmplY3QiPT09dHlwZW9mIHImJm51bGwhPT1yKXtzd2l0Y2goci4kJHR5cGVvZil7Y2FzZSBEOnJldHVybiBlPWUuZ2V0KG51bGw9PT1yLmtleT9uOnIua2V5KXx8bnVsbCxyLnR5cGU9PT16P2YodCxlLHIucHJvcHMuY2hpbGRyZW4sbyxyLmtleSk6cyh0LGUscixvKTtjYXNlIEE6cmV0dXJuIGModCxlPWUuZ2V0KG51bGw9PT1yLmtleT9uOnIua2V5KXx8bnVsbCxyLG8pfWlmKFRpKHIpfHxHKHIpKXJldHVybiBmKHQsZT1lLmdldChuKXx8bnVsbCxyLG8sbnVsbCk7Q2kodCxyKX1yZXR1cm4gbnVsbH1mdW5jdGlvbiB5KG8sYSxsLHUpe2Zvcih2YXIgcz1udWxsLGM9bnVsbCxmPWEseT1hPTAsbT1udWxsO251bGwhPT1mJiZ5PGwubGVuZ3RoO3krKyl7Zi5pbmRleD55PyhtPWYsZj1udWxsKTptPWYuc2libGluZzt2YXIgdj1kKG8sZixsW3ldLHUpO2lmKG51bGw9PT12KXtudWxsPT09ZiYmKGY9bSk7YnJlYWt9ZSYmZiYmbnVsbD09PXYuYWx0ZXJuYXRlJiZ0KG8sZiksYT1pKHYsYSx5KSxudWxsPT09Yz9zPXY6Yy5zaWJsaW5nPXYsYz12LGY9bX1pZih5PT09bC5sZW5ndGgpcmV0dXJuIG4obyxmKSxzO2lmKG51bGw9PT1mKXtmb3IoO3k8bC5sZW5ndGg7eSsrKW51bGwhPT0oZj1wKG8sbFt5XSx1KSkmJihhPWkoZixhLHkpLG51bGw9PT1jP3M9ZjpjLnNpYmxpbmc9ZixjPWYpO3JldHVybiBzfWZvcihmPXIobyxmKTt5PGwubGVuZ3RoO3krKyludWxsIT09KG09aChmLG8seSxsW3ldLHUpKSYmKGUmJm51bGwhPT1tLmFsdGVybmF0ZSYmZi5kZWxldGUobnVsbD09PW0ua2V5P3k6bS5rZXkpLGE9aShtLGEseSksbnVsbD09PWM/cz1tOmMuc2libGluZz1tLGM9bSk7cmV0dXJuIGUmJmYuZm9yRWFjaCgoZnVuY3Rpb24oZSl7cmV0dXJuIHQobyxlKX0pKSxzfWZ1bmN0aW9uIG0obyxsLHUscyl7dmFyIGM9Ryh1KTtpZigiZnVuY3Rpb24iIT09dHlwZW9mIGMpdGhyb3cgYShFcnJvcigxNTApKTtpZihudWxsPT0odT1jLmNhbGwodSkpKXRocm93IGEoRXJyb3IoMTUxKSk7Zm9yKHZhciBmPWM9bnVsbCx5PWwsbT1sPTAsdj1udWxsLGI9dS5uZXh0KCk7bnVsbCE9PXkmJiFiLmRvbmU7bSsrLGI9dS5uZXh0KCkpe3kuaW5kZXg+bT8odj15LHk9bnVsbCk6dj15LnNpYmxpbmc7dmFyIGc9ZChvLHksYi52YWx1ZSxzKTtpZihudWxsPT09Zyl7bnVsbD09PXkmJih5PXYpO2JyZWFrfWUmJnkmJm51bGw9PT1nLmFsdGVybmF0ZSYmdChvLHkpLGw9aShnLGwsbSksbnVsbD09PWY/Yz1nOmYuc2libGluZz1nLGY9Zyx5PXZ9aWYoYi5kb25lKXJldHVybiBuKG8seSksYztpZihudWxsPT09eSl7Zm9yKDshYi5kb25lO20rKyxiPXUubmV4dCgpKW51bGwhPT0oYj1wKG8sYi52YWx1ZSxzKSkmJihsPWkoYixsLG0pLG51bGw9PT1mP2M9YjpmLnNpYmxpbmc9YixmPWIpO3JldHVybiBjfWZvcih5PXIobyx5KTshYi5kb25lO20rKyxiPXUubmV4dCgpKW51bGwhPT0oYj1oKHksbyxtLGIudmFsdWUscykpJiYoZSYmbnVsbCE9PWIuYWx0ZXJuYXRlJiZ5LmRlbGV0ZShudWxsPT09Yi5rZXk/bTpiLmtleSksbD1pKGIsbCxtKSxudWxsPT09Zj9jPWI6Zi5zaWJsaW5nPWIsZj1iKTtyZXR1cm4gZSYmeS5mb3JFYWNoKChmdW5jdGlvbihlKXtyZXR1cm4gdChvLGUpfSkpLGN9cmV0dXJuIGZ1bmN0aW9uKGUscixpLHUpe3ZhciBzPSJvYmplY3QiPT09dHlwZW9mIGkmJm51bGwhPT1pJiZpLnR5cGU9PT16JiZudWxsPT09aS5rZXk7cyYmKGk9aS5wcm9wcy5jaGlsZHJlbik7dmFyIGM9Im9iamVjdCI9PT10eXBlb2YgaSYmbnVsbCE9PWk7aWYoYylzd2l0Y2goaS4kJHR5cGVvZil7Y2FzZSBEOmU6e2ZvcihjPWkua2V5LHM9cjtudWxsIT09czspe2lmKHMua2V5PT09Yyl7aWYoNz09PXMudGFnP2kudHlwZT09PXo6cy5lbGVtZW50VHlwZT09PWkudHlwZSl7bihlLHMuc2libGluZyksKHI9byhzLGkudHlwZT09PXo/aS5wcm9wcy5jaGlsZHJlbjppLnByb3BzKSkucmVmPXhpKGUscyxpKSxyLnJldHVybj1lLGU9cjticmVhayBlfW4oZSxzKTticmVha310KGUscykscz1zLnNpYmxpbmd9aS50eXBlPT09ej8oKHI9VXUoaS5wcm9wcy5jaGlsZHJlbixlLm1vZGUsdSxpLmtleSkpLnJldHVybj1lLGU9cik6KCh1PXp1KGkudHlwZSxpLmtleSxpLnByb3BzLG51bGwsZS5tb2RlLHUpKS5yZWY9eGkoZSxyLGkpLHUucmV0dXJuPWUsZT11KX1yZXR1cm4gbChlKTtjYXNlIEE6ZTp7Zm9yKHM9aS5rZXk7bnVsbCE9PXI7KXtpZihyLmtleT09PXMpe2lmKDQ9PT1yLnRhZyYmci5zdGF0ZU5vZGUuY29udGFpbmVySW5mbz09PWkuY29udGFpbmVySW5mbyYmci5zdGF0ZU5vZGUuaW1wbGVtZW50YXRpb249PT1pLmltcGxlbWVudGF0aW9uKXtuKGUsci5zaWJsaW5nKSwocj1vKHIsaS5jaGlsZHJlbnx8W10pKS5yZXR1cm49ZSxlPXI7YnJlYWsgZX1uKGUscik7YnJlYWt9dChlLHIpLHI9ci5zaWJsaW5nfShyPUJ1KGksZS5tb2RlLHUpKS5yZXR1cm49ZSxlPXJ9cmV0dXJuIGwoZSl9aWYoInN0cmluZyI9PT10eXBlb2YgaXx8Im51bWJlciI9PT10eXBlb2YgaSlyZXR1cm4gaT0iIitpLG51bGwhPT1yJiY2PT09ci50YWc/KG4oZSxyLnNpYmxpbmcpLChyPW8ocixpKSkucmV0dXJuPWUsZT1yKToobihlLHIpLChyPUZ1KGksZS5tb2RlLHUpKS5yZXR1cm49ZSxlPXIpLGwoZSk7aWYoVGkoaSkpcmV0dXJuIHkoZSxyLGksdSk7aWYoRyhpKSlyZXR1cm4gbShlLHIsaSx1KTtpZihjJiZDaShlLGkpLCJ1bmRlZmluZWQiPT09dHlwZW9mIGkmJiFzKXN3aXRjaChlLnRhZyl7Y2FzZSAxOmNhc2UgMDp0aHJvdyBlPWUudHlwZSxhKEVycm9yKDE1MiksZS5kaXNwbGF5TmFtZXx8ZS5uYW1lfHwiQ29tcG9uZW50Iil9cmV0dXJuIG4oZSxyKX19dmFyIFBpPVNpKCEwKSxNaT1TaSghMSksamk9e30sTmk9e2N1cnJlbnQ6aml9LFJpPXtjdXJyZW50OmppfSxJaT17Y3VycmVudDpqaX07ZnVuY3Rpb24gTGkoZSl7aWYoZT09PWppKXRocm93IGEoRXJyb3IoMTc0KSk7cmV0dXJuIGV9ZnVuY3Rpb24gRGkoZSx0KXt1byhJaSx0KSx1byhSaSxlKSx1byhOaSxqaSk7dmFyIG49dC5ub2RlVHlwZTtzd2l0Y2gobil7Y2FzZSA5OmNhc2UgMTE6dD0odD10LmRvY3VtZW50RWxlbWVudCk/dC5uYW1lc3BhY2VVUkk6RmUobnVsbCwiIik7YnJlYWs7ZGVmYXVsdDp0PUZlKHQ9KG49OD09PW4/dC5wYXJlbnROb2RlOnQpLm5hbWVzcGFjZVVSSXx8bnVsbCxuPW4udGFnTmFtZSl9bG8oTmkpLHVvKE5pLHQpfWZ1bmN0aW9uIEFpKGUpe2xvKE5pKSxsbyhSaSksbG8oSWkpfWZ1bmN0aW9uIHppKGUpe0xpKElpLmN1cnJlbnQpO3ZhciB0PUxpKE5pLmN1cnJlbnQpLG49RmUodCxlLnR5cGUpO3QhPT1uJiYodW8oUmksZSksdW8oTmksbikpfWZ1bmN0aW9uIFVpKGUpe1JpLmN1cnJlbnQ9PT1lJiYobG8oTmkpLGxvKFJpKSl9dmFyIEZpPXtjdXJyZW50OjB9O2Z1bmN0aW9uIEJpKGUpe2Zvcih2YXIgdD1lO251bGwhPT10Oyl7aWYoMTM9PT10LnRhZyl7dmFyIG49dC5tZW1vaXplZFN0YXRlO2lmKG51bGwhPT1uJiYobnVsbD09PShuPW4uZGVoeWRyYXRlZCl8fG4uZGF0YT09PVFufHxuLmRhdGE9PT1ZbikpcmV0dXJuIHR9ZWxzZSBpZigxOT09PXQudGFnJiZ2b2lkIDAhPT10Lm1lbW9pemVkUHJvcHMucmV2ZWFsT3JkZXIpe2lmKCg2NCZ0LmVmZmVjdFRhZykhPT12dClyZXR1cm4gdH1lbHNlIGlmKG51bGwhPT10LmNoaWxkKXt0LmNoaWxkLnJldHVybj10LHQ9dC5jaGlsZDtjb250aW51ZX1pZih0PT09ZSlicmVhaztmb3IoO251bGw9PT10LnNpYmxpbmc7KXtpZihudWxsPT09dC5yZXR1cm58fHQucmV0dXJuPT09ZSlyZXR1cm4gbnVsbDt0PXQucmV0dXJufXQuc2libGluZy5yZXR1cm49dC5yZXR1cm4sdD10LnNpYmxpbmd9cmV0dXJuIG51bGx9ZnVuY3Rpb24gJGkoZSx0KXtyZXR1cm57cmVzcG9uZGVyOmUscHJvcHM6dH19dmFyIFdpPVIuUmVhY3RDdXJyZW50RGlzcGF0Y2hlcixWaT0wLEtpPW51bGwsSGk9bnVsbCxRaT1udWxsLFlpPW51bGwscWk9bnVsbCxHaT1udWxsLFhpPTAsWmk9bnVsbCxKaT0wLGVhPSExLHRhPW51bGwsbmE9MDtmdW5jdGlvbiByYSgpe3Rocm93IGEoRXJyb3IoMzIxKSl9ZnVuY3Rpb24gb2EoZSx0KXtpZihudWxsPT09dClyZXR1cm4hMTtmb3IodmFyIG49MDtuPHQubGVuZ3RoJiZuPGUubGVuZ3RoO24rKylpZighWXIoZVtuXSx0W25dKSlyZXR1cm4hMTtyZXR1cm4hMH1mdW5jdGlvbiBpYShlLHQsbixyLG8saSl7aWYoVmk9aSxLaT10LFFpPW51bGwhPT1lP2UubWVtb2l6ZWRTdGF0ZTpudWxsLFdpLmN1cnJlbnQ9bnVsbD09PVFpP2JhOmdhLHQ9bihyLG8pLGVhKXtkb3tlYT0hMSxuYSs9MSxRaT1udWxsIT09ZT9lLm1lbW9pemVkU3RhdGU6bnVsbCxHaT1ZaSxaaT1xaT1IaT1udWxsLFdpLmN1cnJlbnQ9Z2EsdD1uKHIsbyl9d2hpbGUoZWEpO3RhPW51bGwsbmE9MH1pZihXaS5jdXJyZW50PXZhLChlPUtpKS5tZW1vaXplZFN0YXRlPVlpLGUuZXhwaXJhdGlvblRpbWU9WGksZS51cGRhdGVRdWV1ZT1aaSxlLmVmZmVjdFRhZ3w9SmksZT1udWxsIT09SGkmJm51bGwhPT1IaS5uZXh0LFZpPTAsR2k9cWk9WWk9UWk9SGk9S2k9bnVsbCxYaT0wLFppPW51bGwsSmk9MCxlKXRocm93IGEoRXJyb3IoMzAwKSk7cmV0dXJuIHR9ZnVuY3Rpb24gYWEoKXtXaS5jdXJyZW50PXZhLFZpPTAsR2k9cWk9WWk9UWk9SGk9S2k9bnVsbCxYaT0wLFppPW51bGwsSmk9MCxlYT0hMSx0YT1udWxsLG5hPTB9ZnVuY3Rpb24gbGEoKXt2YXIgZT17bWVtb2l6ZWRTdGF0ZTpudWxsLGJhc2VTdGF0ZTpudWxsLHF1ZXVlOm51bGwsYmFzZVVwZGF0ZTpudWxsLG5leHQ6bnVsbH07cmV0dXJuIG51bGw9PT1xaT9ZaT1xaT1lOnFpPXFpLm5leHQ9ZSxxaX1mdW5jdGlvbiB1YSgpe2lmKG51bGwhPT1HaSlHaT0ocWk9R2kpLm5leHQsUWk9bnVsbCE9PShIaT1RaSk/SGkubmV4dDpudWxsO2Vsc2V7aWYobnVsbD09PVFpKXRocm93IGEoRXJyb3IoMzEwKSk7dmFyIGU9e21lbW9pemVkU3RhdGU6KEhpPVFpKS5tZW1vaXplZFN0YXRlLGJhc2VTdGF0ZTpIaS5iYXNlU3RhdGUscXVldWU6SGkucXVldWUsYmFzZVVwZGF0ZTpIaS5iYXNlVXBkYXRlLG5leHQ6bnVsbH07cWk9bnVsbD09PXFpP1lpPWU6cWkubmV4dD1lLFFpPUhpLm5leHR9cmV0dXJuIHFpfWZ1bmN0aW9uIHNhKGUsdCl7cmV0dXJuImZ1bmN0aW9uIj09PXR5cGVvZiB0P3QoZSk6dH1mdW5jdGlvbiBjYShlKXt2YXIgdD11YSgpLG49dC5xdWV1ZTtpZihudWxsPT09bil0aHJvdyBhKEVycm9yKDMxMSkpO2lmKG4ubGFzdFJlbmRlcmVkUmVkdWNlcj1lLDA8bmEpe3ZhciByPW4uZGlzcGF0Y2g7aWYobnVsbCE9PXRhKXt2YXIgbz10YS5nZXQobik7aWYodm9pZCAwIT09byl7dGEuZGVsZXRlKG4pO3ZhciBpPXQubWVtb2l6ZWRTdGF0ZTtkb3tpPWUoaSxvLmFjdGlvbiksbz1vLm5leHR9d2hpbGUobnVsbCE9PW8pO3JldHVybiBZcihpLHQubWVtb2l6ZWRTdGF0ZSl8fChNYT0hMCksdC5tZW1vaXplZFN0YXRlPWksdC5iYXNlVXBkYXRlPT09bi5sYXN0JiYodC5iYXNlU3RhdGU9aSksbi5sYXN0UmVuZGVyZWRTdGF0ZT1pLFtpLHJdfX1yZXR1cm5bdC5tZW1vaXplZFN0YXRlLHJdfXI9bi5sYXN0O3ZhciBsPXQuYmFzZVVwZGF0ZTtpZihpPXQuYmFzZVN0YXRlLG51bGwhPT1sPyhudWxsIT09ciYmKHIubmV4dD1udWxsKSxyPWwubmV4dCk6cj1udWxsIT09cj9yLm5leHQ6bnVsbCxudWxsIT09cil7dmFyIHU9bz1udWxsLHM9cixjPSExO2Rve3ZhciBmPXMuZXhwaXJhdGlvblRpbWU7ZjxWaT8oY3x8KGM9ITAsdT1sLG89aSksZj5YaSYmdnUoWGk9ZikpOihtdShmLHMuc3VzcGVuc2VDb25maWcpLGk9cy5lYWdlclJlZHVjZXI9PT1lP3MuZWFnZXJTdGF0ZTplKGkscy5hY3Rpb24pKSxsPXMscz1zLm5leHR9d2hpbGUobnVsbCE9PXMmJnMhPT1yKTtjfHwodT1sLG89aSksWXIoaSx0Lm1lbW9pemVkU3RhdGUpfHwoTWE9ITApLHQubWVtb2l6ZWRTdGF0ZT1pLHQuYmFzZVVwZGF0ZT11LHQuYmFzZVN0YXRlPW8sbi5sYXN0UmVuZGVyZWRTdGF0ZT1pfXJldHVyblt0Lm1lbW9pemVkU3RhdGUsbi5kaXNwYXRjaF19ZnVuY3Rpb24gZmEoZSx0LG4scil7cmV0dXJuIGU9e3RhZzplLGNyZWF0ZTp0LGRlc3Ryb3k6bixkZXBzOnIsbmV4dDpudWxsfSxudWxsPT09Wmk/KFppPXtsYXN0RWZmZWN0Om51bGx9KS5sYXN0RWZmZWN0PWUubmV4dD1lOm51bGw9PT0odD1aaS5sYXN0RWZmZWN0KT9aaS5sYXN0RWZmZWN0PWUubmV4dD1lOihuPXQubmV4dCx0Lm5leHQ9ZSxlLm5leHQ9bixaaS5sYXN0RWZmZWN0PWUpLGV9ZnVuY3Rpb24gcGEoZSx0LG4scil7dmFyIG89bGEoKTtKaXw9ZSxvLm1lbW9pemVkU3RhdGU9ZmEodCxuLHZvaWQgMCx2b2lkIDA9PT1yP251bGw6cil9ZnVuY3Rpb24gZGEoZSx0LG4scil7dmFyIG89dWEoKTtyPXZvaWQgMD09PXI/bnVsbDpyO3ZhciBpPXZvaWQgMDtpZihudWxsIT09SGkpe3ZhciBhPUhpLm1lbW9pemVkU3RhdGU7aWYoaT1hLmRlc3Ryb3ksbnVsbCE9PXImJm9hKHIsYS5kZXBzKSlyZXR1cm4gdm9pZCBmYSgwLG4saSxyKX1KaXw9ZSxvLm1lbW9pemVkU3RhdGU9ZmEodCxuLGkscil9ZnVuY3Rpb24gaGEoZSx0KXtyZXR1cm4iZnVuY3Rpb24iPT09dHlwZW9mIHQ/KGU9ZSgpLHQoZSksZnVuY3Rpb24oKXt0KG51bGwpfSk6bnVsbCE9PXQmJnZvaWQgMCE9PXQ/KGU9ZSgpLHQuY3VycmVudD1lLGZ1bmN0aW9uKCl7dC5jdXJyZW50PW51bGx9KTp2b2lkIDB9ZnVuY3Rpb24geWEoKXt9ZnVuY3Rpb24gbWEoZSx0LG4pe2lmKCEoMjU+bmEpKXRocm93IGEoRXJyb3IoMzAxKSk7dmFyIHI9ZS5hbHRlcm5hdGU7aWYoZT09PUtpfHxudWxsIT09ciYmcj09PUtpKWlmKGVhPSEwLGU9e2V4cGlyYXRpb25UaW1lOlZpLHN1c3BlbnNlQ29uZmlnOm51bGwsYWN0aW9uOm4sZWFnZXJSZWR1Y2VyOm51bGwsZWFnZXJTdGF0ZTpudWxsLG5leHQ6bnVsbH0sbnVsbD09PXRhJiYodGE9bmV3IE1hcCksdm9pZCAwPT09KG49dGEuZ2V0KHQpKSl0YS5zZXQodCxlKTtlbHNle2Zvcih0PW47bnVsbCE9PXQubmV4dDspdD10Lm5leHQ7dC5uZXh0PWV9ZWxzZXt2YXIgbz1abCgpLGk9dmkuc3VzcGVuc2U7aT17ZXhwaXJhdGlvblRpbWU6bz1KbChvLGUsaSksc3VzcGVuc2VDb25maWc6aSxhY3Rpb246bixlYWdlclJlZHVjZXI6bnVsbCxlYWdlclN0YXRlOm51bGwsbmV4dDpudWxsfTt2YXIgbD10Lmxhc3Q7aWYobnVsbD09PWwpaS5uZXh0PWk7ZWxzZXt2YXIgdT1sLm5leHQ7bnVsbCE9PXUmJihpLm5leHQ9dSksbC5uZXh0PWl9aWYodC5sYXN0PWksMD09PWUuZXhwaXJhdGlvblRpbWUmJihudWxsPT09cnx8MD09PXIuZXhwaXJhdGlvblRpbWUpJiZudWxsIT09KHI9dC5sYXN0UmVuZGVyZWRSZWR1Y2VyKSl0cnl7dmFyIHM9dC5sYXN0UmVuZGVyZWRTdGF0ZSxjPXIocyxuKTtpZihpLmVhZ2VyUmVkdWNlcj1yLGkuZWFnZXJTdGF0ZT1jLFlyKGMscykpcmV0dXJufWNhdGNoKGYpe31udShlLG8pfX12YXIgdmE9e3JlYWRDb250ZXh0Om9pLHVzZUNhbGxiYWNrOnJhLHVzZUNvbnRleHQ6cmEsdXNlRWZmZWN0OnJhLHVzZUltcGVyYXRpdmVIYW5kbGU6cmEsdXNlTGF5b3V0RWZmZWN0OnJhLHVzZU1lbW86cmEsdXNlUmVkdWNlcjpyYSx1c2VSZWY6cmEsdXNlU3RhdGU6cmEsdXNlRGVidWdWYWx1ZTpyYSx1c2VSZXNwb25kZXI6cmF9LGJhPXtyZWFkQ29udGV4dDpvaSx1c2VDYWxsYmFjazpmdW5jdGlvbihlLHQpe3JldHVybiBsYSgpLm1lbW9pemVkU3RhdGU9W2Usdm9pZCAwPT09dD9udWxsOnRdLGV9LHVzZUNvbnRleHQ6b2ksdXNlRWZmZWN0OmZ1bmN0aW9uKGUsdCl7cmV0dXJuIHBhKDUxNiwxOTIsZSx0KX0sdXNlSW1wZXJhdGl2ZUhhbmRsZTpmdW5jdGlvbihlLHQsbil7cmV0dXJuIG49bnVsbCE9PW4mJnZvaWQgMCE9PW4/bi5jb25jYXQoW2VdKTpudWxsLHBhKDQsMzYsaGEuYmluZChudWxsLHQsZSksbil9LHVzZUxheW91dEVmZmVjdDpmdW5jdGlvbihlLHQpe3JldHVybiBwYSg0LDM2LGUsdCl9LHVzZU1lbW86ZnVuY3Rpb24oZSx0KXt2YXIgbj1sYSgpO3JldHVybiB0PXZvaWQgMD09PXQ/bnVsbDp0LGU9ZSgpLG4ubWVtb2l6ZWRTdGF0ZT1bZSx0XSxlfSx1c2VSZWR1Y2VyOmZ1bmN0aW9uKGUsdCxuKXt2YXIgcj1sYSgpO3JldHVybiB0PXZvaWQgMCE9PW4/bih0KTp0LHIubWVtb2l6ZWRTdGF0ZT1yLmJhc2VTdGF0ZT10LGU9KGU9ci5xdWV1ZT17bGFzdDpudWxsLGRpc3BhdGNoOm51bGwsbGFzdFJlbmRlcmVkUmVkdWNlcjplLGxhc3RSZW5kZXJlZFN0YXRlOnR9KS5kaXNwYXRjaD1tYS5iaW5kKG51bGwsS2ksZSksW3IubWVtb2l6ZWRTdGF0ZSxlXX0sdXNlUmVmOmZ1bmN0aW9uKGUpe3JldHVybiBlPXtjdXJyZW50OmV9LGxhKCkubWVtb2l6ZWRTdGF0ZT1lfSx1c2VTdGF0ZTpmdW5jdGlvbihlKXt2YXIgdD1sYSgpO3JldHVybiJmdW5jdGlvbiI9PT10eXBlb2YgZSYmKGU9ZSgpKSx0Lm1lbW9pemVkU3RhdGU9dC5iYXNlU3RhdGU9ZSxlPShlPXQucXVldWU9e2xhc3Q6bnVsbCxkaXNwYXRjaDpudWxsLGxhc3RSZW5kZXJlZFJlZHVjZXI6c2EsbGFzdFJlbmRlcmVkU3RhdGU6ZX0pLmRpc3BhdGNoPW1hLmJpbmQobnVsbCxLaSxlKSxbdC5tZW1vaXplZFN0YXRlLGVdfSx1c2VEZWJ1Z1ZhbHVlOnlhLHVzZVJlc3BvbmRlcjokaX0sZ2E9e3JlYWRDb250ZXh0Om9pLHVzZUNhbGxiYWNrOmZ1bmN0aW9uKGUsdCl7dmFyIG49dWEoKTt0PXZvaWQgMD09PXQ/bnVsbDp0O3ZhciByPW4ubWVtb2l6ZWRTdGF0ZTtyZXR1cm4gbnVsbCE9PXImJm51bGwhPT10JiZvYSh0LHJbMV0pP3JbMF06KG4ubWVtb2l6ZWRTdGF0ZT1bZSx0XSxlKX0sdXNlQ29udGV4dDpvaSx1c2VFZmZlY3Q6ZnVuY3Rpb24oZSx0KXtyZXR1cm4gZGEoNTE2LDE5MixlLHQpfSx1c2VJbXBlcmF0aXZlSGFuZGxlOmZ1bmN0aW9uKGUsdCxuKXtyZXR1cm4gbj1udWxsIT09biYmdm9pZCAwIT09bj9uLmNvbmNhdChbZV0pOm51bGwsZGEoNCwzNixoYS5iaW5kKG51bGwsdCxlKSxuKX0sdXNlTGF5b3V0RWZmZWN0OmZ1bmN0aW9uKGUsdCl7cmV0dXJuIGRhKDQsMzYsZSx0KX0sdXNlTWVtbzpmdW5jdGlvbihlLHQpe3ZhciBuPXVhKCk7dD12b2lkIDA9PT10P251bGw6dDt2YXIgcj1uLm1lbW9pemVkU3RhdGU7cmV0dXJuIG51bGwhPT1yJiZudWxsIT09dCYmb2EodCxyWzFdKT9yWzBdOihlPWUoKSxuLm1lbW9pemVkU3RhdGU9W2UsdF0sZSl9LHVzZVJlZHVjZXI6Y2EsdXNlUmVmOmZ1bmN0aW9uKCl7cmV0dXJuIHVhKCkubWVtb2l6ZWRTdGF0ZX0sdXNlU3RhdGU6ZnVuY3Rpb24oZSl7cmV0dXJuIGNhKHNhKX0sdXNlRGVidWdWYWx1ZTp5YSx1c2VSZXNwb25kZXI6JGl9LHdhPW51bGwsRWE9bnVsbCxrYT0hMTtmdW5jdGlvbiBfYShlLHQpe3ZhciBuPUx1KDUsbnVsbCxudWxsLDApO24uZWxlbWVudFR5cGU9IkRFTEVURUQiLG4udHlwZT0iREVMRVRFRCIsbi5zdGF0ZU5vZGU9dCxuLnJldHVybj1lLG4uZWZmZWN0VGFnPTgsbnVsbCE9PWUubGFzdEVmZmVjdD8oZS5sYXN0RWZmZWN0Lm5leHRFZmZlY3Q9bixlLmxhc3RFZmZlY3Q9bik6ZS5maXJzdEVmZmVjdD1lLmxhc3RFZmZlY3Q9bn1mdW5jdGlvbiBPYShlLHQpe3N3aXRjaChlLnRhZyl7Y2FzZSA1OnZhciBuPWUudHlwZTtyZXR1cm4gbnVsbCE9PSh0PTEhPT10Lm5vZGVUeXBlfHxuLnRvTG93ZXJDYXNlKCkhPT10Lm5vZGVOYW1lLnRvTG93ZXJDYXNlKCk/bnVsbDp0KSYmKGUuc3RhdGVOb2RlPXQsITApO2Nhc2UgNjpyZXR1cm4gbnVsbCE9PSh0PSIiPT09ZS5wZW5kaW5nUHJvcHN8fDMhPT10Lm5vZGVUeXBlP251bGw6dCkmJihlLnN0YXRlTm9kZT10LCEwKTtjYXNlIDEzOmRlZmF1bHQ6cmV0dXJuITF9fWZ1bmN0aW9uIFRhKGUpe2lmKGthKXt2YXIgdD1FYTtpZih0KXt2YXIgbj10O2lmKCFPYShlLHQpKXtpZighKHQ9dHIobi5uZXh0U2libGluZykpfHwhT2EoZSx0KSlyZXR1cm4gZS5lZmZlY3RUYWc9ZS5lZmZlY3RUYWcmfmd0fGJ0LGthPSExLHZvaWQod2E9ZSk7X2Eod2Esbil9d2E9ZSxFYT10cih0LmZpcnN0Q2hpbGQpfWVsc2UgZS5lZmZlY3RUYWc9ZS5lZmZlY3RUYWcmfmd0fGJ0LGthPSExLHdhPWV9fWZ1bmN0aW9uIHhhKGUpe2ZvcihlPWUucmV0dXJuO251bGwhPT1lJiY1IT09ZS50YWcmJjMhPT1lLnRhZyYmMTMhPT1lLnRhZzspZT1lLnJldHVybjt3YT1lfWZ1bmN0aW9uIENhKGUpe2lmKGUhPT13YSlyZXR1cm4hMTtpZigha2EpcmV0dXJuIHhhKGUpLGthPSEwLCExO3ZhciB0PWUudHlwZTtpZig1IT09ZS50YWd8fCJoZWFkIiE9PXQmJiJib2R5IiE9PXQmJiFabih0LGUubWVtb2l6ZWRQcm9wcykpZm9yKHQ9RWE7dDspX2EoZSx0KSx0PXRyKHQubmV4dFNpYmxpbmcpO2lmKHhhKGUpLDEzPT09ZS50YWcpaWYobnVsbD09PShlPW51bGwhPT0oZT1lLm1lbW9pemVkU3RhdGUpP2UuZGVoeWRyYXRlZDpudWxsKSllPUVhO2Vsc2UgZTp7Zm9yKGU9ZS5uZXh0U2libGluZyx0PTA7ZTspe2lmKDg9PT1lLm5vZGVUeXBlKXt2YXIgbj1lLmRhdGE7aWYobj09PUhuKXtpZigwPT09dCl7ZT10cihlLm5leHRTaWJsaW5nKTticmVhayBlfXQtLX1lbHNlIG4hPT1LbiYmbiE9PVluJiZuIT09UW58fHQrK31lPWUubmV4dFNpYmxpbmd9ZT1udWxsfWVsc2UgZT13YT90cihlLnN0YXRlTm9kZS5uZXh0U2libGluZyk6bnVsbDtyZXR1cm4gRWE9ZSwhMH1mdW5jdGlvbiBTYSgpe0VhPXdhPW51bGwsa2E9ITF9dmFyIFBhPVIuUmVhY3RDdXJyZW50T3duZXIsTWE9ITE7ZnVuY3Rpb24gamEoZSx0LG4scil7dC5jaGlsZD1udWxsPT09ZT9NaSh0LG51bGwsbixyKTpQaSh0LGUuY2hpbGQsbixyKX1mdW5jdGlvbiBOYShlLHQsbixyLG8pe249bi5yZW5kZXI7dmFyIGk9dC5yZWY7cmV0dXJuIHJpKHQsbykscj1pYShlLHQsbixyLGksbyksbnVsbD09PWV8fE1hPyh0LmVmZmVjdFRhZ3w9MSxqYShlLHQscixvKSx0LmNoaWxkKToodC51cGRhdGVRdWV1ZT1lLnVwZGF0ZVF1ZXVlLHQuZWZmZWN0VGFnJj0tNTE3LGUuZXhwaXJhdGlvblRpbWU8PW8mJihlLmV4cGlyYXRpb25UaW1lPTApLFlhKGUsdCxvKSl9ZnVuY3Rpb24gUmEoZSx0LG4scixvLGkpe2lmKG51bGw9PT1lKXt2YXIgYT1uLnR5cGU7cmV0dXJuImZ1bmN0aW9uIiE9PXR5cGVvZiBhfHxEdShhKXx8dm9pZCAwIT09YS5kZWZhdWx0UHJvcHN8fG51bGwhPT1uLmNvbXBhcmV8fHZvaWQgMCE9PW4uZGVmYXVsdFByb3BzPygoZT16dShuLnR5cGUsbnVsbCxyLG51bGwsdC5tb2RlLGkpKS5yZWY9dC5yZWYsZS5yZXR1cm49dCx0LmNoaWxkPWUpOih0LnRhZz0xNSx0LnR5cGU9YSxJYShlLHQsYSxyLG8saSkpfXJldHVybiBhPWUuY2hpbGQsbzxpJiYobz1hLm1lbW9pemVkUHJvcHMsKG49bnVsbCE9PShuPW4uY29tcGFyZSk/bjpHcikobyxyKSYmZS5yZWY9PT10LnJlZik/WWEoZSx0LGkpOih0LmVmZmVjdFRhZ3w9MSwoZT1BdShhLHIpKS5yZWY9dC5yZWYsZS5yZXR1cm49dCx0LmNoaWxkPWUpfWZ1bmN0aW9uIElhKGUsdCxuLHIsbyxpKXtyZXR1cm4gbnVsbCE9PWUmJkdyKGUubWVtb2l6ZWRQcm9wcyxyKSYmZS5yZWY9PT10LnJlZiYmKE1hPSExLG88aSk/WWEoZSx0LGkpOkRhKGUsdCxuLHIsaSl9ZnVuY3Rpb24gTGEoZSx0KXt2YXIgbj10LnJlZjsobnVsbD09PWUmJm51bGwhPT1ufHxudWxsIT09ZSYmZS5yZWYhPT1uKSYmKHQuZWZmZWN0VGFnfD0xMjgpfWZ1bmN0aW9uIERhKGUsdCxuLHIsbyl7dmFyIGk9eW8obik/cG86Y28uY3VycmVudDtyZXR1cm4gaT1obyh0LGkpLHJpKHQsbyksbj1pYShlLHQsbixyLGksbyksbnVsbD09PWV8fE1hPyh0LmVmZmVjdFRhZ3w9MSxqYShlLHQsbixvKSx0LmNoaWxkKToodC51cGRhdGVRdWV1ZT1lLnVwZGF0ZVF1ZXVlLHQuZWZmZWN0VGFnJj0tNTE3LGUuZXhwaXJhdGlvblRpbWU8PW8mJihlLmV4cGlyYXRpb25UaW1lPTApLFlhKGUsdCxvKSl9ZnVuY3Rpb24gQWEoZSx0LG4scixvKXtpZih5byhuKSl7dmFyIGk9ITA7d28odCl9ZWxzZSBpPSExO2lmKHJpKHQsbyksbnVsbD09PXQuc3RhdGVOb2RlKW51bGwhPT1lJiYoZS5hbHRlcm5hdGU9bnVsbCx0LmFsdGVybmF0ZT1udWxsLHQuZWZmZWN0VGFnfD1idCksa2kodCxuLHIpLE9pKHQsbixyLG8pLHI9ITA7ZWxzZSBpZihudWxsPT09ZSl7dmFyIGE9dC5zdGF0ZU5vZGUsbD10Lm1lbW9pemVkUHJvcHM7YS5wcm9wcz1sO3ZhciB1PWEuY29udGV4dCxzPW4uY29udGV4dFR5cGU7Im9iamVjdCI9PT10eXBlb2YgcyYmbnVsbCE9PXM/cz1vaShzKTpzPWhvKHQscz15byhuKT9wbzpjby5jdXJyZW50KTt2YXIgYz1uLmdldERlcml2ZWRTdGF0ZUZyb21Qcm9wcyxmPSJmdW5jdGlvbiI9PT10eXBlb2YgY3x8ImZ1bmN0aW9uIj09PXR5cGVvZiBhLmdldFNuYXBzaG90QmVmb3JlVXBkYXRlO2Z8fCJmdW5jdGlvbiIhPT10eXBlb2YgYS5VTlNBRkVfY29tcG9uZW50V2lsbFJlY2VpdmVQcm9wcyYmImZ1bmN0aW9uIiE9PXR5cGVvZiBhLmNvbXBvbmVudFdpbGxSZWNlaXZlUHJvcHN8fChsIT09cnx8dSE9PXMpJiZfaSh0LGEscixzKSxpaT0hMTt2YXIgcD10Lm1lbW9pemVkU3RhdGU7dT1hLnN0YXRlPXA7dmFyIGQ9dC51cGRhdGVRdWV1ZTtudWxsIT09ZCYmKGhpKHQsZCxyLGEsbyksdT10Lm1lbW9pemVkU3RhdGUpLGwhPT1yfHxwIT09dXx8Zm8uY3VycmVudHx8aWk/KCJmdW5jdGlvbiI9PT10eXBlb2YgYyYmKGdpKHQsbixjLHIpLHU9dC5tZW1vaXplZFN0YXRlKSwobD1paXx8RWkodCxuLGwscixwLHUscykpPyhmfHwiZnVuY3Rpb24iIT09dHlwZW9mIGEuVU5TQUZFX2NvbXBvbmVudFdpbGxNb3VudCYmImZ1bmN0aW9uIiE9PXR5cGVvZiBhLmNvbXBvbmVudFdpbGxNb3VudHx8KCJmdW5jdGlvbiI9PT10eXBlb2YgYS5jb21wb25lbnRXaWxsTW91bnQmJmEuY29tcG9uZW50V2lsbE1vdW50KCksImZ1bmN0aW9uIj09PXR5cGVvZiBhLlVOU0FGRV9jb21wb25lbnRXaWxsTW91bnQmJmEuVU5TQUZFX2NvbXBvbmVudFdpbGxNb3VudCgpKSwiZnVuY3Rpb24iPT09dHlwZW9mIGEuY29tcG9uZW50RGlkTW91bnQmJih0LmVmZmVjdFRhZ3w9NCkpOigiZnVuY3Rpb24iPT09dHlwZW9mIGEuY29tcG9uZW50RGlkTW91bnQmJih0LmVmZmVjdFRhZ3w9NCksdC5tZW1vaXplZFByb3BzPXIsdC5tZW1vaXplZFN0YXRlPXUpLGEucHJvcHM9cixhLnN0YXRlPXUsYS5jb250ZXh0PXMscj1sKTooImZ1bmN0aW9uIj09PXR5cGVvZiBhLmNvbXBvbmVudERpZE1vdW50JiYodC5lZmZlY3RUYWd8PTQpLHI9ITEpfWVsc2UgYT10LnN0YXRlTm9kZSxsPXQubWVtb2l6ZWRQcm9wcyxhLnByb3BzPXQudHlwZT09PXQuZWxlbWVudFR5cGU/bDpZbyh0LnR5cGUsbCksdT1hLmNvbnRleHQsIm9iamVjdCI9PT10eXBlb2Yocz1uLmNvbnRleHRUeXBlKSYmbnVsbCE9PXM/cz1vaShzKTpzPWhvKHQscz15byhuKT9wbzpjby5jdXJyZW50KSwoZj0iZnVuY3Rpb24iPT09dHlwZW9mKGM9bi5nZXREZXJpdmVkU3RhdGVGcm9tUHJvcHMpfHwiZnVuY3Rpb24iPT09dHlwZW9mIGEuZ2V0U25hcHNob3RCZWZvcmVVcGRhdGUpfHwiZnVuY3Rpb24iIT09dHlwZW9mIGEuVU5TQUZFX2NvbXBvbmVudFdpbGxSZWNlaXZlUHJvcHMmJiJmdW5jdGlvbiIhPT10eXBlb2YgYS5jb21wb25lbnRXaWxsUmVjZWl2ZVByb3BzfHwobCE9PXJ8fHUhPT1zKSYmX2kodCxhLHIscyksaWk9ITEsdT10Lm1lbW9pemVkU3RhdGUscD1hLnN0YXRlPXUsbnVsbCE9PShkPXQudXBkYXRlUXVldWUpJiYoaGkodCxkLHIsYSxvKSxwPXQubWVtb2l6ZWRTdGF0ZSksbCE9PXJ8fHUhPT1wfHxmby5jdXJyZW50fHxpaT8oImZ1bmN0aW9uIj09PXR5cGVvZiBjJiYoZ2kodCxuLGMscikscD10Lm1lbW9pemVkU3RhdGUpLChjPWlpfHxFaSh0LG4sbCxyLHUscCxzKSk/KGZ8fCJmdW5jdGlvbiIhPT10eXBlb2YgYS5VTlNBRkVfY29tcG9uZW50V2lsbFVwZGF0ZSYmImZ1bmN0aW9uIiE9PXR5cGVvZiBhLmNvbXBvbmVudFdpbGxVcGRhdGV8fCgiZnVuY3Rpb24iPT09dHlwZW9mIGEuY29tcG9uZW50V2lsbFVwZGF0ZSYmYS5jb21wb25lbnRXaWxsVXBkYXRlKHIscCxzKSwiZnVuY3Rpb24iPT09dHlwZW9mIGEuVU5TQUZFX2NvbXBvbmVudFdpbGxVcGRhdGUmJmEuVU5TQUZFX2NvbXBvbmVudFdpbGxVcGRhdGUocixwLHMpKSwiZnVuY3Rpb24iPT09dHlwZW9mIGEuY29tcG9uZW50RGlkVXBkYXRlJiYodC5lZmZlY3RUYWd8PTQpLCJmdW5jdGlvbiI9PT10eXBlb2YgYS5nZXRTbmFwc2hvdEJlZm9yZVVwZGF0ZSYmKHQuZWZmZWN0VGFnfD0yNTYpKTooImZ1bmN0aW9uIiE9PXR5cGVvZiBhLmNvbXBvbmVudERpZFVwZGF0ZXx8bD09PWUubWVtb2l6ZWRQcm9wcyYmdT09PWUubWVtb2l6ZWRTdGF0ZXx8KHQuZWZmZWN0VGFnfD00KSwiZnVuY3Rpb24iIT09dHlwZW9mIGEuZ2V0U25hcHNob3RCZWZvcmVVcGRhdGV8fGw9PT1lLm1lbW9pemVkUHJvcHMmJnU9PT1lLm1lbW9pemVkU3RhdGV8fCh0LmVmZmVjdFRhZ3w9MjU2KSx0Lm1lbW9pemVkUHJvcHM9cix0Lm1lbW9pemVkU3RhdGU9cCksYS5wcm9wcz1yLGEuc3RhdGU9cCxhLmNvbnRleHQ9cyxyPWMpOigiZnVuY3Rpb24iIT09dHlwZW9mIGEuY29tcG9uZW50RGlkVXBkYXRlfHxsPT09ZS5tZW1vaXplZFByb3BzJiZ1PT09ZS5tZW1vaXplZFN0YXRlfHwodC5lZmZlY3RUYWd8PTQpLCJmdW5jdGlvbiIhPT10eXBlb2YgYS5nZXRTbmFwc2hvdEJlZm9yZVVwZGF0ZXx8bD09PWUubWVtb2l6ZWRQcm9wcyYmdT09PWUubWVtb2l6ZWRTdGF0ZXx8KHQuZWZmZWN0VGFnfD0yNTYpLHI9ITEpO3JldHVybiB6YShlLHQsbixyLGksbyl9ZnVuY3Rpb24gemEoZSx0LG4scixvLGkpe0xhKGUsdCk7dmFyIGE9KDY0JnQuZWZmZWN0VGFnKSE9PXZ0O2lmKCFyJiYhYSlyZXR1cm4gbyYmRW8odCxuLCExKSxZYShlLHQsaSk7cj10LnN0YXRlTm9kZSxQYS5jdXJyZW50PXQ7dmFyIGw9YSYmImZ1bmN0aW9uIiE9PXR5cGVvZiBuLmdldERlcml2ZWRTdGF0ZUZyb21FcnJvcj9udWxsOnIucmVuZGVyKCk7cmV0dXJuIHQuZWZmZWN0VGFnfD0xLG51bGwhPT1lJiZhPyh0LmNoaWxkPVBpKHQsZS5jaGlsZCxudWxsLGkpLHQuY2hpbGQ9UGkodCxudWxsLGwsaSkpOmphKGUsdCxsLGkpLHQubWVtb2l6ZWRTdGF0ZT1yLnN0YXRlLG8mJkVvKHQsbiwhMCksdC5jaGlsZH1mdW5jdGlvbiBVYShlKXt2YXIgdD1lLnN0YXRlTm9kZTt0LnBlbmRpbmdDb250ZXh0P2JvKDAsdC5wZW5kaW5nQ29udGV4dCx0LnBlbmRpbmdDb250ZXh0IT09dC5jb250ZXh0KTp0LmNvbnRleHQmJmJvKDAsdC5jb250ZXh0LCExKSxEaShlLHQuY29udGFpbmVySW5mbyl9dmFyIEZhLEJhLCRhLFdhLFZhPXtkZWh5ZHJhdGVkOm51bGwscmV0cnlUaW1lOjF9O2Z1bmN0aW9uIEthKGUsdCxuKXt2YXIgcixvPXQubW9kZSxpPXQucGVuZGluZ1Byb3BzLGE9RmkuY3VycmVudCxsPSExO2lmKChyPSg2NCZ0LmVmZmVjdFRhZykhPT12dCl8fChyPTAhPT0oMiZhKSYmKG51bGw9PT1lfHxudWxsIT09ZS5tZW1vaXplZFN0YXRlKSkscj8obD0hMCx0LmVmZmVjdFRhZyY9LTY1KTpudWxsIT09ZSYmbnVsbD09PWUubWVtb2l6ZWRTdGF0ZXx8dm9pZCAwPT09aS5mYWxsYmFja3x8ITA9PT1pLnVuc3RhYmxlX2F2b2lkVGhpc0ZhbGxiYWNrfHwoYXw9MSksdW8oRmksMSZhKSxudWxsPT09ZSl7aWYobCl7aWYobD1pLmZhbGxiYWNrLChpPVV1KG51bGwsbywwLG51bGwpKS5yZXR1cm49dCwwPT09KDImdC5tb2RlKSlmb3IoZT1udWxsIT09dC5tZW1vaXplZFN0YXRlP3QuY2hpbGQuY2hpbGQ6dC5jaGlsZCxpLmNoaWxkPWU7bnVsbCE9PWU7KWUucmV0dXJuPWksZT1lLnNpYmxpbmc7cmV0dXJuKG49VXUobCxvLG4sbnVsbCkpLnJldHVybj10LGkuc2libGluZz1uLHQubWVtb2l6ZWRTdGF0ZT1WYSx0LmNoaWxkPWksbn1yZXR1cm4gbz1pLmNoaWxkcmVuLHQubWVtb2l6ZWRTdGF0ZT1udWxsLHQuY2hpbGQ9TWkodCxudWxsLG8sbil9aWYobnVsbCE9PWUubWVtb2l6ZWRTdGF0ZSl7aWYobz0oZT1lLmNoaWxkKS5zaWJsaW5nLGwpe2lmKGk9aS5mYWxsYmFjaywobj1BdShlLGUucGVuZGluZ1Byb3BzKSkucmV0dXJuPXQsMD09PSgyJnQubW9kZSkmJihsPW51bGwhPT10Lm1lbW9pemVkU3RhdGU/dC5jaGlsZC5jaGlsZDp0LmNoaWxkKSE9PWUuY2hpbGQpZm9yKG4uY2hpbGQ9bDtudWxsIT09bDspbC5yZXR1cm49bixsPWwuc2libGluZztyZXR1cm4obz1BdShvLGksby5leHBpcmF0aW9uVGltZSkpLnJldHVybj10LG4uc2libGluZz1vLG4uY2hpbGRFeHBpcmF0aW9uVGltZT0wLHQubWVtb2l6ZWRTdGF0ZT1WYSx0LmNoaWxkPW4sb31yZXR1cm4gbj1QaSh0LGUuY2hpbGQsaS5jaGlsZHJlbixuKSx0Lm1lbW9pemVkU3RhdGU9bnVsbCx0LmNoaWxkPW59aWYoZT1lLmNoaWxkLGwpe2lmKGw9aS5mYWxsYmFjaywoaT1VdShudWxsLG8sMCxudWxsKSkucmV0dXJuPXQsaS5jaGlsZD1lLG51bGwhPT1lJiYoZS5yZXR1cm49aSksMD09PSgyJnQubW9kZSkpZm9yKGU9bnVsbCE9PXQubWVtb2l6ZWRTdGF0ZT90LmNoaWxkLmNoaWxkOnQuY2hpbGQsaS5jaGlsZD1lO251bGwhPT1lOyllLnJldHVybj1pLGU9ZS5zaWJsaW5nO3JldHVybihuPVV1KGwsbyxuLG51bGwpKS5yZXR1cm49dCxpLnNpYmxpbmc9bixuLmVmZmVjdFRhZ3w9YnQsaS5jaGlsZEV4cGlyYXRpb25UaW1lPTAsdC5tZW1vaXplZFN0YXRlPVZhLHQuY2hpbGQ9aSxufXJldHVybiB0Lm1lbW9pemVkU3RhdGU9bnVsbCx0LmNoaWxkPVBpKHQsZSxpLmNoaWxkcmVuLG4pfWZ1bmN0aW9uIEhhKGUsdCxuLHIsbyl7dmFyIGk9ZS5tZW1vaXplZFN0YXRlO251bGw9PT1pP2UubWVtb2l6ZWRTdGF0ZT17aXNCYWNrd2FyZHM6dCxyZW5kZXJpbmc6bnVsbCxsYXN0OnIsdGFpbDpuLHRhaWxFeHBpcmF0aW9uOjAsdGFpbE1vZGU6b306KGkuaXNCYWNrd2FyZHM9dCxpLnJlbmRlcmluZz1udWxsLGkubGFzdD1yLGkudGFpbD1uLGkudGFpbEV4cGlyYXRpb249MCxpLnRhaWxNb2RlPW8pfWZ1bmN0aW9uIFFhKGUsdCxuKXt2YXIgcj10LnBlbmRpbmdQcm9wcyxvPXIucmV2ZWFsT3JkZXIsaT1yLnRhaWw7aWYoamEoZSx0LHIuY2hpbGRyZW4sbiksMCE9PSgyJihyPUZpLmN1cnJlbnQpKSlyPTEmcnwyLHQuZWZmZWN0VGFnfD02NDtlbHNle2lmKG51bGwhPT1lJiYoNjQmZS5lZmZlY3RUYWcpIT09dnQpZTpmb3IoZT10LmNoaWxkO251bGwhPT1lOyl7aWYoMTM9PT1lLnRhZyl7aWYobnVsbCE9PWUubWVtb2l6ZWRTdGF0ZSl7ZS5leHBpcmF0aW9uVGltZTxuJiYoZS5leHBpcmF0aW9uVGltZT1uKTt2YXIgYT1lLmFsdGVybmF0ZTtudWxsIT09YSYmYS5leHBpcmF0aW9uVGltZTxuJiYoYS5leHBpcmF0aW9uVGltZT1uKSxuaShlLnJldHVybixuKX19ZWxzZSBpZihudWxsIT09ZS5jaGlsZCl7ZS5jaGlsZC5yZXR1cm49ZSxlPWUuY2hpbGQ7Y29udGludWV9aWYoZT09PXQpYnJlYWsgZTtmb3IoO251bGw9PT1lLnNpYmxpbmc7KXtpZihudWxsPT09ZS5yZXR1cm58fGUucmV0dXJuPT09dClicmVhayBlO2U9ZS5yZXR1cm59ZS5zaWJsaW5nLnJldHVybj1lLnJldHVybixlPWUuc2libGluZ31yJj0xfWlmKHVvKEZpLHIpLDA9PT0oMiZ0Lm1vZGUpKXQubWVtb2l6ZWRTdGF0ZT1udWxsO2Vsc2Ugc3dpdGNoKG8pe2Nhc2UiZm9yd2FyZHMiOmZvcihuPXQuY2hpbGQsbz1udWxsO251bGwhPT1uOyludWxsIT09KHI9bi5hbHRlcm5hdGUpJiZudWxsPT09QmkocikmJihvPW4pLG49bi5zaWJsaW5nO251bGw9PT0obj1vKT8obz10LmNoaWxkLHQuY2hpbGQ9bnVsbCk6KG89bi5zaWJsaW5nLG4uc2libGluZz1udWxsKSxIYSh0LCExLG8sbixpKTticmVhaztjYXNlImJhY2t3YXJkcyI6Zm9yKG49bnVsbCxvPXQuY2hpbGQsdC5jaGlsZD1udWxsO251bGwhPT1vOyl7aWYobnVsbCE9PShyPW8uYWx0ZXJuYXRlKSYmbnVsbD09PUJpKHIpKXt0LmNoaWxkPW87YnJlYWt9cj1vLnNpYmxpbmcsby5zaWJsaW5nPW4sbj1vLG89cn1IYSh0LCEwLG4sbnVsbCxpKTticmVhaztjYXNlInRvZ2V0aGVyIjpIYSh0LCExLG51bGwsbnVsbCx2b2lkIDApO2JyZWFrO2RlZmF1bHQ6dC5tZW1vaXplZFN0YXRlPW51bGx9cmV0dXJuIHQuY2hpbGR9ZnVuY3Rpb24gWWEoZSx0LG4pe251bGwhPT1lJiYodC5kZXBlbmRlbmNpZXM9ZS5kZXBlbmRlbmNpZXMpO3ZhciByPXQuZXhwaXJhdGlvblRpbWU7aWYoMCE9PXImJnZ1KHIpLHQuY2hpbGRFeHBpcmF0aW9uVGltZTxuKXJldHVybiBudWxsO2lmKG51bGwhPT1lJiZ0LmNoaWxkIT09ZS5jaGlsZCl0aHJvdyBhKEVycm9yKDE1MykpO2lmKG51bGwhPT10LmNoaWxkKXtmb3Iobj1BdShlPXQuY2hpbGQsZS5wZW5kaW5nUHJvcHMsZS5leHBpcmF0aW9uVGltZSksdC5jaGlsZD1uLG4ucmV0dXJuPXQ7bnVsbCE9PWUuc2libGluZzspZT1lLnNpYmxpbmcsKG49bi5zaWJsaW5nPUF1KGUsZS5wZW5kaW5nUHJvcHMsZS5leHBpcmF0aW9uVGltZSkpLnJldHVybj10O24uc2libGluZz1udWxsfXJldHVybiB0LmNoaWxkfWZ1bmN0aW9uIHFhKGUpe2UuZWZmZWN0VGFnfD00fWZ1bmN0aW9uIEdhKGUsdCl7c3dpdGNoKGUudGFpbE1vZGUpe2Nhc2UiaGlkZGVuIjp0PWUudGFpbDtmb3IodmFyIG49bnVsbDtudWxsIT09dDspbnVsbCE9PXQuYWx0ZXJuYXRlJiYobj10KSx0PXQuc2libGluZztudWxsPT09bj9lLnRhaWw9bnVsbDpuLnNpYmxpbmc9bnVsbDticmVhaztjYXNlImNvbGxhcHNlZCI6bj1lLnRhaWw7Zm9yKHZhciByPW51bGw7bnVsbCE9PW47KW51bGwhPT1uLmFsdGVybmF0ZSYmKHI9biksbj1uLnNpYmxpbmc7bnVsbD09PXI/dHx8bnVsbD09PWUudGFpbD9lLnRhaWw9bnVsbDplLnRhaWwuc2libGluZz1udWxsOnIuc2libGluZz1udWxsfX1mdW5jdGlvbiBYYShlKXtzd2l0Y2goZS50YWcpe2Nhc2UgMTp5byhlLnR5cGUpJiZtbygpO3ZhciB0PWUuZWZmZWN0VGFnO3JldHVybiA0MDk2JnQ/KGUuZWZmZWN0VGFnPS00MDk3JnR8NjQsZSk6bnVsbDtjYXNlIDM6aWYoQWkoKSx2bygpLCg2NCYodD1lLmVmZmVjdFRhZykpIT09dnQpdGhyb3cgYShFcnJvcigyODUpKTtyZXR1cm4gZS5lZmZlY3RUYWc9LTQwOTcmdHw2NCxlO2Nhc2UgNTpyZXR1cm4gVWkoZSksbnVsbDtjYXNlIDEzOnJldHVybiBsbyhGaSksNDA5NiYodD1lLmVmZmVjdFRhZyk/KGUuZWZmZWN0VGFnPS00MDk3JnR8NjQsZSk6bnVsbDtjYXNlIDE5OnJldHVybiBsbyhGaSksbnVsbDtjYXNlIDQ6cmV0dXJuIEFpKCksbnVsbDtjYXNlIDEwOnJldHVybiB0aShlKSxudWxsO2RlZmF1bHQ6cmV0dXJuIG51bGx9fWZ1bmN0aW9uIFphKGUsdCl7cmV0dXJue3ZhbHVlOmUsc291cmNlOnQsc3RhY2s6Wih0KX19RmE9ZnVuY3Rpb24oZSx0KXtmb3IodmFyIG49dC5jaGlsZDtudWxsIT09bjspe2lmKDU9PT1uLnRhZ3x8Nj09PW4udGFnKWUuYXBwZW5kQ2hpbGQobi5zdGF0ZU5vZGUpO2Vsc2UgaWYoNCE9PW4udGFnJiZudWxsIT09bi5jaGlsZCl7bi5jaGlsZC5yZXR1cm49bixuPW4uY2hpbGQ7Y29udGludWV9aWYobj09PXQpYnJlYWs7Zm9yKDtudWxsPT09bi5zaWJsaW5nOyl7aWYobnVsbD09PW4ucmV0dXJufHxuLnJldHVybj09PXQpcmV0dXJuO249bi5yZXR1cm59bi5zaWJsaW5nLnJldHVybj1uLnJldHVybixuPW4uc2libGluZ319LEJhPWZ1bmN0aW9uKCl7fSwkYT1mdW5jdGlvbihlLHQsbixyLGkpe3ZhciBhPWUubWVtb2l6ZWRQcm9wcztpZihhIT09cil7dmFyIGwsdSxzPXQuc3RhdGVOb2RlO3N3aXRjaChMaShOaS5jdXJyZW50KSxlPW51bGwsbil7Y2FzZSJpbnB1dCI6YT14ZShzLGEpLHI9eGUocyxyKSxlPVtdO2JyZWFrO2Nhc2Uib3B0aW9uIjphPU5lKHMsYSkscj1OZShzLHIpLGU9W107YnJlYWs7Y2FzZSJzZWxlY3QiOmE9byh7fSxhLHt2YWx1ZTp2b2lkIDB9KSxyPW8oe30scix7dmFsdWU6dm9pZCAwfSksZT1bXTticmVhaztjYXNlInRleHRhcmVhIjphPUllKHMsYSkscj1JZShzLHIpLGU9W107YnJlYWs7ZGVmYXVsdDoiZnVuY3Rpb24iIT09dHlwZW9mIGEub25DbGljayYmImZ1bmN0aW9uIj09PXR5cGVvZiByLm9uQ2xpY2smJihzLm9uY2xpY2s9VW4pfWZvcihsIGluIERuKG4sciksbj1udWxsLGEpaWYoIXIuaGFzT3duUHJvcGVydHkobCkmJmEuaGFzT3duUHJvcGVydHkobCkmJm51bGwhPWFbbF0paWYoInN0eWxlIj09PWwpZm9yKHUgaW4gcz1hW2xdKXMuaGFzT3duUHJvcGVydHkodSkmJihufHwobj17fSksblt1XT0iIik7ZWxzZSJkYW5nZXJvdXNseVNldElubmVySFRNTCIhPT1sJiYiY2hpbGRyZW4iIT09bCYmInN1cHByZXNzQ29udGVudEVkaXRhYmxlV2FybmluZyIhPT1sJiYic3VwcHJlc3NIeWRyYXRpb25XYXJuaW5nIiE9PWwmJiJhdXRvRm9jdXMiIT09bCYmKGQuaGFzT3duUHJvcGVydHkobCk/ZXx8KGU9W10pOihlPWV8fFtdKS5wdXNoKGwsbnVsbCkpO2ZvcihsIGluIHIpe3ZhciBjPXJbbF07aWYocz1udWxsIT1hP2FbbF06dm9pZCAwLHIuaGFzT3duUHJvcGVydHkobCkmJmMhPT1zJiYobnVsbCE9Y3x8bnVsbCE9cykpaWYoInN0eWxlIj09PWwpaWYocyl7Zm9yKHUgaW4gcykhcy5oYXNPd25Qcm9wZXJ0eSh1KXx8YyYmYy5oYXNPd25Qcm9wZXJ0eSh1KXx8KG58fChuPXt9KSxuW3VdPSIiKTtmb3IodSBpbiBjKWMuaGFzT3duUHJvcGVydHkodSkmJnNbdV0hPT1jW3VdJiYobnx8KG49e30pLG5bdV09Y1t1XSl9ZWxzZSBufHwoZXx8KGU9W10pLGUucHVzaChsLG4pKSxuPWM7ZWxzZSJkYW5nZXJvdXNseVNldElubmVySFRNTCI9PT1sPyhjPWM/Yy5fX2h0bWw6dm9pZCAwLHM9cz9zLl9faHRtbDp2b2lkIDAsbnVsbCE9YyYmcyE9PWMmJihlPWV8fFtdKS5wdXNoKGwsIiIrYykpOiJjaGlsZHJlbiI9PT1sP3M9PT1jfHwic3RyaW5nIiE9PXR5cGVvZiBjJiYibnVtYmVyIiE9PXR5cGVvZiBjfHwoZT1lfHxbXSkucHVzaChsLCIiK2MpOiJzdXBwcmVzc0NvbnRlbnRFZGl0YWJsZVdhcm5pbmciIT09bCYmInN1cHByZXNzSHlkcmF0aW9uV2FybmluZyIhPT1sJiYoZC5oYXNPd25Qcm9wZXJ0eShsKT8obnVsbCE9YyYmem4oaSxsKSxlfHxzPT09Y3x8KGU9W10pKTooZT1lfHxbXSkucHVzaChsLGMpKX1uJiYoZT1lfHxbXSkucHVzaCgic3R5bGUiLG4pLGk9ZSwodC51cGRhdGVRdWV1ZT1pKSYmcWEodCl9fSxXYT1mdW5jdGlvbihlLHQsbixyKXtuIT09ciYmcWEodCl9O3ZhciBKYT0iZnVuY3Rpb24iPT09dHlwZW9mIFdlYWtTZXQ/V2Vha1NldDpTZXQ7ZnVuY3Rpb24gZWwoZSx0KXt2YXIgbj10LnNvdXJjZSxyPXQuc3RhY2s7bnVsbD09PXImJm51bGwhPT1uJiYocj1aKG4pKSxudWxsIT09biYmWChuLnR5cGUpLHQ9dC52YWx1ZSxudWxsIT09ZSYmMT09PWUudGFnJiZYKGUudHlwZSk7dHJ5e2NvbnNvbGUuZXJyb3IodCl9Y2F0Y2gobyl7c2V0VGltZW91dCgoZnVuY3Rpb24oKXt0aHJvdyBvfSkpfX1mdW5jdGlvbiB0bChlKXt2YXIgdD1lLnJlZjtpZihudWxsIT09dClpZigiZnVuY3Rpb24iPT09dHlwZW9mIHQpdHJ5e3QobnVsbCl9Y2F0Y2gobil7UHUoZSxuKX1lbHNlIHQuY3VycmVudD1udWxsfWZ1bmN0aW9uIG5sKGUsdCl7c3dpdGNoKHQudGFnKXtjYXNlIDA6Y2FzZSAxMTpjYXNlIDE1OnJsKDIsMCx0KTticmVhaztjYXNlIDE6aWYoMjU2JnQuZWZmZWN0VGFnJiZudWxsIT09ZSl7dmFyIG49ZS5tZW1vaXplZFByb3BzLHI9ZS5tZW1vaXplZFN0YXRlO3Q9KGU9dC5zdGF0ZU5vZGUpLmdldFNuYXBzaG90QmVmb3JlVXBkYXRlKHQuZWxlbWVudFR5cGU9PT10LnR5cGU/bjpZbyh0LnR5cGUsbiksciksZS5fX3JlYWN0SW50ZXJuYWxTbmFwc2hvdEJlZm9yZVVwZGF0ZT10fWJyZWFrO2Nhc2UgMzpjYXNlIDU6Y2FzZSA2OmNhc2UgNDpjYXNlIDE3OmJyZWFrO2RlZmF1bHQ6dGhyb3cgYShFcnJvcigxNjMpKX19ZnVuY3Rpb24gcmwoZSx0LG4pe2lmKG51bGwhPT0obj1udWxsIT09KG49bi51cGRhdGVRdWV1ZSk/bi5sYXN0RWZmZWN0Om51bGwpKXt2YXIgcj1uPW4ubmV4dDtkb3tpZigwIT09KHIudGFnJmUpKXt2YXIgbz1yLmRlc3Ryb3k7ci5kZXN0cm95PXZvaWQgMCx2b2lkIDAhPT1vJiZvKCl9MCE9PShyLnRhZyZ0KSYmKG89ci5jcmVhdGUsci5kZXN0cm95PW8oKSkscj1yLm5leHR9d2hpbGUociE9PW4pfX1mdW5jdGlvbiBvbChlLHQsbil7c3dpdGNoKCJmdW5jdGlvbiI9PT10eXBlb2YgUnUmJlJ1KHQpLHQudGFnKXtjYXNlIDA6Y2FzZSAxMTpjYXNlIDE0OmNhc2UgMTU6aWYobnVsbCE9PShlPXQudXBkYXRlUXVldWUpJiZudWxsIT09KGU9ZS5sYXN0RWZmZWN0KSl7dmFyIHI9ZS5uZXh0O1dvKDk3PG4/OTc6biwoZnVuY3Rpb24oKXt2YXIgZT1yO2Rve3ZhciBuPWUuZGVzdHJveTtpZih2b2lkIDAhPT1uKXt2YXIgbz10O3RyeXtuKCl9Y2F0Y2goaSl7UHUobyxpKX19ZT1lLm5leHR9d2hpbGUoZSE9PXIpfSkpfWJyZWFrO2Nhc2UgMTp0bCh0KSwiZnVuY3Rpb24iPT09dHlwZW9mKG49dC5zdGF0ZU5vZGUpLmNvbXBvbmVudFdpbGxVbm1vdW50JiZmdW5jdGlvbihlLHQpe3RyeXt0LnByb3BzPWUubWVtb2l6ZWRQcm9wcyx0LnN0YXRlPWUubWVtb2l6ZWRTdGF0ZSx0LmNvbXBvbmVudFdpbGxVbm1vdW50KCl9Y2F0Y2gobil7UHUoZSxuKX19KHQsbik7YnJlYWs7Y2FzZSA1OnRsKHQpO2JyZWFrO2Nhc2UgNDp1bChlLHQsbil9fWZ1bmN0aW9uIGlsKGUpe3ZhciB0PWUuYWx0ZXJuYXRlO2UucmV0dXJuPW51bGwsZS5jaGlsZD1udWxsLGUubWVtb2l6ZWRTdGF0ZT1udWxsLGUudXBkYXRlUXVldWU9bnVsbCxlLmRlcGVuZGVuY2llcz1udWxsLGUuYWx0ZXJuYXRlPW51bGwsZS5maXJzdEVmZmVjdD1udWxsLGUubGFzdEVmZmVjdD1udWxsLGUucGVuZGluZ1Byb3BzPW51bGwsZS5tZW1vaXplZFByb3BzPW51bGwsbnVsbCE9PXQmJmlsKHQpfWZ1bmN0aW9uIGFsKGUpe3JldHVybiA1PT09ZS50YWd8fDM9PT1lLnRhZ3x8ND09PWUudGFnfWZ1bmN0aW9uIGxsKGUpe2U6e2Zvcih2YXIgdD1lLnJldHVybjtudWxsIT09dDspe2lmKGFsKHQpKXt2YXIgbj10O2JyZWFrIGV9dD10LnJldHVybn10aHJvdyBhKEVycm9yKDE2MCkpfXN3aXRjaCh0PW4uc3RhdGVOb2RlLG4udGFnKXtjYXNlIDU6dmFyIHI9ITE7YnJlYWs7Y2FzZSAzOmNhc2UgNDp0PXQuY29udGFpbmVySW5mbyxyPSEwO2JyZWFrO2RlZmF1bHQ6dGhyb3cgYShFcnJvcigxNjEpKX0xNiZuLmVmZmVjdFRhZyYmKFdlKHQsIiIpLG4uZWZmZWN0VGFnJj0tMTcpO2U6dDpmb3Iobj1lOzspe2Zvcig7bnVsbD09PW4uc2libGluZzspe2lmKG51bGw9PT1uLnJldHVybnx8YWwobi5yZXR1cm4pKXtuPW51bGw7YnJlYWsgZX1uPW4ucmV0dXJufWZvcihuLnNpYmxpbmcucmV0dXJuPW4ucmV0dXJuLG49bi5zaWJsaW5nOzUhPT1uLnRhZyYmNiE9PW4udGFnJiYxOCE9PW4udGFnOyl7aWYobi5lZmZlY3RUYWcmYnQpY29udGludWUgdDtpZihudWxsPT09bi5jaGlsZHx8ND09PW4udGFnKWNvbnRpbnVlIHQ7bi5jaGlsZC5yZXR1cm49bixuPW4uY2hpbGR9aWYoIShuLmVmZmVjdFRhZyZidCkpe249bi5zdGF0ZU5vZGU7YnJlYWsgZX19Zm9yKHZhciBvPWU7Oyl7dmFyIGk9NT09PW8udGFnfHw2PT09by50YWc7aWYoaSl7dmFyIGw9aT9vLnN0YXRlTm9kZTpvLnN0YXRlTm9kZS5pbnN0YW5jZTtpZihuKWlmKHIpe3ZhciB1PWw7bD1uLDg9PT0oaT10KS5ub2RlVHlwZT9pLnBhcmVudE5vZGUuaW5zZXJ0QmVmb3JlKHUsbCk6aS5pbnNlcnRCZWZvcmUodSxsKX1lbHNlIHQuaW5zZXJ0QmVmb3JlKGwsbik7ZWxzZSByPyg4PT09KHU9dCkubm9kZVR5cGU/KGk9dS5wYXJlbnROb2RlKS5pbnNlcnRCZWZvcmUobCx1KTooaT11KS5hcHBlbmRDaGlsZChsKSxudWxsIT09KHU9dS5fcmVhY3RSb290Q29udGFpbmVyKSYmdm9pZCAwIT09dXx8bnVsbCE9PWkub25jbGlja3x8KGkub25jbGljaz1VbikpOnQuYXBwZW5kQ2hpbGQobCl9ZWxzZSBpZig0IT09by50YWcmJm51bGwhPT1vLmNoaWxkKXtvLmNoaWxkLnJldHVybj1vLG89by5jaGlsZDtjb250aW51ZX1pZihvPT09ZSlicmVhaztmb3IoO251bGw9PT1vLnNpYmxpbmc7KXtpZihudWxsPT09by5yZXR1cm58fG8ucmV0dXJuPT09ZSlyZXR1cm47bz1vLnJldHVybn1vLnNpYmxpbmcucmV0dXJuPW8ucmV0dXJuLG89by5zaWJsaW5nfX1mdW5jdGlvbiB1bChlLHQsbil7Zm9yKHZhciByLG8saT10LGw9ITE7Oyl7aWYoIWwpe2w9aS5yZXR1cm47ZTpmb3IoOzspe2lmKG51bGw9PT1sKXRocm93IGEoRXJyb3IoMTYwKSk7c3dpdGNoKHI9bC5zdGF0ZU5vZGUsbC50YWcpe2Nhc2UgNTpvPSExO2JyZWFrIGU7Y2FzZSAzOmNhc2UgNDpyPXIuY29udGFpbmVySW5mbyxvPSEwO2JyZWFrIGV9bD1sLnJldHVybn1sPSEwfWlmKDU9PT1pLnRhZ3x8Nj09PWkudGFnKXtlOmZvcih2YXIgdT1lLHM9aSxjPW4sZj1zOzspaWYob2wodSxmLGMpLG51bGwhPT1mLmNoaWxkJiY0IT09Zi50YWcpZi5jaGlsZC5yZXR1cm49ZixmPWYuY2hpbGQ7ZWxzZXtpZihmPT09cylicmVhaztmb3IoO251bGw9PT1mLnNpYmxpbmc7KXtpZihudWxsPT09Zi5yZXR1cm58fGYucmV0dXJuPT09cylicmVhayBlO2Y9Zi5yZXR1cm59Zi5zaWJsaW5nLnJldHVybj1mLnJldHVybixmPWYuc2libGluZ31vPyh1PXIscz1pLnN0YXRlTm9kZSw4PT09dS5ub2RlVHlwZT91LnBhcmVudE5vZGUucmVtb3ZlQ2hpbGQocyk6dS5yZW1vdmVDaGlsZChzKSk6ci5yZW1vdmVDaGlsZChpLnN0YXRlTm9kZSl9ZWxzZSBpZig0PT09aS50YWcpe2lmKG51bGwhPT1pLmNoaWxkKXtyPWkuc3RhdGVOb2RlLmNvbnRhaW5lckluZm8sbz0hMCxpLmNoaWxkLnJldHVybj1pLGk9aS5jaGlsZDtjb250aW51ZX19ZWxzZSBpZihvbChlLGksbiksbnVsbCE9PWkuY2hpbGQpe2kuY2hpbGQucmV0dXJuPWksaT1pLmNoaWxkO2NvbnRpbnVlfWlmKGk9PT10KWJyZWFrO2Zvcig7bnVsbD09PWkuc2libGluZzspe2lmKG51bGw9PT1pLnJldHVybnx8aS5yZXR1cm49PT10KXJldHVybjs0PT09KGk9aS5yZXR1cm4pLnRhZyYmKGw9ITEpfWkuc2libGluZy5yZXR1cm49aS5yZXR1cm4saT1pLnNpYmxpbmd9fWZ1bmN0aW9uIHNsKGUsdCl7c3dpdGNoKHQudGFnKXtjYXNlIDA6Y2FzZSAxMTpjYXNlIDE0OmNhc2UgMTU6cmwoNCw4LHQpO2JyZWFrO2Nhc2UgMTpicmVhaztjYXNlIDU6dmFyIG49dC5zdGF0ZU5vZGU7aWYobnVsbCE9bil7dmFyIHI9dC5tZW1vaXplZFByb3BzLG89bnVsbCE9PWU/ZS5tZW1vaXplZFByb3BzOnI7ZT10LnR5cGU7dmFyIGk9dC51cGRhdGVRdWV1ZTtpZih0LnVwZGF0ZVF1ZXVlPW51bGwsbnVsbCE9PWkpe2ZvcihuW2lyXT1yLCJpbnB1dCI9PT1lJiYicmFkaW8iPT09ci50eXBlJiZudWxsIT1yLm5hbWUmJlNlKG4sciksQW4oZSxvKSx0PUFuKGUsciksbz0wO288aS5sZW5ndGg7bys9Mil7dmFyIGw9aVtvXSx1PWlbbysxXTsic3R5bGUiPT09bD9JbihuLHUpOiJkYW5nZXJvdXNseVNldElubmVySFRNTCI9PT1sPyRlKG4sdSk6ImNoaWxkcmVuIj09PWw/V2Uobix1KTprZShuLGwsdSx0KX1zd2l0Y2goZSl7Y2FzZSJpbnB1dCI6UGUobixyKTticmVhaztjYXNlInRleHRhcmVhIjpEZShuLHIpO2JyZWFrO2Nhc2Uic2VsZWN0Ijp0PW4uX3dyYXBwZXJTdGF0ZS53YXNNdWx0aXBsZSxuLl93cmFwcGVyU3RhdGUud2FzTXVsdGlwbGU9ISFyLm11bHRpcGxlLG51bGwhPShlPXIudmFsdWUpP1JlKG4sISFyLm11bHRpcGxlLGUsITEpOnQhPT0hIXIubXVsdGlwbGUmJihudWxsIT1yLmRlZmF1bHRWYWx1ZT9SZShuLCEhci5tdWx0aXBsZSxyLmRlZmF1bHRWYWx1ZSwhMCk6UmUobiwhIXIubXVsdGlwbGUsci5tdWx0aXBsZT9bXToiIiwhMSkpfX19YnJlYWs7Y2FzZSA2OmlmKG51bGw9PT10LnN0YXRlTm9kZSl0aHJvdyBhKEVycm9yKDE2MikpO3Quc3RhdGVOb2RlLm5vZGVWYWx1ZT10Lm1lbW9pemVkUHJvcHM7YnJlYWs7Y2FzZSAzOih0PXQuc3RhdGVOb2RlKS5oeWRyYXRlJiYodC5oeWRyYXRlPSExLG10KHQuY29udGFpbmVySW5mbykpO2JyZWFrO2Nhc2UgMTI6YnJlYWs7Y2FzZSAxMzppZihuPXQsbnVsbD09PXQubWVtb2l6ZWRTdGF0ZT9yPSExOihyPSEwLG49dC5jaGlsZCxVbD1GbygpKSxudWxsIT09billOmZvcihlPW47Oyl7aWYoNT09PWUudGFnKWk9ZS5zdGF0ZU5vZGUscj8iZnVuY3Rpb24iPT09dHlwZW9mKGk9aS5zdHlsZSkuc2V0UHJvcGVydHk/aS5zZXRQcm9wZXJ0eSgiZGlzcGxheSIsIm5vbmUiLCJpbXBvcnRhbnQiKTppLmRpc3BsYXk9Im5vbmUiOihpPWUuc3RhdGVOb2RlLG89dm9pZCAwIT09KG89ZS5tZW1vaXplZFByb3BzLnN0eWxlKSYmbnVsbCE9PW8mJm8uaGFzT3duUHJvcGVydHkoImRpc3BsYXkiKT9vLmRpc3BsYXk6bnVsbCxpLnN0eWxlLmRpc3BsYXk9Um4oImRpc3BsYXkiLG8pKTtlbHNlIGlmKDY9PT1lLnRhZyllLnN0YXRlTm9kZS5ub2RlVmFsdWU9cj8iIjplLm1lbW9pemVkUHJvcHM7ZWxzZXtpZigxMz09PWUudGFnJiZudWxsIT09ZS5tZW1vaXplZFN0YXRlJiZudWxsPT09ZS5tZW1vaXplZFN0YXRlLmRlaHlkcmF0ZWQpeyhpPWUuY2hpbGQuc2libGluZykucmV0dXJuPWUsZT1pO2NvbnRpbnVlfWlmKG51bGwhPT1lLmNoaWxkKXtlLmNoaWxkLnJldHVybj1lLGU9ZS5jaGlsZDtjb250aW51ZX19aWYoZT09PW4pYnJlYWsgZTtmb3IoO251bGw9PT1lLnNpYmxpbmc7KXtpZihudWxsPT09ZS5yZXR1cm58fGUucmV0dXJuPT09bilicmVhayBlO2U9ZS5yZXR1cm59ZS5zaWJsaW5nLnJldHVybj1lLnJldHVybixlPWUuc2libGluZ31jbCh0KTticmVhaztjYXNlIDE5OmNsKHQpO2JyZWFrO2Nhc2UgMTc6Y2FzZSAyMDpjYXNlIDIxOmJyZWFrO2RlZmF1bHQ6dGhyb3cgYShFcnJvcigxNjMpKX19ZnVuY3Rpb24gY2woZSl7dmFyIHQ9ZS51cGRhdGVRdWV1ZTtpZihudWxsIT09dCl7ZS51cGRhdGVRdWV1ZT1udWxsO3ZhciBuPWUuc3RhdGVOb2RlO251bGw9PT1uJiYobj1lLnN0YXRlTm9kZT1uZXcgSmEpLHQuZm9yRWFjaCgoZnVuY3Rpb24odCl7dmFyIHI9anUuYmluZChudWxsLGUsdCk7bi5oYXModCl8fChuLmFkZCh0KSx0LnRoZW4ocixyKSl9KSl9fXZhciBmbD0iZnVuY3Rpb24iPT09dHlwZW9mIFdlYWtNYXA/V2Vha01hcDpNYXA7ZnVuY3Rpb24gcGwoZSx0LG4peyhuPXVpKG4sbnVsbCkpLnRhZz0zLG4ucGF5bG9hZD17ZWxlbWVudDpudWxsfTt2YXIgcj10LnZhbHVlO3JldHVybiBuLmNhbGxiYWNrPWZ1bmN0aW9uKCl7JGx8fCgkbD0hMCxXbD1yKSxlbChlLHQpfSxufWZ1bmN0aW9uIGRsKGUsdCxuKXsobj11aShuLG51bGwpKS50YWc9Mzt2YXIgcj1lLnR5cGUuZ2V0RGVyaXZlZFN0YXRlRnJvbUVycm9yO2lmKCJmdW5jdGlvbiI9PT10eXBlb2Ygcil7dmFyIG89dC52YWx1ZTtuLnBheWxvYWQ9ZnVuY3Rpb24oKXtyZXR1cm4gZWwoZSx0KSxyKG8pfX12YXIgaT1lLnN0YXRlTm9kZTtyZXR1cm4gbnVsbCE9PWkmJiJmdW5jdGlvbiI9PT10eXBlb2YgaS5jb21wb25lbnREaWRDYXRjaCYmKG4uY2FsbGJhY2s9ZnVuY3Rpb24oKXsiZnVuY3Rpb24iIT09dHlwZW9mIHImJihudWxsPT09Vmw/Vmw9bmV3IFNldChbdGhpc10pOlZsLmFkZCh0aGlzKSxlbChlLHQpKTt2YXIgbj10LnN0YWNrO3RoaXMuY29tcG9uZW50RGlkQ2F0Y2godC52YWx1ZSx7Y29tcG9uZW50U3RhY2s6bnVsbCE9PW4/bjoiIn0pfSksbn12YXIgaGw9TWF0aC5jZWlsLHlsPVIuUmVhY3RDdXJyZW50RGlzcGF0Y2hlcixtbD1SLlJlYWN0Q3VycmVudE93bmVyLHZsPTAsYmw9OCxnbD0xNix3bD0zMixFbD0wLGtsPTEsX2w9MixPbD0zLFRsPTQseGw9NSxDbD02LFNsPXZsLFBsPW51bGwsTWw9bnVsbCxqbD0wLE5sPUVsLFJsPW51bGwsSWw9MTA3Mzc0MTgyMyxMbD0xMDczNzQxODIzLERsPW51bGwsQWw9MCx6bD0hMSxVbD0wLEZsPTUwMCxCbD1udWxsLCRsPSExLFdsPW51bGwsVmw9bnVsbCxLbD0hMSxIbD1udWxsLFFsPTkwLFlsPW51bGwscWw9MCxHbD1udWxsLFhsPTA7ZnVuY3Rpb24gWmwoKXtyZXR1cm4oU2wmKGdsfHdsKSkhPT12bD8xMDczNzQxODIxLShGbygpLzEwfDApOjAhPT1YbD9YbDpYbD0xMDczNzQxODIxLShGbygpLzEwfDApfWZ1bmN0aW9uIEpsKGUsdCxuKXtpZigwPT09KDImKHQ9dC5tb2RlKSkpcmV0dXJuIDEwNzM3NDE4MjM7dmFyIHI9Qm8oKTtpZigwPT09KDQmdCkpcmV0dXJuIDk5PT09cj8xMDczNzQxODIzOjEwNzM3NDE4MjI7aWYoKFNsJmdsKSE9PXZsKXJldHVybiBqbDtpZihudWxsIT09billPTEwNzM3NDE4MjEtMjUqKDErKCgxMDczNzQxODIxLWUrKDB8bi50aW1lb3V0TXN8fDVlMykvMTApLzI1fDApKTtlbHNlIHN3aXRjaChyKXtjYXNlIDk5OmU9MTA3Mzc0MTgyMzticmVhaztjYXNlIDk4OmU9MTA3Mzc0MTgyMS0xMCooMSsoKDEwNzM3NDE4MjEtZSsxNSkvMTB8MCkpO2JyZWFrO2Nhc2UgOTc6Y2FzZSA5NjplPTEwNzM3NDE4MjEtMjUqKDErKCgxMDczNzQxODIxLWUrNTAwKS8yNXwwKSk7YnJlYWs7Y2FzZSA5NTplPTI7YnJlYWs7ZGVmYXVsdDp0aHJvdyBhKEVycm9yKDMyNikpfXJldHVybiBudWxsIT09UGwmJmU9PT1qbCYmLS1lLGV9dmFyIGV1LHR1PTA7ZnVuY3Rpb24gbnUoZSx0KXtpZig1MDxxbCl0aHJvdyBxbD0wLEdsPW51bGwsYShFcnJvcigxODUpKTtpZihudWxsIT09KGU9cnUoZSx0KSkpe3ZhciBuPUJvKCk7MTA3Mzc0MTgyMz09PXQ/KFNsJmJsKSE9PXZsJiYoU2wmKGdsfHdsKSk9PT12bD9sdShlKTooaXUoZSksU2w9PT12bCYmSG8oKSk6aXUoZSksKDQmU2wpPT09dmx8fDk4IT09biYmOTkhPT1ufHwobnVsbD09PVlsP1lsPW5ldyBNYXAoW1tlLHRdXSk6KHZvaWQgMD09PShuPVlsLmdldChlKSl8fG4+dCkmJllsLnNldChlLHQpKX19ZnVuY3Rpb24gcnUoZSx0KXtlLmV4cGlyYXRpb25UaW1lPHQmJihlLmV4cGlyYXRpb25UaW1lPXQpO3ZhciBuPWUuYWx0ZXJuYXRlO251bGwhPT1uJiZuLmV4cGlyYXRpb25UaW1lPHQmJihuLmV4cGlyYXRpb25UaW1lPXQpO3ZhciByPWUucmV0dXJuLG89bnVsbDtpZihudWxsPT09ciYmMz09PWUudGFnKW89ZS5zdGF0ZU5vZGU7ZWxzZSBmb3IoO251bGwhPT1yOyl7aWYobj1yLmFsdGVybmF0ZSxyLmNoaWxkRXhwaXJhdGlvblRpbWU8dCYmKHIuY2hpbGRFeHBpcmF0aW9uVGltZT10KSxudWxsIT09biYmbi5jaGlsZEV4cGlyYXRpb25UaW1lPHQmJihuLmNoaWxkRXhwaXJhdGlvblRpbWU9dCksbnVsbD09PXIucmV0dXJuJiYzPT09ci50YWcpe289ci5zdGF0ZU5vZGU7YnJlYWt9cj1yLnJldHVybn1yZXR1cm4gbnVsbCE9PW8mJihQbD09PW8mJih2dSh0KSxObD09PVRsJiZWdShvLGpsKSksS3Uobyx0KSksb31mdW5jdGlvbiBvdShlKXt2YXIgdD1lLmxhc3RFeHBpcmVkVGltZTtyZXR1cm4gMCE9PXQ/dDpXdShlLHQ9ZS5maXJzdFBlbmRpbmdUaW1lKT8odD1lLmxhc3RQaW5nZWRUaW1lKT4oZT1lLm5leHRLbm93blBlbmRpbmdMZXZlbCk/dDplOnR9ZnVuY3Rpb24gaXUoZSl7aWYoMCE9PWUubGFzdEV4cGlyZWRUaW1lKWUuY2FsbGJhY2tFeHBpcmF0aW9uVGltZT0xMDczNzQxODIzLGUuY2FsbGJhY2tQcmlvcml0eT05OSxlLmNhbGxiYWNrTm9kZT1LbyhsdS5iaW5kKG51bGwsZSkpO2Vsc2V7dmFyIHQ9b3UoZSksbj1lLmNhbGxiYWNrTm9kZTtpZigwPT09dCludWxsIT09biYmKGUuY2FsbGJhY2tOb2RlPW51bGwsZS5jYWxsYmFja0V4cGlyYXRpb25UaW1lPTAsZS5jYWxsYmFja1ByaW9yaXR5PTkwKTtlbHNle3ZhciByPVpsKCk7aWYoMTA3Mzc0MTgyMz09PXQ/cj05OToxPT09dHx8Mj09PXQ/cj05NTpyPTA+PShyPTEwKigxMDczNzQxODIxLXQpLTEwKigxMDczNzQxODIxLXIpKT85OToyNTA+PXI/OTg6NTI1MD49cj85Nzo5NSxudWxsIT09bil7dmFyIG89ZS5jYWxsYmFja1ByaW9yaXR5O2lmKGUuY2FsbGJhY2tFeHBpcmF0aW9uVGltZT09PXQmJm8+PXIpcmV0dXJuO24hPT1JbyYmT28obil9ZS5jYWxsYmFja0V4cGlyYXRpb25UaW1lPXQsZS5jYWxsYmFja1ByaW9yaXR5PXIsdD0xMDczNzQxODIzPT09dD9LbyhsdS5iaW5kKG51bGwsZSkpOlZvKHIsYXUuYmluZChudWxsLGUpLHt0aW1lb3V0OjEwKigxMDczNzQxODIxLXQpLUZvKCl9KSxlLmNhbGxiYWNrTm9kZT10fX19ZnVuY3Rpb24gYXUoZSx0KXtpZihYbD0wLHQpcmV0dXJuIEh1KGUsdD1abCgpKSxpdShlKSxudWxsO3ZhciBuPW91KGUpO2lmKDAhPT1uKXtpZih0PWUuY2FsbGJhY2tOb2RlLChTbCYoZ2x8d2wpKSE9PXZsKXRocm93IGEoRXJyb3IoMzI3KSk7aWYoeHUoKSxlPT09UGwmJm49PT1qbHx8ZHUoZSxuKSxudWxsIT09TWwpe3ZhciByPVNsO1NsfD1nbDtmb3IodmFyIG89eXUoKTs7KXRyeXtndSgpO2JyZWFrfWNhdGNoKHUpe2h1KGUsdSl9aWYoSm8oKSxTbD1yLHlsLmN1cnJlbnQ9byxObD09PWtsKXRocm93IHQ9UmwsZHUoZSxuKSxWdShlLG4pLGl1KGUpLHQ7aWYobnVsbD09PU1sKXN3aXRjaChvPWUuZmluaXNoZWRXb3JrPWUuY3VycmVudC5hbHRlcm5hdGUsZS5maW5pc2hlZEV4cGlyYXRpb25UaW1lPW4sc3UoZSxuKSxyPU5sLFBsPW51bGwscil7Y2FzZSBFbDpjYXNlIGtsOnRocm93IGEoRXJyb3IoMzQ1KSk7Y2FzZSBfbDppZigyIT09bil7SHUoZSwyKTticmVha31fdShlKTticmVhaztjYXNlIE9sOmlmKFZ1KGUsbiksbj09PShyPWUubGFzdFN1c3BlbmRlZFRpbWUpJiYoZS5uZXh0S25vd25QZW5kaW5nTGV2ZWw9a3UobykpLDEwNzM3NDE4MjM9PT1JbCYmMTA8KG89VWwrRmwtRm8oKSkpe2lmKHpsKXt2YXIgaT1lLmxhc3RQaW5nZWRUaW1lO2lmKDA9PT1pfHxpPj1uKXtlLmxhc3RQaW5nZWRUaW1lPW4sZHUoZSxuKTticmVha319aWYoMCE9PShpPW91KGUpKSYmaSE9PW4pYnJlYWs7aWYoMCE9PXImJnIhPT1uKXtlLmxhc3RQaW5nZWRUaW1lPXI7YnJlYWt9ZS50aW1lb3V0SGFuZGxlPUpuKF91LmJpbmQobnVsbCxlKSxvKTticmVha31fdShlKTticmVhaztjYXNlIFRsOmlmKFZ1KGUsbiksbj09PShyPWUubGFzdFN1c3BlbmRlZFRpbWUpJiYoZS5uZXh0S25vd25QZW5kaW5nTGV2ZWw9a3UobykpLHpsJiYoMD09PShvPWUubGFzdFBpbmdlZFRpbWUpfHxvPj1uKSl7ZS5sYXN0UGluZ2VkVGltZT1uLGR1KGUsbik7YnJlYWt9aWYoMCE9PShvPW91KGUpKSYmbyE9PW4pYnJlYWs7aWYoMCE9PXImJnIhPT1uKXtlLmxhc3RQaW5nZWRUaW1lPXI7YnJlYWt9aWYoMTA3Mzc0MTgyMyE9PUxsP3I9MTAqKDEwNzM3NDE4MjEtTGwpLUZvKCk6MTA3Mzc0MTgyMz09PUlsP3I9MDoocj0xMCooMTA3Mzc0MTgyMS1JbCktNWUzLDA+KHI9KG89Rm8oKSktcikmJihyPTApLChuPTEwKigxMDczNzQxODIxLW4pLW8pPChyPSgxMjA+cj8xMjA6NDgwPnI/NDgwOjEwODA+cj8xMDgwOjE5MjA+cj8xOTIwOjNlMz5yPzNlMzo0MzIwPnI/NDMyMDoxOTYwKmhsKHIvMTk2MCkpLXIpJiYocj1uKSksMTA8cil7ZS50aW1lb3V0SGFuZGxlPUpuKF91LmJpbmQobnVsbCxlKSxyKTticmVha31fdShlKTticmVhaztjYXNlIHhsOmlmKDEwNzM3NDE4MjMhPT1JbCYmbnVsbCE9PURsKXtpPUlsO3ZhciBsPURsO2lmKDA+PShyPTB8bC5idXN5TWluRHVyYXRpb25Ncyk/cj0wOihvPTB8bC5idXN5RGVsYXlNcyxyPShpPUZvKCktKDEwKigxMDczNzQxODIxLWkpLSgwfGwudGltZW91dE1zfHw1ZTMpKSk8PW8/MDpvK3ItaSksMTA8cil7VnUoZSxuKSxlLnRpbWVvdXRIYW5kbGU9Sm4oX3UuYmluZChudWxsLGUpLHIpO2JyZWFrfX1fdShlKTticmVhaztjYXNlIENsOlZ1KGUsbik7YnJlYWs7ZGVmYXVsdDp0aHJvdyBhKEVycm9yKDMyOSkpfWlmKGl1KGUpLGUuY2FsbGJhY2tOb2RlPT09dClyZXR1cm4gYXUuYmluZChudWxsLGUpfX1yZXR1cm4gbnVsbH1mdW5jdGlvbiBsdShlKXt2YXIgdD1lLmxhc3RFeHBpcmVkVGltZTtpZih0PTAhPT10P3Q6MTA3Mzc0MTgyMyxlLmZpbmlzaGVkRXhwaXJhdGlvblRpbWU9PT10KV91KGUpO2Vsc2V7aWYoKFNsJihnbHx3bCkpIT09dmwpdGhyb3cgYShFcnJvcigzMjcpKTtpZih4dSgpLGU9PT1QbCYmdD09PWpsfHxkdShlLHQpLG51bGwhPT1NbCl7dmFyIG49U2w7U2x8PWdsO2Zvcih2YXIgcj15dSgpOzspdHJ5e2J1KCk7YnJlYWt9Y2F0Y2gobyl7aHUoZSxvKX1pZihKbygpLFNsPW4seWwuY3VycmVudD1yLE5sPT09a2wpdGhyb3cgbj1SbCxkdShlLHQpLFZ1KGUsdCksaXUoZSksbjtpZihudWxsIT09TWwpdGhyb3cgYShFcnJvcigyNjEpKTtlLmZpbmlzaGVkV29yaz1lLmN1cnJlbnQuYWx0ZXJuYXRlLGUuZmluaXNoZWRFeHBpcmF0aW9uVGltZT10LHN1KGUsdCksTmw9PT1DbD9WdShlLHQpOihQbD1udWxsLF91KGUpKSxpdShlKX19cmV0dXJuIG51bGx9ZnVuY3Rpb24gdXUoKXsoU2wmKDF8Z2x8d2wpKT09PXZsJiYoZnVuY3Rpb24oKXtpZihudWxsIT09WWwpe3ZhciBlPVlsO1lsPW51bGwsZS5mb3JFYWNoKChmdW5jdGlvbihlLHQpe0h1KHQsZSksaXUodCl9KSksSG8oKX19KCkseHUoKSl9ZnVuY3Rpb24gc3UoZSx0KXt2YXIgbj1lLmZpcnN0QmF0Y2g7bnVsbCE9PW4mJm4uX2RlZmVyJiZuLl9leHBpcmF0aW9uVGltZT49dCYmKFZvKDk3LChmdW5jdGlvbigpe3JldHVybiBuLl9vbkNvbXBsZXRlKCksbnVsbH0pKSxObD1DbCl9ZnVuY3Rpb24gY3UoZSx0KXt2YXIgbj1TbDtTbHw9MTt0cnl7cmV0dXJuIGUodCl9ZmluYWxseXsoU2w9bik9PT12bCYmSG8oKX19ZnVuY3Rpb24gZnUoZSx0LG4scil7dmFyIG89U2w7U2x8PTQ7dHJ5e3JldHVybiBXbyg5OCxlLmJpbmQobnVsbCx0LG4scikpfWZpbmFsbHl7KFNsPW8pPT09dmwmJkhvKCl9fWZ1bmN0aW9uIHB1KGUsdCl7dmFyIG49U2w7U2wmPS0yLFNsfD1ibDt0cnl7cmV0dXJuIGUodCl9ZmluYWxseXsoU2w9bik9PT12bCYmSG8oKX19ZnVuY3Rpb24gZHUoZSx0KXtlLmZpbmlzaGVkV29yaz1udWxsLGUuZmluaXNoZWRFeHBpcmF0aW9uVGltZT0wO3ZhciBuPWUudGltZW91dEhhbmRsZTtpZigtMSE9PW4mJihlLnRpbWVvdXRIYW5kbGU9LTEsZXIobikpLG51bGwhPT1NbClmb3Iobj1NbC5yZXR1cm47bnVsbCE9PW47KXt2YXIgcj1uO3N3aXRjaChyLnRhZyl7Y2FzZSAxOnZhciBvPXIudHlwZS5jaGlsZENvbnRleHRUeXBlcztudWxsIT09byYmdm9pZCAwIT09byYmbW8oKTticmVhaztjYXNlIDM6QWkoKSx2bygpO2JyZWFrO2Nhc2UgNTpVaShyKTticmVhaztjYXNlIDQ6QWkoKTticmVhaztjYXNlIDEzOmNhc2UgMTk6bG8oRmkpO2JyZWFrO2Nhc2UgMTA6dGkocil9bj1uLnJldHVybn1QbD1lLE1sPUF1KGUuY3VycmVudCxudWxsKSxqbD10LE5sPUVsLFJsPW51bGwsTGw9SWw9MTA3Mzc0MTgyMyxEbD1udWxsLEFsPTAsemw9ITF9ZnVuY3Rpb24gaHUoZSx0KXtmb3IoOzspe3RyeXtpZihKbygpLGFhKCksbnVsbD09PU1sfHxudWxsPT09TWwucmV0dXJuKXJldHVybiBObD1rbCxSbD10LG51bGw7ZTp7dmFyIG49ZSxyPU1sLnJldHVybixvPU1sLGk9dDtpZih0PWpsLG8uZWZmZWN0VGFnfD0yMDQ4LG8uZmlyc3RFZmZlY3Q9by5sYXN0RWZmZWN0PW51bGwsbnVsbCE9PWkmJiJvYmplY3QiPT09dHlwZW9mIGkmJiJmdW5jdGlvbiI9PT10eXBlb2YgaS50aGVuKXt2YXIgYT1pLGw9MCE9PSgxJkZpLmN1cnJlbnQpLHU9cjtkb3t2YXIgcztpZihzPTEzPT09dS50YWcpe3ZhciBjPXUubWVtb2l6ZWRTdGF0ZTtpZihudWxsIT09YylzPW51bGwhPT1jLmRlaHlkcmF0ZWQ7ZWxzZXt2YXIgZj11Lm1lbW9pemVkUHJvcHM7cz12b2lkIDAhPT1mLmZhbGxiYWNrJiYoITAhPT1mLnVuc3RhYmxlX2F2b2lkVGhpc0ZhbGxiYWNrfHwhbCl9fWlmKHMpe3ZhciBwPXUudXBkYXRlUXVldWU7aWYobnVsbD09PXApe3ZhciBkPW5ldyBTZXQ7ZC5hZGQoYSksdS51cGRhdGVRdWV1ZT1kfWVsc2UgcC5hZGQoYSk7aWYoMD09PSgyJnUubW9kZSkpe2lmKHUuZWZmZWN0VGFnfD02NCxvLmVmZmVjdFRhZyY9LTI5ODEsMT09PW8udGFnKWlmKG51bGw9PT1vLmFsdGVybmF0ZSlvLnRhZz0xNztlbHNle3ZhciBoPXVpKDEwNzM3NDE4MjMsbnVsbCk7aC50YWc9MixjaShvLGgpfW8uZXhwaXJhdGlvblRpbWU9MTA3Mzc0MTgyMzticmVhayBlfWk9dm9pZCAwLG89dDt2YXIgeT1uLnBpbmdDYWNoZTtpZihudWxsPT09eT8oeT1uLnBpbmdDYWNoZT1uZXcgZmwsaT1uZXcgU2V0LHkuc2V0KGEsaSkpOnZvaWQgMD09PShpPXkuZ2V0KGEpKSYmKGk9bmV3IFNldCx5LnNldChhLGkpKSwhaS5oYXMobykpe2kuYWRkKG8pO3ZhciBtPU11LmJpbmQobnVsbCxuLGEsbyk7YS50aGVuKG0sbSl9dS5lZmZlY3RUYWd8PTQwOTYsdS5leHBpcmF0aW9uVGltZT10O2JyZWFrIGV9dT11LnJldHVybn13aGlsZShudWxsIT09dSk7aT1FcnJvcigoWChvLnR5cGUpfHwiQSBSZWFjdCBjb21wb25lbnQiKSsiIHN1c3BlbmRlZCB3aGlsZSByZW5kZXJpbmcsIGJ1dCBubyBmYWxsYmFjayBVSSB3YXMgc3BlY2lmaWVkLlxuXG5BZGQgYSA8U3VzcGVuc2UgZmFsbGJhY2s9Li4uPiBjb21wb25lbnQgaGlnaGVyIGluIHRoZSB0cmVlIHRvIHByb3ZpZGUgYSBsb2FkaW5nIGluZGljYXRvciBvciBwbGFjZWhvbGRlciB0byBkaXNwbGF5LiIrWihvKSl9TmwhPT14bCYmKE5sPV9sKSxpPVphKGksbyksdT1yO2Rve3N3aXRjaCh1LnRhZyl7Y2FzZSAzOmE9aSx1LmVmZmVjdFRhZ3w9NDA5Nix1LmV4cGlyYXRpb25UaW1lPXQsZmkodSxwbCh1LGEsdCkpO2JyZWFrIGU7Y2FzZSAxOmE9aTt2YXIgdj11LnR5cGUsYj11LnN0YXRlTm9kZTtpZigoNjQmdS5lZmZlY3RUYWcpPT09dnQmJigiZnVuY3Rpb24iPT09dHlwZW9mIHYuZ2V0RGVyaXZlZFN0YXRlRnJvbUVycm9yfHxudWxsIT09YiYmImZ1bmN0aW9uIj09PXR5cGVvZiBiLmNvbXBvbmVudERpZENhdGNoJiYobnVsbD09PVZsfHwhVmwuaGFzKGIpKSkpe3UuZWZmZWN0VGFnfD00MDk2LHUuZXhwaXJhdGlvblRpbWU9dCxmaSh1LGRsKHUsYSx0KSk7YnJlYWsgZX19dT11LnJldHVybn13aGlsZShudWxsIT09dSl9TWw9RXUoTWwpfWNhdGNoKGcpe3Q9Zztjb250aW51ZX1icmVha319ZnVuY3Rpb24geXUoKXt2YXIgZT15bC5jdXJyZW50O3JldHVybiB5bC5jdXJyZW50PXZhLG51bGw9PT1lP3ZhOmV9ZnVuY3Rpb24gbXUoZSx0KXtlPElsJiYyPGUmJihJbD1lKSxudWxsIT09dCYmZTxMbCYmMjxlJiYoTGw9ZSxEbD10KX1mdW5jdGlvbiB2dShlKXtlPkFsJiYoQWw9ZSl9ZnVuY3Rpb24gYnUoKXtmb3IoO251bGwhPT1NbDspTWw9d3UoTWwpfWZ1bmN0aW9uIGd1KCl7Zm9yKDtudWxsIT09TWwmJiFUbygpOylNbD13dShNbCl9ZnVuY3Rpb24gd3UoZSl7dmFyIHQ9ZXUoZS5hbHRlcm5hdGUsZSxqbCk7cmV0dXJuIGUubWVtb2l6ZWRQcm9wcz1lLnBlbmRpbmdQcm9wcyxudWxsPT09dCYmKHQ9RXUoZSkpLG1sLmN1cnJlbnQ9bnVsbCx0fWZ1bmN0aW9uIEV1KGUpe01sPWU7ZG97dmFyIHQ9TWwuYWx0ZXJuYXRlO2lmKGU9TWwucmV0dXJuLCgyMDQ4Jk1sLmVmZmVjdFRhZyk9PT12dCl7ZTp7dmFyIG49dCxyPWpsLGk9KHQ9TWwpLnBlbmRpbmdQcm9wcztzd2l0Y2godC50YWcpe2Nhc2UgMjpjYXNlIDE2OmJyZWFrO2Nhc2UgMTU6Y2FzZSAwOmJyZWFrO2Nhc2UgMTp5byh0LnR5cGUpJiZtbygpO2JyZWFrO2Nhc2UgMzpBaSgpLHZvKCksKHI9dC5zdGF0ZU5vZGUpLnBlbmRpbmdDb250ZXh0JiYoci5jb250ZXh0PXIucGVuZGluZ0NvbnRleHQsci5wZW5kaW5nQ29udGV4dD1udWxsKSwobnVsbD09PW58fG51bGw9PT1uLmNoaWxkKSYmQ2EodCkmJnFhKHQpLEJhKHQpO2JyZWFrO2Nhc2UgNTpVaSh0KSxyPUxpKElpLmN1cnJlbnQpO3ZhciBsPXQudHlwZTtpZihudWxsIT09biYmbnVsbCE9dC5zdGF0ZU5vZGUpJGEobix0LGwsaSxyKSxuLnJlZiE9PXQucmVmJiYodC5lZmZlY3RUYWd8PTEyOCk7ZWxzZSBpZihpKXt2YXIgdT1MaShOaS5jdXJyZW50KTtpZihDYSh0KSl7bD12b2lkIDAsbj0oaT10KS5zdGF0ZU5vZGU7dmFyIHM9aS50eXBlLGM9aS5tZW1vaXplZFByb3BzO3N3aXRjaChuW29yXT1pLG5baXJdPWMscyl7Y2FzZSJpZnJhbWUiOmNhc2Uib2JqZWN0IjpjYXNlImVtYmVkIjp3bigibG9hZCIsbik7YnJlYWs7Y2FzZSJ2aWRlbyI6Y2FzZSJhdWRpbyI6Zm9yKHZhciBmPTA7ZjxKZS5sZW5ndGg7ZisrKXduKEplW2ZdLG4pO2JyZWFrO2Nhc2Uic291cmNlIjp3bigiZXJyb3IiLG4pO2JyZWFrO2Nhc2UiaW1nIjpjYXNlImltYWdlIjpjYXNlImxpbmsiOnduKCJlcnJvciIsbiksd24oImxvYWQiLG4pO2JyZWFrO2Nhc2UiZm9ybSI6d24oInJlc2V0IixuKSx3bigic3VibWl0IixuKTticmVhaztjYXNlImRldGFpbHMiOnduKCJ0b2dnbGUiLG4pO2JyZWFrO2Nhc2UiaW5wdXQiOkNlKG4sYyksd24oImludmFsaWQiLG4pLHpuKHIsIm9uQ2hhbmdlIik7YnJlYWs7Y2FzZSJzZWxlY3QiOm4uX3dyYXBwZXJTdGF0ZT17d2FzTXVsdGlwbGU6ISFjLm11bHRpcGxlfSx3bigiaW52YWxpZCIsbiksem4ociwib25DaGFuZ2UiKTticmVhaztjYXNlInRleHRhcmVhIjpMZShuLGMpLHduKCJpbnZhbGlkIixuKSx6bihyLCJvbkNoYW5nZSIpfWZvcihsIGluIERuKHMsYyksZj1udWxsLGMpYy5oYXNPd25Qcm9wZXJ0eShsKSYmKHU9Y1tsXSwiY2hpbGRyZW4iPT09bD8ic3RyaW5nIj09PXR5cGVvZiB1P24udGV4dENvbnRlbnQhPT11JiYoZj1bImNoaWxkcmVuIix1XSk6Im51bWJlciI9PT10eXBlb2YgdSYmbi50ZXh0Q29udGVudCE9PSIiK3UmJihmPVsiY2hpbGRyZW4iLCIiK3VdKTpkLmhhc093blByb3BlcnR5KGwpJiZudWxsIT11JiZ6bihyLGwpKTtzd2l0Y2gocyl7Y2FzZSJpbnB1dCI6T2UobiksTWUobixjLCEwKTticmVhaztjYXNlInRleHRhcmVhIjpPZShuKSxBZShuKTticmVhaztjYXNlInNlbGVjdCI6Y2FzZSJvcHRpb24iOmJyZWFrO2RlZmF1bHQ6ImZ1bmN0aW9uIj09PXR5cGVvZiBjLm9uQ2xpY2smJihuLm9uY2xpY2s9VW4pfXI9ZixpLnVwZGF0ZVF1ZXVlPXIsbnVsbCE9PXImJnFhKHQpfWVsc2V7Yz1sLG49aSxzPXQsZj05PT09ci5ub2RlVHlwZT9yOnIub3duZXJEb2N1bWVudCx1PT09emUuaHRtbCYmKHU9VWUoYykpLHU9PT16ZS5odG1sPyJzY3JpcHQiPT09Yz8oKGM9Zi5jcmVhdGVFbGVtZW50KCJkaXYiKSkuaW5uZXJIVE1MPSI8c2NyaXB0PjxcL3NjcmlwdD4iLGY9Yy5yZW1vdmVDaGlsZChjLmZpcnN0Q2hpbGQpKToic3RyaW5nIj09PXR5cGVvZiBuLmlzP2Y9Zi5jcmVhdGVFbGVtZW50KGMse2lzOm4uaXN9KTooZj1mLmNyZWF0ZUVsZW1lbnQoYyksInNlbGVjdCI9PT1jJiYoYz1mLG4ubXVsdGlwbGU/Yy5tdWx0aXBsZT0hMDpuLnNpemUmJihjLnNpemU9bi5zaXplKSkpOmY9Zi5jcmVhdGVFbGVtZW50TlModSxjKSwoYz1mKVtvcl09cyxjW2lyXT1uLEZhKG49Yyx0LCExLCExKSx0LnN0YXRlTm9kZT1uLHU9cjt2YXIgcD1BbihsLGkpO3N3aXRjaChsKXtjYXNlImlmcmFtZSI6Y2FzZSJvYmplY3QiOmNhc2UiZW1iZWQiOnduKCJsb2FkIixuKSxyPWk7YnJlYWs7Y2FzZSJ2aWRlbyI6Y2FzZSJhdWRpbyI6Zm9yKHI9MDtyPEplLmxlbmd0aDtyKyspd24oSmVbcl0sbik7cj1pO2JyZWFrO2Nhc2Uic291cmNlIjp3bigiZXJyb3IiLG4pLHI9aTticmVhaztjYXNlImltZyI6Y2FzZSJpbWFnZSI6Y2FzZSJsaW5rIjp3bigiZXJyb3IiLG4pLHduKCJsb2FkIixuKSxyPWk7YnJlYWs7Y2FzZSJmb3JtIjp3bigicmVzZXQiLG4pLHduKCJzdWJtaXQiLG4pLHI9aTticmVhaztjYXNlImRldGFpbHMiOnduKCJ0b2dnbGUiLG4pLHI9aTticmVhaztjYXNlImlucHV0IjpDZShuLGkpLHI9eGUobixpKSx3bigiaW52YWxpZCIsbiksem4odSwib25DaGFuZ2UiKTticmVhaztjYXNlIm9wdGlvbiI6cj1OZShuLGkpO2JyZWFrO2Nhc2Uic2VsZWN0IjpuLl93cmFwcGVyU3RhdGU9e3dhc011bHRpcGxlOiEhaS5tdWx0aXBsZX0scj1vKHt9LGkse3ZhbHVlOnZvaWQgMH0pLHduKCJpbnZhbGlkIixuKSx6bih1LCJvbkNoYW5nZSIpO2JyZWFrO2Nhc2UidGV4dGFyZWEiOkxlKG4saSkscj1JZShuLGkpLHduKCJpbnZhbGlkIixuKSx6bih1LCJvbkNoYW5nZSIpO2JyZWFrO2RlZmF1bHQ6cj1pfURuKGwscikscz12b2lkIDAsYz1sLGY9bjt2YXIgaD1yO2ZvcihzIGluIGgpaWYoaC5oYXNPd25Qcm9wZXJ0eShzKSl7dmFyIHk9aFtzXTsic3R5bGUiPT09cz9JbihmLHkpOiJkYW5nZXJvdXNseVNldElubmVySFRNTCI9PT1zP251bGwhPSh5PXk/eS5fX2h0bWw6dm9pZCAwKSYmJGUoZix5KToiY2hpbGRyZW4iPT09cz8ic3RyaW5nIj09PXR5cGVvZiB5PygidGV4dGFyZWEiIT09Y3x8IiIhPT15KSYmV2UoZix5KToibnVtYmVyIj09PXR5cGVvZiB5JiZXZShmLCIiK3kpOiJzdXBwcmVzc0NvbnRlbnRFZGl0YWJsZVdhcm5pbmciIT09cyYmInN1cHByZXNzSHlkcmF0aW9uV2FybmluZyIhPT1zJiYiYXV0b0ZvY3VzIiE9PXMmJihkLmhhc093blByb3BlcnR5KHMpP251bGwhPXkmJnpuKHUscyk6bnVsbCE9eSYma2UoZixzLHkscCkpfXN3aXRjaChsKXtjYXNlImlucHV0IjpPZShuKSxNZShuLGksITEpO2JyZWFrO2Nhc2UidGV4dGFyZWEiOk9lKG4pLEFlKG4pO2JyZWFrO2Nhc2Uib3B0aW9uIjpudWxsIT1pLnZhbHVlJiZuLnNldEF0dHJpYnV0ZSgidmFsdWUiLCIiK0VlKGkudmFsdWUpKTticmVhaztjYXNlInNlbGVjdCI6cj1uLG49aSxyLm11bHRpcGxlPSEhbi5tdWx0aXBsZSxudWxsIT0ocz1uLnZhbHVlKT9SZShyLCEhbi5tdWx0aXBsZSxzLCExKTpudWxsIT1uLmRlZmF1bHRWYWx1ZSYmUmUociwhIW4ubXVsdGlwbGUsbi5kZWZhdWx0VmFsdWUsITApO2JyZWFrO2RlZmF1bHQ6ImZ1bmN0aW9uIj09PXR5cGVvZiByLm9uQ2xpY2smJihuLm9uY2xpY2s9VW4pfVhuKGwsaSkmJnFhKHQpfW51bGwhPT10LnJlZiYmKHQuZWZmZWN0VGFnfD0xMjgpfWVsc2UgaWYobnVsbD09PXQuc3RhdGVOb2RlKXRocm93IGEoRXJyb3IoMTY2KSk7YnJlYWs7Y2FzZSA2OmlmKG4mJm51bGwhPXQuc3RhdGVOb2RlKVdhKG4sdCxuLm1lbW9pemVkUHJvcHMsaSk7ZWxzZXtpZigic3RyaW5nIiE9PXR5cGVvZiBpJiZudWxsPT09dC5zdGF0ZU5vZGUpdGhyb3cgYShFcnJvcigxNjYpKTtsPUxpKElpLmN1cnJlbnQpLExpKE5pLmN1cnJlbnQpLENhKHQpPyhyPXQuc3RhdGVOb2RlLGk9dC5tZW1vaXplZFByb3BzLHJbb3JdPXQsci5ub2RlVmFsdWUhPT1pJiZxYSh0KSk6KHI9dCwoaT0oOT09PWwubm9kZVR5cGU/bDpsLm93bmVyRG9jdW1lbnQpLmNyZWF0ZVRleHROb2RlKGkpKVtvcl09dCxyLnN0YXRlTm9kZT1pKX1icmVhaztjYXNlIDExOmJyZWFrO2Nhc2UgMTM6aWYobG8oRmkpLGk9dC5tZW1vaXplZFN0YXRlLCg2NCZ0LmVmZmVjdFRhZykhPT12dCl7dC5leHBpcmF0aW9uVGltZT1yO2JyZWFrIGV9cj1udWxsIT09aSxpPSExLG51bGw9PT1uP0NhKHQpOihpPW51bGwhPT0obD1uLm1lbW9pemVkU3RhdGUpLHJ8fG51bGw9PT1sfHxudWxsIT09KGw9bi5jaGlsZC5zaWJsaW5nKSYmKG51bGwhPT0ocz10LmZpcnN0RWZmZWN0KT8odC5maXJzdEVmZmVjdD1sLGwubmV4dEVmZmVjdD1zKToodC5maXJzdEVmZmVjdD10Lmxhc3RFZmZlY3Q9bCxsLm5leHRFZmZlY3Q9bnVsbCksbC5lZmZlY3RUYWc9OCkpLHImJiFpJiYwIT09KDImdC5tb2RlKSYmKG51bGw9PT1uJiYhMCE9PXQubWVtb2l6ZWRQcm9wcy51bnN0YWJsZV9hdm9pZFRoaXNGYWxsYmFja3x8MCE9PSgxJkZpLmN1cnJlbnQpP05sPT09RWwmJihObD1PbCk6KE5sIT09RWwmJk5sIT09T2x8fChObD1UbCksMCE9PUFsJiZudWxsIT09UGwmJihWdShQbCxqbCksS3UoUGwsQWwpKSkpLChyfHxpKSYmKHQuZWZmZWN0VGFnfD00KTticmVhaztjYXNlIDc6Y2FzZSA4OmNhc2UgMTI6YnJlYWs7Y2FzZSA0OkFpKCksQmEodCk7YnJlYWs7Y2FzZSAxMDp0aSh0KTticmVhaztjYXNlIDk6Y2FzZSAxNDpicmVhaztjYXNlIDE3OnlvKHQudHlwZSkmJm1vKCk7YnJlYWs7Y2FzZSAxOTppZihsbyhGaSksbnVsbD09PShpPXQubWVtb2l6ZWRTdGF0ZSkpYnJlYWs7aWYobD0oNjQmdC5lZmZlY3RUYWcpIT09dnQsbnVsbD09PShzPWkucmVuZGVyaW5nKSl7aWYobClHYShpLCExKTtlbHNlIGlmKE5sIT09RWx8fG51bGwhPT1uJiYoNjQmbi5lZmZlY3RUYWcpIT09dnQpZm9yKG49dC5jaGlsZDtudWxsIT09bjspe2lmKG51bGwhPT0ocz1CaShuKSkpe2Zvcih0LmVmZmVjdFRhZ3w9NjQsR2EoaSwhMSksbnVsbCE9PShpPXMudXBkYXRlUXVldWUpJiYodC51cGRhdGVRdWV1ZT1pLHQuZWZmZWN0VGFnfD00KSx0LmZpcnN0RWZmZWN0PXQubGFzdEVmZmVjdD1udWxsLGk9dC5jaGlsZDtudWxsIT09aTspbj1yLChsPWkpLmVmZmVjdFRhZyY9YnQsbC5uZXh0RWZmZWN0PW51bGwsbC5maXJzdEVmZmVjdD1udWxsLGwubGFzdEVmZmVjdD1udWxsLG51bGw9PT0ocz1sLmFsdGVybmF0ZSk/KGwuY2hpbGRFeHBpcmF0aW9uVGltZT0wLGwuZXhwaXJhdGlvblRpbWU9bixsLmNoaWxkPW51bGwsbC5tZW1vaXplZFByb3BzPW51bGwsbC5tZW1vaXplZFN0YXRlPW51bGwsbC51cGRhdGVRdWV1ZT1udWxsLGwuZGVwZW5kZW5jaWVzPW51bGwpOihsLmNoaWxkRXhwaXJhdGlvblRpbWU9cy5jaGlsZEV4cGlyYXRpb25UaW1lLGwuZXhwaXJhdGlvblRpbWU9cy5leHBpcmF0aW9uVGltZSxsLmNoaWxkPXMuY2hpbGQsbC5tZW1vaXplZFByb3BzPXMubWVtb2l6ZWRQcm9wcyxsLm1lbW9pemVkU3RhdGU9cy5tZW1vaXplZFN0YXRlLGwudXBkYXRlUXVldWU9cy51cGRhdGVRdWV1ZSxuPXMuZGVwZW5kZW5jaWVzLGwuZGVwZW5kZW5jaWVzPW51bGw9PT1uP251bGw6e2V4cGlyYXRpb25UaW1lOm4uZXhwaXJhdGlvblRpbWUsZmlyc3RDb250ZXh0Om4uZmlyc3RDb250ZXh0LHJlc3BvbmRlcnM6bi5yZXNwb25kZXJzfSksaT1pLnNpYmxpbmc7dW8oRmksMSZGaS5jdXJyZW50fDIpLHQ9dC5jaGlsZDticmVhayBlfW49bi5zaWJsaW5nfX1lbHNle2lmKCFsKWlmKG51bGwhPT0obj1CaShzKSkpe2lmKHQuZWZmZWN0VGFnfD02NCxsPSEwLEdhKGksITApLG51bGw9PT1pLnRhaWwmJiJoaWRkZW4iPT09aS50YWlsTW9kZSl7bnVsbCE9PShyPW4udXBkYXRlUXVldWUpJiYodC51cGRhdGVRdWV1ZT1yLHQuZWZmZWN0VGFnfD00KSxudWxsIT09KHQ9dC5sYXN0RWZmZWN0PWkubGFzdEVmZmVjdCkmJih0Lm5leHRFZmZlY3Q9bnVsbCk7YnJlYWt9fWVsc2UgRm8oKT5pLnRhaWxFeHBpcmF0aW9uJiYxPHImJih0LmVmZmVjdFRhZ3w9NjQsbD0hMCxHYShpLCExKSx0LmV4cGlyYXRpb25UaW1lPXQuY2hpbGRFeHBpcmF0aW9uVGltZT1yLTEpO2kuaXNCYWNrd2FyZHM/KHMuc2libGluZz10LmNoaWxkLHQuY2hpbGQ9cyk6KG51bGwhPT0ocj1pLmxhc3QpP3Iuc2libGluZz1zOnQuY2hpbGQ9cyxpLmxhc3Q9cyl9aWYobnVsbCE9PWkudGFpbCl7MD09PWkudGFpbEV4cGlyYXRpb24mJihpLnRhaWxFeHBpcmF0aW9uPUZvKCkrNTAwKSxyPWkudGFpbCxpLnJlbmRlcmluZz1yLGkudGFpbD1yLnNpYmxpbmcsaS5sYXN0RWZmZWN0PXQubGFzdEVmZmVjdCxyLnNpYmxpbmc9bnVsbCxpPUZpLmN1cnJlbnQsdW8oRmksaT1sPzEmaXwyOjEmaSksdD1yO2JyZWFrIGV9YnJlYWs7Y2FzZSAyMDpjYXNlIDIxOmJyZWFrO2RlZmF1bHQ6dGhyb3cgYShFcnJvcigxNTYpLHQudGFnKX10PW51bGx9aWYocj1NbCwxPT09amx8fDEhPT1yLmNoaWxkRXhwaXJhdGlvblRpbWUpe2ZvcihpPTAsbD1yLmNoaWxkO251bGwhPT1sOykobj1sLmV4cGlyYXRpb25UaW1lKT5pJiYoaT1uKSwocz1sLmNoaWxkRXhwaXJhdGlvblRpbWUpPmkmJihpPXMpLGw9bC5zaWJsaW5nO3IuY2hpbGRFeHBpcmF0aW9uVGltZT1pfWlmKG51bGwhPT10KXJldHVybiB0O251bGwhPT1lJiYoMjA0OCZlLmVmZmVjdFRhZyk9PT12dCYmKG51bGw9PT1lLmZpcnN0RWZmZWN0JiYoZS5maXJzdEVmZmVjdD1NbC5maXJzdEVmZmVjdCksbnVsbCE9PU1sLmxhc3RFZmZlY3QmJihudWxsIT09ZS5sYXN0RWZmZWN0JiYoZS5sYXN0RWZmZWN0Lm5leHRFZmZlY3Q9TWwuZmlyc3RFZmZlY3QpLGUubGFzdEVmZmVjdD1NbC5sYXN0RWZmZWN0KSwxPE1sLmVmZmVjdFRhZyYmKG51bGwhPT1lLmxhc3RFZmZlY3Q/ZS5sYXN0RWZmZWN0Lm5leHRFZmZlY3Q9TWw6ZS5maXJzdEVmZmVjdD1NbCxlLmxhc3RFZmZlY3Q9TWwpKX1lbHNle2lmKG51bGwhPT0odD1YYShNbCkpKXJldHVybiB0LmVmZmVjdFRhZyY9MjA0Nyx0O251bGwhPT1lJiYoZS5maXJzdEVmZmVjdD1lLmxhc3RFZmZlY3Q9bnVsbCxlLmVmZmVjdFRhZ3w9MjA0OCl9aWYobnVsbCE9PSh0PU1sLnNpYmxpbmcpKXJldHVybiB0O01sPWV9d2hpbGUobnVsbCE9PU1sKTtyZXR1cm4gTmw9PT1FbCYmKE5sPXhsKSxudWxsfWZ1bmN0aW9uIGt1KGUpe3ZhciB0PWUuZXhwaXJhdGlvblRpbWU7cmV0dXJuIHQ+KGU9ZS5jaGlsZEV4cGlyYXRpb25UaW1lKT90OmV9ZnVuY3Rpb24gX3UoZSl7dmFyIHQ9Qm8oKTtyZXR1cm4gV28oOTksT3UuYmluZChudWxsLGUsdCkpLG51bGx9ZnVuY3Rpb24gT3UoZSx0KXtpZih4dSgpLChTbCYoZ2x8d2wpKSE9PXZsKXRocm93IGEoRXJyb3IoMzI3KSk7dmFyIG49ZS5maW5pc2hlZFdvcmsscj1lLmZpbmlzaGVkRXhwaXJhdGlvblRpbWU7aWYobnVsbD09PW4pcmV0dXJuIG51bGw7aWYoZS5maW5pc2hlZFdvcms9bnVsbCxlLmZpbmlzaGVkRXhwaXJhdGlvblRpbWU9MCxuPT09ZS5jdXJyZW50KXRocm93IGEoRXJyb3IoMTc3KSk7ZS5jYWxsYmFja05vZGU9bnVsbCxlLmNhbGxiYWNrRXhwaXJhdGlvblRpbWU9MCxlLmNhbGxiYWNrUHJpb3JpdHk9OTAsZS5uZXh0S25vd25QZW5kaW5nTGV2ZWw9MDt2YXIgbz1rdShuKTtpZihlLmZpcnN0UGVuZGluZ1RpbWU9byxyPD1lLmxhc3RTdXNwZW5kZWRUaW1lP2UuZmlyc3RTdXNwZW5kZWRUaW1lPWUubGFzdFN1c3BlbmRlZFRpbWU9ZS5uZXh0S25vd25QZW5kaW5nTGV2ZWw9MDpyPD1lLmZpcnN0U3VzcGVuZGVkVGltZSYmKGUuZmlyc3RTdXNwZW5kZWRUaW1lPXItMSkscjw9ZS5sYXN0UGluZ2VkVGltZSYmKGUubGFzdFBpbmdlZFRpbWU9MCkscjw9ZS5sYXN0RXhwaXJlZFRpbWUmJihlLmxhc3RFeHBpcmVkVGltZT0wKSxlPT09UGwmJihNbD1QbD1udWxsLGpsPTApLDE8bi5lZmZlY3RUYWc/bnVsbCE9PW4ubGFzdEVmZmVjdD8obi5sYXN0RWZmZWN0Lm5leHRFZmZlY3Q9bixvPW4uZmlyc3RFZmZlY3QpOm89bjpvPW4uZmlyc3RFZmZlY3QsbnVsbCE9PW8pe3ZhciBpPVNsO1NsfD13bCxtbC5jdXJyZW50PW51bGwscW49Z247dmFyIGw9V24oKTtpZihWbihsKSl7aWYoInNlbGVjdGlvblN0YXJ0ImluIGwpdmFyIHU9e3N0YXJ0Omwuc2VsZWN0aW9uU3RhcnQsZW5kOmwuc2VsZWN0aW9uRW5kfTtlbHNlIGU6e3ZhciBzPSh1PSh1PWwub3duZXJEb2N1bWVudCkmJnUuZGVmYXVsdFZpZXd8fHdpbmRvdykuZ2V0U2VsZWN0aW9uJiZ1LmdldFNlbGVjdGlvbigpO2lmKHMmJjAhPT1zLnJhbmdlQ291bnQpe3U9cy5hbmNob3JOb2RlO3ZhciBjPXMuYW5jaG9yT2Zmc2V0LGY9cy5mb2N1c05vZGU7cz1zLmZvY3VzT2Zmc2V0O3RyeXt1Lm5vZGVUeXBlLGYubm9kZVR5cGV9Y2F0Y2goRCl7dT1udWxsO2JyZWFrIGV9dmFyIHA9MCxkPS0xLGg9LTEseT0wLG09MCx2PWwsYj1udWxsO3Q6Zm9yKDs7KXtmb3IodmFyIGc7diE9PXV8fDAhPT1jJiYzIT09di5ub2RlVHlwZXx8KGQ9cCtjKSx2IT09Znx8MCE9PXMmJjMhPT12Lm5vZGVUeXBlfHwoaD1wK3MpLDM9PT12Lm5vZGVUeXBlJiYocCs9di5ub2RlVmFsdWUubGVuZ3RoKSxudWxsIT09KGc9di5maXJzdENoaWxkKTspYj12LHY9Zztmb3IoOzspe2lmKHY9PT1sKWJyZWFrIHQ7aWYoYj09PXUmJisreT09PWMmJihkPXApLGI9PT1mJiYrK209PT1zJiYoaD1wKSxudWxsIT09KGc9di5uZXh0U2libGluZykpYnJlYWs7Yj0odj1iKS5wYXJlbnROb2RlfXY9Z311PS0xPT09ZHx8LTE9PT1oP251bGw6e3N0YXJ0OmQsZW5kOmh9fWVsc2UgdT1udWxsfXU9dXx8e3N0YXJ0OjAsZW5kOjB9fWVsc2UgdT1udWxsO0duPXtmb2N1c2VkRWxlbTpsLHNlbGVjdGlvblJhbmdlOnV9LGduPSExLEJsPW87ZG97dHJ5e1R1KCl9Y2F0Y2goRCl7aWYobnVsbD09PUJsKXRocm93IGEoRXJyb3IoMzMwKSk7UHUoQmwsRCksQmw9QmwubmV4dEVmZmVjdH19d2hpbGUobnVsbCE9PUJsKTtCbD1vO2Rve3RyeXtmb3IobD1lLHU9dDtudWxsIT09Qmw7KXt2YXIgdz1CbC5lZmZlY3RUYWc7aWYoMTYmdyYmV2UoQmwuc3RhdGVOb2RlLCIiKSwxMjgmdyl7dmFyIEU9QmwuYWx0ZXJuYXRlO2lmKG51bGwhPT1FKXt2YXIgaz1FLnJlZjtudWxsIT09ayYmKCJmdW5jdGlvbiI9PT10eXBlb2Ygaz9rKG51bGwpOmsuY3VycmVudD1udWxsKX19c3dpdGNoKHcmKDEyfGJ0fGd0KSl7Y2FzZSBidDpsbChCbCksQmwuZWZmZWN0VGFnJj1+YnQ7YnJlYWs7Y2FzZSA2OmxsKEJsKSxCbC5lZmZlY3RUYWcmPX5idCxzbChCbC5hbHRlcm5hdGUsQmwpO2JyZWFrO2Nhc2UgZ3Q6QmwuZWZmZWN0VGFnJj1+Z3Q7YnJlYWs7Y2FzZSAxMDI4OkJsLmVmZmVjdFRhZyY9fmd0LHNsKEJsLmFsdGVybmF0ZSxCbCk7YnJlYWs7Y2FzZSA0OnNsKEJsLmFsdGVybmF0ZSxCbCk7YnJlYWs7Y2FzZSA4OnVsKGwsYz1CbCx1KSxpbChjKX1CbD1CbC5uZXh0RWZmZWN0fX1jYXRjaChEKXtpZihudWxsPT09QmwpdGhyb3cgYShFcnJvcigzMzApKTtQdShCbCxEKSxCbD1CbC5uZXh0RWZmZWN0fX13aGlsZShudWxsIT09QmwpO2lmKGs9R24sRT1XbigpLHc9ay5mb2N1c2VkRWxlbSx1PWsuc2VsZWN0aW9uUmFuZ2UsRSE9PXcmJncmJncub3duZXJEb2N1bWVudCYmZnVuY3Rpb24gZSh0LG4pe3JldHVybiEoIXR8fCFuKSYmKHQ9PT1ufHwoIXR8fDMhPT10Lm5vZGVUeXBlKSYmKG4mJjM9PT1uLm5vZGVUeXBlP2UodCxuLnBhcmVudE5vZGUpOiJjb250YWlucyJpbiB0P3QuY29udGFpbnMobik6ISF0LmNvbXBhcmVEb2N1bWVudFBvc2l0aW9uJiYhISgxNiZ0LmNvbXBhcmVEb2N1bWVudFBvc2l0aW9uKG4pKSkpfSh3Lm93bmVyRG9jdW1lbnQuZG9jdW1lbnRFbGVtZW50LHcpKXtudWxsIT09dSYmVm4odykmJihFPXUuc3RhcnQsdm9pZCAwPT09KGs9dS5lbmQpJiYoaz1FKSwic2VsZWN0aW9uU3RhcnQiaW4gdz8ody5zZWxlY3Rpb25TdGFydD1FLHcuc2VsZWN0aW9uRW5kPU1hdGgubWluKGssdy52YWx1ZS5sZW5ndGgpKTooaz0oRT13Lm93bmVyRG9jdW1lbnR8fGRvY3VtZW50KSYmRS5kZWZhdWx0Vmlld3x8d2luZG93KS5nZXRTZWxlY3Rpb24mJihrPWsuZ2V0U2VsZWN0aW